{"timestamp":"2026-05-09T10:00:55.396677300-07:00","message":"[RAW Forensic Payload] {\"SourceName\":\"Microsoft-Windows-Security-Auditing\",\"ProviderGuid\":\"{54849625-5478-4994-a5ba-3e3b...","severity":"Info","source":"ndjson","subject_id":null,"outcome":"Degraded","metadata":{"EventID":"5156","captured_message":"[RAW Forensic Payload] {\"SourceName\":\"Microsoft-Windows-Security-Auditing\",\"ProviderGuid\":\"{54849625-5478-4994-a5ba-3e3b...","log_source":"cmd_dumping_ntds_dit_file_ntdsutil_cmd_dumping_ntds_dit_file_ntdsutil.json","nist_category":"System and Information Integrity","nist_control_id":"SI-4 [Windows Integrity]"},"additional_context":{"SourceName":"Microsoft-Windows-Security-Auditing","ProviderGuid":"{54849625-5478-4994-a5ba-3e3b0328c30d}","Level":"0","Keywords":"0x8020000000000000","Channel":"Security","Hostname":"DC01.pandalab.com","TimeCreated":"2023-07-19T09:02:54.735Z","@timestamp":"2023-07-19T09:02:54.735Z","EventID":5156,"Message":"The Windows Filtering Platform has permitted a connection.\r\n\r\nApplication Information:\r\n\tProcess ID:\t\t4\r\n\tApplication Name:\tSystem\r\n\r\nNetwork Information:\r\n\tDirection:\t\tInbound\r\n\tSource Address:\t\tfe80::1:1\r\n\tSource Port:\t\t0\r\n\tDestination Address:\tff02::1\r\n\tDestination Port:\t\t134\r\n\tProtocol:\t\t58\r\n\tInterface Index:\t\t10\r\n\r\nFilter Information:\r\n\tFilter Origin:\t\tQuarantine Default\r\n\tFilter Run-Time ID:\t66582\r\n\tLayer Name:\t\tReceive/Accept\r\n\tLayer Run-Time ID:\t46\r\n\tRemote User ID:\t\tS-1-0-0\r\n\tRemote Machine ID:\tS-1-0-0","Task":"12810","ProcessID":"4","Application":"System","Direction":"%%14592","SourceAddress":"fe80::1:1","SourcePort":"0","DestAddress":"ff02::1","DestPort":"134","Protocol":"58","InterfaceIndex":"10","FilterOrigin":"Quarantine Default","FilterRTID":"66582","LayerName":"%%14610","LayerRTID":"46","RemoteUserID":"S-1-0-0","RemoteMachineID":"S-1-0-0"},"raw":"{\"SourceName\":\"Microsoft-Windows-Security-Auditing\",\"ProviderGuid\":\"{54849625-5478-4994-a5ba-3e3b0328c30d}\",\"Level\":\"0\",\"Keywords\":\"0x8020000000000000\",\"Channel\":\"Security\",\"Hostname\":\"DC01.pandalab.com\",\"TimeCreated\":\"2023-07-19T09:02:54.735Z\",\"@timestamp\":\"2023-07-19T09:02:54.735Z\",\"EventID\":5156,\"Message\":\"The Windows Filtering Platform has permitted a connection.\\r\\n\\r\\nApplication Information:\\r\\n\\tProcess ID:\\t\\t4\\r\\n\\tApplication Name:\\tSystem\\r\\n\\r\\nNetwork Information:\\r\\n\\tDirection:\\t\\tInbound\\r\\n\\tSource Address:\\t\\tfe80::1:1\\r\\n\\tSource Port:\\t\\t0\\r\\n\\tDestination Address:\\tff02::1\\r\\n\\tDestination Port:\\t\\t134\\r\\n\\tProtocol:\\t\\t58\\r\\n\\tInterface Index:\\t\\t10\\r\\n\\r\\nFilter Information:\\r\\n\\tFilter Origin:\\t\\tQuarantine Default\\r\\n\\tFilter Run-Time ID:\\t66582\\r\\n\\tLayer Name:\\t\\tReceive/Accept\\r\\n\\tLayer Run-Time ID:\\t46\\r\\n\\tRemote User ID:\\t\\tS-1-0-0\\r\\n\\tRemote Machine ID:\\tS-1-0-0\",\"Task\":\"12810\",\"ProcessID\":\"4\",\"Application\":\"System\",\"Direction\":\"%%14592\",\"SourceAddress\":\"fe80::1:1\",\"SourcePort\":\"0\",\"DestAddress\":\"ff02::1\",\"DestPort\":\"134\",\"Protocol\":\"58\",\"InterfaceIndex\":\"10\",\"FilterOrigin\":\"Quarantine Default\",\"FilterRTID\":\"66582\",\"LayerName\":\"%%14610\",\"LayerRTID\":\"46\",\"RemoteUserID\":\"S-1-0-0\",\"RemoteMachineID\":\"S-1-0-0\"}","unparsed_raw":"{\"SourceName\":\"Microsoft-Windows-Security-Auditing\",\"ProviderGuid\":\"{54849625-5478-4994-a5ba-3e3b0328c30d}\",\"Level\":\"0\",\"Keywords\":\"0x8020000000000000\",\"Channel\":\"Security\",\"Hostname\":\"DC01.pandalab.com\",\"TimeCreated\":\"2023-07-19T09:02:54.735Z\",\"@timestamp\":\"2023-07-19T09:02:54.735Z\",\"EventID\":5156,\"Message\":\"The Windows Filtering Platform has permitted a connection.\\r\\n\\r\\nApplication Information:\\r\\n\\tProcess ID:\\t\\t4\\r\\n\\tApplication Name:\\tSystem\\r\\n\\r\\nNetwork Information:\\r\\n\\tDirection:\\t\\tInbound\\r\\n\\tSource Address:\\t\\tfe80::1:1\\r\\n\\tSource Port:\\t\\t0\\r\\n\\tDestination Address:\\tff02::1\\r\\n\\tDestination Port:\\t\\t134\\r\\n\\tProtocol:\\t\\t58\\r\\n\\tInterface Index:\\t\\t10\\r\\n\\r\\nFilter Information:\\r\\n\\tFilter Origin:\\t\\tQuarantine Default\\r\\n\\tFilter Run-Time ID:\\t66582\\r\\n\\tLayer Name:\\t\\tReceive/Accept\\r\\n\\tLayer Run-Time ID:\\t46\\r\\n\\tRemote User ID:\\t\\tS-1-0-0\\r\\n\\tRemote Machine ID:\\tS-1-0-0\",\"Task\":\"12810\",\"ProcessID\":\"4\",\"Application\":\"System\",\"Direction\":\"%%14592\",\"SourceAddress\":\"fe80::1:1\",\"SourcePort\":\"0\",\"DestAddress\":\"ff02::1\",\"DestPort\":\"134\",\"Protocol\":\"58\",\"InterfaceIndex\":\"10\",\"FilterOrigin\":\"Quarantine Default\",\"FilterRTID\":\"66582\",\"LayerName\":\"%%14610\",\"LayerRTID\":\"46\",\"RemoteUserID\":\"S-1-0-0\",\"RemoteMachineID\":\"S-1-0-0\"}","original_format":"ndjson","quality":"Degraded","incident_id":"f8f0bfe0-9fdc-4d92-b5ba-6b8b60103385","redactions":[],"bridge_hash":null,"chain_hash":null,"parent_process_id":null,"parent_process_name":null,"lineage_chain":null,"line_id":null,"destination_ip":null,"destination_port":null,"protocol":null,"process_guid":null,"target_image":null,"granted_access":null,"evidence_vault":null,"log_source":"cmd_dumping_ntds_dit_file_ntdsutil_cmd_dumping_ntds_dit_file_ntdsutil.json","process_id":null,"image":null,"command_line":null,"node_id":"Standalone"}
{"timestamp":"2026-05-09T10:00:55.396766900-07:00","message":"[RAW Forensic Payload] {\"SourceName\":\"Microsoft-Windows-Security-Auditing\",\"ProviderGuid\":\"{54849625-5478-4994-a5ba-3e3b...","severity":"Info","source":"ndjson","subject_id":null,"outcome":"Degraded","metadata":{"EventID":"5158","captured_message":"[RAW Forensic Payload] {\"SourceName\":\"Microsoft-Windows-Security-Auditing\",\"ProviderGuid\":\"{54849625-5478-4994-a5ba-3e3b...","log_source":"cmd_dumping_ntds_dit_file_ntdsutil_cmd_dumping_ntds_dit_file_ntdsutil.json","nist_category":"System and Information Integrity","nist_control_id":"SI-4 [Windows Integrity]"},"additional_context":{"SourceName":"Microsoft-Windows-Security-Auditing","ProviderGuid":"{54849625-5478-4994-a5ba-3e3b0328c30d}","Level":"0","Keywords":"0x8020000000000000","Channel":"Security","Hostname":"DC01.pandalab.com","TimeCreated":"2023-07-19T09:02:54.743Z","@timestamp":"2023-07-19T09:02:54.743Z","EventID":5158,"Message":"The Windows Filtering Platform has permitted a bind to a local port.\r\n\r\nApplication Information:\r\n\tProcess ID:\t\t1072\r\n\tApplication Name:\t\\device\\harddiskvolume2\\windows\\system32\\svchost.exe\r\n\r\nNetwork Information:\r\n\tSource Address:\t\t::\r\n\tSource Port:\t\t5355\r\n\tProtocol:\t\t17\r\n\r\nFilter Information:\r\n\tFilter Run-Time ID:\t71844\r\n\tLayer Name:\t\tResource Assignment\r\n\tLayer Run-Time ID:\t38","Task":"12810","ProcessId":"1072","Application":"\\device\\harddiskvolume2\\windows\\system32\\svchost.exe","SourceAddress":"::","SourcePort":"5355","Protocol":"17","FilterRTID":"71844","LayerName":"%%14608","LayerRTID":"38"},"raw":"{\"SourceName\":\"Microsoft-Windows-Security-Auditing\",\"ProviderGuid\":\"{54849625-5478-4994-a5ba-3e3b0328c30d}\",\"Level\":\"0\",\"Keywords\":\"0x8020000000000000\",\"Channel\":\"Security\",\"Hostname\":\"DC01.pandalab.com\",\"TimeCreated\":\"2023-07-19T09:02:54.743Z\",\"@timestamp\":\"2023-07-19T09:02:54.743Z\",\"EventID\":5158,\"Message\":\"The Windows Filtering Platform has permitted a bind to a local port.\\r\\n\\r\\nApplication Information:\\r\\n\\tProcess ID:\\t\\t1072\\r\\n\\tApplication Name:\\t\\\\device\\\\harddiskvolume2\\\\windows\\\\system32\\\\svchost.exe\\r\\n\\r\\nNetwork Information:\\r\\n\\tSource Address:\\t\\t::\\r\\n\\tSource Port:\\t\\t5355\\r\\n\\tProtocol:\\t\\t17\\r\\n\\r\\nFilter Information:\\r\\n\\tFilter Run-Time ID:\\t71844\\r\\n\\tLayer Name:\\t\\tResource Assignment\\r\\n\\tLayer Run-Time ID:\\t38\",\"Task\":\"12810\",\"ProcessId\":\"1072\",\"Application\":\"\\\\device\\\\harddiskvolume2\\\\windows\\\\system32\\\\svchost.exe\",\"SourceAddress\":\"::\",\"SourcePort\":\"5355\",\"Protocol\":\"17\",\"FilterRTID\":\"71844\",\"LayerName\":\"%%14608\",\"LayerRTID\":\"38\"}","unparsed_raw":"{\"SourceName\":\"Microsoft-Windows-Security-Auditing\",\"ProviderGuid\":\"{54849625-5478-4994-a5ba-3e3b0328c30d}\",\"Level\":\"0\",\"Keywords\":\"0x8020000000000000\",\"Channel\":\"Security\",\"Hostname\":\"DC01.pandalab.com\",\"TimeCreated\":\"2023-07-19T09:02:54.743Z\",\"@timestamp\":\"2023-07-19T09:02:54.743Z\",\"EventID\":5158,\"Message\":\"The Windows Filtering Platform has permitted a bind to a local port.\\r\\n\\r\\nApplication Information:\\r\\n\\tProcess ID:\\t\\t1072\\r\\n\\tApplication Name:\\t\\\\device\\\\harddiskvolume2\\\\windows\\\\system32\\\\svchost.exe\\r\\n\\r\\nNetwork Information:\\r\\n\\tSource Address:\\t\\t::\\r\\n\\tSource Port:\\t\\t5355\\r\\n\\tProtocol:\\t\\t17\\r\\n\\r\\nFilter Information:\\r\\n\\tFilter Run-Time ID:\\t71844\\r\\n\\tLayer Name:\\t\\tResource Assignment\\r\\n\\tLayer Run-Time ID:\\t38\",\"Task\":\"12810\",\"ProcessId\":\"1072\",\"Application\":\"\\\\device\\\\harddiskvolume2\\\\windows\\\\system32\\\\svchost.exe\",\"SourceAddress\":\"::\",\"SourcePort\":\"5355\",\"Protocol\":\"17\",\"FilterRTID\":\"71844\",\"LayerName\":\"%%14608\",\"LayerRTID\":\"38\"}","original_format":"ndjson","quality":"Degraded","incident_id":"f8f0bfe0-9fdc-4d92-b5ba-6b8b60103385","redactions":[],"bridge_hash":null,"chain_hash":null,"parent_process_id":null,"parent_process_name":null,"lineage_chain":null,"line_id":null,"destination_ip":null,"destination_port":null,"protocol":null,"process_guid":null,"target_image":null,"granted_access":null,"evidence_vault":null,"log_source":"cmd_dumping_ntds_dit_file_ntdsutil_cmd_dumping_ntds_dit_file_ntdsutil.json","process_id":1072,"image":null,"command_line":null,"node_id":"Standalone"}
{"timestamp":"2026-05-09T10:00:55.396853100-07:00","message":"[RAW Forensic Payload] {\"SourceName\":\"Microsoft-Windows-Security-Auditing\",\"ProviderGuid\":\"{54849625-5478-4994-a5ba-3e3b...","severity":"Info","source":"ndjson","subject_id":null,"outcome":"Degraded","metadata":{"EventID":"5158","captured_message":"[RAW Forensic Payload] {\"SourceName\":\"Microsoft-Windows-Security-Auditing\",\"ProviderGuid\":\"{54849625-5478-4994-a5ba-3e3b...","log_source":"cmd_dumping_ntds_dit_file_ntdsutil_cmd_dumping_ntds_dit_file_ntdsutil.json","nist_category":"System and Information Integrity","nist_control_id":"SI-4 [Windows Integrity]"},"additional_context":{"SourceName":"Microsoft-Windows-Security-Auditing","ProviderGuid":"{54849625-5478-4994-a5ba-3e3b0328c30d}","Level":"0","Keywords":"0x8020000000000000","Channel":"Security","Hostname":"DC01.pandalab.com","TimeCreated":"2023-07-19T09:02:54.744Z","@timestamp":"2023-07-19T09:02:54.744Z","EventID":5158,"Message":"The Windows Filtering Platform has permitted a bind to a local port.\r\n\r\nApplication Information:\r\n\tProcess ID:\t\t1072\r\n\tApplication Name:\t\\device\\harddiskvolume2\\windows\\system32\\svchost.exe\r\n\r\nNetwork Information:\r\n\tSource Address:\t\t0.0.0.0\r\n\tSource Port:\t\t5355\r\n\tProtocol:\t\t17\r\n\r\nFilter Information:\r\n\tFilter Run-Time ID:\t71841\r\n\tLayer Name:\t\tResource Assignment\r\n\tLayer Run-Time ID:\t36","Task":"12810","ProcessId":"1072","Application":"\\device\\harddiskvolume2\\windows\\system32\\svchost.exe","SourceAddress":"0.0.0.0","SourcePort":"5355","Protocol":"17","FilterRTID":"71841","LayerName":"%%14608","LayerRTID":"36"},"raw":"{\"SourceName\":\"Microsoft-Windows-Security-Auditing\",\"ProviderGuid\":\"{54849625-5478-4994-a5ba-3e3b0328c30d}\",\"Level\":\"0\",\"Keywords\":\"0x8020000000000000\",\"Channel\":\"Security\",\"Hostname\":\"DC01.pandalab.com\",\"TimeCreated\":\"2023-07-19T09:02:54.744Z\",\"@timestamp\":\"2023-07-19T09:02:54.744Z\",\"EventID\":5158,\"Message\":\"The Windows Filtering Platform has permitted a bind to a local port.\\r\\n\\r\\nApplication Information:\\r\\n\\tProcess ID:\\t\\t1072\\r\\n\\tApplication Name:\\t\\\\device\\\\harddiskvolume2\\\\windows\\\\system32\\\\svchost.exe\\r\\n\\r\\nNetwork Information:\\r\\n\\tSource Address:\\t\\t0.0.0.0\\r\\n\\tSource Port:\\t\\t5355\\r\\n\\tProtocol:\\t\\t17\\r\\n\\r\\nFilter Information:\\r\\n\\tFilter Run-Time ID:\\t71841\\r\\n\\tLayer Name:\\t\\tResource Assignment\\r\\n\\tLayer Run-Time ID:\\t36\",\"Task\":\"12810\",\"ProcessId\":\"1072\",\"Application\":\"\\\\device\\\\harddiskvolume2\\\\windows\\\\system32\\\\svchost.exe\",\"SourceAddress\":\"0.0.0.0\",\"SourcePort\":\"5355\",\"Protocol\":\"17\",\"FilterRTID\":\"71841\",\"LayerName\":\"%%14608\",\"LayerRTID\":\"36\"}","unparsed_raw":"{\"SourceName\":\"Microsoft-Windows-Security-Auditing\",\"ProviderGuid\":\"{54849625-5478-4994-a5ba-3e3b0328c30d}\",\"Level\":\"0\",\"Keywords\":\"0x8020000000000000\",\"Channel\":\"Security\",\"Hostname\":\"DC01.pandalab.com\",\"TimeCreated\":\"2023-07-19T09:02:54.744Z\",\"@timestamp\":\"2023-07-19T09:02:54.744Z\",\"EventID\":5158,\"Message\":\"The Windows Filtering Platform has permitted a bind to a local port.\\r\\n\\r\\nApplication Information:\\r\\n\\tProcess ID:\\t\\t1072\\r\\n\\tApplication Name:\\t\\\\device\\\\harddiskvolume2\\\\windows\\\\system32\\\\svchost.exe\\r\\n\\r\\nNetwork Information:\\r\\n\\tSource Address:\\t\\t0.0.0.0\\r\\n\\tSource Port:\\t\\t5355\\r\\n\\tProtocol:\\t\\t17\\r\\n\\r\\nFilter Information:\\r\\n\\tFilter Run-Time ID:\\t71841\\r\\n\\tLayer Name:\\t\\tResource Assignment\\r\\n\\tLayer Run-Time ID:\\t36\",\"Task\":\"12810\",\"ProcessId\":\"1072\",\"Application\":\"\\\\device\\\\harddiskvolume2\\\\windows\\\\system32\\\\svchost.exe\",\"SourceAddress\":\"0.0.0.0\",\"SourcePort\":\"5355\",\"Protocol\":\"17\",\"FilterRTID\":\"71841\",\"LayerName\":\"%%14608\",\"LayerRTID\":\"36\"}","original_format":"ndjson","quality":"Degraded","incident_id":"f8f0bfe0-9fdc-4d92-b5ba-6b8b60103385","redactions":[],"bridge_hash":null,"chain_hash":null,"parent_process_id":null,"parent_process_name":null,"lineage_chain":null,"line_id":null,"destination_ip":null,"destination_port":null,"protocol":null,"process_guid":null,"target_image":null,"granted_access":null,"evidence_vault":null,"log_source":"cmd_dumping_ntds_dit_file_ntdsutil_cmd_dumping_ntds_dit_file_ntdsutil.json","process_id":1072,"image":null,"command_line":null,"node_id":"Standalone"}
{"timestamp":"2026-05-09T10:00:55.396954600-07:00","message":"[RAW Forensic Payload] {\"SourceName\":\"Microsoft-Windows-Security-Auditing\",\"ProviderGuid\":\"{54849625-5478-4994-a5ba-3e3b...","severity":"Info","source":"ndjson","subject_id":null,"outcome":"Degraded","metadata":{"EventID":"5156","captured_message":"[RAW Forensic Payload] {\"SourceName\":\"Microsoft-Windows-Security-Auditing\",\"ProviderGuid\":\"{54849625-5478-4994-a5ba-3e3b...","log_source":"cmd_dumping_ntds_dit_file_ntdsutil_cmd_dumping_ntds_dit_file_ntdsutil.json","nist_category":"System and Information Integrity","nist_control_id":"SI-4 [Windows Integrity]"},"additional_context":{"SourceName":"Microsoft-Windows-Security-Auditing","ProviderGuid":"{54849625-5478-4994-a5ba-3e3b0328c30d}","Level":"0","Keywords":"0x8020000000000000","Channel":"Security","Hostname":"DC01.pandalab.com","TimeCreated":"2023-07-19T09:02:54.746Z","@timestamp":"2023-07-19T09:02:54.746Z","EventID":5156,"Message":"The Windows Filtering Platform has permitted a connection.\r\n\r\nApplication Information:\r\n\tProcess ID:\t\t1072\r\n\tApplication Name:\t\\device\\harddiskvolume2\\windows\\system32\\svchost.exe\r\n\r\nNetwork Information:\r\n\tDirection:\t\tInbound\r\n\tSource Address:\t\t192.168.1.4\r\n\tSource Port:\t\t5353\r\n\tDestination Address:\t224.0.0.251\r\n\tDestination Port:\t\t5353\r\n\tProtocol:\t\t17\r\n\tInterface Index:\t\t10\r\n\r\nFilter Information:\r\n\tFilter Origin:\t\tAppContainer Loopback\r\n\tFilter Run-Time ID:\t67583\r\n\tLayer Name:\t\tReceive/Accept\r\n\tLayer Run-Time ID:\t44\r\n\tRemote User ID:\t\tS-1-0-0\r\n\tRemote Machine ID:\tS-1-0-0","Task":"12810","ProcessID":"1072","Application":"\\device\\harddiskvolume2\\windows\\system32\\svchost.exe","Direction":"%%14592","SourceAddress":"192.168.1.4","SourcePort":"5353","DestAddress":"224.0.0.251","DestPort":"5353","Protocol":"17","InterfaceIndex":"10","FilterOrigin":"AppContainer Loopback","FilterRTID":"67583","LayerName":"%%14610","LayerRTID":"44","RemoteUserID":"S-1-0-0","RemoteMachineID":"S-1-0-0"},"raw":"{\"SourceName\":\"Microsoft-Windows-Security-Auditing\",\"ProviderGuid\":\"{54849625-5478-4994-a5ba-3e3b0328c30d}\",\"Level\":\"0\",\"Keywords\":\"0x8020000000000000\",\"Channel\":\"Security\",\"Hostname\":\"DC01.pandalab.com\",\"TimeCreated\":\"2023-07-19T09:02:54.746Z\",\"@timestamp\":\"2023-07-19T09:02:54.746Z\",\"EventID\":5156,\"Message\":\"The Windows Filtering Platform has permitted a connection.\\r\\n\\r\\nApplication Information:\\r\\n\\tProcess ID:\\t\\t1072\\r\\n\\tApplication Name:\\t\\\\device\\\\harddiskvolume2\\\\windows\\\\system32\\\\svchost.exe\\r\\n\\r\\nNetwork Information:\\r\\n\\tDirection:\\t\\tInbound\\r\\n\\tSource Address:\\t\\t192.168.1.4\\r\\n\\tSource Port:\\t\\t5353\\r\\n\\tDestination Address:\\t224.0.0.251\\r\\n\\tDestination Port:\\t\\t5353\\r\\n\\tProtocol:\\t\\t17\\r\\n\\tInterface Index:\\t\\t10\\r\\n\\r\\nFilter Information:\\r\\n\\tFilter Origin:\\t\\tAppContainer Loopback\\r\\n\\tFilter Run-Time ID:\\t67583\\r\\n\\tLayer Name:\\t\\tReceive/Accept\\r\\n\\tLayer Run-Time ID:\\t44\\r\\n\\tRemote User ID:\\t\\tS-1-0-0\\r\\n\\tRemote Machine ID:\\tS-1-0-0\",\"Task\":\"12810\",\"ProcessID\":\"1072\",\"Application\":\"\\\\device\\\\harddiskvolume2\\\\windows\\\\system32\\\\svchost.exe\",\"Direction\":\"%%14592\",\"SourceAddress\":\"192.168.1.4\",\"SourcePort\":\"5353\",\"DestAddress\":\"224.0.0.251\",\"DestPort\":\"5353\",\"Protocol\":\"17\",\"InterfaceIndex\":\"10\",\"FilterOrigin\":\"AppContainer Loopback\",\"FilterRTID\":\"67583\",\"LayerName\":\"%%14610\",\"LayerRTID\":\"44\",\"RemoteUserID\":\"S-1-0-0\",\"RemoteMachineID\":\"S-1-0-0\"}","unparsed_raw":"{\"SourceName\":\"Microsoft-Windows-Security-Auditing\",\"ProviderGuid\":\"{54849625-5478-4994-a5ba-3e3b0328c30d}\",\"Level\":\"0\",\"Keywords\":\"0x8020000000000000\",\"Channel\":\"Security\",\"Hostname\":\"DC01.pandalab.com\",\"TimeCreated\":\"2023-07-19T09:02:54.746Z\",\"@timestamp\":\"2023-07-19T09:02:54.746Z\",\"EventID\":5156,\"Message\":\"The Windows Filtering Platform has permitted a connection.\\r\\n\\r\\nApplication Information:\\r\\n\\tProcess ID:\\t\\t1072\\r\\n\\tApplication Name:\\t\\\\device\\\\harddiskvolume2\\\\windows\\\\system32\\\\svchost.exe\\r\\n\\r\\nNetwork Information:\\r\\n\\tDirection:\\t\\tInbound\\r\\n\\tSource Address:\\t\\t192.168.1.4\\r\\n\\tSource Port:\\t\\t5353\\r\\n\\tDestination Address:\\t224.0.0.251\\r\\n\\tDestination Port:\\t\\t5353\\r\\n\\tProtocol:\\t\\t17\\r\\n\\tInterface Index:\\t\\t10\\r\\n\\r\\nFilter Information:\\r\\n\\tFilter Origin:\\t\\tAppContainer Loopback\\r\\n\\tFilter Run-Time ID:\\t67583\\r\\n\\tLayer Name:\\t\\tReceive/Accept\\r\\n\\tLayer Run-Time ID:\\t44\\r\\n\\tRemote User ID:\\t\\tS-1-0-0\\r\\n\\tRemote Machine ID:\\tS-1-0-0\",\"Task\":\"12810\",\"ProcessID\":\"1072\",\"Application\":\"\\\\device\\\\harddiskvolume2\\\\windows\\\\system32\\\\svchost.exe\",\"Direction\":\"%%14592\",\"SourceAddress\":\"192.168.1.4\",\"SourcePort\":\"5353\",\"DestAddress\":\"224.0.0.251\",\"DestPort\":\"5353\",\"Protocol\":\"17\",\"InterfaceIndex\":\"10\",\"FilterOrigin\":\"AppContainer Loopback\",\"FilterRTID\":\"67583\",\"LayerName\":\"%%14610\",\"LayerRTID\":\"44\",\"RemoteUserID\":\"S-1-0-0\",\"RemoteMachineID\":\"S-1-0-0\"}","original_format":"ndjson","quality":"Degraded","incident_id":"f8f0bfe0-9fdc-4d92-b5ba-6b8b60103385","redactions":[],"bridge_hash":null,"chain_hash":null,"parent_process_id":null,"parent_process_name":null,"lineage_chain":null,"line_id":null,"destination_ip":null,"destination_port":null,"protocol":null,"process_guid":null,"target_image":null,"granted_access":null,"evidence_vault":null,"log_source":"cmd_dumping_ntds_dit_file_ntdsutil_cmd_dumping_ntds_dit_file_ntdsutil.json","process_id":null,"image":null,"command_line":null,"node_id":"Standalone"}
{"timestamp":"2026-05-09T10:00:55.397064700-07:00","message":"[RAW Forensic Payload] {\"SourceName\":\"Microsoft-Windows-Security-Auditing\",\"ProviderGuid\":\"{54849625-5478-4994-a5ba-3e3b...","severity":"Info","source":"ndjson","subject_id":null,"outcome":"Degraded","metadata":{"EventID":"5156","captured_message":"[RAW Forensic Payload] {\"SourceName\":\"Microsoft-Windows-Security-Auditing\",\"ProviderGuid\":\"{54849625-5478-4994-a5ba-3e3b...","log_source":"cmd_dumping_ntds_dit_file_ntdsutil_cmd_dumping_ntds_dit_file_ntdsutil.json","nist_category":"System and Information Integrity","nist_control_id":"SI-4 [Windows Integrity]"},"additional_context":{"SourceName":"Microsoft-Windows-Security-Auditing","ProviderGuid":"{54849625-5478-4994-a5ba-3e3b0328c30d}","Level":"0","Keywords":"0x8020000000000000","Channel":"Security","Hostname":"DC01.pandalab.com","TimeCreated":"2023-07-19T09:02:54.746Z","@timestamp":"2023-07-19T09:02:54.746Z","EventID":5156,"Message":"The Windows Filtering Platform has permitted a connection.\r\n\r\nApplication Information:\r\n\tProcess ID:\t\t1072\r\n\tApplication Name:\t\\device\\harddiskvolume2\\windows\\system32\\svchost.exe\r\n\r\nNetwork Information:\r\n\tDirection:\t\tInbound\r\n\tSource Address:\t\t192.168.1.4\r\n\tSource Port:\t\t5353\r\n\tDestination Address:\t224.0.0.251\r\n\tDestination Port:\t\t5353\r\n\tProtocol:\t\t17\r\n\tInterface Index:\t\t10\r\n\r\nFilter Information:\r\n\tFilter Origin:\t\tAppContainer Loopback\r\n\tFilter Run-Time ID:\t67583\r\n\tLayer Name:\t\tReceive/Accept\r\n\tLayer Run-Time ID:\t44\r\n\tRemote User ID:\t\tS-1-0-0\r\n\tRemote Machine ID:\tS-1-0-0","Task":"12810","ProcessID":"1072","Application":"\\device\\harddiskvolume2\\windows\\system32\\svchost.exe","Direction":"%%14592","SourceAddress":"192.168.1.4","SourcePort":"5353","DestAddress":"224.0.0.251","DestPort":"5353","Protocol":"17","InterfaceIndex":"10","FilterOrigin":"AppContainer Loopback","FilterRTID":"67583","LayerName":"%%14610","LayerRTID":"44","RemoteUserID":"S-1-0-0","RemoteMachineID":"S-1-0-0"},"raw":"{\"SourceName\":\"Microsoft-Windows-Security-Auditing\",\"ProviderGuid\":\"{54849625-5478-4994-a5ba-3e3b0328c30d}\",\"Level\":\"0\",\"Keywords\":\"0x8020000000000000\",\"Channel\":\"Security\",\"Hostname\":\"DC01.pandalab.com\",\"TimeCreated\":\"2023-07-19T09:02:54.746Z\",\"@timestamp\":\"2023-07-19T09:02:54.746Z\",\"EventID\":5156,\"Message\":\"The Windows Filtering Platform has permitted a connection.\\r\\n\\r\\nApplication Information:\\r\\n\\tProcess ID:\\t\\t1072\\r\\n\\tApplication Name:\\t\\\\device\\\\harddiskvolume2\\\\windows\\\\system32\\\\svchost.exe\\r\\n\\r\\nNetwork Information:\\r\\n\\tDirection:\\t\\tInbound\\r\\n\\tSource Address:\\t\\t192.168.1.4\\r\\n\\tSource Port:\\t\\t5353\\r\\n\\tDestination Address:\\t224.0.0.251\\r\\n\\tDestination Port:\\t\\t5353\\r\\n\\tProtocol:\\t\\t17\\r\\n\\tInterface Index:\\t\\t10\\r\\n\\r\\nFilter Information:\\r\\n\\tFilter Origin:\\t\\tAppContainer Loopback\\r\\n\\tFilter Run-Time ID:\\t67583\\r\\n\\tLayer Name:\\t\\tReceive/Accept\\r\\n\\tLayer Run-Time ID:\\t44\\r\\n\\tRemote User ID:\\t\\tS-1-0-0\\r\\n\\tRemote Machine ID:\\tS-1-0-0\",\"Task\":\"12810\",\"ProcessID\":\"1072\",\"Application\":\"\\\\device\\\\harddiskvolume2\\\\windows\\\\system32\\\\svchost.exe\",\"Direction\":\"%%14592\",\"SourceAddress\":\"192.168.1.4\",\"SourcePort\":\"5353\",\"DestAddress\":\"224.0.0.251\",\"DestPort\":\"5353\",\"Protocol\":\"17\",\"InterfaceIndex\":\"10\",\"FilterOrigin\":\"AppContainer Loopback\",\"FilterRTID\":\"67583\",\"LayerName\":\"%%14610\",\"LayerRTID\":\"44\",\"RemoteUserID\":\"S-1-0-0\",\"RemoteMachineID\":\"S-1-0-0\"}","unparsed_raw":"{\"SourceName\":\"Microsoft-Windows-Security-Auditing\",\"ProviderGuid\":\"{54849625-5478-4994-a5ba-3e3b0328c30d}\",\"Level\":\"0\",\"Keywords\":\"0x8020000000000000\",\"Channel\":\"Security\",\"Hostname\":\"DC01.pandalab.com\",\"TimeCreated\":\"2023-07-19T09:02:54.746Z\",\"@timestamp\":\"2023-07-19T09:02:54.746Z\",\"EventID\":5156,\"Message\":\"The Windows Filtering Platform has permitted a connection.\\r\\n\\r\\nApplication Information:\\r\\n\\tProcess ID:\\t\\t1072\\r\\n\\tApplication Name:\\t\\\\device\\\\harddiskvolume2\\\\windows\\\\system32\\\\svchost.exe\\r\\n\\r\\nNetwork Information:\\r\\n\\tDirection:\\t\\tInbound\\r\\n\\tSource Address:\\t\\t192.168.1.4\\r\\n\\tSource Port:\\t\\t5353\\r\\n\\tDestination Address:\\t224.0.0.251\\r\\n\\tDestination Port:\\t\\t5353\\r\\n\\tProtocol:\\t\\t17\\r\\n\\tInterface Index:\\t\\t10\\r\\n\\r\\nFilter Information:\\r\\n\\tFilter Origin:\\t\\tAppContainer Loopback\\r\\n\\tFilter Run-Time ID:\\t67583\\r\\n\\tLayer Name:\\t\\tReceive/Accept\\r\\n\\tLayer Run-Time ID:\\t44\\r\\n\\tRemote User ID:\\t\\tS-1-0-0\\r\\n\\tRemote Machine ID:\\tS-1-0-0\",\"Task\":\"12810\",\"ProcessID\":\"1072\",\"Application\":\"\\\\device\\\\harddiskvolume2\\\\windows\\\\system32\\\\svchost.exe\",\"Direction\":\"%%14592\",\"SourceAddress\":\"192.168.1.4\",\"SourcePort\":\"5353\",\"DestAddress\":\"224.0.0.251\",\"DestPort\":\"5353\",\"Protocol\":\"17\",\"InterfaceIndex\":\"10\",\"FilterOrigin\":\"AppContainer Loopback\",\"FilterRTID\":\"67583\",\"LayerName\":\"%%14610\",\"LayerRTID\":\"44\",\"RemoteUserID\":\"S-1-0-0\",\"RemoteMachineID\":\"S-1-0-0\"}","original_format":"ndjson","quality":"Degraded","incident_id":"f8f0bfe0-9fdc-4d92-b5ba-6b8b60103385","redactions":[],"bridge_hash":null,"chain_hash":null,"parent_process_id":null,"parent_process_name":null,"lineage_chain":null,"line_id":null,"destination_ip":null,"destination_port":null,"protocol":null,"process_guid":null,"target_image":null,"granted_access":null,"evidence_vault":null,"log_source":"cmd_dumping_ntds_dit_file_ntdsutil_cmd_dumping_ntds_dit_file_ntdsutil.json","process_id":null,"image":null,"command_line":null,"node_id":"Standalone"}
{"timestamp":"2026-05-09T10:00:55.397173700-07:00","message":"[RAW Forensic Payload] {\"SourceName\":\"Microsoft-Windows-Security-Auditing\",\"ProviderGuid\":\"{54849625-5478-4994-a5ba-3e3b...","severity":"Info","source":"ndjson","subject_id":null,"outcome":"Degraded","metadata":{"EventID":"5156","captured_message":"[RAW Forensic Payload] {\"SourceName\":\"Microsoft-Windows-Security-Auditing\",\"ProviderGuid\":\"{54849625-5478-4994-a5ba-3e3b...","log_source":"cmd_dumping_ntds_dit_file_ntdsutil_cmd_dumping_ntds_dit_file_ntdsutil.json","nist_category":"System and Information Integrity","nist_control_id":"SI-4 [Windows Integrity]"},"additional_context":{"SourceName":"Microsoft-Windows-Security-Auditing","ProviderGuid":"{54849625-5478-4994-a5ba-3e3b0328c30d}","Level":"0","Keywords":"0x8020000000000000","Channel":"Security","Hostname":"DC01.pandalab.com","TimeCreated":"2023-07-19T09:02:54.746Z","@timestamp":"2023-07-19T09:02:54.746Z","EventID":5156,"Message":"The Windows Filtering Platform has permitted a connection.\r\n\r\nApplication Information:\r\n\tProcess ID:\t\t1072\r\n\tApplication Name:\t\\device\\harddiskvolume2\\windows\\system32\\svchost.exe\r\n\r\nNetwork Information:\r\n\tDirection:\t\tInbound\r\n\tSource Address:\t\tfe80::3b31:a8fa:5adc:7b9e\r\n\tSource Port:\t\t5353\r\n\tDestination Address:\tff02::fb\r\n\tDestination Port:\t\t5353\r\n\tProtocol:\t\t17\r\n\tInterface Index:\t\t10\r\n\r\nFilter Information:\r\n\tFilter Origin:\t\tAppContainer Loopback\r\n\tFilter Run-Time ID:\t67584\r\n\tLayer Name:\t\tReceive/Accept\r\n\tLayer Run-Time ID:\t46\r\n\tRemote User ID:\t\tS-1-0-0\r\n\tRemote Machine ID:\tS-1-0-0","Task":"12810","ProcessID":"1072","Application":"\\device\\harddiskvolume2\\windows\\system32\\svchost.exe","Direction":"%%14592","SourceAddress":"fe80::3b31:a8fa:5adc:7b9e","SourcePort":"5353","DestAddress":"ff02::fb","DestPort":"5353","Protocol":"17","InterfaceIndex":"10","FilterOrigin":"AppContainer Loopback","FilterRTID":"67584","LayerName":"%%14610","LayerRTID":"46","RemoteUserID":"S-1-0-0","RemoteMachineID":"S-1-0-0"},"raw":"{\"SourceName\":\"Microsoft-Windows-Security-Auditing\",\"ProviderGuid\":\"{54849625-5478-4994-a5ba-3e3b0328c30d}\",\"Level\":\"0\",\"Keywords\":\"0x8020000000000000\",\"Channel\":\"Security\",\"Hostname\":\"DC01.pandalab.com\",\"TimeCreated\":\"2023-07-19T09:02:54.746Z\",\"@timestamp\":\"2023-07-19T09:02:54.746Z\",\"EventID\":5156,\"Message\":\"The Windows Filtering Platform has permitted a connection.\\r\\n\\r\\nApplication Information:\\r\\n\\tProcess ID:\\t\\t1072\\r\\n\\tApplication Name:\\t\\\\device\\\\harddiskvolume2\\\\windows\\\\system32\\\\svchost.exe\\r\\n\\r\\nNetwork Information:\\r\\n\\tDirection:\\t\\tInbound\\r\\n\\tSource Address:\\t\\tfe80::3b31:a8fa:5adc:7b9e\\r\\n\\tSource Port:\\t\\t5353\\r\\n\\tDestination Address:\\tff02::fb\\r\\n\\tDestination Port:\\t\\t5353\\r\\n\\tProtocol:\\t\\t17\\r\\n\\tInterface Index:\\t\\t10\\r\\n\\r\\nFilter Information:\\r\\n\\tFilter Origin:\\t\\tAppContainer Loopback\\r\\n\\tFilter Run-Time ID:\\t67584\\r\\n\\tLayer Name:\\t\\tReceive/Accept\\r\\n\\tLayer Run-Time ID:\\t46\\r\\n\\tRemote User ID:\\t\\tS-1-0-0\\r\\n\\tRemote Machine ID:\\tS-1-0-0\",\"Task\":\"12810\",\"ProcessID\":\"1072\",\"Application\":\"\\\\device\\\\harddiskvolume2\\\\windows\\\\system32\\\\svchost.exe\",\"Direction\":\"%%14592\",\"SourceAddress\":\"fe80::3b31:a8fa:5adc:7b9e\",\"SourcePort\":\"5353\",\"DestAddress\":\"ff02::fb\",\"DestPort\":\"5353\",\"Protocol\":\"17\",\"InterfaceIndex\":\"10\",\"FilterOrigin\":\"AppContainer Loopback\",\"FilterRTID\":\"67584\",\"LayerName\":\"%%14610\",\"LayerRTID\":\"46\",\"RemoteUserID\":\"S-1-0-0\",\"RemoteMachineID\":\"S-1-0-0\"}","unparsed_raw":"{\"SourceName\":\"Microsoft-Windows-Security-Auditing\",\"ProviderGuid\":\"{54849625-5478-4994-a5ba-3e3b0328c30d}\",\"Level\":\"0\",\"Keywords\":\"0x8020000000000000\",\"Channel\":\"Security\",\"Hostname\":\"DC01.pandalab.com\",\"TimeCreated\":\"2023-07-19T09:02:54.746Z\",\"@timestamp\":\"2023-07-19T09:02:54.746Z\",\"EventID\":5156,\"Message\":\"The Windows Filtering Platform has permitted a connection.\\r\\n\\r\\nApplication Information:\\r\\n\\tProcess ID:\\t\\t1072\\r\\n\\tApplication Name:\\t\\\\device\\\\harddiskvolume2\\\\windows\\\\system32\\\\svchost.exe\\r\\n\\r\\nNetwork Information:\\r\\n\\tDirection:\\t\\tInbound\\r\\n\\tSource Address:\\t\\tfe80::3b31:a8fa:5adc:7b9e\\r\\n\\tSource Port:\\t\\t5353\\r\\n\\tDestination Address:\\tff02::fb\\r\\n\\tDestination Port:\\t\\t5353\\r\\n\\tProtocol:\\t\\t17\\r\\n\\tInterface Index:\\t\\t10\\r\\n\\r\\nFilter Information:\\r\\n\\tFilter Origin:\\t\\tAppContainer Loopback\\r\\n\\tFilter Run-Time ID:\\t67584\\r\\n\\tLayer Name:\\t\\tReceive/Accept\\r\\n\\tLayer Run-Time ID:\\t46\\r\\n\\tRemote User ID:\\t\\tS-1-0-0\\r\\n\\tRemote Machine ID:\\tS-1-0-0\",\"Task\":\"12810\",\"ProcessID\":\"1072\",\"Application\":\"\\\\device\\\\harddiskvolume2\\\\windows\\\\system32\\\\svchost.exe\",\"Direction\":\"%%14592\",\"SourceAddress\":\"fe80::3b31:a8fa:5adc:7b9e\",\"SourcePort\":\"5353\",\"DestAddress\":\"ff02::fb\",\"DestPort\":\"5353\",\"Protocol\":\"17\",\"InterfaceIndex\":\"10\",\"FilterOrigin\":\"AppContainer Loopback\",\"FilterRTID\":\"67584\",\"LayerName\":\"%%14610\",\"LayerRTID\":\"46\",\"RemoteUserID\":\"S-1-0-0\",\"RemoteMachineID\":\"S-1-0-0\"}","original_format":"ndjson","quality":"Degraded","incident_id":"f8f0bfe0-9fdc-4d92-b5ba-6b8b60103385","redactions":[],"bridge_hash":null,"chain_hash":null,"parent_process_id":null,"parent_process_name":null,"lineage_chain":null,"line_id":null,"destination_ip":null,"destination_port":null,"protocol":null,"process_guid":null,"target_image":null,"granted_access":null,"evidence_vault":null,"log_source":"cmd_dumping_ntds_dit_file_ntdsutil_cmd_dumping_ntds_dit_file_ntdsutil.json","process_id":null,"image":null,"command_line":null,"node_id":"Standalone"}
{"timestamp":"2026-05-09T10:00:55.397294200-07:00","message":"[RAW Forensic Payload] {\"SourceName\":\"Microsoft-Windows-Security-Auditing\",\"ProviderGuid\":\"{54849625-5478-4994-a5ba-3e3b...","severity":"Info","source":"ndjson","subject_id":null,"outcome":"Degraded","metadata":{"EventID":"5156","captured_message":"[RAW Forensic Payload] {\"SourceName\":\"Microsoft-Windows-Security-Auditing\",\"ProviderGuid\":\"{54849625-5478-4994-a5ba-3e3b...","log_source":"cmd_dumping_ntds_dit_file_ntdsutil_cmd_dumping_ntds_dit_file_ntdsutil.json","nist_category":"System and Information Integrity","nist_control_id":"SI-4 [Windows Integrity]"},"additional_context":{"SourceName":"Microsoft-Windows-Security-Auditing","ProviderGuid":"{54849625-5478-4994-a5ba-3e3b0328c30d}","Level":"0","Keywords":"0x8020000000000000","Channel":"Security","Hostname":"DC01.pandalab.com","TimeCreated":"2023-07-19T09:02:54.747Z","@timestamp":"2023-07-19T09:02:54.747Z","EventID":5156,"Message":"The Windows Filtering Platform has permitted a connection.\r\n\r\nApplication Information:\r\n\tProcess ID:\t\t1072\r\n\tApplication Name:\t\\device\\harddiskvolume2\\windows\\system32\\svchost.exe\r\n\r\nNetwork Information:\r\n\tDirection:\t\tInbound\r\n\tSource Address:\t\tfe80::3b31:a8fa:5adc:7b9e\r\n\tSource Port:\t\t5353\r\n\tDestination Address:\tff02::fb\r\n\tDestination Port:\t\t5353\r\n\tProtocol:\t\t17\r\n\tInterface Index:\t\t10\r\n\r\nFilter Information:\r\n\tFilter Origin:\t\tAppContainer Loopback\r\n\tFilter Run-Time ID:\t67584\r\n\tLayer Name:\t\tReceive/Accept\r\n\tLayer Run-Time ID:\t46\r\n\tRemote User ID:\t\tS-1-0-0\r\n\tRemote Machine ID:\tS-1-0-0","Task":"12810","ProcessID":"1072","Application":"\\device\\harddiskvolume2\\windows\\system32\\svchost.exe","Direction":"%%14592","SourceAddress":"fe80::3b31:a8fa:5adc:7b9e","SourcePort":"5353","DestAddress":"ff02::fb","DestPort":"5353","Protocol":"17","InterfaceIndex":"10","FilterOrigin":"AppContainer Loopback","FilterRTID":"67584","LayerName":"%%14610","LayerRTID":"46","RemoteUserID":"S-1-0-0","RemoteMachineID":"S-1-0-0"},"raw":"{\"SourceName\":\"Microsoft-Windows-Security-Auditing\",\"ProviderGuid\":\"{54849625-5478-4994-a5ba-3e3b0328c30d}\",\"Level\":\"0\",\"Keywords\":\"0x8020000000000000\",\"Channel\":\"Security\",\"Hostname\":\"DC01.pandalab.com\",\"TimeCreated\":\"2023-07-19T09:02:54.747Z\",\"@timestamp\":\"2023-07-19T09:02:54.747Z\",\"EventID\":5156,\"Message\":\"The Windows Filtering Platform has permitted a connection.\\r\\n\\r\\nApplication Information:\\r\\n\\tProcess ID:\\t\\t1072\\r\\n\\tApplication Name:\\t\\\\device\\\\harddiskvolume2\\\\windows\\\\system32\\\\svchost.exe\\r\\n\\r\\nNetwork Information:\\r\\n\\tDirection:\\t\\tInbound\\r\\n\\tSource Address:\\t\\tfe80::3b31:a8fa:5adc:7b9e\\r\\n\\tSource Port:\\t\\t5353\\r\\n\\tDestination Address:\\tff02::fb\\r\\n\\tDestination Port:\\t\\t5353\\r\\n\\tProtocol:\\t\\t17\\r\\n\\tInterface Index:\\t\\t10\\r\\n\\r\\nFilter Information:\\r\\n\\tFilter Origin:\\t\\tAppContainer Loopback\\r\\n\\tFilter Run-Time ID:\\t67584\\r\\n\\tLayer Name:\\t\\tReceive/Accept\\r\\n\\tLayer Run-Time ID:\\t46\\r\\n\\tRemote User ID:\\t\\tS-1-0-0\\r\\n\\tRemote Machine ID:\\tS-1-0-0\",\"Task\":\"12810\",\"ProcessID\":\"1072\",\"Application\":\"\\\\device\\\\harddiskvolume2\\\\windows\\\\system32\\\\svchost.exe\",\"Direction\":\"%%14592\",\"SourceAddress\":\"fe80::3b31:a8fa:5adc:7b9e\",\"SourcePort\":\"5353\",\"DestAddress\":\"ff02::fb\",\"DestPort\":\"5353\",\"Protocol\":\"17\",\"InterfaceIndex\":\"10\",\"FilterOrigin\":\"AppContainer Loopback\",\"FilterRTID\":\"67584\",\"LayerName\":\"%%14610\",\"LayerRTID\":\"46\",\"RemoteUserID\":\"S-1-0-0\",\"RemoteMachineID\":\"S-1-0-0\"}","unparsed_raw":"{\"SourceName\":\"Microsoft-Windows-Security-Auditing\",\"ProviderGuid\":\"{54849625-5478-4994-a5ba-3e3b0328c30d}\",\"Level\":\"0\",\"Keywords\":\"0x8020000000000000\",\"Channel\":\"Security\",\"Hostname\":\"DC01.pandalab.com\",\"TimeCreated\":\"2023-07-19T09:02:54.747Z\",\"@timestamp\":\"2023-07-19T09:02:54.747Z\",\"EventID\":5156,\"Message\":\"The Windows Filtering Platform has permitted a connection.\\r\\n\\r\\nApplication Information:\\r\\n\\tProcess ID:\\t\\t1072\\r\\n\\tApplication Name:\\t\\\\device\\\\harddiskvolume2\\\\windows\\\\system32\\\\svchost.exe\\r\\n\\r\\nNetwork Information:\\r\\n\\tDirection:\\t\\tInbound\\r\\n\\tSource Address:\\t\\tfe80::3b31:a8fa:5adc:7b9e\\r\\n\\tSource Port:\\t\\t5353\\r\\n\\tDestination Address:\\tff02::fb\\r\\n\\tDestination Port:\\t\\t5353\\r\\n\\tProtocol:\\t\\t17\\r\\n\\tInterface Index:\\t\\t10\\r\\n\\r\\nFilter Information:\\r\\n\\tFilter Origin:\\t\\tAppContainer Loopback\\r\\n\\tFilter Run-Time ID:\\t67584\\r\\n\\tLayer Name:\\t\\tReceive/Accept\\r\\n\\tLayer Run-Time ID:\\t46\\r\\n\\tRemote User ID:\\t\\tS-1-0-0\\r\\n\\tRemote Machine ID:\\tS-1-0-0\",\"Task\":\"12810\",\"ProcessID\":\"1072\",\"Application\":\"\\\\device\\\\harddiskvolume2\\\\windows\\\\system32\\\\svchost.exe\",\"Direction\":\"%%14592\",\"SourceAddress\":\"fe80::3b31:a8fa:5adc:7b9e\",\"SourcePort\":\"5353\",\"DestAddress\":\"ff02::fb\",\"DestPort\":\"5353\",\"Protocol\":\"17\",\"InterfaceIndex\":\"10\",\"FilterOrigin\":\"AppContainer Loopback\",\"FilterRTID\":\"67584\",\"LayerName\":\"%%14610\",\"LayerRTID\":\"46\",\"RemoteUserID\":\"S-1-0-0\",\"RemoteMachineID\":\"S-1-0-0\"}","original_format":"ndjson","quality":"Degraded","incident_id":"f8f0bfe0-9fdc-4d92-b5ba-6b8b60103385","redactions":[],"bridge_hash":null,"chain_hash":null,"parent_process_id":null,"parent_process_name":null,"lineage_chain":null,"line_id":null,"destination_ip":null,"destination_port":null,"protocol":null,"process_guid":null,"target_image":null,"granted_access":null,"evidence_vault":null,"log_source":"cmd_dumping_ntds_dit_file_ntdsutil_cmd_dumping_ntds_dit_file_ntdsutil.json","process_id":null,"image":null,"command_line":null,"node_id":"Standalone"}
{"timestamp":"2026-05-09T10:00:55.397387200-07:00","message":"[RAW Forensic Payload] {\"SourceName\":\"Microsoft-Windows-Security-Auditing\",\"ProviderGuid\":\"{54849625-5478-4994-a5ba-3e3b...","severity":"Info","source":"ndjson","subject_id":null,"outcome":"Degraded","metadata":{"EventID":"5158","captured_message":"[RAW Forensic Payload] {\"SourceName\":\"Microsoft-Windows-Security-Auditing\",\"ProviderGuid\":\"{54849625-5478-4994-a5ba-3e3b...","log_source":"cmd_dumping_ntds_dit_file_ntdsutil_cmd_dumping_ntds_dit_file_ntdsutil.json","nist_category":"System and Information Integrity","nist_control_id":"SI-4 [Windows Integrity]"},"additional_context":{"SourceName":"Microsoft-Windows-Security-Auditing","ProviderGuid":"{54849625-5478-4994-a5ba-3e3b0328c30d}","Level":"0","Keywords":"0x8020000000000000","Channel":"Security","Hostname":"DC01.pandalab.com","TimeCreated":"2023-07-19T09:02:54.748Z","@timestamp":"2023-07-19T09:02:54.748Z","EventID":5158,"Message":"The Windows Filtering Platform has permitted a bind to a local port.\r\n\r\nApplication Information:\r\n\tProcess ID:\t\t1072\r\n\tApplication Name:\t\\device\\harddiskvolume2\\windows\\system32\\svchost.exe\r\n\r\nNetwork Information:\r\n\tSource Address:\t\t::\r\n\tSource Port:\t\t54336\r\n\tProtocol:\t\t17\r\n\r\nFilter Information:\r\n\tFilter Run-Time ID:\t0\r\n\tLayer Name:\t\tResource Assignment\r\n\tLayer Run-Time ID:\t36","Task":"12810","ProcessId":"1072","Application":"\\device\\harddiskvolume2\\windows\\system32\\svchost.exe","SourceAddress":"::","SourcePort":"54336","Protocol":"17","FilterRTID":"0","LayerName":"%%14608","LayerRTID":"36"},"raw":"{\"SourceName\":\"Microsoft-Windows-Security-Auditing\",\"ProviderGuid\":\"{54849625-5478-4994-a5ba-3e3b0328c30d}\",\"Level\":\"0\",\"Keywords\":\"0x8020000000000000\",\"Channel\":\"Security\",\"Hostname\":\"DC01.pandalab.com\",\"TimeCreated\":\"2023-07-19T09:02:54.748Z\",\"@timestamp\":\"2023-07-19T09:02:54.748Z\",\"EventID\":5158,\"Message\":\"The Windows Filtering Platform has permitted a bind to a local port.\\r\\n\\r\\nApplication Information:\\r\\n\\tProcess ID:\\t\\t1072\\r\\n\\tApplication Name:\\t\\\\device\\\\harddiskvolume2\\\\windows\\\\system32\\\\svchost.exe\\r\\n\\r\\nNetwork Information:\\r\\n\\tSource Address:\\t\\t::\\r\\n\\tSource Port:\\t\\t54336\\r\\n\\tProtocol:\\t\\t17\\r\\n\\r\\nFilter Information:\\r\\n\\tFilter Run-Time ID:\\t0\\r\\n\\tLayer Name:\\t\\tResource Assignment\\r\\n\\tLayer Run-Time ID:\\t36\",\"Task\":\"12810\",\"ProcessId\":\"1072\",\"Application\":\"\\\\device\\\\harddiskvolume2\\\\windows\\\\system32\\\\svchost.exe\",\"SourceAddress\":\"::\",\"SourcePort\":\"54336\",\"Protocol\":\"17\",\"FilterRTID\":\"0\",\"LayerName\":\"%%14608\",\"LayerRTID\":\"36\"}","unparsed_raw":"{\"SourceName\":\"Microsoft-Windows-Security-Auditing\",\"ProviderGuid\":\"{54849625-5478-4994-a5ba-3e3b0328c30d}\",\"Level\":\"0\",\"Keywords\":\"0x8020000000000000\",\"Channel\":\"Security\",\"Hostname\":\"DC01.pandalab.com\",\"TimeCreated\":\"2023-07-19T09:02:54.748Z\",\"@timestamp\":\"2023-07-19T09:02:54.748Z\",\"EventID\":5158,\"Message\":\"The Windows Filtering Platform has permitted a bind to a local port.\\r\\n\\r\\nApplication Information:\\r\\n\\tProcess ID:\\t\\t1072\\r\\n\\tApplication Name:\\t\\\\device\\\\harddiskvolume2\\\\windows\\\\system32\\\\svchost.exe\\r\\n\\r\\nNetwork Information:\\r\\n\\tSource Address:\\t\\t::\\r\\n\\tSource Port:\\t\\t54336\\r\\n\\tProtocol:\\t\\t17\\r\\n\\r\\nFilter Information:\\r\\n\\tFilter Run-Time ID:\\t0\\r\\n\\tLayer Name:\\t\\tResource Assignment\\r\\n\\tLayer Run-Time ID:\\t36\",\"Task\":\"12810\",\"ProcessId\":\"1072\",\"Application\":\"\\\\device\\\\harddiskvolume2\\\\windows\\\\system32\\\\svchost.exe\",\"SourceAddress\":\"::\",\"SourcePort\":\"54336\",\"Protocol\":\"17\",\"FilterRTID\":\"0\",\"LayerName\":\"%%14608\",\"LayerRTID\":\"36\"}","original_format":"ndjson","quality":"Degraded","incident_id":"f8f0bfe0-9fdc-4d92-b5ba-6b8b60103385","redactions":[],"bridge_hash":null,"chain_hash":null,"parent_process_id":null,"parent_process_name":null,"lineage_chain":null,"line_id":null,"destination_ip":null,"destination_port":null,"protocol":null,"process_guid":null,"target_image":null,"granted_access":null,"evidence_vault":null,"log_source":"cmd_dumping_ntds_dit_file_ntdsutil_cmd_dumping_ntds_dit_file_ntdsutil.json","process_id":1072,"image":null,"command_line":null,"node_id":"Standalone"}
{"timestamp":"2026-05-09T10:00:55.397473700-07:00","message":"[RAW Forensic Payload] {\"SourceName\":\"Microsoft-Windows-Security-Auditing\",\"ProviderGuid\":\"{54849625-5478-4994-a5ba-3e3b...","severity":"Info","source":"ndjson","subject_id":null,"outcome":"Degraded","metadata":{"EventID":"5158","captured_message":"[RAW Forensic Payload] {\"SourceName\":\"Microsoft-Windows-Security-Auditing\",\"ProviderGuid\":\"{54849625-5478-4994-a5ba-3e3b...","log_source":"cmd_dumping_ntds_dit_file_ntdsutil_cmd_dumping_ntds_dit_file_ntdsutil.json","nist_category":"System and Information Integrity","nist_control_id":"SI-4 [Windows Integrity]"},"additional_context":{"SourceName":"Microsoft-Windows-Security-Auditing","ProviderGuid":"{54849625-5478-4994-a5ba-3e3b0328c30d}","Level":"0","Keywords":"0x8020000000000000","Channel":"Security","Hostname":"DC01.pandalab.com","TimeCreated":"2023-07-19T09:02:54.748Z","@timestamp":"2023-07-19T09:02:54.748Z","EventID":5158,"Message":"The Windows Filtering Platform has permitted a bind to a local port.\r\n\r\nApplication Information:\r\n\tProcess ID:\t\t1072\r\n\tApplication Name:\t\\device\\harddiskvolume2\\windows\\system32\\svchost.exe\r\n\r\nNetwork Information:\r\n\tSource Address:\t\t::\r\n\tSource Port:\t\t54336\r\n\tProtocol:\t\t17\r\n\r\nFilter Information:\r\n\tFilter Run-Time ID:\t0\r\n\tLayer Name:\t\tResource Assignment\r\n\tLayer Run-Time ID:\t38","Task":"12810","ProcessId":"1072","Application":"\\device\\harddiskvolume2\\windows\\system32\\svchost.exe","SourceAddress":"::","SourcePort":"54336","Protocol":"17","FilterRTID":"0","LayerName":"%%14608","LayerRTID":"38"},"raw":"{\"SourceName\":\"Microsoft-Windows-Security-Auditing\",\"ProviderGuid\":\"{54849625-5478-4994-a5ba-3e3b0328c30d}\",\"Level\":\"0\",\"Keywords\":\"0x8020000000000000\",\"Channel\":\"Security\",\"Hostname\":\"DC01.pandalab.com\",\"TimeCreated\":\"2023-07-19T09:02:54.748Z\",\"@timestamp\":\"2023-07-19T09:02:54.748Z\",\"EventID\":5158,\"Message\":\"The Windows Filtering Platform has permitted a bind to a local port.\\r\\n\\r\\nApplication Information:\\r\\n\\tProcess ID:\\t\\t1072\\r\\n\\tApplication Name:\\t\\\\device\\\\harddiskvolume2\\\\windows\\\\system32\\\\svchost.exe\\r\\n\\r\\nNetwork Information:\\r\\n\\tSource Address:\\t\\t::\\r\\n\\tSource Port:\\t\\t54336\\r\\n\\tProtocol:\\t\\t17\\r\\n\\r\\nFilter Information:\\r\\n\\tFilter Run-Time ID:\\t0\\r\\n\\tLayer Name:\\t\\tResource Assignment\\r\\n\\tLayer Run-Time ID:\\t38\",\"Task\":\"12810\",\"ProcessId\":\"1072\",\"Application\":\"\\\\device\\\\harddiskvolume2\\\\windows\\\\system32\\\\svchost.exe\",\"SourceAddress\":\"::\",\"SourcePort\":\"54336\",\"Protocol\":\"17\",\"FilterRTID\":\"0\",\"LayerName\":\"%%14608\",\"LayerRTID\":\"38\"}","unparsed_raw":"{\"SourceName\":\"Microsoft-Windows-Security-Auditing\",\"ProviderGuid\":\"{54849625-5478-4994-a5ba-3e3b0328c30d}\",\"Level\":\"0\",\"Keywords\":\"0x8020000000000000\",\"Channel\":\"Security\",\"Hostname\":\"DC01.pandalab.com\",\"TimeCreated\":\"2023-07-19T09:02:54.748Z\",\"@timestamp\":\"2023-07-19T09:02:54.748Z\",\"EventID\":5158,\"Message\":\"The Windows Filtering Platform has permitted a bind to a local port.\\r\\n\\r\\nApplication Information:\\r\\n\\tProcess ID:\\t\\t1072\\r\\n\\tApplication Name:\\t\\\\device\\\\harddiskvolume2\\\\windows\\\\system32\\\\svchost.exe\\r\\n\\r\\nNetwork Information:\\r\\n\\tSource Address:\\t\\t::\\r\\n\\tSource Port:\\t\\t54336\\r\\n\\tProtocol:\\t\\t17\\r\\n\\r\\nFilter Information:\\r\\n\\tFilter Run-Time ID:\\t0\\r\\n\\tLayer Name:\\t\\tResource Assignment\\r\\n\\tLayer Run-Time ID:\\t38\",\"Task\":\"12810\",\"ProcessId\":\"1072\",\"Application\":\"\\\\device\\\\harddiskvolume2\\\\windows\\\\system32\\\\svchost.exe\",\"SourceAddress\":\"::\",\"SourcePort\":\"54336\",\"Protocol\":\"17\",\"FilterRTID\":\"0\",\"LayerName\":\"%%14608\",\"LayerRTID\":\"38\"}","original_format":"ndjson","quality":"Degraded","incident_id":"f8f0bfe0-9fdc-4d92-b5ba-6b8b60103385","redactions":[],"bridge_hash":null,"chain_hash":null,"parent_process_id":null,"parent_process_name":null,"lineage_chain":null,"line_id":null,"destination_ip":null,"destination_port":null,"protocol":null,"process_guid":null,"target_image":null,"granted_access":null,"evidence_vault":null,"log_source":"cmd_dumping_ntds_dit_file_ntdsutil_cmd_dumping_ntds_dit_file_ntdsutil.json","process_id":1072,"image":null,"command_line":null,"node_id":"Standalone"}
