{"timestamp":"2026-05-09T10:00:55.390746300-07:00","message":"[RAW Forensic Payload] {\"SourceName\":\"Microsoft-Windows-Security-Auditing\",\"ProviderGuid\":\"{54849625-5478-4994-a5ba-3e3b...","severity":"Info","source":"ndjson","subject_id":null,"outcome":"Degraded","metadata":{"EventID":"5156","captured_message":"[RAW Forensic Payload] {\"SourceName\":\"Microsoft-Windows-Security-Auditing\",\"ProviderGuid\":\"{54849625-5478-4994-a5ba-3e3b...","log_source":"cmd_dumping_ntds_dit_file_ntdsutil_cmd_dumping_ntds_dit_file_ntdsutil.json","nist_category":"System and Information Integrity","nist_control_id":"SI-4 [Windows Integrity]"},"additional_context":{"SourceName":"Microsoft-Windows-Security-Auditing","ProviderGuid":"{54849625-5478-4994-a5ba-3e3b0328c30d}","Level":"0","Keywords":"0x8020000000000000","Channel":"Security","Hostname":"DC01.pandalab.com","TimeCreated":"2023-07-19T09:02:23.974Z","@timestamp":"2023-07-19T09:02:23.974Z","EventID":5156,"Message":"The Windows Filtering Platform has permitted a connection.\r\n\r\nApplication Information:\r\n\tProcess ID:\t\t1072\r\n\tApplication Name:\t\\device\\harddiskvolume2\\windows\\system32\\svchost.exe\r\n\r\nNetwork Information:\r\n\tDirection:\t\tOutbound\r\n\tSource Address:\t\t::1\r\n\tSource Port:\t\t54336\r\n\tDestination Address:\t::1\r\n\tDestination Port:\t\t53\r\n\tProtocol:\t\t17\r\n\tInterface Index:\t\t1\r\n\r\nFilter Information:\r\n\tFilter Origin:\t\tAppContainer Loopback\r\n\tFilter Run-Time ID:\t67590\r\n\tLayer Name:\t\tConnect\r\n\tLayer Run-Time ID:\t50\r\n\tRemote User ID:\t\tS-1-0-0\r\n\tRemote Machine ID:\tS-1-0-0","Task":"12810","ProcessID":"1072","Application":"\\device\\harddiskvolume2\\windows\\system32\\svchost.exe","Direction":"%%14593","SourceAddress":"::1","SourcePort":"54336","DestAddress":"::1","DestPort":"53","Protocol":"17","InterfaceIndex":"1","FilterOrigin":"AppContainer Loopback","FilterRTID":"67590","LayerName":"%%14611","LayerRTID":"50","RemoteUserID":"S-1-0-0","RemoteMachineID":"S-1-0-0"},"raw":"{\"SourceName\":\"Microsoft-Windows-Security-Auditing\",\"ProviderGuid\":\"{54849625-5478-4994-a5ba-3e3b0328c30d}\",\"Level\":\"0\",\"Keywords\":\"0x8020000000000000\",\"Channel\":\"Security\",\"Hostname\":\"DC01.pandalab.com\",\"TimeCreated\":\"2023-07-19T09:02:23.974Z\",\"@timestamp\":\"2023-07-19T09:02:23.974Z\",\"EventID\":5156,\"Message\":\"The Windows Filtering Platform has permitted a connection.\\r\\n\\r\\nApplication Information:\\r\\n\\tProcess ID:\\t\\t1072\\r\\n\\tApplication Name:\\t\\\\device\\\\harddiskvolume2\\\\windows\\\\system32\\\\svchost.exe\\r\\n\\r\\nNetwork Information:\\r\\n\\tDirection:\\t\\tOutbound\\r\\n\\tSource Address:\\t\\t::1\\r\\n\\tSource Port:\\t\\t54336\\r\\n\\tDestination Address:\\t::1\\r\\n\\tDestination Port:\\t\\t53\\r\\n\\tProtocol:\\t\\t17\\r\\n\\tInterface Index:\\t\\t1\\r\\n\\r\\nFilter Information:\\r\\n\\tFilter Origin:\\t\\tAppContainer Loopback\\r\\n\\tFilter Run-Time ID:\\t67590\\r\\n\\tLayer Name:\\t\\tConnect\\r\\n\\tLayer Run-Time ID:\\t50\\r\\n\\tRemote User ID:\\t\\tS-1-0-0\\r\\n\\tRemote Machine ID:\\tS-1-0-0\",\"Task\":\"12810\",\"ProcessID\":\"1072\",\"Application\":\"\\\\device\\\\harddiskvolume2\\\\windows\\\\system32\\\\svchost.exe\",\"Direction\":\"%%14593\",\"SourceAddress\":\"::1\",\"SourcePort\":\"54336\",\"DestAddress\":\"::1\",\"DestPort\":\"53\",\"Protocol\":\"17\",\"InterfaceIndex\":\"1\",\"FilterOrigin\":\"AppContainer Loopback\",\"FilterRTID\":\"67590\",\"LayerName\":\"%%14611\",\"LayerRTID\":\"50\",\"RemoteUserID\":\"S-1-0-0\",\"RemoteMachineID\":\"S-1-0-0\"}","unparsed_raw":"{\"SourceName\":\"Microsoft-Windows-Security-Auditing\",\"ProviderGuid\":\"{54849625-5478-4994-a5ba-3e3b0328c30d}\",\"Level\":\"0\",\"Keywords\":\"0x8020000000000000\",\"Channel\":\"Security\",\"Hostname\":\"DC01.pandalab.com\",\"TimeCreated\":\"2023-07-19T09:02:23.974Z\",\"@timestamp\":\"2023-07-19T09:02:23.974Z\",\"EventID\":5156,\"Message\":\"The Windows Filtering Platform has permitted a connection.\\r\\n\\r\\nApplication Information:\\r\\n\\tProcess ID:\\t\\t1072\\r\\n\\tApplication Name:\\t\\\\device\\\\harddiskvolume2\\\\windows\\\\system32\\\\svchost.exe\\r\\n\\r\\nNetwork Information:\\r\\n\\tDirection:\\t\\tOutbound\\r\\n\\tSource Address:\\t\\t::1\\r\\n\\tSource Port:\\t\\t54336\\r\\n\\tDestination Address:\\t::1\\r\\n\\tDestination Port:\\t\\t53\\r\\n\\tProtocol:\\t\\t17\\r\\n\\tInterface Index:\\t\\t1\\r\\n\\r\\nFilter Information:\\r\\n\\tFilter Origin:\\t\\tAppContainer Loopback\\r\\n\\tFilter Run-Time ID:\\t67590\\r\\n\\tLayer Name:\\t\\tConnect\\r\\n\\tLayer Run-Time ID:\\t50\\r\\n\\tRemote User ID:\\t\\tS-1-0-0\\r\\n\\tRemote Machine ID:\\tS-1-0-0\",\"Task\":\"12810\",\"ProcessID\":\"1072\",\"Application\":\"\\\\device\\\\harddiskvolume2\\\\windows\\\\system32\\\\svchost.exe\",\"Direction\":\"%%14593\",\"SourceAddress\":\"::1\",\"SourcePort\":\"54336\",\"DestAddress\":\"::1\",\"DestPort\":\"53\",\"Protocol\":\"17\",\"InterfaceIndex\":\"1\",\"FilterOrigin\":\"AppContainer Loopback\",\"FilterRTID\":\"67590\",\"LayerName\":\"%%14611\",\"LayerRTID\":\"50\",\"RemoteUserID\":\"S-1-0-0\",\"RemoteMachineID\":\"S-1-0-0\"}","original_format":"ndjson","quality":"Degraded","incident_id":"f8f0bfe0-9fdc-4d92-b5ba-6b8b60103385","redactions":[],"bridge_hash":null,"chain_hash":null,"parent_process_id":null,"parent_process_name":null,"lineage_chain":null,"line_id":null,"destination_ip":null,"destination_port":null,"protocol":null,"process_guid":null,"target_image":null,"granted_access":null,"evidence_vault":null,"log_source":"cmd_dumping_ntds_dit_file_ntdsutil_cmd_dumping_ntds_dit_file_ntdsutil.json","process_id":null,"image":null,"command_line":null,"node_id":"Standalone"}
{"timestamp":"2026-05-09T10:00:55.390861900-07:00","message":"[RAW Forensic Payload] {\"SourceName\":\"Microsoft-Windows-Security-Auditing\",\"ProviderGuid\":\"{54849625-5478-4994-a5ba-3e3b...","severity":"Info","source":"ndjson","subject_id":null,"outcome":"Degraded","metadata":{"EventID":"5156","captured_message":"[RAW Forensic Payload] {\"SourceName\":\"Microsoft-Windows-Security-Auditing\",\"ProviderGuid\":\"{54849625-5478-4994-a5ba-3e3b...","log_source":"cmd_dumping_ntds_dit_file_ntdsutil_cmd_dumping_ntds_dit_file_ntdsutil.json","nist_category":"System and Information Integrity","nist_control_id":"SI-4 [Windows Integrity]"},"additional_context":{"SourceName":"Microsoft-Windows-Security-Auditing","ProviderGuid":"{54849625-5478-4994-a5ba-3e3b0328c30d}","Level":"0","Keywords":"0x8020000000000000","Channel":"Security","Hostname":"DC01.pandalab.com","TimeCreated":"2023-07-19T09:02:23.975Z","@timestamp":"2023-07-19T09:02:23.975Z","EventID":5156,"Message":"The Windows Filtering Platform has permitted a connection.\r\n\r\nApplication Information:\r\n\tProcess ID:\t\t2348\r\n\tApplication Name:\t\\device\\harddiskvolume2\\windows\\system32\\dns.exe\r\n\r\nNetwork Information:\r\n\tDirection:\t\tOutbound\r\n\tSource Address:\t\tfe80::3b31:a8fa:5adc:7b9e\r\n\tSource Port:\t\t53625\r\n\tDestination Address:\t2001:500:9f::42\r\n\tDestination Port:\t\t53\r\n\tProtocol:\t\t17\r\n\tInterface Index:\t\t10\r\n\r\nFilter Information:\r\n\tFilter Origin:\t\tUnknown\r\n\tFilter Run-Time ID:\t71055\r\n\tLayer Name:\t\tConnect\r\n\tLayer Run-Time ID:\t50\r\n\tRemote User ID:\t\tS-1-0-0\r\n\tRemote Machine ID:\tS-1-0-0","Task":"12810","ProcessID":"2348","Application":"\\device\\harddiskvolume2\\windows\\system32\\dns.exe","Direction":"%%14593","SourceAddress":"fe80::3b31:a8fa:5adc:7b9e","SourcePort":"53625","DestAddress":"2001:500:9f::42","DestPort":"53","Protocol":"17","InterfaceIndex":"10","FilterOrigin":"Unknown","FilterRTID":"71055","LayerName":"%%14611","LayerRTID":"50","RemoteUserID":"S-1-0-0","RemoteMachineID":"S-1-0-0"},"raw":"{\"SourceName\":\"Microsoft-Windows-Security-Auditing\",\"ProviderGuid\":\"{54849625-5478-4994-a5ba-3e3b0328c30d}\",\"Level\":\"0\",\"Keywords\":\"0x8020000000000000\",\"Channel\":\"Security\",\"Hostname\":\"DC01.pandalab.com\",\"TimeCreated\":\"2023-07-19T09:02:23.975Z\",\"@timestamp\":\"2023-07-19T09:02:23.975Z\",\"EventID\":5156,\"Message\":\"The Windows Filtering Platform has permitted a connection.\\r\\n\\r\\nApplication Information:\\r\\n\\tProcess ID:\\t\\t2348\\r\\n\\tApplication Name:\\t\\\\device\\\\harddiskvolume2\\\\windows\\\\system32\\\\dns.exe\\r\\n\\r\\nNetwork Information:\\r\\n\\tDirection:\\t\\tOutbound\\r\\n\\tSource Address:\\t\\tfe80::3b31:a8fa:5adc:7b9e\\r\\n\\tSource Port:\\t\\t53625\\r\\n\\tDestination Address:\\t2001:500:9f::42\\r\\n\\tDestination Port:\\t\\t53\\r\\n\\tProtocol:\\t\\t17\\r\\n\\tInterface Index:\\t\\t10\\r\\n\\r\\nFilter Information:\\r\\n\\tFilter Origin:\\t\\tUnknown\\r\\n\\tFilter Run-Time ID:\\t71055\\r\\n\\tLayer Name:\\t\\tConnect\\r\\n\\tLayer Run-Time ID:\\t50\\r\\n\\tRemote User ID:\\t\\tS-1-0-0\\r\\n\\tRemote Machine ID:\\tS-1-0-0\",\"Task\":\"12810\",\"ProcessID\":\"2348\",\"Application\":\"\\\\device\\\\harddiskvolume2\\\\windows\\\\system32\\\\dns.exe\",\"Direction\":\"%%14593\",\"SourceAddress\":\"fe80::3b31:a8fa:5adc:7b9e\",\"SourcePort\":\"53625\",\"DestAddress\":\"2001:500:9f::42\",\"DestPort\":\"53\",\"Protocol\":\"17\",\"InterfaceIndex\":\"10\",\"FilterOrigin\":\"Unknown\",\"FilterRTID\":\"71055\",\"LayerName\":\"%%14611\",\"LayerRTID\":\"50\",\"RemoteUserID\":\"S-1-0-0\",\"RemoteMachineID\":\"S-1-0-0\"}","unparsed_raw":"{\"SourceName\":\"Microsoft-Windows-Security-Auditing\",\"ProviderGuid\":\"{54849625-5478-4994-a5ba-3e3b0328c30d}\",\"Level\":\"0\",\"Keywords\":\"0x8020000000000000\",\"Channel\":\"Security\",\"Hostname\":\"DC01.pandalab.com\",\"TimeCreated\":\"2023-07-19T09:02:23.975Z\",\"@timestamp\":\"2023-07-19T09:02:23.975Z\",\"EventID\":5156,\"Message\":\"The Windows Filtering Platform has permitted a connection.\\r\\n\\r\\nApplication Information:\\r\\n\\tProcess ID:\\t\\t2348\\r\\n\\tApplication Name:\\t\\\\device\\\\harddiskvolume2\\\\windows\\\\system32\\\\dns.exe\\r\\n\\r\\nNetwork Information:\\r\\n\\tDirection:\\t\\tOutbound\\r\\n\\tSource Address:\\t\\tfe80::3b31:a8fa:5adc:7b9e\\r\\n\\tSource Port:\\t\\t53625\\r\\n\\tDestination Address:\\t2001:500:9f::42\\r\\n\\tDestination Port:\\t\\t53\\r\\n\\tProtocol:\\t\\t17\\r\\n\\tInterface Index:\\t\\t10\\r\\n\\r\\nFilter Information:\\r\\n\\tFilter Origin:\\t\\tUnknown\\r\\n\\tFilter Run-Time ID:\\t71055\\r\\n\\tLayer Name:\\t\\tConnect\\r\\n\\tLayer Run-Time ID:\\t50\\r\\n\\tRemote User ID:\\t\\tS-1-0-0\\r\\n\\tRemote Machine ID:\\tS-1-0-0\",\"Task\":\"12810\",\"ProcessID\":\"2348\",\"Application\":\"\\\\device\\\\harddiskvolume2\\\\windows\\\\system32\\\\dns.exe\",\"Direction\":\"%%14593\",\"SourceAddress\":\"fe80::3b31:a8fa:5adc:7b9e\",\"SourcePort\":\"53625\",\"DestAddress\":\"2001:500:9f::42\",\"DestPort\":\"53\",\"Protocol\":\"17\",\"InterfaceIndex\":\"10\",\"FilterOrigin\":\"Unknown\",\"FilterRTID\":\"71055\",\"LayerName\":\"%%14611\",\"LayerRTID\":\"50\",\"RemoteUserID\":\"S-1-0-0\",\"RemoteMachineID\":\"S-1-0-0\"}","original_format":"ndjson","quality":"Degraded","incident_id":"f8f0bfe0-9fdc-4d92-b5ba-6b8b60103385","redactions":[],"bridge_hash":null,"chain_hash":null,"parent_process_id":null,"parent_process_name":null,"lineage_chain":null,"line_id":null,"destination_ip":null,"destination_port":null,"protocol":null,"process_guid":null,"target_image":null,"granted_access":null,"evidence_vault":null,"log_source":"cmd_dumping_ntds_dit_file_ntdsutil_cmd_dumping_ntds_dit_file_ntdsutil.json","process_id":null,"image":null,"command_line":null,"node_id":"Standalone"}
{"timestamp":"2026-05-09T10:00:55.390983800-07:00","message":"[RAW Forensic Payload] {\"SourceName\":\"Microsoft-Windows-Security-Auditing\",\"ProviderGuid\":\"{54849625-5478-4994-a5ba-3e3b...","severity":"Info","source":"ndjson","subject_id":null,"outcome":"Degraded","metadata":{"EventID":"4688","captured_message":"[RAW Forensic Payload] {\"SourceName\":\"Microsoft-Windows-Security-Auditing\",\"ProviderGuid\":\"{54849625-5478-4994-a5ba-3e3b...","log_source":"cmd_dumping_ntds_dit_file_ntdsutil_cmd_dumping_ntds_dit_file_ntdsutil.json","nist_category":"System and Information Integrity","nist_control_id":"SI-4 [Windows Integrity]"},"additional_context":{"SourceName":"Microsoft-Windows-Security-Auditing","ProviderGuid":"{54849625-5478-4994-a5ba-3e3b0328c30d}","Level":"0","Keywords":"0x8020000000000000","Channel":"Security","Hostname":"DC01.pandalab.com","TimeCreated":"2023-07-19T09:02:23.992Z","@timestamp":"2023-07-19T09:02:23.992Z","EventID":4688,"Message":"A new process has been created.\r\n\r\nCreator Subject:\r\n\tSecurity ID:\t\tS-1-5-21-477444970-2264162048-1418806404-500\r\n\tAccount Name:\t\tAdministrator\r\n\tAccount Domain:\t\tPANDALAB\r\n\tLogon ID:\t\t0x627B7\r\n\r\nTarget Subject:\r\n\tSecurity ID:\t\tS-1-0-0\r\n\tAccount Name:\t\t-\r\n\tAccount Domain:\t\t-\r\n\tLogon ID:\t\t0x0\r\n\r\nProcess Information:\r\n\tNew Process ID:\t\t0xef0\r\n\tNew Process Name:\tC:\\Windows\\System32\\cmd.exe\r\n\tToken Elevation Type:\tTokenElevationTypeDefault (1)\r\n\tMandatory Label:\t\tS-1-16-12288\r\n\tCreator Process ID:\t0x828\r\n\tCreator Process Name:\tC:\\Windows\\explorer.exe\r\n\tProcess Command Line:\t\"C:\\Windows\\system32\\cmd.exe\" \r\n\r\nToken Elevation Type indicates the type of token that was assigned to the new process in accordance with User Account Control policy.\r\n\r\nType 1 is a full token with no privileges removed or groups disabled.  A full token is only used if User Account Control is disabled or if the user is the built-in Administrator account or a service account.\r\n\r\nType 2 is an elevated token with no privileges removed or groups disabled.  An elevated token is used when User Account Control is enabled and the user chooses to start the program using Run as administrator.  An elevated token is also used when an application is configured to always require administrative privilege or to always require maximum privilege, and the user is a member of the Administrators group.\r\n\r\nType 3 is a limited token with administrative privileges removed and administrative groups disabled.  The limited token is used when User Account Control is enabled, the application does not require administrative privilege, and the user does not choose to start the program using Run as administrator.","Task":"13312","SubjectUserSid":"S-1-5-21-477444970-2264162048-1418806404-500","SubjectUserName":"Administrator","SubjectDomainName":"PANDALAB","SubjectLogonId":"0x627b7","NewProcessId":"0xef0","NewProcessName":"C:\\Windows\\System32\\cmd.exe","TokenElevationType":"%%1936","ProcessId":"0x828","CommandLine":"\"C:\\Windows\\system32\\cmd.exe\" ","TargetUserSid":"S-1-0-0","TargetUserName":"-","TargetDomainName":"-","TargetLogonId":"0x0","ParentProcessName":"C:\\Windows\\explorer.exe","MandatoryLabel":"S-1-16-12288"},"raw":"{\"SourceName\":\"Microsoft-Windows-Security-Auditing\",\"ProviderGuid\":\"{54849625-5478-4994-a5ba-3e3b0328c30d}\",\"Level\":\"0\",\"Keywords\":\"0x8020000000000000\",\"Channel\":\"Security\",\"Hostname\":\"DC01.pandalab.com\",\"TimeCreated\":\"2023-07-19T09:02:23.992Z\",\"@timestamp\":\"2023-07-19T09:02:23.992Z\",\"EventID\":4688,\"Message\":\"A new process has been created.\\r\\n\\r\\nCreator Subject:\\r\\n\\tSecurity ID:\\t\\tS-1-5-21-477444970-2264162048-1418806404-500\\r\\n\\tAccount Name:\\t\\tAdministrator\\r\\n\\tAccount Domain:\\t\\tPANDALAB\\r\\n\\tLogon ID:\\t\\t0x627B7\\r\\n\\r\\nTarget Subject:\\r\\n\\tSecurity ID:\\t\\tS-1-0-0\\r\\n\\tAccount Name:\\t\\t-\\r\\n\\tAccount Domain:\\t\\t-\\r\\n\\tLogon ID:\\t\\t0x0\\r\\n\\r\\nProcess Information:\\r\\n\\tNew Process ID:\\t\\t0xef0\\r\\n\\tNew Process Name:\\tC:\\\\Windows\\\\System32\\\\cmd.exe\\r\\n\\tToken Elevation Type:\\tTokenElevationTypeDefault (1)\\r\\n\\tMandatory Label:\\t\\tS-1-16-12288\\r\\n\\tCreator Process ID:\\t0x828\\r\\n\\tCreator Process Name:\\tC:\\\\Windows\\\\explorer.exe\\r\\n\\tProcess Command Line:\\t\\\"C:\\\\Windows\\\\system32\\\\cmd.exe\\\" \\r\\n\\r\\nToken Elevation Type indicates the type of token that was assigned to the new process in accordance with User Account Control policy.\\r\\n\\r\\nType 1 is a full token with no privileges removed or groups disabled.  A full token is only used if User Account Control is disabled or if the user is the built-in Administrator account or a service account.\\r\\n\\r\\nType 2 is an elevated token with no privileges removed or groups disabled.  An elevated token is used when User Account Control is enabled and the user chooses to start the program using Run as administrator.  An elevated token is also used when an application is configured to always require administrative privilege or to always require maximum privilege, and the user is a member of the Administrators group.\\r\\n\\r\\nType 3 is a limited token with administrative privileges removed and administrative groups disabled.  The limited token is used when User Account Control is enabled, the application does not require administrative privilege, and the user does not choose to start the program using Run as administrator.\",\"Task\":\"13312\",\"SubjectUserSid\":\"S-1-5-21-477444970-2264162048-1418806404-500\",\"SubjectUserName\":\"Administrator\",\"SubjectDomainName\":\"PANDALAB\",\"SubjectLogonId\":\"0x627b7\",\"NewProcessId\":\"0xef0\",\"NewProcessName\":\"C:\\\\Windows\\\\System32\\\\cmd.exe\",\"TokenElevationType\":\"%%1936\",\"ProcessId\":\"0x828\",\"CommandLine\":\"\\\"C:\\\\Windows\\\\system32\\\\cmd.exe\\\" \",\"TargetUserSid\":\"S-1-0-0\",\"TargetUserName\":\"-\",\"TargetDomainName\":\"-\",\"TargetLogonId\":\"0x0\",\"ParentProcessName\":\"C:\\\\Windows\\\\explorer.exe\",\"MandatoryLabel\":\"S-1-16-12288\"}","unparsed_raw":"{\"SourceName\":\"Microsoft-Windows-Security-Auditing\",\"ProviderGuid\":\"{54849625-5478-4994-a5ba-3e3b0328c30d}\",\"Level\":\"0\",\"Keywords\":\"0x8020000000000000\",\"Channel\":\"Security\",\"Hostname\":\"DC01.pandalab.com\",\"TimeCreated\":\"2023-07-19T09:02:23.992Z\",\"@timestamp\":\"2023-07-19T09:02:23.992Z\",\"EventID\":4688,\"Message\":\"A new process has been created.\\r\\n\\r\\nCreator Subject:\\r\\n\\tSecurity ID:\\t\\tS-1-5-21-477444970-2264162048-1418806404-500\\r\\n\\tAccount Name:\\t\\tAdministrator\\r\\n\\tAccount Domain:\\t\\tPANDALAB\\r\\n\\tLogon ID:\\t\\t0x627B7\\r\\n\\r\\nTarget Subject:\\r\\n\\tSecurity ID:\\t\\tS-1-0-0\\r\\n\\tAccount Name:\\t\\t-\\r\\n\\tAccount Domain:\\t\\t-\\r\\n\\tLogon ID:\\t\\t0x0\\r\\n\\r\\nProcess Information:\\r\\n\\tNew Process ID:\\t\\t0xef0\\r\\n\\tNew Process Name:\\tC:\\\\Windows\\\\System32\\\\cmd.exe\\r\\n\\tToken Elevation Type:\\tTokenElevationTypeDefault (1)\\r\\n\\tMandatory Label:\\t\\tS-1-16-12288\\r\\n\\tCreator Process ID:\\t0x828\\r\\n\\tCreator Process Name:\\tC:\\\\Windows\\\\explorer.exe\\r\\n\\tProcess Command Line:\\t\\\"C:\\\\Windows\\\\system32\\\\cmd.exe\\\" \\r\\n\\r\\nToken Elevation Type indicates the type of token that was assigned to the new process in accordance with User Account Control policy.\\r\\n\\r\\nType 1 is a full token with no privileges removed or groups disabled.  A full token is only used if User Account Control is disabled or if the user is the built-in Administrator account or a service account.\\r\\n\\r\\nType 2 is an elevated token with no privileges removed or groups disabled.  An elevated token is used when User Account Control is enabled and the user chooses to start the program using Run as administrator.  An elevated token is also used when an application is configured to always require administrative privilege or to always require maximum privilege, and the user is a member of the Administrators group.\\r\\n\\r\\nType 3 is a limited token with administrative privileges removed and administrative groups disabled.  The limited token is used when User Account Control is enabled, the application does not require administrative privilege, and the user does not choose to start the program using Run as administrator.\",\"Task\":\"13312\",\"SubjectUserSid\":\"S-1-5-21-477444970-2264162048-1418806404-500\",\"SubjectUserName\":\"Administrator\",\"SubjectDomainName\":\"PANDALAB\",\"SubjectLogonId\":\"0x627b7\",\"NewProcessId\":\"0xef0\",\"NewProcessName\":\"C:\\\\Windows\\\\System32\\\\cmd.exe\",\"TokenElevationType\":\"%%1936\",\"ProcessId\":\"0x828\",\"CommandLine\":\"\\\"C:\\\\Windows\\\\system32\\\\cmd.exe\\\" \",\"TargetUserSid\":\"S-1-0-0\",\"TargetUserName\":\"-\",\"TargetDomainName\":\"-\",\"TargetLogonId\":\"0x0\",\"ParentProcessName\":\"C:\\\\Windows\\\\explorer.exe\",\"MandatoryLabel\":\"S-1-16-12288\"}","original_format":"ndjson","quality":"Degraded","incident_id":"f8f0bfe0-9fdc-4d92-b5ba-6b8b60103385","redactions":[],"bridge_hash":null,"chain_hash":null,"parent_process_id":null,"parent_process_name":null,"lineage_chain":null,"line_id":null,"destination_ip":null,"destination_port":null,"protocol":null,"process_guid":null,"target_image":null,"granted_access":null,"evidence_vault":null,"log_source":"cmd_dumping_ntds_dit_file_ntdsutil_cmd_dumping_ntds_dit_file_ntdsutil.json","process_id":2088,"image":null,"command_line":"\"C:\\Windows\\system32\\cmd.exe\" ","node_id":"Standalone"}
{"timestamp":"2026-05-09T10:00:55.391076100-07:00","message":"[RAW Forensic Payload] {\"SourceName\":\"Microsoft-Windows-Security-Auditing\",\"ProviderGuid\":\"{54849625-5478-4994-a5ba-3e3b...","severity":"Info","source":"ndjson","subject_id":null,"outcome":"Degraded","metadata":{"EventID":"4690","captured_message":"[RAW Forensic Payload] {\"SourceName\":\"Microsoft-Windows-Security-Auditing\",\"ProviderGuid\":\"{54849625-5478-4994-a5ba-3e3b...","log_source":"cmd_dumping_ntds_dit_file_ntdsutil_cmd_dumping_ntds_dit_file_ntdsutil.json","nist_category":"System and Information Integrity","nist_control_id":"SI-4 [Windows Integrity]"},"additional_context":{"SourceName":"Microsoft-Windows-Security-Auditing","ProviderGuid":"{54849625-5478-4994-a5ba-3e3b0328c30d}","Level":"0","Keywords":"0x8020000000000000","Channel":"Security","Hostname":"DC01.pandalab.com","TimeCreated":"2023-07-19T09:02:24.049Z","@timestamp":"2023-07-19T09:02:24.049Z","EventID":4690,"Message":"An attempt was made to duplicate a handle to an object.\r\n\r\nSubject:\r\n\tSecurity ID:\t\tS-1-5-21-477444970-2264162048-1418806404-500\r\n\tAccount Name:\t\tAdministrator\r\n\tAccount Domain:\t\tPANDALAB\r\n\tLogon ID:\t\t0x627B7\r\n\r\nSource Handle Information:\r\n\tSource Handle ID:\t0x2048\r\n\tSource Process ID:\t0x828\r\n\r\nNew Handle Information:\r\n\tTarget Handle ID:\t0x10c0\r\n\tTarget Process ID:\t0x4","Task":"12807","SubjectUserSid":"S-1-5-21-477444970-2264162048-1418806404-500","SubjectUserName":"Administrator","SubjectDomainName":"PANDALAB","SubjectLogonId":"0x627b7","SourceHandleId":"0x2048","SourceProcessId":"0x828","TargetHandleId":"0x10c0","TargetProcessId":"0x4"},"raw":"{\"SourceName\":\"Microsoft-Windows-Security-Auditing\",\"ProviderGuid\":\"{54849625-5478-4994-a5ba-3e3b0328c30d}\",\"Level\":\"0\",\"Keywords\":\"0x8020000000000000\",\"Channel\":\"Security\",\"Hostname\":\"DC01.pandalab.com\",\"TimeCreated\":\"2023-07-19T09:02:24.049Z\",\"@timestamp\":\"2023-07-19T09:02:24.049Z\",\"EventID\":4690,\"Message\":\"An attempt was made to duplicate a handle to an object.\\r\\n\\r\\nSubject:\\r\\n\\tSecurity ID:\\t\\tS-1-5-21-477444970-2264162048-1418806404-500\\r\\n\\tAccount Name:\\t\\tAdministrator\\r\\n\\tAccount Domain:\\t\\tPANDALAB\\r\\n\\tLogon ID:\\t\\t0x627B7\\r\\n\\r\\nSource Handle Information:\\r\\n\\tSource Handle ID:\\t0x2048\\r\\n\\tSource Process ID:\\t0x828\\r\\n\\r\\nNew Handle Information:\\r\\n\\tTarget Handle ID:\\t0x10c0\\r\\n\\tTarget Process ID:\\t0x4\",\"Task\":\"12807\",\"SubjectUserSid\":\"S-1-5-21-477444970-2264162048-1418806404-500\",\"SubjectUserName\":\"Administrator\",\"SubjectDomainName\":\"PANDALAB\",\"SubjectLogonId\":\"0x627b7\",\"SourceHandleId\":\"0x2048\",\"SourceProcessId\":\"0x828\",\"TargetHandleId\":\"0x10c0\",\"TargetProcessId\":\"0x4\"}","unparsed_raw":"{\"SourceName\":\"Microsoft-Windows-Security-Auditing\",\"ProviderGuid\":\"{54849625-5478-4994-a5ba-3e3b0328c30d}\",\"Level\":\"0\",\"Keywords\":\"0x8020000000000000\",\"Channel\":\"Security\",\"Hostname\":\"DC01.pandalab.com\",\"TimeCreated\":\"2023-07-19T09:02:24.049Z\",\"@timestamp\":\"2023-07-19T09:02:24.049Z\",\"EventID\":4690,\"Message\":\"An attempt was made to duplicate a handle to an object.\\r\\n\\r\\nSubject:\\r\\n\\tSecurity ID:\\t\\tS-1-5-21-477444970-2264162048-1418806404-500\\r\\n\\tAccount Name:\\t\\tAdministrator\\r\\n\\tAccount Domain:\\t\\tPANDALAB\\r\\n\\tLogon ID:\\t\\t0x627B7\\r\\n\\r\\nSource Handle Information:\\r\\n\\tSource Handle ID:\\t0x2048\\r\\n\\tSource Process ID:\\t0x828\\r\\n\\r\\nNew Handle Information:\\r\\n\\tTarget Handle ID:\\t0x10c0\\r\\n\\tTarget Process ID:\\t0x4\",\"Task\":\"12807\",\"SubjectUserSid\":\"S-1-5-21-477444970-2264162048-1418806404-500\",\"SubjectUserName\":\"Administrator\",\"SubjectDomainName\":\"PANDALAB\",\"SubjectLogonId\":\"0x627b7\",\"SourceHandleId\":\"0x2048\",\"SourceProcessId\":\"0x828\",\"TargetHandleId\":\"0x10c0\",\"TargetProcessId\":\"0x4\"}","original_format":"ndjson","quality":"Degraded","incident_id":"f8f0bfe0-9fdc-4d92-b5ba-6b8b60103385","redactions":[],"bridge_hash":null,"chain_hash":null,"parent_process_id":null,"parent_process_name":null,"lineage_chain":null,"line_id":null,"destination_ip":null,"destination_port":null,"protocol":null,"process_guid":null,"target_image":null,"granted_access":null,"evidence_vault":null,"log_source":"cmd_dumping_ntds_dit_file_ntdsutil_cmd_dumping_ntds_dit_file_ntdsutil.json","process_id":null,"image":null,"command_line":null,"node_id":"Standalone"}
{"timestamp":"2026-05-09T10:00:55.391210300-07:00","message":"[RAW Forensic Payload] {\"SourceName\":\"Microsoft-Windows-Security-Auditing\",\"ProviderGuid\":\"{54849625-5478-4994-a5ba-3e3b...","severity":"Info","source":"ndjson","subject_id":null,"outcome":"Degraded","metadata":{"EventID":"4658","captured_message":"[RAW Forensic Payload] {\"SourceName\":\"Microsoft-Windows-Security-Auditing\",\"ProviderGuid\":\"{54849625-5478-4994-a5ba-3e3b...","log_source":"cmd_dumping_ntds_dit_file_ntdsutil_cmd_dumping_ntds_dit_file_ntdsutil.json","nist_category":"System and Information Integrity","nist_control_id":"SI-4 [Windows Integrity]"},"additional_context":{"SourceName":"Microsoft-Windows-Security-Auditing","ProviderGuid":"{54849625-5478-4994-a5ba-3e3b0328c30d}","Level":"0","Keywords":"0x8020000000000000","Channel":"Security","Hostname":"DC01.pandalab.com","TimeCreated":"2023-07-19T09:02:24.049Z","@timestamp":"2023-07-19T09:02:24.049Z","EventID":4658,"Message":"The handle to an object was closed.\r\n\r\nSubject :\r\n\tSecurity ID:\t\tS-1-5-21-477444970-2264162048-1418806404-500\r\n\tAccount Name:\t\tAdministrator\r\n\tAccount Domain:\t\tPANDALAB\r\n\tLogon ID:\t\t0x627B7\r\n\r\nObject:\r\n\tObject Server:\t\tSecurity\r\n\tHandle ID:\t\t0x10c0\r\n\r\nProcess Information:\r\n\tProcess ID:\t\t0x828\r\n\tProcess Name:\t\tC:\\Windows\\explorer.exe","Task":"12800","SubjectUserSid":"S-1-5-21-477444970-2264162048-1418806404-500","SubjectUserName":"Administrator","SubjectDomainName":"PANDALAB","SubjectLogonId":"0x627b7","ObjectServer":"Security","HandleId":"0x10c0","ProcessId":"0x828","ProcessName":"C:\\Windows\\explorer.exe"},"raw":"{\"SourceName\":\"Microsoft-Windows-Security-Auditing\",\"ProviderGuid\":\"{54849625-5478-4994-a5ba-3e3b0328c30d}\",\"Level\":\"0\",\"Keywords\":\"0x8020000000000000\",\"Channel\":\"Security\",\"Hostname\":\"DC01.pandalab.com\",\"TimeCreated\":\"2023-07-19T09:02:24.049Z\",\"@timestamp\":\"2023-07-19T09:02:24.049Z\",\"EventID\":4658,\"Message\":\"The handle to an object was closed.\\r\\n\\r\\nSubject :\\r\\n\\tSecurity ID:\\t\\tS-1-5-21-477444970-2264162048-1418806404-500\\r\\n\\tAccount Name:\\t\\tAdministrator\\r\\n\\tAccount Domain:\\t\\tPANDALAB\\r\\n\\tLogon ID:\\t\\t0x627B7\\r\\n\\r\\nObject:\\r\\n\\tObject Server:\\t\\tSecurity\\r\\n\\tHandle ID:\\t\\t0x10c0\\r\\n\\r\\nProcess Information:\\r\\n\\tProcess ID:\\t\\t0x828\\r\\n\\tProcess Name:\\t\\tC:\\\\Windows\\\\explorer.exe\",\"Task\":\"12800\",\"SubjectUserSid\":\"S-1-5-21-477444970-2264162048-1418806404-500\",\"SubjectUserName\":\"Administrator\",\"SubjectDomainName\":\"PANDALAB\",\"SubjectLogonId\":\"0x627b7\",\"ObjectServer\":\"Security\",\"HandleId\":\"0x10c0\",\"ProcessId\":\"0x828\",\"ProcessName\":\"C:\\\\Windows\\\\explorer.exe\"}","unparsed_raw":"{\"SourceName\":\"Microsoft-Windows-Security-Auditing\",\"ProviderGuid\":\"{54849625-5478-4994-a5ba-3e3b0328c30d}\",\"Level\":\"0\",\"Keywords\":\"0x8020000000000000\",\"Channel\":\"Security\",\"Hostname\":\"DC01.pandalab.com\",\"TimeCreated\":\"2023-07-19T09:02:24.049Z\",\"@timestamp\":\"2023-07-19T09:02:24.049Z\",\"EventID\":4658,\"Message\":\"The handle to an object was closed.\\r\\n\\r\\nSubject :\\r\\n\\tSecurity ID:\\t\\tS-1-5-21-477444970-2264162048-1418806404-500\\r\\n\\tAccount Name:\\t\\tAdministrator\\r\\n\\tAccount Domain:\\t\\tPANDALAB\\r\\n\\tLogon ID:\\t\\t0x627B7\\r\\n\\r\\nObject:\\r\\n\\tObject Server:\\t\\tSecurity\\r\\n\\tHandle ID:\\t\\t0x10c0\\r\\n\\r\\nProcess Information:\\r\\n\\tProcess ID:\\t\\t0x828\\r\\n\\tProcess Name:\\t\\tC:\\\\Windows\\\\explorer.exe\",\"Task\":\"12800\",\"SubjectUserSid\":\"S-1-5-21-477444970-2264162048-1418806404-500\",\"SubjectUserName\":\"Administrator\",\"SubjectDomainName\":\"PANDALAB\",\"SubjectLogonId\":\"0x627b7\",\"ObjectServer\":\"Security\",\"HandleId\":\"0x10c0\",\"ProcessId\":\"0x828\",\"ProcessName\":\"C:\\\\Windows\\\\explorer.exe\"}","original_format":"ndjson","quality":"Degraded","incident_id":"f8f0bfe0-9fdc-4d92-b5ba-6b8b60103385","redactions":[],"bridge_hash":null,"chain_hash":null,"parent_process_id":null,"parent_process_name":null,"lineage_chain":null,"line_id":null,"destination_ip":null,"destination_port":null,"protocol":null,"process_guid":null,"target_image":null,"granted_access":null,"evidence_vault":null,"log_source":"cmd_dumping_ntds_dit_file_ntdsutil_cmd_dumping_ntds_dit_file_ntdsutil.json","process_id":2088,"image":null,"command_line":null,"node_id":"Standalone"}
{"timestamp":"2026-05-09T10:00:55.391353900-07:00","message":"[RAW Forensic Payload] {\"SourceName\":\"Microsoft-Windows-Security-Auditing\",\"ProviderGuid\":\"{54849625-5478-4994-a5ba-3e3b...","severity":"Info","source":"ndjson","subject_id":null,"outcome":"Degraded","metadata":{"EventID":"4656","captured_message":"[RAW Forensic Payload] {\"SourceName\":\"Microsoft-Windows-Security-Auditing\",\"ProviderGuid\":\"{54849625-5478-4994-a5ba-3e3b...","log_source":"cmd_dumping_ntds_dit_file_ntdsutil_cmd_dumping_ntds_dit_file_ntdsutil.json","nist_category":"System and Information Integrity","nist_control_id":"SI-4 [Windows Integrity]"},"additional_context":{"SourceName":"Microsoft-Windows-Security-Auditing","ProviderGuid":"{54849625-5478-4994-a5ba-3e3b0328c30d}","Level":"0","Keywords":"0x8020000000000000","Channel":"Security","Hostname":"DC01.pandalab.com","TimeCreated":"2023-07-19T09:02:24.049Z","@timestamp":"2023-07-19T09:02:24.049Z","EventID":4656,"Message":"A handle to an object was requested.\r\n\r\nSubject:\r\n\tSecurity ID:\t\tS-1-5-21-477444970-2264162048-1418806404-500\r\n\tAccount Name:\t\tAdministrator\r\n\tAccount Domain:\t\tPANDALAB\r\n\tLogon ID:\t\t0x627B7\r\n\r\nObject:\r\n\tObject Server:\t\tSecurity\r\n\tObject Type:\t\tFile\r\n\tObject Name:\t\tC:\\Windows\\WinSxS\\FileMaps\\$$_system32_21f9a9c4a2f8b514.cdf-ms\r\n\tHandle ID:\t\t0x2048\r\n\tResource Attributes:\t-\r\n\r\nProcess Information:\r\n\tProcess ID:\t\t0x828\r\n\tProcess Name:\t\tC:\\Windows\\explorer.exe\r\n\r\nAccess Request Information:\r\n\tTransaction ID:\t\t{00000000-0000-0000-0000-000000000000}\r\n\tAccesses:\t\tREAD_CONTROL\r\n\t\t\t\tSYNCHRONIZE\r\n\t\t\t\tReadData (or ListDirectory)\r\n\t\t\t\tReadEA\r\n\t\t\t\tReadAttributes\r\n\t\t\t\t\r\n\tAccess Reasons:\t\tREAD_CONTROL:\tGranted by\tD:(A;;0x1200a9;;;BA)\r\n\t\t\t\tSYNCHRONIZE:\tGranted by\tD:(A;;0x1200a9;;;BA)\r\n\t\t\t\tReadData (or ListDirectory):\tGranted by\tD:(A;;0x1200a9;;;BA)\r\n\t\t\t\tReadEA:\tGranted by\tD:(A;;0x1200a9;;;BA)\r\n\t\t\t\tReadAttributes:\tGranted by\tD:(A;;0x1200a9;;;BA)\r\n\t\t\t\t\r\n\tAccess Mask:\t\t0x120089\r\n\tPrivileges Used for Access Check:\t-\r\n\tRestricted SID Count:\t0","Task":"12800","SubjectUserSid":"S-1-5-21-477444970-2264162048-1418806404-500","SubjectUserName":"Administrator","SubjectDomainName":"PANDALAB","SubjectLogonId":"0x627b7","ObjectServer":"Security","ObjectType":"File","ObjectName":"C:\\Windows\\WinSxS\\FileMaps\\$$_system32_21f9a9c4a2f8b514.cdf-ms","HandleId":"0x2048","TransactionId":"{00000000-0000-0000-0000-000000000000}","AccessList":"%%1538\n\t\t\t\t%%1541\n\t\t\t\t%%4416\n\t\t\t\t%%4419\n\t\t\t\t%%4423\n\t\t\t\t","AccessReason":"%%1538:\t%%1801\tD:(A;;0x1200a9;;;BA)\n\t\t\t\t%%1541:\t%%1801\tD:(A;;0x1200a9;;;BA)\n\t\t\t\t%%4416:\t%%1801\tD:(A;;0x1200a9;;;BA)\n\t\t\t\t%%4419:\t%%1801\tD:(A;;0x1200a9;;;BA)\n\t\t\t\t%%4423:\t%%1801\tD:(A;;0x1200a9;;;BA)\n\t\t\t\t","AccessMask":"0x120089","PrivilegeList":"-","RestrictedSidCount":"0","ProcessId":"0x828","ProcessName":"C:\\Windows\\explorer.exe","ResourceAttributes":"-"},"raw":"{\"SourceName\":\"Microsoft-Windows-Security-Auditing\",\"ProviderGuid\":\"{54849625-5478-4994-a5ba-3e3b0328c30d}\",\"Level\":\"0\",\"Keywords\":\"0x8020000000000000\",\"Channel\":\"Security\",\"Hostname\":\"DC01.pandalab.com\",\"TimeCreated\":\"2023-07-19T09:02:24.049Z\",\"@timestamp\":\"2023-07-19T09:02:24.049Z\",\"EventID\":4656,\"Message\":\"A handle to an object was requested.\\r\\n\\r\\nSubject:\\r\\n\\tSecurity ID:\\t\\tS-1-5-21-477444970-2264162048-1418806404-500\\r\\n\\tAccount Name:\\t\\tAdministrator\\r\\n\\tAccount Domain:\\t\\tPANDALAB\\r\\n\\tLogon ID:\\t\\t0x627B7\\r\\n\\r\\nObject:\\r\\n\\tObject Server:\\t\\tSecurity\\r\\n\\tObject Type:\\t\\tFile\\r\\n\\tObject Name:\\t\\tC:\\\\Windows\\\\WinSxS\\\\FileMaps\\\\$$_system32_21f9a9c4a2f8b514.cdf-ms\\r\\n\\tHandle ID:\\t\\t0x2048\\r\\n\\tResource Attributes:\\t-\\r\\n\\r\\nProcess Information:\\r\\n\\tProcess ID:\\t\\t0x828\\r\\n\\tProcess Name:\\t\\tC:\\\\Windows\\\\explorer.exe\\r\\n\\r\\nAccess Request Information:\\r\\n\\tTransaction ID:\\t\\t{00000000-0000-0000-0000-000000000000}\\r\\n\\tAccesses:\\t\\tREAD_CONTROL\\r\\n\\t\\t\\t\\tSYNCHRONIZE\\r\\n\\t\\t\\t\\tReadData (or ListDirectory)\\r\\n\\t\\t\\t\\tReadEA\\r\\n\\t\\t\\t\\tReadAttributes\\r\\n\\t\\t\\t\\t\\r\\n\\tAccess Reasons:\\t\\tREAD_CONTROL:\\tGranted by\\tD:(A;;0x1200a9;;;BA)\\r\\n\\t\\t\\t\\tSYNCHRONIZE:\\tGranted by\\tD:(A;;0x1200a9;;;BA)\\r\\n\\t\\t\\t\\tReadData (or ListDirectory):\\tGranted by\\tD:(A;;0x1200a9;;;BA)\\r\\n\\t\\t\\t\\tReadEA:\\tGranted by\\tD:(A;;0x1200a9;;;BA)\\r\\n\\t\\t\\t\\tReadAttributes:\\tGranted by\\tD:(A;;0x1200a9;;;BA)\\r\\n\\t\\t\\t\\t\\r\\n\\tAccess Mask:\\t\\t0x120089\\r\\n\\tPrivileges Used for Access Check:\\t-\\r\\n\\tRestricted SID Count:\\t0\",\"Task\":\"12800\",\"SubjectUserSid\":\"S-1-5-21-477444970-2264162048-1418806404-500\",\"SubjectUserName\":\"Administrator\",\"SubjectDomainName\":\"PANDALAB\",\"SubjectLogonId\":\"0x627b7\",\"ObjectServer\":\"Security\",\"ObjectType\":\"File\",\"ObjectName\":\"C:\\\\Windows\\\\WinSxS\\\\FileMaps\\\\$$_system32_21f9a9c4a2f8b514.cdf-ms\",\"HandleId\":\"0x2048\",\"TransactionId\":\"{00000000-0000-0000-0000-000000000000}\",\"AccessList\":\"%%1538\\n\\t\\t\\t\\t%%1541\\n\\t\\t\\t\\t%%4416\\n\\t\\t\\t\\t%%4419\\n\\t\\t\\t\\t%%4423\\n\\t\\t\\t\\t\",\"AccessReason\":\"%%1538:\\t%%1801\\tD:(A;;0x1200a9;;;BA)\\n\\t\\t\\t\\t%%1541:\\t%%1801\\tD:(A;;0x1200a9;;;BA)\\n\\t\\t\\t\\t%%4416:\\t%%1801\\tD:(A;;0x1200a9;;;BA)\\n\\t\\t\\t\\t%%4419:\\t%%1801\\tD:(A;;0x1200a9;;;BA)\\n\\t\\t\\t\\t%%4423:\\t%%1801\\tD:(A;;0x1200a9;;;BA)\\n\\t\\t\\t\\t\",\"AccessMask\":\"0x120089\",\"PrivilegeList\":\"-\",\"RestrictedSidCount\":\"0\",\"ProcessId\":\"0x828\",\"ProcessName\":\"C:\\\\Windows\\\\explorer.exe\",\"ResourceAttributes\":\"-\"}","unparsed_raw":"{\"SourceName\":\"Microsoft-Windows-Security-Auditing\",\"ProviderGuid\":\"{54849625-5478-4994-a5ba-3e3b0328c30d}\",\"Level\":\"0\",\"Keywords\":\"0x8020000000000000\",\"Channel\":\"Security\",\"Hostname\":\"DC01.pandalab.com\",\"TimeCreated\":\"2023-07-19T09:02:24.049Z\",\"@timestamp\":\"2023-07-19T09:02:24.049Z\",\"EventID\":4656,\"Message\":\"A handle to an object was requested.\\r\\n\\r\\nSubject:\\r\\n\\tSecurity ID:\\t\\tS-1-5-21-477444970-2264162048-1418806404-500\\r\\n\\tAccount Name:\\t\\tAdministrator\\r\\n\\tAccount Domain:\\t\\tPANDALAB\\r\\n\\tLogon ID:\\t\\t0x627B7\\r\\n\\r\\nObject:\\r\\n\\tObject Server:\\t\\tSecurity\\r\\n\\tObject Type:\\t\\tFile\\r\\n\\tObject Name:\\t\\tC:\\\\Windows\\\\WinSxS\\\\FileMaps\\\\$$_system32_21f9a9c4a2f8b514.cdf-ms\\r\\n\\tHandle ID:\\t\\t0x2048\\r\\n\\tResource Attributes:\\t-\\r\\n\\r\\nProcess Information:\\r\\n\\tProcess ID:\\t\\t0x828\\r\\n\\tProcess Name:\\t\\tC:\\\\Windows\\\\explorer.exe\\r\\n\\r\\nAccess Request Information:\\r\\n\\tTransaction ID:\\t\\t{00000000-0000-0000-0000-000000000000}\\r\\n\\tAccesses:\\t\\tREAD_CONTROL\\r\\n\\t\\t\\t\\tSYNCHRONIZE\\r\\n\\t\\t\\t\\tReadData (or ListDirectory)\\r\\n\\t\\t\\t\\tReadEA\\r\\n\\t\\t\\t\\tReadAttributes\\r\\n\\t\\t\\t\\t\\r\\n\\tAccess Reasons:\\t\\tREAD_CONTROL:\\tGranted by\\tD:(A;;0x1200a9;;;BA)\\r\\n\\t\\t\\t\\tSYNCHRONIZE:\\tGranted by\\tD:(A;;0x1200a9;;;BA)\\r\\n\\t\\t\\t\\tReadData (or ListDirectory):\\tGranted by\\tD:(A;;0x1200a9;;;BA)\\r\\n\\t\\t\\t\\tReadEA:\\tGranted by\\tD:(A;;0x1200a9;;;BA)\\r\\n\\t\\t\\t\\tReadAttributes:\\tGranted by\\tD:(A;;0x1200a9;;;BA)\\r\\n\\t\\t\\t\\t\\r\\n\\tAccess Mask:\\t\\t0x120089\\r\\n\\tPrivileges Used for Access Check:\\t-\\r\\n\\tRestricted SID Count:\\t0\",\"Task\":\"12800\",\"SubjectUserSid\":\"S-1-5-21-477444970-2264162048-1418806404-500\",\"SubjectUserName\":\"Administrator\",\"SubjectDomainName\":\"PANDALAB\",\"SubjectLogonId\":\"0x627b7\",\"ObjectServer\":\"Security\",\"ObjectType\":\"File\",\"ObjectName\":\"C:\\\\Windows\\\\WinSxS\\\\FileMaps\\\\$$_system32_21f9a9c4a2f8b514.cdf-ms\",\"HandleId\":\"0x2048\",\"TransactionId\":\"{00000000-0000-0000-0000-000000000000}\",\"AccessList\":\"%%1538\\n\\t\\t\\t\\t%%1541\\n\\t\\t\\t\\t%%4416\\n\\t\\t\\t\\t%%4419\\n\\t\\t\\t\\t%%4423\\n\\t\\t\\t\\t\",\"AccessReason\":\"%%1538:\\t%%1801\\tD:(A;;0x1200a9;;;BA)\\n\\t\\t\\t\\t%%1541:\\t%%1801\\tD:(A;;0x1200a9;;;BA)\\n\\t\\t\\t\\t%%4416:\\t%%1801\\tD:(A;;0x1200a9;;;BA)\\n\\t\\t\\t\\t%%4419:\\t%%1801\\tD:(A;;0x1200a9;;;BA)\\n\\t\\t\\t\\t%%4423:\\t%%1801\\tD:(A;;0x1200a9;;;BA)\\n\\t\\t\\t\\t\",\"AccessMask\":\"0x120089\",\"PrivilegeList\":\"-\",\"RestrictedSidCount\":\"0\",\"ProcessId\":\"0x828\",\"ProcessName\":\"C:\\\\Windows\\\\explorer.exe\",\"ResourceAttributes\":\"-\"}","original_format":"ndjson","quality":"Degraded","incident_id":"f8f0bfe0-9fdc-4d92-b5ba-6b8b60103385","redactions":[],"bridge_hash":null,"chain_hash":null,"parent_process_id":null,"parent_process_name":null,"lineage_chain":null,"line_id":null,"destination_ip":null,"destination_port":null,"protocol":null,"process_guid":null,"target_image":null,"granted_access":null,"evidence_vault":null,"log_source":"cmd_dumping_ntds_dit_file_ntdsutil_cmd_dumping_ntds_dit_file_ntdsutil.json","process_id":2088,"image":null,"command_line":null,"node_id":"Standalone"}
{"timestamp":"2026-05-09T10:00:55.391449200-07:00","message":"[RAW Forensic Payload] {\"SourceName\":\"Microsoft-Windows-Security-Auditing\",\"ProviderGuid\":\"{54849625-5478-4994-a5ba-3e3b...","severity":"Info","source":"ndjson","subject_id":null,"outcome":"Degraded","metadata":{"EventID":"4658","captured_message":"[RAW Forensic Payload] {\"SourceName\":\"Microsoft-Windows-Security-Auditing\",\"ProviderGuid\":\"{54849625-5478-4994-a5ba-3e3b...","log_source":"cmd_dumping_ntds_dit_file_ntdsutil_cmd_dumping_ntds_dit_file_ntdsutil.json","nist_category":"System and Information Integrity","nist_control_id":"SI-4 [Windows Integrity]"},"additional_context":{"SourceName":"Microsoft-Windows-Security-Auditing","ProviderGuid":"{54849625-5478-4994-a5ba-3e3b0328c30d}","Level":"0","Keywords":"0x8020000000000000","Channel":"Security","Hostname":"DC01.pandalab.com","TimeCreated":"2023-07-19T09:02:24.050Z","@timestamp":"2023-07-19T09:02:24.050Z","EventID":4658,"Message":"The handle to an object was closed.\r\n\r\nSubject :\r\n\tSecurity ID:\t\tS-1-5-21-477444970-2264162048-1418806404-500\r\n\tAccount Name:\t\tAdministrator\r\n\tAccount Domain:\t\tPANDALAB\r\n\tLogon ID:\t\t0x627B7\r\n\r\nObject:\r\n\tObject Server:\t\tSecurity\r\n\tHandle ID:\t\t0x2048\r\n\r\nProcess Information:\r\n\tProcess ID:\t\t0x828\r\n\tProcess Name:\t\tC:\\Windows\\explorer.exe","Task":"12800","SubjectUserSid":"S-1-5-21-477444970-2264162048-1418806404-500","SubjectUserName":"Administrator","SubjectDomainName":"PANDALAB","SubjectLogonId":"0x627b7","ObjectServer":"Security","HandleId":"0x2048","ProcessId":"0x828","ProcessName":"C:\\Windows\\explorer.exe"},"raw":"{\"SourceName\":\"Microsoft-Windows-Security-Auditing\",\"ProviderGuid\":\"{54849625-5478-4994-a5ba-3e3b0328c30d}\",\"Level\":\"0\",\"Keywords\":\"0x8020000000000000\",\"Channel\":\"Security\",\"Hostname\":\"DC01.pandalab.com\",\"TimeCreated\":\"2023-07-19T09:02:24.050Z\",\"@timestamp\":\"2023-07-19T09:02:24.050Z\",\"EventID\":4658,\"Message\":\"The handle to an object was closed.\\r\\n\\r\\nSubject :\\r\\n\\tSecurity ID:\\t\\tS-1-5-21-477444970-2264162048-1418806404-500\\r\\n\\tAccount Name:\\t\\tAdministrator\\r\\n\\tAccount Domain:\\t\\tPANDALAB\\r\\n\\tLogon ID:\\t\\t0x627B7\\r\\n\\r\\nObject:\\r\\n\\tObject Server:\\t\\tSecurity\\r\\n\\tHandle ID:\\t\\t0x2048\\r\\n\\r\\nProcess Information:\\r\\n\\tProcess ID:\\t\\t0x828\\r\\n\\tProcess Name:\\t\\tC:\\\\Windows\\\\explorer.exe\",\"Task\":\"12800\",\"SubjectUserSid\":\"S-1-5-21-477444970-2264162048-1418806404-500\",\"SubjectUserName\":\"Administrator\",\"SubjectDomainName\":\"PANDALAB\",\"SubjectLogonId\":\"0x627b7\",\"ObjectServer\":\"Security\",\"HandleId\":\"0x2048\",\"ProcessId\":\"0x828\",\"ProcessName\":\"C:\\\\Windows\\\\explorer.exe\"}","unparsed_raw":"{\"SourceName\":\"Microsoft-Windows-Security-Auditing\",\"ProviderGuid\":\"{54849625-5478-4994-a5ba-3e3b0328c30d}\",\"Level\":\"0\",\"Keywords\":\"0x8020000000000000\",\"Channel\":\"Security\",\"Hostname\":\"DC01.pandalab.com\",\"TimeCreated\":\"2023-07-19T09:02:24.050Z\",\"@timestamp\":\"2023-07-19T09:02:24.050Z\",\"EventID\":4658,\"Message\":\"The handle to an object was closed.\\r\\n\\r\\nSubject :\\r\\n\\tSecurity ID:\\t\\tS-1-5-21-477444970-2264162048-1418806404-500\\r\\n\\tAccount Name:\\t\\tAdministrator\\r\\n\\tAccount Domain:\\t\\tPANDALAB\\r\\n\\tLogon ID:\\t\\t0x627B7\\r\\n\\r\\nObject:\\r\\n\\tObject Server:\\t\\tSecurity\\r\\n\\tHandle ID:\\t\\t0x2048\\r\\n\\r\\nProcess Information:\\r\\n\\tProcess ID:\\t\\t0x828\\r\\n\\tProcess Name:\\t\\tC:\\\\Windows\\\\explorer.exe\",\"Task\":\"12800\",\"SubjectUserSid\":\"S-1-5-21-477444970-2264162048-1418806404-500\",\"SubjectUserName\":\"Administrator\",\"SubjectDomainName\":\"PANDALAB\",\"SubjectLogonId\":\"0x627b7\",\"ObjectServer\":\"Security\",\"HandleId\":\"0x2048\",\"ProcessId\":\"0x828\",\"ProcessName\":\"C:\\\\Windows\\\\explorer.exe\"}","original_format":"ndjson","quality":"Degraded","incident_id":"f8f0bfe0-9fdc-4d92-b5ba-6b8b60103385","redactions":[],"bridge_hash":null,"chain_hash":null,"parent_process_id":null,"parent_process_name":null,"lineage_chain":null,"line_id":null,"destination_ip":null,"destination_port":null,"protocol":null,"process_guid":null,"target_image":null,"granted_access":null,"evidence_vault":null,"log_source":"cmd_dumping_ntds_dit_file_ntdsutil_cmd_dumping_ntds_dit_file_ntdsutil.json","process_id":2088,"image":null,"command_line":null,"node_id":"Standalone"}
