{"timestamp":"2026-05-09T10:00:55.386961900-07:00","message":"[RAW Forensic Payload] {\"SourceName\":\"ESENT\",\"Level\":\"4\",\"Keywords\":\"0x80000000000000\",\"Channel\":\"Application\",\"Hostname...","severity":"Info","source":"ndjson","subject_id":null,"outcome":"Degraded","metadata":{"EventID":"103","captured_message":"[RAW Forensic Payload] {\"SourceName\":\"ESENT\",\"Level\":\"4\",\"Keywords\":\"0x80000000000000\",\"Channel\":\"Application\",\"Hostname...","log_source":"cmd_dumping_ntds_dit_file_ntdsutil_cmd_dumping_ntds_dit_file_ntdsutil.json","nist_category":"System and Information Integrity","nist_control_id":"SI-4 [Windows Integrity]"},"additional_context":{"SourceName":"ESENT","Level":"4","Keywords":"0x80000000000000","Channel":"Application","Hostname":"DC01.pandalab.com","TimeCreated":"2023-07-19T09:03:54.898Z","@timestamp":"2023-07-19T09:03:54.898Z","EventID":103,"Message":"NTDS (2772,T,97) The database engine stopped the instance (0). \r\n \r\nDirty Shutdown: 0 \r\n \r\nInternal Timing Sequence: \n[1] 0.000005 +J(0)\n[2] 0.000011 +J(0) +M(C:0K, Fs:1, WS:4K # 0K, PF:0K # 0K, P:0K)\n[3] 0.000002 +J(0)\n[4] 0.000003 +J(0)\n[5] 0.000017 +J(0)\n[6] 0.000004 +J(0)\n[7] 0.000004 +J(0)\n[8] 0.641003 +J(0) +M(C:0K, Fs:4147, WS:-68K # 14320K, PF:-4K # 0K, P:-4K)\n[9] -\n[10] -\n[11] -\n[12] -\n[13] 0.000013 +J(0) +M(C:0K, Fs:1, WS:4K # 0K, PF:0K # 0K, P:0K)\n[14] 0.000004 +J(0)\n[15] 0.000006 +J(0).","Task":"1"},"raw":"{\"SourceName\":\"ESENT\",\"Level\":\"4\",\"Keywords\":\"0x80000000000000\",\"Channel\":\"Application\",\"Hostname\":\"DC01.pandalab.com\",\"TimeCreated\":\"2023-07-19T09:03:54.898Z\",\"@timestamp\":\"2023-07-19T09:03:54.898Z\",\"EventID\":103,\"Message\":\"NTDS (2772,T,97) The database engine stopped the instance (0). \\r\\n \\r\\nDirty Shutdown: 0 \\r\\n \\r\\nInternal Timing Sequence: \\n[1] 0.000005 +J(0)\\n[2] 0.000011 +J(0) +M(C:0K, Fs:1, WS:4K # 0K, PF:0K # 0K, P:0K)\\n[3] 0.000002 +J(0)\\n[4] 0.000003 +J(0)\\n[5] 0.000017 +J(0)\\n[6] 0.000004 +J(0)\\n[7] 0.000004 +J(0)\\n[8] 0.641003 +J(0) +M(C:0K, Fs:4147, WS:-68K # 14320K, PF:-4K # 0K, P:-4K)\\n[9] -\\n[10] -\\n[11] -\\n[12] -\\n[13] 0.000013 +J(0) +M(C:0K, Fs:1, WS:4K # 0K, PF:0K # 0K, P:0K)\\n[14] 0.000004 +J(0)\\n[15] 0.000006 +J(0).\",\"Task\":\"1\"}","unparsed_raw":"{\"SourceName\":\"ESENT\",\"Level\":\"4\",\"Keywords\":\"0x80000000000000\",\"Channel\":\"Application\",\"Hostname\":\"DC01.pandalab.com\",\"TimeCreated\":\"2023-07-19T09:03:54.898Z\",\"@timestamp\":\"2023-07-19T09:03:54.898Z\",\"EventID\":103,\"Message\":\"NTDS (2772,T,97) The database engine stopped the instance (0). \\r\\n \\r\\nDirty Shutdown: 0 \\r\\n \\r\\nInternal Timing Sequence: \\n[1] 0.000005 +J(0)\\n[2] 0.000011 +J(0) +M(C:0K, Fs:1, WS:4K # 0K, PF:0K # 0K, P:0K)\\n[3] 0.000002 +J(0)\\n[4] 0.000003 +J(0)\\n[5] 0.000017 +J(0)\\n[6] 0.000004 +J(0)\\n[7] 0.000004 +J(0)\\n[8] 0.641003 +J(0) +M(C:0K, Fs:4147, WS:-68K # 14320K, PF:-4K # 0K, P:-4K)\\n[9] -\\n[10] -\\n[11] -\\n[12] -\\n[13] 0.000013 +J(0) +M(C:0K, Fs:1, WS:4K # 0K, PF:0K # 0K, P:0K)\\n[14] 0.000004 +J(0)\\n[15] 0.000006 +J(0).\",\"Task\":\"1\"}","original_format":"ndjson","quality":"Degraded","incident_id":"f8f0bfe0-9fdc-4d92-b5ba-6b8b60103385","redactions":[],"bridge_hash":null,"chain_hash":null,"parent_process_id":null,"parent_process_name":null,"lineage_chain":null,"line_id":null,"destination_ip":null,"destination_port":null,"protocol":null,"process_guid":null,"target_image":null,"granted_access":null,"evidence_vault":null,"log_source":"cmd_dumping_ntds_dit_file_ntdsutil_cmd_dumping_ntds_dit_file_ntdsutil.json","process_id":null,"image":null,"command_line":null,"node_id":"Standalone"}
{"timestamp":"2026-05-09T10:00:55.387021900-07:00","message":"[RAW Forensic Payload] {\"SourceName\":\"ESENT\",\"Level\":\"2\",\"Keywords\":\"0x80000000000000\",\"Channel\":\"Application\",\"Hostname...","severity":"Info","source":"ndjson","subject_id":null,"outcome":"Degraded","metadata":{"EventID":"412","captured_message":"[RAW Forensic Payload] {\"SourceName\":\"ESENT\",\"Level\":\"2\",\"Keywords\":\"0x80000000000000\",\"Channel\":\"Application\",\"Hostname...","log_source":"cmd_dumping_ntds_dit_file_ntdsutil_cmd_dumping_ntds_dit_file_ntdsutil.json","nist_category":"System and Information Integrity","nist_control_id":"SI-4 [Windows Integrity]"},"additional_context":{"SourceName":"ESENT","Level":"2","Keywords":"0x80000000000000","Channel":"Application","Hostname":"DC01.pandalab.com","TimeCreated":"2023-07-19T09:04:35.726Z","@timestamp":"2023-07-19T09:04:35.726Z","EventID":412,"Message":"svchost (1028,R,98) SRUJet: Unable to read the header of logfile C:\\Windows\\system32\\SRU\\SRU.log. Error -501.","Task":"3"},"raw":"{\"SourceName\":\"ESENT\",\"Level\":\"2\",\"Keywords\":\"0x80000000000000\",\"Channel\":\"Application\",\"Hostname\":\"DC01.pandalab.com\",\"TimeCreated\":\"2023-07-19T09:04:35.726Z\",\"@timestamp\":\"2023-07-19T09:04:35.726Z\",\"EventID\":412,\"Message\":\"svchost (1028,R,98) SRUJet: Unable to read the header of logfile C:\\\\Windows\\\\system32\\\\SRU\\\\SRU.log. Error -501.\",\"Task\":\"3\"}","unparsed_raw":"{\"SourceName\":\"ESENT\",\"Level\":\"2\",\"Keywords\":\"0x80000000000000\",\"Channel\":\"Application\",\"Hostname\":\"DC01.pandalab.com\",\"TimeCreated\":\"2023-07-19T09:04:35.726Z\",\"@timestamp\":\"2023-07-19T09:04:35.726Z\",\"EventID\":412,\"Message\":\"svchost (1028,R,98) SRUJet: Unable to read the header of logfile C:\\\\Windows\\\\system32\\\\SRU\\\\SRU.log. Error -501.\",\"Task\":\"3\"}","original_format":"ndjson","quality":"Degraded","incident_id":"f8f0bfe0-9fdc-4d92-b5ba-6b8b60103385","redactions":[],"bridge_hash":null,"chain_hash":null,"parent_process_id":null,"parent_process_name":null,"lineage_chain":null,"line_id":null,"destination_ip":null,"destination_port":null,"protocol":null,"process_guid":null,"target_image":null,"granted_access":null,"evidence_vault":null,"log_source":"cmd_dumping_ntds_dit_file_ntdsutil_cmd_dumping_ntds_dit_file_ntdsutil.json","process_id":null,"image":null,"command_line":null,"node_id":"Standalone"}
{"timestamp":"2026-05-09T10:00:55.387078800-07:00","message":"[RAW Forensic Payload] {\"SourceName\":\"ESENT\",\"Level\":\"2\",\"Keywords\":\"0x80000000000000\",\"Channel\":\"Application\",\"Hostname...","severity":"Info","source":"ndjson","subject_id":null,"outcome":"Degraded","metadata":{"EventID":"412","captured_message":"[RAW Forensic Payload] {\"SourceName\":\"ESENT\",\"Level\":\"2\",\"Keywords\":\"0x80000000000000\",\"Channel\":\"Application\",\"Hostname...","log_source":"cmd_dumping_ntds_dit_file_ntdsutil_cmd_dumping_ntds_dit_file_ntdsutil.json","nist_category":"System and Information Integrity","nist_control_id":"SI-4 [Windows Integrity]"},"additional_context":{"SourceName":"ESENT","Level":"2","Keywords":"0x80000000000000","Channel":"Application","Hostname":"DC01.pandalab.com","TimeCreated":"2023-07-19T09:04:55.913Z","@timestamp":"2023-07-19T09:04:55.913Z","EventID":412,"Message":"svchost (1028,R,98) SRUJet: Unable to read the header of logfile C:\\Windows\\system32\\SRU\\SRU.log. Error -501.","Task":"3"},"raw":"{\"SourceName\":\"ESENT\",\"Level\":\"2\",\"Keywords\":\"0x80000000000000\",\"Channel\":\"Application\",\"Hostname\":\"DC01.pandalab.com\",\"TimeCreated\":\"2023-07-19T09:04:55.913Z\",\"@timestamp\":\"2023-07-19T09:04:55.913Z\",\"EventID\":412,\"Message\":\"svchost (1028,R,98) SRUJet: Unable to read the header of logfile C:\\\\Windows\\\\system32\\\\SRU\\\\SRU.log. Error -501.\",\"Task\":\"3\"}","unparsed_raw":"{\"SourceName\":\"ESENT\",\"Level\":\"2\",\"Keywords\":\"0x80000000000000\",\"Channel\":\"Application\",\"Hostname\":\"DC01.pandalab.com\",\"TimeCreated\":\"2023-07-19T09:04:55.913Z\",\"@timestamp\":\"2023-07-19T09:04:55.913Z\",\"EventID\":412,\"Message\":\"svchost (1028,R,98) SRUJet: Unable to read the header of logfile C:\\\\Windows\\\\system32\\\\SRU\\\\SRU.log. Error -501.\",\"Task\":\"3\"}","original_format":"ndjson","quality":"Degraded","incident_id":"f8f0bfe0-9fdc-4d92-b5ba-6b8b60103385","redactions":[],"bridge_hash":null,"chain_hash":null,"parent_process_id":null,"parent_process_name":null,"lineage_chain":null,"line_id":null,"destination_ip":null,"destination_port":null,"protocol":null,"process_guid":null,"target_image":null,"granted_access":null,"evidence_vault":null,"log_source":"cmd_dumping_ntds_dit_file_ntdsutil_cmd_dumping_ntds_dit_file_ntdsutil.json","process_id":null,"image":null,"command_line":null,"node_id":"Standalone"}
{"timestamp":"2026-05-09T10:00:55.387133800-07:00","message":"[RAW Forensic Payload] {\"SourceName\":\"ESENT\",\"Level\":\"2\",\"Keywords\":\"0x80000000000000\",\"Channel\":\"Application\",\"Hostname...","severity":"Info","source":"ndjson","subject_id":null,"outcome":"Degraded","metadata":{"EventID":"412","captured_message":"[RAW Forensic Payload] {\"SourceName\":\"ESENT\",\"Level\":\"2\",\"Keywords\":\"0x80000000000000\",\"Channel\":\"Application\",\"Hostname...","log_source":"cmd_dumping_ntds_dit_file_ntdsutil_cmd_dumping_ntds_dit_file_ntdsutil.json","nist_category":"System and Information Integrity","nist_control_id":"SI-4 [Windows Integrity]"},"additional_context":{"SourceName":"ESENT","Level":"2","Keywords":"0x80000000000000","Channel":"Application","Hostname":"DC01.pandalab.com","TimeCreated":"2023-07-19T09:04:55.913Z","@timestamp":"2023-07-19T09:04:55.913Z","EventID":412,"Message":"svchost (1028,R,98) SRUJet: Unable to read the header of logfile C:\\Windows\\system32\\SRU\\SRU.log. Error -501.","Task":"3"},"raw":"{\"SourceName\":\"ESENT\",\"Level\":\"2\",\"Keywords\":\"0x80000000000000\",\"Channel\":\"Application\",\"Hostname\":\"DC01.pandalab.com\",\"TimeCreated\":\"2023-07-19T09:04:55.913Z\",\"@timestamp\":\"2023-07-19T09:04:55.913Z\",\"EventID\":412,\"Message\":\"svchost (1028,R,98) SRUJet: Unable to read the header of logfile C:\\\\Windows\\\\system32\\\\SRU\\\\SRU.log. Error -501.\",\"Task\":\"3\"}","unparsed_raw":"{\"SourceName\":\"ESENT\",\"Level\":\"2\",\"Keywords\":\"0x80000000000000\",\"Channel\":\"Application\",\"Hostname\":\"DC01.pandalab.com\",\"TimeCreated\":\"2023-07-19T09:04:55.913Z\",\"@timestamp\":\"2023-07-19T09:04:55.913Z\",\"EventID\":412,\"Message\":\"svchost (1028,R,98) SRUJet: Unable to read the header of logfile C:\\\\Windows\\\\system32\\\\SRU\\\\SRU.log. Error -501.\",\"Task\":\"3\"}","original_format":"ndjson","quality":"Degraded","incident_id":"f8f0bfe0-9fdc-4d92-b5ba-6b8b60103385","redactions":[],"bridge_hash":null,"chain_hash":null,"parent_process_id":null,"parent_process_name":null,"lineage_chain":null,"line_id":null,"destination_ip":null,"destination_port":null,"protocol":null,"process_guid":null,"target_image":null,"granted_access":null,"evidence_vault":null,"log_source":"cmd_dumping_ntds_dit_file_ntdsutil_cmd_dumping_ntds_dit_file_ntdsutil.json","process_id":null,"image":null,"command_line":null,"node_id":"Standalone"}
{"timestamp":"2026-05-09T10:00:55.387189-07:00","message":"[RAW Forensic Payload] {\"SourceName\":\"ESENT\",\"Level\":\"2\",\"Keywords\":\"0x80000000000000\",\"Channel\":\"Application\",\"Hostname...","severity":"Info","source":"ndjson","subject_id":null,"outcome":"Degraded","metadata":{"EventID":"412","captured_message":"[RAW Forensic Payload] {\"SourceName\":\"ESENT\",\"Level\":\"2\",\"Keywords\":\"0x80000000000000\",\"Channel\":\"Application\",\"Hostname...","log_source":"cmd_dumping_ntds_dit_file_ntdsutil_cmd_dumping_ntds_dit_file_ntdsutil.json","nist_category":"System and Information Integrity","nist_control_id":"SI-4 [Windows Integrity]"},"additional_context":{"SourceName":"ESENT","Level":"2","Keywords":"0x80000000000000","Channel":"Application","Hostname":"DC01.pandalab.com","TimeCreated":"2023-07-19T09:05:00.664Z","@timestamp":"2023-07-19T09:05:00.664Z","EventID":412,"Message":"svchost (1028,R,98) SRUJet: Unable to read the header of logfile C:\\Windows\\system32\\SRU\\SRU.log. Error -501.","Task":"3"},"raw":"{\"SourceName\":\"ESENT\",\"Level\":\"2\",\"Keywords\":\"0x80000000000000\",\"Channel\":\"Application\",\"Hostname\":\"DC01.pandalab.com\",\"TimeCreated\":\"2023-07-19T09:05:00.664Z\",\"@timestamp\":\"2023-07-19T09:05:00.664Z\",\"EventID\":412,\"Message\":\"svchost (1028,R,98) SRUJet: Unable to read the header of logfile C:\\\\Windows\\\\system32\\\\SRU\\\\SRU.log. Error -501.\",\"Task\":\"3\"}","unparsed_raw":"{\"SourceName\":\"ESENT\",\"Level\":\"2\",\"Keywords\":\"0x80000000000000\",\"Channel\":\"Application\",\"Hostname\":\"DC01.pandalab.com\",\"TimeCreated\":\"2023-07-19T09:05:00.664Z\",\"@timestamp\":\"2023-07-19T09:05:00.664Z\",\"EventID\":412,\"Message\":\"svchost (1028,R,98) SRUJet: Unable to read the header of logfile C:\\\\Windows\\\\system32\\\\SRU\\\\SRU.log. Error -501.\",\"Task\":\"3\"}","original_format":"ndjson","quality":"Degraded","incident_id":"f8f0bfe0-9fdc-4d92-b5ba-6b8b60103385","redactions":[],"bridge_hash":null,"chain_hash":null,"parent_process_id":null,"parent_process_name":null,"lineage_chain":null,"line_id":null,"destination_ip":null,"destination_port":null,"protocol":null,"process_guid":null,"target_image":null,"granted_access":null,"evidence_vault":null,"log_source":"cmd_dumping_ntds_dit_file_ntdsutil_cmd_dumping_ntds_dit_file_ntdsutil.json","process_id":null,"image":null,"command_line":null,"node_id":"Standalone"}
{"timestamp":"2026-05-09T10:00:55.387243600-07:00","message":"[RAW Forensic Payload] {\"SourceName\":\"ESENT\",\"Level\":\"2\",\"Keywords\":\"0x80000000000000\",\"Channel\":\"Application\",\"Hostname...","severity":"Info","source":"ndjson","subject_id":null,"outcome":"Degraded","metadata":{"EventID":"412","captured_message":"[RAW Forensic Payload] {\"SourceName\":\"ESENT\",\"Level\":\"2\",\"Keywords\":\"0x80000000000000\",\"Channel\":\"Application\",\"Hostname...","log_source":"cmd_dumping_ntds_dit_file_ntdsutil_cmd_dumping_ntds_dit_file_ntdsutil.json","nist_category":"System and Information Integrity","nist_control_id":"SI-4 [Windows Integrity]"},"additional_context":{"SourceName":"ESENT","Level":"2","Keywords":"0x80000000000000","Channel":"Application","Hostname":"DC01.pandalab.com","TimeCreated":"2023-07-19T09:05:27.976Z","@timestamp":"2023-07-19T09:05:27.976Z","EventID":412,"Message":"svchost (1028,R,98) SRUJet: Unable to read the header of logfile C:\\Windows\\system32\\SRU\\SRU.log. Error -501.","Task":"3"},"raw":"{\"SourceName\":\"ESENT\",\"Level\":\"2\",\"Keywords\":\"0x80000000000000\",\"Channel\":\"Application\",\"Hostname\":\"DC01.pandalab.com\",\"TimeCreated\":\"2023-07-19T09:05:27.976Z\",\"@timestamp\":\"2023-07-19T09:05:27.976Z\",\"EventID\":412,\"Message\":\"svchost (1028,R,98) SRUJet: Unable to read the header of logfile C:\\\\Windows\\\\system32\\\\SRU\\\\SRU.log. Error -501.\",\"Task\":\"3\"}","unparsed_raw":"{\"SourceName\":\"ESENT\",\"Level\":\"2\",\"Keywords\":\"0x80000000000000\",\"Channel\":\"Application\",\"Hostname\":\"DC01.pandalab.com\",\"TimeCreated\":\"2023-07-19T09:05:27.976Z\",\"@timestamp\":\"2023-07-19T09:05:27.976Z\",\"EventID\":412,\"Message\":\"svchost (1028,R,98) SRUJet: Unable to read the header of logfile C:\\\\Windows\\\\system32\\\\SRU\\\\SRU.log. Error -501.\",\"Task\":\"3\"}","original_format":"ndjson","quality":"Degraded","incident_id":"f8f0bfe0-9fdc-4d92-b5ba-6b8b60103385","redactions":[],"bridge_hash":null,"chain_hash":null,"parent_process_id":null,"parent_process_name":null,"lineage_chain":null,"line_id":null,"destination_ip":null,"destination_port":null,"protocol":null,"process_guid":null,"target_image":null,"granted_access":null,"evidence_vault":null,"log_source":"cmd_dumping_ntds_dit_file_ntdsutil_cmd_dumping_ntds_dit_file_ntdsutil.json","process_id":null,"image":null,"command_line":null,"node_id":"Standalone"}
{"timestamp":"2026-05-09T10:00:55.387298100-07:00","message":"[RAW Forensic Payload] {\"SourceName\":\"ESENT\",\"Level\":\"2\",\"Keywords\":\"0x80000000000000\",\"Channel\":\"Application\",\"Hostname...","severity":"Info","source":"ndjson","subject_id":null,"outcome":"Degraded","metadata":{"EventID":"412","captured_message":"[RAW Forensic Payload] {\"SourceName\":\"ESENT\",\"Level\":\"2\",\"Keywords\":\"0x80000000000000\",\"Channel\":\"Application\",\"Hostname...","log_source":"cmd_dumping_ntds_dit_file_ntdsutil_cmd_dumping_ntds_dit_file_ntdsutil.json","nist_category":"System and Information Integrity","nist_control_id":"SI-4 [Windows Integrity]"},"additional_context":{"SourceName":"ESENT","Level":"2","Keywords":"0x80000000000000","Channel":"Application","Hostname":"DC01.pandalab.com","TimeCreated":"2023-07-19T09:05:41.071Z","@timestamp":"2023-07-19T09:05:41.071Z","EventID":412,"Message":"svchost (1028,R,98) SRUJet: Unable to read the header of logfile C:\\Windows\\system32\\SRU\\SRU.log. Error -501.","Task":"3"},"raw":"{\"SourceName\":\"ESENT\",\"Level\":\"2\",\"Keywords\":\"0x80000000000000\",\"Channel\":\"Application\",\"Hostname\":\"DC01.pandalab.com\",\"TimeCreated\":\"2023-07-19T09:05:41.071Z\",\"@timestamp\":\"2023-07-19T09:05:41.071Z\",\"EventID\":412,\"Message\":\"svchost (1028,R,98) SRUJet: Unable to read the header of logfile C:\\\\Windows\\\\system32\\\\SRU\\\\SRU.log. Error -501.\",\"Task\":\"3\"}","unparsed_raw":"{\"SourceName\":\"ESENT\",\"Level\":\"2\",\"Keywords\":\"0x80000000000000\",\"Channel\":\"Application\",\"Hostname\":\"DC01.pandalab.com\",\"TimeCreated\":\"2023-07-19T09:05:41.071Z\",\"@timestamp\":\"2023-07-19T09:05:41.071Z\",\"EventID\":412,\"Message\":\"svchost (1028,R,98) SRUJet: Unable to read the header of logfile C:\\\\Windows\\\\system32\\\\SRU\\\\SRU.log. Error -501.\",\"Task\":\"3\"}","original_format":"ndjson","quality":"Degraded","incident_id":"f8f0bfe0-9fdc-4d92-b5ba-6b8b60103385","redactions":[],"bridge_hash":null,"chain_hash":null,"parent_process_id":null,"parent_process_name":null,"lineage_chain":null,"line_id":null,"destination_ip":null,"destination_port":null,"protocol":null,"process_guid":null,"target_image":null,"granted_access":null,"evidence_vault":null,"log_source":"cmd_dumping_ntds_dit_file_ntdsutil_cmd_dumping_ntds_dit_file_ntdsutil.json","process_id":null,"image":null,"command_line":null,"node_id":"Standalone"}
{"timestamp":"2026-05-09T10:00:55.387362500-07:00","message":"[RAW Forensic Payload] {\"SourceName\":\"ESENT\",\"Level\":\"2\",\"Keywords\":\"0x80000000000000\",\"Channel\":\"Application\",\"Hostname...","severity":"Info","source":"ndjson","subject_id":null,"outcome":"Degraded","metadata":{"EventID":"412","captured_message":"[RAW Forensic Payload] {\"SourceName\":\"ESENT\",\"Level\":\"2\",\"Keywords\":\"0x80000000000000\",\"Channel\":\"Application\",\"Hostname...","log_source":"cmd_dumping_ntds_dit_file_ntdsutil_cmd_dumping_ntds_dit_file_ntdsutil.json","nist_category":"System and Information Integrity","nist_control_id":"SI-4 [Windows Integrity]"},"additional_context":{"SourceName":"ESENT","Level":"2","Keywords":"0x80000000000000","Channel":"Application","Hostname":"DC01.pandalab.com","TimeCreated":"2023-07-19T09:05:41.071Z","@timestamp":"2023-07-19T09:05:41.071Z","EventID":412,"Message":"svchost (1028,R,98) SRUJet: Unable to read the header of logfile C:\\Windows\\system32\\SRU\\SRU.log. Error -501.","Task":"3"},"raw":"{\"SourceName\":\"ESENT\",\"Level\":\"2\",\"Keywords\":\"0x80000000000000\",\"Channel\":\"Application\",\"Hostname\":\"DC01.pandalab.com\",\"TimeCreated\":\"2023-07-19T09:05:41.071Z\",\"@timestamp\":\"2023-07-19T09:05:41.071Z\",\"EventID\":412,\"Message\":\"svchost (1028,R,98) SRUJet: Unable to read the header of logfile C:\\\\Windows\\\\system32\\\\SRU\\\\SRU.log. Error -501.\",\"Task\":\"3\"}","unparsed_raw":"{\"SourceName\":\"ESENT\",\"Level\":\"2\",\"Keywords\":\"0x80000000000000\",\"Channel\":\"Application\",\"Hostname\":\"DC01.pandalab.com\",\"TimeCreated\":\"2023-07-19T09:05:41.071Z\",\"@timestamp\":\"2023-07-19T09:05:41.071Z\",\"EventID\":412,\"Message\":\"svchost (1028,R,98) SRUJet: Unable to read the header of logfile C:\\\\Windows\\\\system32\\\\SRU\\\\SRU.log. Error -501.\",\"Task\":\"3\"}","original_format":"ndjson","quality":"Degraded","incident_id":"f8f0bfe0-9fdc-4d92-b5ba-6b8b60103385","redactions":[],"bridge_hash":null,"chain_hash":null,"parent_process_id":null,"parent_process_name":null,"lineage_chain":null,"line_id":null,"destination_ip":null,"destination_port":null,"protocol":null,"process_guid":null,"target_image":null,"granted_access":null,"evidence_vault":null,"log_source":"cmd_dumping_ntds_dit_file_ntdsutil_cmd_dumping_ntds_dit_file_ntdsutil.json","process_id":null,"image":null,"command_line":null,"node_id":"Standalone"}
{"timestamp":"2026-05-09T10:00:55.387418700-07:00","message":"[RAW Forensic Payload] {\"SourceName\":\"ESENT\",\"Level\":\"2\",\"Keywords\":\"0x80000000000000\",\"Channel\":\"Application\",\"Hostname...","severity":"Info","source":"ndjson","subject_id":null,"outcome":"Degraded","metadata":{"EventID":"412","captured_message":"[RAW Forensic Payload] {\"SourceName\":\"ESENT\",\"Level\":\"2\",\"Keywords\":\"0x80000000000000\",\"Channel\":\"Application\",\"Hostname...","log_source":"cmd_dumping_ntds_dit_file_ntdsutil_cmd_dumping_ntds_dit_file_ntdsutil.json","nist_category":"System and Information Integrity","nist_control_id":"SI-4 [Windows Integrity]"},"additional_context":{"SourceName":"ESENT","Level":"2","Keywords":"0x80000000000000","Channel":"Application","Hostname":"DC01.pandalab.com","TimeCreated":"2023-07-19T09:05:41.195Z","@timestamp":"2023-07-19T09:05:41.195Z","EventID":412,"Message":"svchost (1028,R,98) SRUJet: Unable to read the header of logfile C:\\Windows\\system32\\SRU\\SRU.log. Error -501.","Task":"3"},"raw":"{\"SourceName\":\"ESENT\",\"Level\":\"2\",\"Keywords\":\"0x80000000000000\",\"Channel\":\"Application\",\"Hostname\":\"DC01.pandalab.com\",\"TimeCreated\":\"2023-07-19T09:05:41.195Z\",\"@timestamp\":\"2023-07-19T09:05:41.195Z\",\"EventID\":412,\"Message\":\"svchost (1028,R,98) SRUJet: Unable to read the header of logfile C:\\\\Windows\\\\system32\\\\SRU\\\\SRU.log. Error -501.\",\"Task\":\"3\"}","unparsed_raw":"{\"SourceName\":\"ESENT\",\"Level\":\"2\",\"Keywords\":\"0x80000000000000\",\"Channel\":\"Application\",\"Hostname\":\"DC01.pandalab.com\",\"TimeCreated\":\"2023-07-19T09:05:41.195Z\",\"@timestamp\":\"2023-07-19T09:05:41.195Z\",\"EventID\":412,\"Message\":\"svchost (1028,R,98) SRUJet: Unable to read the header of logfile C:\\\\Windows\\\\system32\\\\SRU\\\\SRU.log. Error -501.\",\"Task\":\"3\"}","original_format":"ndjson","quality":"Degraded","incident_id":"f8f0bfe0-9fdc-4d92-b5ba-6b8b60103385","redactions":[],"bridge_hash":null,"chain_hash":null,"parent_process_id":null,"parent_process_name":null,"lineage_chain":null,"line_id":null,"destination_ip":null,"destination_port":null,"protocol":null,"process_guid":null,"target_image":null,"granted_access":null,"evidence_vault":null,"log_source":"cmd_dumping_ntds_dit_file_ntdsutil_cmd_dumping_ntds_dit_file_ntdsutil.json","process_id":null,"image":null,"command_line":null,"node_id":"Standalone"}
{"timestamp":"2026-05-09T10:00:55.387492-07:00","message":"[RAW Forensic Payload] {\"SourceName\":\"ESENT\",\"Level\":\"2\",\"Keywords\":\"0x80000000000000\",\"Channel\":\"Application\",\"Hostname...","severity":"Info","source":"ndjson","subject_id":null,"outcome":"Degraded","metadata":{"EventID":"412","captured_message":"[RAW Forensic Payload] {\"SourceName\":\"ESENT\",\"Level\":\"2\",\"Keywords\":\"0x80000000000000\",\"Channel\":\"Application\",\"Hostname...","log_source":"cmd_dumping_ntds_dit_file_ntdsutil_cmd_dumping_ntds_dit_file_ntdsutil.json","nist_category":"System and Information Integrity","nist_control_id":"SI-4 [Windows Integrity]"},"additional_context":{"SourceName":"ESENT","Level":"2","Keywords":"0x80000000000000","Channel":"Application","Hostname":"DC01.pandalab.com","TimeCreated":"2023-07-19T09:05:41.195Z","@timestamp":"2023-07-19T09:05:41.195Z","EventID":412,"Message":"svchost (1028,R,98) SRUJet: Unable to read the header of logfile C:\\Windows\\system32\\SRU\\SRU.log. Error -501.","Task":"3"},"raw":"{\"SourceName\":\"ESENT\",\"Level\":\"2\",\"Keywords\":\"0x80000000000000\",\"Channel\":\"Application\",\"Hostname\":\"DC01.pandalab.com\",\"TimeCreated\":\"2023-07-19T09:05:41.195Z\",\"@timestamp\":\"2023-07-19T09:05:41.195Z\",\"EventID\":412,\"Message\":\"svchost (1028,R,98) SRUJet: Unable to read the header of logfile C:\\\\Windows\\\\system32\\\\SRU\\\\SRU.log. Error -501.\",\"Task\":\"3\"}","unparsed_raw":"{\"SourceName\":\"ESENT\",\"Level\":\"2\",\"Keywords\":\"0x80000000000000\",\"Channel\":\"Application\",\"Hostname\":\"DC01.pandalab.com\",\"TimeCreated\":\"2023-07-19T09:05:41.195Z\",\"@timestamp\":\"2023-07-19T09:05:41.195Z\",\"EventID\":412,\"Message\":\"svchost (1028,R,98) SRUJet: Unable to read the header of logfile C:\\\\Windows\\\\system32\\\\SRU\\\\SRU.log. Error -501.\",\"Task\":\"3\"}","original_format":"ndjson","quality":"Degraded","incident_id":"f8f0bfe0-9fdc-4d92-b5ba-6b8b60103385","redactions":[],"bridge_hash":null,"chain_hash":null,"parent_process_id":null,"parent_process_name":null,"lineage_chain":null,"line_id":null,"destination_ip":null,"destination_port":null,"protocol":null,"process_guid":null,"target_image":null,"granted_access":null,"evidence_vault":null,"log_source":"cmd_dumping_ntds_dit_file_ntdsutil_cmd_dumping_ntds_dit_file_ntdsutil.json","process_id":null,"image":null,"command_line":null,"node_id":"Standalone"}
{"timestamp":"2026-05-09T10:00:55.387552500-07:00","message":"[RAW Forensic Payload] {\"SourceName\":\"ESENT\",\"Level\":\"2\",\"Keywords\":\"0x80000000000000\",\"Channel\":\"Application\",\"Hostname...","severity":"Info","source":"ndjson","subject_id":null,"outcome":"Degraded","metadata":{"EventID":"412","captured_message":"[RAW Forensic Payload] {\"SourceName\":\"ESENT\",\"Level\":\"2\",\"Keywords\":\"0x80000000000000\",\"Channel\":\"Application\",\"Hostname...","log_source":"cmd_dumping_ntds_dit_file_ntdsutil_cmd_dumping_ntds_dit_file_ntdsutil.json","nist_category":"System and Information Integrity","nist_control_id":"SI-4 [Windows Integrity]"},"additional_context":{"SourceName":"ESENT","Level":"2","Keywords":"0x80000000000000","Channel":"Application","Hostname":"DC01.pandalab.com","TimeCreated":"2023-07-19T09:05:41.195Z","@timestamp":"2023-07-19T09:05:41.195Z","EventID":412,"Message":"svchost (1028,R,98) SRUJet: Unable to read the header of logfile C:\\Windows\\system32\\SRU\\SRU.log. Error -501.","Task":"3"},"raw":"{\"SourceName\":\"ESENT\",\"Level\":\"2\",\"Keywords\":\"0x80000000000000\",\"Channel\":\"Application\",\"Hostname\":\"DC01.pandalab.com\",\"TimeCreated\":\"2023-07-19T09:05:41.195Z\",\"@timestamp\":\"2023-07-19T09:05:41.195Z\",\"EventID\":412,\"Message\":\"svchost (1028,R,98) SRUJet: Unable to read the header of logfile C:\\\\Windows\\\\system32\\\\SRU\\\\SRU.log. Error -501.\",\"Task\":\"3\"}","unparsed_raw":"{\"SourceName\":\"ESENT\",\"Level\":\"2\",\"Keywords\":\"0x80000000000000\",\"Channel\":\"Application\",\"Hostname\":\"DC01.pandalab.com\",\"TimeCreated\":\"2023-07-19T09:05:41.195Z\",\"@timestamp\":\"2023-07-19T09:05:41.195Z\",\"EventID\":412,\"Message\":\"svchost (1028,R,98) SRUJet: Unable to read the header of logfile C:\\\\Windows\\\\system32\\\\SRU\\\\SRU.log. Error -501.\",\"Task\":\"3\"}","original_format":"ndjson","quality":"Degraded","incident_id":"f8f0bfe0-9fdc-4d92-b5ba-6b8b60103385","redactions":[],"bridge_hash":null,"chain_hash":null,"parent_process_id":null,"parent_process_name":null,"lineage_chain":null,"line_id":null,"destination_ip":null,"destination_port":null,"protocol":null,"process_guid":null,"target_image":null,"granted_access":null,"evidence_vault":null,"log_source":"cmd_dumping_ntds_dit_file_ntdsutil_cmd_dumping_ntds_dit_file_ntdsutil.json","process_id":null,"image":null,"command_line":null,"node_id":"Standalone"}
{"timestamp":"2026-05-09T10:00:55.387608800-07:00","message":"[RAW Forensic Payload] {\"SourceName\":\"ESENT\",\"Level\":\"2\",\"Keywords\":\"0x80000000000000\",\"Channel\":\"Application\",\"Hostname...","severity":"Info","source":"ndjson","subject_id":null,"outcome":"Degraded","metadata":{"EventID":"412","captured_message":"[RAW Forensic Payload] {\"SourceName\":\"ESENT\",\"Level\":\"2\",\"Keywords\":\"0x80000000000000\",\"Channel\":\"Application\",\"Hostname...","log_source":"cmd_dumping_ntds_dit_file_ntdsutil_cmd_dumping_ntds_dit_file_ntdsutil.json","nist_category":"System and Information Integrity","nist_control_id":"SI-4 [Windows Integrity]"},"additional_context":{"SourceName":"ESENT","Level":"2","Keywords":"0x80000000000000","Channel":"Application","Hostname":"DC01.pandalab.com","TimeCreated":"2023-07-19T09:05:41.195Z","@timestamp":"2023-07-19T09:05:41.195Z","EventID":412,"Message":"svchost (1028,R,98) SRUJet: Unable to read the header of logfile C:\\Windows\\system32\\SRU\\SRU.log. Error -501.","Task":"3"},"raw":"{\"SourceName\":\"ESENT\",\"Level\":\"2\",\"Keywords\":\"0x80000000000000\",\"Channel\":\"Application\",\"Hostname\":\"DC01.pandalab.com\",\"TimeCreated\":\"2023-07-19T09:05:41.195Z\",\"@timestamp\":\"2023-07-19T09:05:41.195Z\",\"EventID\":412,\"Message\":\"svchost (1028,R,98) SRUJet: Unable to read the header of logfile C:\\\\Windows\\\\system32\\\\SRU\\\\SRU.log. Error -501.\",\"Task\":\"3\"}","unparsed_raw":"{\"SourceName\":\"ESENT\",\"Level\":\"2\",\"Keywords\":\"0x80000000000000\",\"Channel\":\"Application\",\"Hostname\":\"DC01.pandalab.com\",\"TimeCreated\":\"2023-07-19T09:05:41.195Z\",\"@timestamp\":\"2023-07-19T09:05:41.195Z\",\"EventID\":412,\"Message\":\"svchost (1028,R,98) SRUJet: Unable to read the header of logfile C:\\\\Windows\\\\system32\\\\SRU\\\\SRU.log. Error -501.\",\"Task\":\"3\"}","original_format":"ndjson","quality":"Degraded","incident_id":"f8f0bfe0-9fdc-4d92-b5ba-6b8b60103385","redactions":[],"bridge_hash":null,"chain_hash":null,"parent_process_id":null,"parent_process_name":null,"lineage_chain":null,"line_id":null,"destination_ip":null,"destination_port":null,"protocol":null,"process_guid":null,"target_image":null,"granted_access":null,"evidence_vault":null,"log_source":"cmd_dumping_ntds_dit_file_ntdsutil_cmd_dumping_ntds_dit_file_ntdsutil.json","process_id":null,"image":null,"command_line":null,"node_id":"Standalone"}
{"timestamp":"2026-05-09T10:00:55.387666300-07:00","message":"[RAW Forensic Payload] {\"SourceName\":\"ESENT\",\"Level\":\"2\",\"Keywords\":\"0x80000000000000\",\"Channel\":\"Application\",\"Hostname...","severity":"Info","source":"ndjson","subject_id":null,"outcome":"Degraded","metadata":{"EventID":"412","captured_message":"[RAW Forensic Payload] {\"SourceName\":\"ESENT\",\"Level\":\"2\",\"Keywords\":\"0x80000000000000\",\"Channel\":\"Application\",\"Hostname...","log_source":"cmd_dumping_ntds_dit_file_ntdsutil_cmd_dumping_ntds_dit_file_ntdsutil.json","nist_category":"System and Information Integrity","nist_control_id":"SI-4 [Windows Integrity]"},"additional_context":{"SourceName":"ESENT","Level":"2","Keywords":"0x80000000000000","Channel":"Application","Hostname":"DC01.pandalab.com","TimeCreated":"2023-07-19T09:05:41.212Z","@timestamp":"2023-07-19T09:05:41.212Z","EventID":412,"Message":"svchost (1028,R,98) SRUJet: Unable to read the header of logfile C:\\Windows\\system32\\SRU\\SRU.log. Error -501.","Task":"3"},"raw":"{\"SourceName\":\"ESENT\",\"Level\":\"2\",\"Keywords\":\"0x80000000000000\",\"Channel\":\"Application\",\"Hostname\":\"DC01.pandalab.com\",\"TimeCreated\":\"2023-07-19T09:05:41.212Z\",\"@timestamp\":\"2023-07-19T09:05:41.212Z\",\"EventID\":412,\"Message\":\"svchost (1028,R,98) SRUJet: Unable to read the header of logfile C:\\\\Windows\\\\system32\\\\SRU\\\\SRU.log. Error -501.\",\"Task\":\"3\"}","unparsed_raw":"{\"SourceName\":\"ESENT\",\"Level\":\"2\",\"Keywords\":\"0x80000000000000\",\"Channel\":\"Application\",\"Hostname\":\"DC01.pandalab.com\",\"TimeCreated\":\"2023-07-19T09:05:41.212Z\",\"@timestamp\":\"2023-07-19T09:05:41.212Z\",\"EventID\":412,\"Message\":\"svchost (1028,R,98) SRUJet: Unable to read the header of logfile C:\\\\Windows\\\\system32\\\\SRU\\\\SRU.log. Error -501.\",\"Task\":\"3\"}","original_format":"ndjson","quality":"Degraded","incident_id":"f8f0bfe0-9fdc-4d92-b5ba-6b8b60103385","redactions":[],"bridge_hash":null,"chain_hash":null,"parent_process_id":null,"parent_process_name":null,"lineage_chain":null,"line_id":null,"destination_ip":null,"destination_port":null,"protocol":null,"process_guid":null,"target_image":null,"granted_access":null,"evidence_vault":null,"log_source":"cmd_dumping_ntds_dit_file_ntdsutil_cmd_dumping_ntds_dit_file_ntdsutil.json","process_id":null,"image":null,"command_line":null,"node_id":"Standalone"}
{"timestamp":"2026-05-09T10:00:55.387721600-07:00","message":"[RAW Forensic Payload] {\"SourceName\":\"ESENT\",\"Level\":\"2\",\"Keywords\":\"0x80000000000000\",\"Channel\":\"Application\",\"Hostname...","severity":"Info","source":"ndjson","subject_id":null,"outcome":"Degraded","metadata":{"EventID":"412","captured_message":"[RAW Forensic Payload] {\"SourceName\":\"ESENT\",\"Level\":\"2\",\"Keywords\":\"0x80000000000000\",\"Channel\":\"Application\",\"Hostname...","log_source":"cmd_dumping_ntds_dit_file_ntdsutil_cmd_dumping_ntds_dit_file_ntdsutil.json","nist_category":"System and Information Integrity","nist_control_id":"SI-4 [Windows Integrity]"},"additional_context":{"SourceName":"ESENT","Level":"2","Keywords":"0x80000000000000","Channel":"Application","Hostname":"DC01.pandalab.com","TimeCreated":"2023-07-19T09:05:41.212Z","@timestamp":"2023-07-19T09:05:41.212Z","EventID":412,"Message":"svchost (1028,R,98) SRUJet: Unable to read the header of logfile C:\\Windows\\system32\\SRU\\SRU.log. Error -501.","Task":"3"},"raw":"{\"SourceName\":\"ESENT\",\"Level\":\"2\",\"Keywords\":\"0x80000000000000\",\"Channel\":\"Application\",\"Hostname\":\"DC01.pandalab.com\",\"TimeCreated\":\"2023-07-19T09:05:41.212Z\",\"@timestamp\":\"2023-07-19T09:05:41.212Z\",\"EventID\":412,\"Message\":\"svchost (1028,R,98) SRUJet: Unable to read the header of logfile C:\\\\Windows\\\\system32\\\\SRU\\\\SRU.log. Error -501.\",\"Task\":\"3\"}","unparsed_raw":"{\"SourceName\":\"ESENT\",\"Level\":\"2\",\"Keywords\":\"0x80000000000000\",\"Channel\":\"Application\",\"Hostname\":\"DC01.pandalab.com\",\"TimeCreated\":\"2023-07-19T09:05:41.212Z\",\"@timestamp\":\"2023-07-19T09:05:41.212Z\",\"EventID\":412,\"Message\":\"svchost (1028,R,98) SRUJet: Unable to read the header of logfile C:\\\\Windows\\\\system32\\\\SRU\\\\SRU.log. Error -501.\",\"Task\":\"3\"}","original_format":"ndjson","quality":"Degraded","incident_id":"f8f0bfe0-9fdc-4d92-b5ba-6b8b60103385","redactions":[],"bridge_hash":null,"chain_hash":null,"parent_process_id":null,"parent_process_name":null,"lineage_chain":null,"line_id":null,"destination_ip":null,"destination_port":null,"protocol":null,"process_guid":null,"target_image":null,"granted_access":null,"evidence_vault":null,"log_source":"cmd_dumping_ntds_dit_file_ntdsutil_cmd_dumping_ntds_dit_file_ntdsutil.json","process_id":null,"image":null,"command_line":null,"node_id":"Standalone"}
{"timestamp":"2026-05-09T10:00:55.387823300-07:00","message":"[RAW Forensic Payload] {\"SourceName\":\"Microsoft-Windows-Security-Auditing\",\"ProviderGuid\":\"{54849625-5478-4994-a5ba-3e3b...","severity":"Info","source":"ndjson","subject_id":null,"outcome":"Degraded","metadata":{"EventID":"5156","captured_message":"[RAW Forensic Payload] {\"SourceName\":\"Microsoft-Windows-Security-Auditing\",\"ProviderGuid\":\"{54849625-5478-4994-a5ba-3e3b...","log_source":"cmd_dumping_ntds_dit_file_ntdsutil_cmd_dumping_ntds_dit_file_ntdsutil.json","nist_category":"System and Information Integrity","nist_control_id":"SI-4 [Windows Integrity]"},"additional_context":{"SourceName":"Microsoft-Windows-Security-Auditing","ProviderGuid":"{54849625-5478-4994-a5ba-3e3b0328c30d}","Level":"0","Keywords":"0x8020000000000000","Channel":"Security","Hostname":"DC01.pandalab.com","TimeCreated":"2023-07-19T09:02:18.300Z","@timestamp":"2023-07-19T09:02:18.300Z","EventID":5156,"Message":"The Windows Filtering Platform has permitted a connection.\r\n\r\nApplication Information:\r\n\tProcess ID:\t\t2348\r\n\tApplication Name:\t\\device\\harddiskvolume2\\windows\\system32\\dns.exe\r\n\r\nNetwork Information:\r\n\tDirection:\t\tOutbound\r\n\tSource Address:\t\tfe80::3b31:a8fa:5adc:7b9e\r\n\tSource Port:\t\t52888\r\n\tDestination Address:\t2001:500:2::c\r\n\tDestination Port:\t\t53\r\n\tProtocol:\t\t17\r\n\tInterface Index:\t\t10\r\n\r\nFilter Information:\r\n\tFilter Origin:\t\tUnknown\r\n\tFilter Run-Time ID:\t71055\r\n\tLayer Name:\t\tConnect\r\n\tLayer Run-Time ID:\t50\r\n\tRemote User ID:\t\tS-1-0-0\r\n\tRemote Machine ID:\tS-1-0-0","Task":"12810","ProcessID":"2348","Application":"\\device\\harddiskvolume2\\windows\\system32\\dns.exe","Direction":"%%14593","SourceAddress":"fe80::3b31:a8fa:5adc:7b9e","SourcePort":"52888","DestAddress":"2001:500:2::c","DestPort":"53","Protocol":"17","InterfaceIndex":"10","FilterOrigin":"Unknown","FilterRTID":"71055","LayerName":"%%14611","LayerRTID":"50","RemoteUserID":"S-1-0-0","RemoteMachineID":"S-1-0-0"},"raw":"{\"SourceName\":\"Microsoft-Windows-Security-Auditing\",\"ProviderGuid\":\"{54849625-5478-4994-a5ba-3e3b0328c30d}\",\"Level\":\"0\",\"Keywords\":\"0x8020000000000000\",\"Channel\":\"Security\",\"Hostname\":\"DC01.pandalab.com\",\"TimeCreated\":\"2023-07-19T09:02:18.300Z\",\"@timestamp\":\"2023-07-19T09:02:18.300Z\",\"EventID\":5156,\"Message\":\"The Windows Filtering Platform has permitted a connection.\\r\\n\\r\\nApplication Information:\\r\\n\\tProcess ID:\\t\\t2348\\r\\n\\tApplication Name:\\t\\\\device\\\\harddiskvolume2\\\\windows\\\\system32\\\\dns.exe\\r\\n\\r\\nNetwork Information:\\r\\n\\tDirection:\\t\\tOutbound\\r\\n\\tSource Address:\\t\\tfe80::3b31:a8fa:5adc:7b9e\\r\\n\\tSource Port:\\t\\t52888\\r\\n\\tDestination Address:\\t2001:500:2::c\\r\\n\\tDestination Port:\\t\\t53\\r\\n\\tProtocol:\\t\\t17\\r\\n\\tInterface Index:\\t\\t10\\r\\n\\r\\nFilter Information:\\r\\n\\tFilter Origin:\\t\\tUnknown\\r\\n\\tFilter Run-Time ID:\\t71055\\r\\n\\tLayer Name:\\t\\tConnect\\r\\n\\tLayer Run-Time ID:\\t50\\r\\n\\tRemote User ID:\\t\\tS-1-0-0\\r\\n\\tRemote Machine ID:\\tS-1-0-0\",\"Task\":\"12810\",\"ProcessID\":\"2348\",\"Application\":\"\\\\device\\\\harddiskvolume2\\\\windows\\\\system32\\\\dns.exe\",\"Direction\":\"%%14593\",\"SourceAddress\":\"fe80::3b31:a8fa:5adc:7b9e\",\"SourcePort\":\"52888\",\"DestAddress\":\"2001:500:2::c\",\"DestPort\":\"53\",\"Protocol\":\"17\",\"InterfaceIndex\":\"10\",\"FilterOrigin\":\"Unknown\",\"FilterRTID\":\"71055\",\"LayerName\":\"%%14611\",\"LayerRTID\":\"50\",\"RemoteUserID\":\"S-1-0-0\",\"RemoteMachineID\":\"S-1-0-0\"}","unparsed_raw":"{\"SourceName\":\"Microsoft-Windows-Security-Auditing\",\"ProviderGuid\":\"{54849625-5478-4994-a5ba-3e3b0328c30d}\",\"Level\":\"0\",\"Keywords\":\"0x8020000000000000\",\"Channel\":\"Security\",\"Hostname\":\"DC01.pandalab.com\",\"TimeCreated\":\"2023-07-19T09:02:18.300Z\",\"@timestamp\":\"2023-07-19T09:02:18.300Z\",\"EventID\":5156,\"Message\":\"The Windows Filtering Platform has permitted a connection.\\r\\n\\r\\nApplication Information:\\r\\n\\tProcess ID:\\t\\t2348\\r\\n\\tApplication Name:\\t\\\\device\\\\harddiskvolume2\\\\windows\\\\system32\\\\dns.exe\\r\\n\\r\\nNetwork Information:\\r\\n\\tDirection:\\t\\tOutbound\\r\\n\\tSource Address:\\t\\tfe80::3b31:a8fa:5adc:7b9e\\r\\n\\tSource Port:\\t\\t52888\\r\\n\\tDestination Address:\\t2001:500:2::c\\r\\n\\tDestination Port:\\t\\t53\\r\\n\\tProtocol:\\t\\t17\\r\\n\\tInterface Index:\\t\\t10\\r\\n\\r\\nFilter Information:\\r\\n\\tFilter Origin:\\t\\tUnknown\\r\\n\\tFilter Run-Time ID:\\t71055\\r\\n\\tLayer Name:\\t\\tConnect\\r\\n\\tLayer Run-Time ID:\\t50\\r\\n\\tRemote User ID:\\t\\tS-1-0-0\\r\\n\\tRemote Machine ID:\\tS-1-0-0\",\"Task\":\"12810\",\"ProcessID\":\"2348\",\"Application\":\"\\\\device\\\\harddiskvolume2\\\\windows\\\\system32\\\\dns.exe\",\"Direction\":\"%%14593\",\"SourceAddress\":\"fe80::3b31:a8fa:5adc:7b9e\",\"SourcePort\":\"52888\",\"DestAddress\":\"2001:500:2::c\",\"DestPort\":\"53\",\"Protocol\":\"17\",\"InterfaceIndex\":\"10\",\"FilterOrigin\":\"Unknown\",\"FilterRTID\":\"71055\",\"LayerName\":\"%%14611\",\"LayerRTID\":\"50\",\"RemoteUserID\":\"S-1-0-0\",\"RemoteMachineID\":\"S-1-0-0\"}","original_format":"ndjson","quality":"Degraded","incident_id":"f8f0bfe0-9fdc-4d92-b5ba-6b8b60103385","redactions":[],"bridge_hash":null,"chain_hash":null,"parent_process_id":null,"parent_process_name":null,"lineage_chain":null,"line_id":null,"destination_ip":null,"destination_port":null,"protocol":null,"process_guid":null,"target_image":null,"granted_access":null,"evidence_vault":null,"log_source":"cmd_dumping_ntds_dit_file_ntdsutil_cmd_dumping_ntds_dit_file_ntdsutil.json","process_id":null,"image":null,"command_line":null,"node_id":"Standalone"}
{"timestamp":"2026-05-09T10:00:55.387934600-07:00","message":"[RAW Forensic Payload] {\"SourceName\":\"Microsoft-Windows-Security-Auditing\",\"ProviderGuid\":\"{54849625-5478-4994-a5ba-3e3b...","severity":"Info","source":"ndjson","subject_id":null,"outcome":"Degraded","metadata":{"EventID":"5156","captured_message":"[RAW Forensic Payload] {\"SourceName\":\"Microsoft-Windows-Security-Auditing\",\"ProviderGuid\":\"{54849625-5478-4994-a5ba-3e3b...","log_source":"cmd_dumping_ntds_dit_file_ntdsutil_cmd_dumping_ntds_dit_file_ntdsutil.json","nist_category":"System and Information Integrity","nist_control_id":"SI-4 [Windows Integrity]"},"additional_context":{"SourceName":"Microsoft-Windows-Security-Auditing","ProviderGuid":"{54849625-5478-4994-a5ba-3e3b0328c30d}","Level":"0","Keywords":"0x8020000000000000","Channel":"Security","Hostname":"DC01.pandalab.com","TimeCreated":"2023-07-19T09:02:18.300Z","@timestamp":"2023-07-19T09:02:18.300Z","EventID":5156,"Message":"The Windows Filtering Platform has permitted a connection.\r\n\r\nApplication Information:\r\n\tProcess ID:\t\t2348\r\n\tApplication Name:\t\\device\\harddiskvolume2\\windows\\system32\\dns.exe\r\n\r\nNetwork Information:\r\n\tDirection:\t\tOutbound\r\n\tSource Address:\t\tfe80::3b31:a8fa:5adc:7b9e\r\n\tSource Port:\t\t52888\r\n\tDestination Address:\t2001:500:2d::d\r\n\tDestination Port:\t\t53\r\n\tProtocol:\t\t17\r\n\tInterface Index:\t\t10\r\n\r\nFilter Information:\r\n\tFilter Origin:\t\tUnknown\r\n\tFilter Run-Time ID:\t71055\r\n\tLayer Name:\t\tConnect\r\n\tLayer Run-Time ID:\t50\r\n\tRemote User ID:\t\tS-1-0-0\r\n\tRemote Machine ID:\tS-1-0-0","Task":"12810","ProcessID":"2348","Application":"\\device\\harddiskvolume2\\windows\\system32\\dns.exe","Direction":"%%14593","SourceAddress":"fe80::3b31:a8fa:5adc:7b9e","SourcePort":"52888","DestAddress":"2001:500:2d::d","DestPort":"53","Protocol":"17","InterfaceIndex":"10","FilterOrigin":"Unknown","FilterRTID":"71055","LayerName":"%%14611","LayerRTID":"50","RemoteUserID":"S-1-0-0","RemoteMachineID":"S-1-0-0"},"raw":"{\"SourceName\":\"Microsoft-Windows-Security-Auditing\",\"ProviderGuid\":\"{54849625-5478-4994-a5ba-3e3b0328c30d}\",\"Level\":\"0\",\"Keywords\":\"0x8020000000000000\",\"Channel\":\"Security\",\"Hostname\":\"DC01.pandalab.com\",\"TimeCreated\":\"2023-07-19T09:02:18.300Z\",\"@timestamp\":\"2023-07-19T09:02:18.300Z\",\"EventID\":5156,\"Message\":\"The Windows Filtering Platform has permitted a connection.\\r\\n\\r\\nApplication Information:\\r\\n\\tProcess ID:\\t\\t2348\\r\\n\\tApplication Name:\\t\\\\device\\\\harddiskvolume2\\\\windows\\\\system32\\\\dns.exe\\r\\n\\r\\nNetwork Information:\\r\\n\\tDirection:\\t\\tOutbound\\r\\n\\tSource Address:\\t\\tfe80::3b31:a8fa:5adc:7b9e\\r\\n\\tSource Port:\\t\\t52888\\r\\n\\tDestination Address:\\t2001:500:2d::d\\r\\n\\tDestination Port:\\t\\t53\\r\\n\\tProtocol:\\t\\t17\\r\\n\\tInterface Index:\\t\\t10\\r\\n\\r\\nFilter Information:\\r\\n\\tFilter Origin:\\t\\tUnknown\\r\\n\\tFilter Run-Time ID:\\t71055\\r\\n\\tLayer Name:\\t\\tConnect\\r\\n\\tLayer Run-Time ID:\\t50\\r\\n\\tRemote User ID:\\t\\tS-1-0-0\\r\\n\\tRemote Machine ID:\\tS-1-0-0\",\"Task\":\"12810\",\"ProcessID\":\"2348\",\"Application\":\"\\\\device\\\\harddiskvolume2\\\\windows\\\\system32\\\\dns.exe\",\"Direction\":\"%%14593\",\"SourceAddress\":\"fe80::3b31:a8fa:5adc:7b9e\",\"SourcePort\":\"52888\",\"DestAddress\":\"2001:500:2d::d\",\"DestPort\":\"53\",\"Protocol\":\"17\",\"InterfaceIndex\":\"10\",\"FilterOrigin\":\"Unknown\",\"FilterRTID\":\"71055\",\"LayerName\":\"%%14611\",\"LayerRTID\":\"50\",\"RemoteUserID\":\"S-1-0-0\",\"RemoteMachineID\":\"S-1-0-0\"}","unparsed_raw":"{\"SourceName\":\"Microsoft-Windows-Security-Auditing\",\"ProviderGuid\":\"{54849625-5478-4994-a5ba-3e3b0328c30d}\",\"Level\":\"0\",\"Keywords\":\"0x8020000000000000\",\"Channel\":\"Security\",\"Hostname\":\"DC01.pandalab.com\",\"TimeCreated\":\"2023-07-19T09:02:18.300Z\",\"@timestamp\":\"2023-07-19T09:02:18.300Z\",\"EventID\":5156,\"Message\":\"The Windows Filtering Platform has permitted a connection.\\r\\n\\r\\nApplication Information:\\r\\n\\tProcess ID:\\t\\t2348\\r\\n\\tApplication Name:\\t\\\\device\\\\harddiskvolume2\\\\windows\\\\system32\\\\dns.exe\\r\\n\\r\\nNetwork Information:\\r\\n\\tDirection:\\t\\tOutbound\\r\\n\\tSource Address:\\t\\tfe80::3b31:a8fa:5adc:7b9e\\r\\n\\tSource Port:\\t\\t52888\\r\\n\\tDestination Address:\\t2001:500:2d::d\\r\\n\\tDestination Port:\\t\\t53\\r\\n\\tProtocol:\\t\\t17\\r\\n\\tInterface Index:\\t\\t10\\r\\n\\r\\nFilter Information:\\r\\n\\tFilter Origin:\\t\\tUnknown\\r\\n\\tFilter Run-Time ID:\\t71055\\r\\n\\tLayer Name:\\t\\tConnect\\r\\n\\tLayer Run-Time ID:\\t50\\r\\n\\tRemote User ID:\\t\\tS-1-0-0\\r\\n\\tRemote Machine ID:\\tS-1-0-0\",\"Task\":\"12810\",\"ProcessID\":\"2348\",\"Application\":\"\\\\device\\\\harddiskvolume2\\\\windows\\\\system32\\\\dns.exe\",\"Direction\":\"%%14593\",\"SourceAddress\":\"fe80::3b31:a8fa:5adc:7b9e\",\"SourcePort\":\"52888\",\"DestAddress\":\"2001:500:2d::d\",\"DestPort\":\"53\",\"Protocol\":\"17\",\"InterfaceIndex\":\"10\",\"FilterOrigin\":\"Unknown\",\"FilterRTID\":\"71055\",\"LayerName\":\"%%14611\",\"LayerRTID\":\"50\",\"RemoteUserID\":\"S-1-0-0\",\"RemoteMachineID\":\"S-1-0-0\"}","original_format":"ndjson","quality":"Degraded","incident_id":"f8f0bfe0-9fdc-4d92-b5ba-6b8b60103385","redactions":[],"bridge_hash":null,"chain_hash":null,"parent_process_id":null,"parent_process_name":null,"lineage_chain":null,"line_id":null,"destination_ip":null,"destination_port":null,"protocol":null,"process_guid":null,"target_image":null,"granted_access":null,"evidence_vault":null,"log_source":"cmd_dumping_ntds_dit_file_ntdsutil_cmd_dumping_ntds_dit_file_ntdsutil.json","process_id":null,"image":null,"command_line":null,"node_id":"Standalone"}
