{"timestamp":"2026-05-09T10:00:55.382452-07:00","message":"[RAW Forensic Payload] {\"SourceName\":\"NTDS ISAM\",\"Level\":\"4\",\"Keywords\":\"0x80000000000000\",\"Channel\":\"Directory Service\"...","severity":"Info","source":"ndjson","subject_id":null,"outcome":"Degraded","metadata":{"EventID":"102","captured_message":"[RAW Forensic Payload] {\"SourceName\":\"NTDS ISAM\",\"Level\":\"4\",\"Keywords\":\"0x80000000000000\",\"Channel\":\"Directory Service\"...","log_source":"cmd_dumping_ntds_dit_file_ntdsutil_cmd_dumping_ntds_dit_file_ntdsutil.json","nist_category":"System and Information Integrity","nist_control_id":"SI-4 [Windows Integrity]"},"additional_context":{"SourceName":"NTDS ISAM","Level":"4","Keywords":"0x80000000000000","Channel":"Directory Service","Hostname":"DC01.pandalab.com","TimeCreated":"2023-07-19T09:03:40.710Z","@timestamp":"2023-07-19T09:03:40.710Z","EventID":102,"Message":"NTDS (600,P,98) NTDSA: The database engine (10.00.20348.0000) is starting a new instance (0).","Task":"1"},"raw":"{\"SourceName\":\"NTDS ISAM\",\"Level\":\"4\",\"Keywords\":\"0x80000000000000\",\"Channel\":\"Directory Service\",\"Hostname\":\"DC01.pandalab.com\",\"TimeCreated\":\"2023-07-19T09:03:40.710Z\",\"@timestamp\":\"2023-07-19T09:03:40.710Z\",\"EventID\":102,\"Message\":\"NTDS (600,P,98) NTDSA: The database engine (10.00.20348.0000) is starting a new instance (0).\",\"Task\":\"1\"}","unparsed_raw":"{\"SourceName\":\"NTDS ISAM\",\"Level\":\"4\",\"Keywords\":\"0x80000000000000\",\"Channel\":\"Directory Service\",\"Hostname\":\"DC01.pandalab.com\",\"TimeCreated\":\"2023-07-19T09:03:40.710Z\",\"@timestamp\":\"2023-07-19T09:03:40.710Z\",\"EventID\":102,\"Message\":\"NTDS (600,P,98) NTDSA: The database engine (10.00.20348.0000) is starting a new instance (0).\",\"Task\":\"1\"}","original_format":"ndjson","quality":"Degraded","incident_id":"f8f0bfe0-9fdc-4d92-b5ba-6b8b60103385","redactions":[],"bridge_hash":null,"chain_hash":null,"parent_process_id":null,"parent_process_name":null,"lineage_chain":null,"line_id":null,"destination_ip":null,"destination_port":null,"protocol":null,"process_guid":null,"target_image":null,"granted_access":null,"evidence_vault":null,"log_source":"cmd_dumping_ntds_dit_file_ntdsutil_cmd_dumping_ntds_dit_file_ntdsutil.json","process_id":null,"image":null,"command_line":null,"node_id":"Standalone"}
{"timestamp":"2026-05-09T10:00:55.382604600-07:00","message":"[RAW Forensic Payload] {\"SourceName\":\"NTDS ISAM\",\"Level\":\"4\",\"Keywords\":\"0x80000000000000\",\"Channel\":\"Directory Service\"...","severity":"Info","source":"ndjson","subject_id":null,"outcome":"Degraded","metadata":{"EventID":"300","captured_message":"[RAW Forensic Payload] {\"SourceName\":\"NTDS ISAM\",\"Level\":\"4\",\"Keywords\":\"0x80000000000000\",\"Channel\":\"Directory Service\"...","log_source":"cmd_dumping_ntds_dit_file_ntdsutil_cmd_dumping_ntds_dit_file_ntdsutil.json","nist_category":"System and Information Integrity","nist_control_id":"SI-4 [Windows Integrity]"},"additional_context":{"SourceName":"NTDS ISAM","Level":"4","Keywords":"0x80000000000000","Channel":"Directory Service","Hostname":"DC01.pandalab.com","TimeCreated":"2023-07-19T09:03:40.710Z","@timestamp":"2023-07-19T09:03:40.710Z","EventID":300,"Message":"NTDS (600,R,98) NTDSA: The database engine is initiating recovery steps.","Task":"3"},"raw":"{\"SourceName\":\"NTDS ISAM\",\"Level\":\"4\",\"Keywords\":\"0x80000000000000\",\"Channel\":\"Directory Service\",\"Hostname\":\"DC01.pandalab.com\",\"TimeCreated\":\"2023-07-19T09:03:40.710Z\",\"@timestamp\":\"2023-07-19T09:03:40.710Z\",\"EventID\":300,\"Message\":\"NTDS (600,R,98) NTDSA: The database engine is initiating recovery steps.\",\"Task\":\"3\"}","unparsed_raw":"{\"SourceName\":\"NTDS ISAM\",\"Level\":\"4\",\"Keywords\":\"0x80000000000000\",\"Channel\":\"Directory Service\",\"Hostname\":\"DC01.pandalab.com\",\"TimeCreated\":\"2023-07-19T09:03:40.710Z\",\"@timestamp\":\"2023-07-19T09:03:40.710Z\",\"EventID\":300,\"Message\":\"NTDS (600,R,98) NTDSA: The database engine is initiating recovery steps.\",\"Task\":\"3\"}","original_format":"ndjson","quality":"Degraded","incident_id":"f8f0bfe0-9fdc-4d92-b5ba-6b8b60103385","redactions":[],"bridge_hash":null,"chain_hash":null,"parent_process_id":null,"parent_process_name":null,"lineage_chain":null,"line_id":null,"destination_ip":null,"destination_port":null,"protocol":null,"process_guid":null,"target_image":null,"granted_access":null,"evidence_vault":null,"log_source":"cmd_dumping_ntds_dit_file_ntdsutil_cmd_dumping_ntds_dit_file_ntdsutil.json","process_id":null,"image":null,"command_line":null,"node_id":"Standalone"}
{"timestamp":"2026-05-09T10:00:55.382667800-07:00","message":"[RAW Forensic Payload] {\"SourceName\":\"NTDS ISAM\",\"Level\":\"4\",\"Keywords\":\"0x80000000000000\",\"Channel\":\"Directory Service\"...","severity":"Critical","source":"ndjson","subject_id":null,"outcome":"Degraded","metadata":{"EventID":"330","captured_message":"[RAW Forensic Payload] {\"SourceName\":\"NTDS ISAM\",\"Level\":\"4\",\"Keywords\":\"0x80000000000000\",\"Channel\":\"Directory Service\"...","evidence_vault":"artifacts/vault_CriticalIncident_20260509_100056","forensic_payload":"ntds.dit","log_source":"cmd_dumping_ntds_dit_file_ntdsutil_cmd_dumping_ntds_dit_file_ntdsutil.json","nist_category":"System & Info Integrity","nist_control_id":"SI-4 [Windows Integrity]"},"additional_context":{"SourceName":"NTDS ISAM","Level":"4","Keywords":"0x80000000000000","Channel":"Directory Service","Hostname":"DC01.pandalab.com","TimeCreated":"2023-07-19T09:03:40.710Z","@timestamp":"2023-07-19T09:03:40.710Z","EventID":330,"Message":"NTDS (600,R,98) NTDSA: The database [C:\\Windows\\NTDS\\ntds.dit] format version is being held back to 8920 (0x22d8) due to application parameter setting of 0x22D8 (8920). Current default engine version: 9360 (0x2490).","Task":"1"},"raw":"{\"SourceName\":\"NTDS ISAM\",\"Level\":\"4\",\"Keywords\":\"0x80000000000000\",\"Channel\":\"Directory Service\",\"Hostname\":\"DC01.pandalab.com\",\"TimeCreated\":\"2023-07-19T09:03:40.710Z\",\"@timestamp\":\"2023-07-19T09:03:40.710Z\",\"EventID\":330,\"Message\":\"NTDS (600,R,98) NTDSA: The database [C:\\\\Windows\\\\NTDS\\\\ntds.dit] format version is being held back to 8920 (0x22d8) due to application parameter setting of 0x22D8 (8920). Current default engine version: 9360 (0x2490).\",\"Task\":\"1\"}","unparsed_raw":"{\"SourceName\":\"NTDS ISAM\",\"Level\":\"4\",\"Keywords\":\"0x80000000000000\",\"Channel\":\"Directory Service\",\"Hostname\":\"DC01.pandalab.com\",\"TimeCreated\":\"2023-07-19T09:03:40.710Z\",\"@timestamp\":\"2023-07-19T09:03:40.710Z\",\"EventID\":330,\"Message\":\"NTDS (600,R,98) NTDSA: The database [C:\\\\Windows\\\\NTDS\\\\ntds.dit] format version is being held back to 8920 (0x22d8) due to application parameter setting of 0x22D8 (8920). Current default engine version: 9360 (0x2490).\",\"Task\":\"1\"}","original_format":"ndjson","quality":"Degraded","incident_id":"f8f0bfe0-9fdc-4d92-b5ba-6b8b60103385","redactions":[],"bridge_hash":null,"chain_hash":null,"parent_process_id":null,"parent_process_name":null,"lineage_chain":null,"line_id":null,"destination_ip":null,"destination_port":null,"protocol":null,"process_guid":null,"target_image":null,"granted_access":null,"evidence_vault":"artifacts/vault_CriticalIncident_20260509_100056","log_source":"cmd_dumping_ntds_dit_file_ntdsutil_cmd_dumping_ntds_dit_file_ntdsutil.json","process_id":null,"image":null,"command_line":null,"node_id":"Standalone"}
{"timestamp":"2026-05-09T10:00:55.382732400-07:00","message":"[RAW Forensic Payload] {\"SourceName\":\"NTDS ISAM\",\"Level\":\"4\",\"Keywords\":\"0x80000000000000\",\"Channel\":\"Directory Service\"...","severity":"Critical","source":"ndjson","subject_id":null,"outcome":"Degraded","metadata":{"EventID":"301","captured_message":"[RAW Forensic Payload] {\"SourceName\":\"NTDS ISAM\",\"Level\":\"4\",\"Keywords\":\"0x80000000000000\",\"Channel\":\"Directory Service\"...","evidence_vault":"artifacts/vault_CriticalIncident_20260509_100056","forensic_payload":"EventID\":301,\"Message\":\"NTDS (600,R,98) NTDSA: The database engine has finished replaying logfile C:\\\\Windows\\\\NTDS\\\\edb00002.log. \\r\\n \\r\\nProcessing Stats: \\n[1] 0.801288 -0.379509 (265) CM -0.645574 (305) WT +J(CM:265, PgRf:575, Rd:0/265, Dy:26/205, Lg:10311853/93026) +M(C:104","log_source":"cmd_dumping_ntds_dit_file_ntdsutil_cmd_dumping_ntds_dit_file_ntdsutil.json","nist_category":"Audit and Accountability","nist_control_id":"AU-9 [Tampering]"},"additional_context":{"SourceName":"NTDS ISAM","Level":"4","Keywords":"0x80000000000000","Channel":"Directory Service","Hostname":"DC01.pandalab.com","TimeCreated":"2023-07-19T09:03:40.710Z","@timestamp":"2023-07-19T09:03:40.710Z","EventID":301,"Message":"NTDS (600,R,98) NTDSA: The database engine has finished replaying logfile C:\\Windows\\NTDS\\edb00002.log. \r\n \r\nProcessing Stats: \n[1] 0.801288 -0.379509 (265) CM -0.645574 (305) WT +J(CM:265, PgRf:575, Rd:0/265, Dy:26/205, Lg:10311853/93026) +M(C:104K, Fs:2147, WS:1032K # 964K, PF:848K # 780K, P:848K). \r\nLog record of type 'Insert   ' was seen most frequently (19357 times)","Task":"3"},"raw":"{\"SourceName\":\"NTDS ISAM\",\"Level\":\"4\",\"Keywords\":\"0x80000000000000\",\"Channel\":\"Directory Service\",\"Hostname\":\"DC01.pandalab.com\",\"TimeCreated\":\"2023-07-19T09:03:40.710Z\",\"@timestamp\":\"2023-07-19T09:03:40.710Z\",\"EventID\":301,\"Message\":\"NTDS (600,R,98) NTDSA: The database engine has finished replaying logfile C:\\\\Windows\\\\NTDS\\\\edb00002.log. \\r\\n \\r\\nProcessing Stats: \\n[1] 0.801288 -0.379509 (265) CM -0.645574 (305) WT +J(CM:265, PgRf:575, Rd:0/265, Dy:26/205, Lg:10311853/93026) +M(C:104K, Fs:2147, WS:1032K # 964K, PF:848K # 780K, P:848K). \\r\\nLog record of type \\u0027Insert   \\u0027 was seen most frequently (19357 times)\",\"Task\":\"3\"}","unparsed_raw":"{\"SourceName\":\"NTDS ISAM\",\"Level\":\"4\",\"Keywords\":\"0x80000000000000\",\"Channel\":\"Directory Service\",\"Hostname\":\"DC01.pandalab.com\",\"TimeCreated\":\"2023-07-19T09:03:40.710Z\",\"@timestamp\":\"2023-07-19T09:03:40.710Z\",\"EventID\":301,\"Message\":\"NTDS (600,R,98) NTDSA: The database engine has finished replaying logfile C:\\\\Windows\\\\NTDS\\\\edb00002.log. \\r\\n \\r\\nProcessing Stats: \\n[1] 0.801288 -0.379509 (265) CM -0.645574 (305) WT +J(CM:265, PgRf:575, Rd:0/265, Dy:26/205, Lg:10311853/93026) +M(C:104K, Fs:2147, WS:1032K # 964K, PF:848K # 780K, P:848K). \\r\\nLog record of type \\u0027Insert   \\u0027 was seen most frequently (19357 times)\",\"Task\":\"3\"}","original_format":"ndjson","quality":"Degraded","incident_id":"f8f0bfe0-9fdc-4d92-b5ba-6b8b60103385","redactions":[],"bridge_hash":null,"chain_hash":null,"parent_process_id":null,"parent_process_name":null,"lineage_chain":null,"line_id":null,"destination_ip":null,"destination_port":null,"protocol":null,"process_guid":null,"target_image":null,"granted_access":null,"evidence_vault":"artifacts/vault_CriticalIncident_20260509_100056","log_source":"cmd_dumping_ntds_dit_file_ntdsutil_cmd_dumping_ntds_dit_file_ntdsutil.json","process_id":null,"image":null,"command_line":null,"node_id":"Standalone"}
{"timestamp":"2026-05-09T10:00:55.382795100-07:00","message":"[RAW Forensic Payload] {\"SourceName\":\"NTDS ISAM\",\"Level\":\"4\",\"Keywords\":\"0x80000000000000\",\"Channel\":\"Directory Service\"...","severity":"Info","source":"ndjson","subject_id":null,"outcome":"Degraded","metadata":{"EventID":"301","captured_message":"[RAW Forensic Payload] {\"SourceName\":\"NTDS ISAM\",\"Level\":\"4\",\"Keywords\":\"0x80000000000000\",\"Channel\":\"Directory Service\"...","log_source":"cmd_dumping_ntds_dit_file_ntdsutil_cmd_dumping_ntds_dit_file_ntdsutil.json","nist_category":"System and Information Integrity","nist_control_id":"SI-4 [Windows Integrity]"},"additional_context":{"SourceName":"NTDS ISAM","Level":"4","Keywords":"0x80000000000000","Channel":"Directory Service","Hostname":"DC01.pandalab.com","TimeCreated":"2023-07-19T09:03:40.710Z","@timestamp":"2023-07-19T09:03:40.710Z","EventID":301,"Message":"NTDS (600,R,98) NTDSA: The database engine has finished replaying logfile C:\\Windows\\NTDS\\edb.log. \r\n \r\nProcessing Stats: \n[1] 0.007164 -0.000276 (2) WT +J(CM:0, PgRf:176, Rd:0/0, Dy:4/360, Lg:571896/770) +M(C:0K, Fs:90, WS:352K # 352K, PF:0K # 8K, P:0K). \r\nLog record of type 'ReplaceD ' was seen most frequently (147 times)","Task":"3"},"raw":"{\"SourceName\":\"NTDS ISAM\",\"Level\":\"4\",\"Keywords\":\"0x80000000000000\",\"Channel\":\"Directory Service\",\"Hostname\":\"DC01.pandalab.com\",\"TimeCreated\":\"2023-07-19T09:03:40.710Z\",\"@timestamp\":\"2023-07-19T09:03:40.710Z\",\"EventID\":301,\"Message\":\"NTDS (600,R,98) NTDSA: The database engine has finished replaying logfile C:\\\\Windows\\\\NTDS\\\\edb.log. \\r\\n \\r\\nProcessing Stats: \\n[1] 0.007164 -0.000276 (2) WT +J(CM:0, PgRf:176, Rd:0/0, Dy:4/360, Lg:571896/770) +M(C:0K, Fs:90, WS:352K # 352K, PF:0K # 8K, P:0K). \\r\\nLog record of type \\u0027ReplaceD \\u0027 was seen most frequently (147 times)\",\"Task\":\"3\"}","unparsed_raw":"{\"SourceName\":\"NTDS ISAM\",\"Level\":\"4\",\"Keywords\":\"0x80000000000000\",\"Channel\":\"Directory Service\",\"Hostname\":\"DC01.pandalab.com\",\"TimeCreated\":\"2023-07-19T09:03:40.710Z\",\"@timestamp\":\"2023-07-19T09:03:40.710Z\",\"EventID\":301,\"Message\":\"NTDS (600,R,98) NTDSA: The database engine has finished replaying logfile C:\\\\Windows\\\\NTDS\\\\edb.log. \\r\\n \\r\\nProcessing Stats: \\n[1] 0.007164 -0.000276 (2) WT +J(CM:0, PgRf:176, Rd:0/0, Dy:4/360, Lg:571896/770) +M(C:0K, Fs:90, WS:352K # 352K, PF:0K # 8K, P:0K). \\r\\nLog record of type \\u0027ReplaceD \\u0027 was seen most frequently (147 times)\",\"Task\":\"3\"}","original_format":"ndjson","quality":"Degraded","incident_id":"f8f0bfe0-9fdc-4d92-b5ba-6b8b60103385","redactions":[],"bridge_hash":null,"chain_hash":null,"parent_process_id":null,"parent_process_name":null,"lineage_chain":null,"line_id":null,"destination_ip":null,"destination_port":null,"protocol":null,"process_guid":null,"target_image":null,"granted_access":null,"evidence_vault":null,"log_source":"cmd_dumping_ntds_dit_file_ntdsutil_cmd_dumping_ntds_dit_file_ntdsutil.json","process_id":null,"image":null,"command_line":null,"node_id":"Standalone"}
{"timestamp":"2026-05-09T10:00:55.382855200-07:00","message":"[RAW Forensic Payload] {\"SourceName\":\"NTDS ISAM\",\"Level\":\"4\",\"Keywords\":\"0x80000000000000\",\"Channel\":\"Directory Service\"...","severity":"Info","source":"ndjson","subject_id":null,"outcome":"Degraded","metadata":{"EventID":"302","captured_message":"[RAW Forensic Payload] {\"SourceName\":\"NTDS ISAM\",\"Level\":\"4\",\"Keywords\":\"0x80000000000000\",\"Channel\":\"Directory Service\"...","log_source":"cmd_dumping_ntds_dit_file_ntdsutil_cmd_dumping_ntds_dit_file_ntdsutil.json","nist_category":"System and Information Integrity","nist_control_id":"SI-4 [Windows Integrity]"},"additional_context":{"SourceName":"NTDS ISAM","Level":"4","Keywords":"0x80000000000000","Channel":"Directory Service","Hostname":"DC01.pandalab.com","TimeCreated":"2023-07-19T09:03:40.710Z","@timestamp":"2023-07-19T09:03:40.710Z","EventID":302,"Message":"NTDS (600,U,98) NTDSA: The database engine has successfully completed recovery steps.","Task":"3"},"raw":"{\"SourceName\":\"NTDS ISAM\",\"Level\":\"4\",\"Keywords\":\"0x80000000000000\",\"Channel\":\"Directory Service\",\"Hostname\":\"DC01.pandalab.com\",\"TimeCreated\":\"2023-07-19T09:03:40.710Z\",\"@timestamp\":\"2023-07-19T09:03:40.710Z\",\"EventID\":302,\"Message\":\"NTDS (600,U,98) NTDSA: The database engine has successfully completed recovery steps.\",\"Task\":\"3\"}","unparsed_raw":"{\"SourceName\":\"NTDS ISAM\",\"Level\":\"4\",\"Keywords\":\"0x80000000000000\",\"Channel\":\"Directory Service\",\"Hostname\":\"DC01.pandalab.com\",\"TimeCreated\":\"2023-07-19T09:03:40.710Z\",\"@timestamp\":\"2023-07-19T09:03:40.710Z\",\"EventID\":302,\"Message\":\"NTDS (600,U,98) NTDSA: The database engine has successfully completed recovery steps.\",\"Task\":\"3\"}","original_format":"ndjson","quality":"Degraded","incident_id":"f8f0bfe0-9fdc-4d92-b5ba-6b8b60103385","redactions":[],"bridge_hash":null,"chain_hash":null,"parent_process_id":null,"parent_process_name":null,"lineage_chain":null,"line_id":null,"destination_ip":null,"destination_port":null,"protocol":null,"process_guid":null,"target_image":null,"granted_access":null,"evidence_vault":null,"log_source":"cmd_dumping_ntds_dit_file_ntdsutil_cmd_dumping_ntds_dit_file_ntdsutil.json","process_id":null,"image":null,"command_line":null,"node_id":"Standalone"}
{"timestamp":"2026-05-09T10:00:55.382931600-07:00","message":"[RAW Forensic Payload] {\"SourceName\":\"NTDS ISAM\",\"Level\":\"4\",\"Keywords\":\"0x80000000000000\",\"Channel\":\"Directory Service\"...","severity":"Critical","source":"ndjson","subject_id":null,"outcome":"Degraded","metadata":{"EventID":"105","captured_message":"[RAW Forensic Payload] {\"SourceName\":\"NTDS ISAM\",\"Level\":\"4\",\"Keywords\":\"0x80000000000000\",\"Channel\":\"Directory Service\"...","evidence_vault":"artifacts/vault_CriticalIncident_20260509_100056","forensic_payload":"EventID\":105,\"Message\":\"NTDS (600,D,0) NTDSA: The database engine started a new instance (0). (Time=2 seconds) \\r\\n \\r\\nAdditional Data:\\r\\n lgposV2[] = 00000002:0001:0000 - 00000002:09FE:0078 - 00000003:008E:0000 - 00000003:008E:0000 (00000000:0000:0000)\\ncReInits = 12\\n \\r\\n \\r\\nInternal Timing Sequence: \\n[1] 0.001493 +J(0) +M(C:0K, Fs:108, WS:416K # 0K, PF:3204K # 356K, P:3204K)\\n[2] 0.000512 +J(0) +M(C:16K, Fs:81, WS:320K # 272K, PF:280K # 280K, P:280K)\\n[3] 0.000115 +J(0) +M(C:0K, Fs:6, WS:24K # 24K, PF:64K # 64K, P:64K)\\n[4] 0.305905 -0.000592 (1) WT +J(0) +M(C:0K, Fs:124, WS:416K # 416K, PF:5156K # 5156K, P:5156K)\\n[5] 0.000912 +J(0) +M(C:0K, Fs:6, WS:24K # 24K, PF:16K # 16K, P:16K)\\n[6] 0.061495 +J(0) +M(C:0K, Fs:17, WS:64K # 64K, PF:12K # 12K, P:12K)\\n[7] 0.138392 -0.122153 (21) WT +J(0) +M(C:0K, Fs:2580, WS:10300K # 10300K, PF:10260K # 10260K, P:10260K)\\n[8] 0.829042 -0.379509 (265) CM -0.665056 (309) WT +J(CM:265, PgRf:575, Rd:0/265, Dy:26/205, Lg:10311853/93026) +M(C:104","log_source":"cmd_dumping_ntds_dit_file_ntdsutil_cmd_dumping_ntds_dit_file_ntdsutil.json","nist_category":"Audit and Accountability","nist_control_id":"AU-9 [Tampering]"},"additional_context":{"SourceName":"NTDS ISAM","Level":"4","Keywords":"0x80000000000000","Channel":"Directory Service","Hostname":"DC01.pandalab.com","TimeCreated":"2023-07-19T09:03:40.710Z","@timestamp":"2023-07-19T09:03:40.710Z","EventID":105,"Message":"NTDS (600,D,0) NTDSA: The database engine started a new instance (0). (Time=2 seconds) \r\n \r\nAdditional Data:\r\n lgposV2[] = 00000002:0001:0000 - 00000002:09FE:0078 - 00000003:008E:0000 - 00000003:008E:0000 (00000000:0000:0000)\ncReInits = 12\n \r\n \r\nInternal Timing Sequence: \n[1] 0.001493 +J(0) +M(C:0K, Fs:108, WS:416K # 0K, PF:3204K # 356K, P:3204K)\n[2] 0.000512 +J(0) +M(C:16K, Fs:81, WS:320K # 272K, PF:280K # 280K, P:280K)\n[3] 0.000115 +J(0) +M(C:0K, Fs:6, WS:24K # 24K, PF:64K # 64K, P:64K)\n[4] 0.305905 -0.000592 (1) WT +J(0) +M(C:0K, Fs:124, WS:416K # 416K, PF:5156K # 5156K, P:5156K)\n[5] 0.000912 +J(0) +M(C:0K, Fs:6, WS:24K # 24K, PF:16K # 16K, P:16K)\n[6] 0.061495 +J(0) +M(C:0K, Fs:17, WS:64K # 64K, PF:12K # 12K, P:12K)\n[7] 0.138392 -0.122153 (21) WT +J(0) +M(C:0K, Fs:2580, WS:10300K # 10300K, PF:10260K # 10260K, P:10260K)\n[8] 0.829042 -0.379509 (265) CM -0.665056 (309) WT +J(CM:265, PgRf:575, Rd:0/265, Dy:26/205, Lg:10311853/93026) +M(C:104K, Fs:2523, WS:2452K # 2452K, PF:1452K # 1456K, P:1452K)\n[9] 0.344905 -0.194617 (27) WT +J(CM:0, PgRf:176, Rd:1/0, Dy:4/360, Lg:571896/770) +M(C:0K, Fs:105, WS:400K # 400K, PF:168K # 168K, P:168K) + 1 lgens\n[10] 0.201559 -0.192370 (20) WT +J(0) +M(C:0K, Fs:0, WS:-10236K # 0K, PF:-10252K # 0K, P:-10252K)\n[11] 0.000104 +J(CM:0, PgRf:0, Rd:0/0, Dy:0/0, Lg:49/1) +M(C:0K, Fs:1, WS:4K # 0K, PF:0K # 0K, P:0K)\n[12] 0.008518 -0.001662 (11) WT +J(0) +M(C:-24K, Fs:2, WS:-16K # 0K, PF:-24K # 0K, P:-24K)\n[13] 0.344249 -0.014869 (2) CM -0.226875 (43) WT +J(CM:2, PgRf:2, Rd:0/2, Dy:0/0, Lg:8759/5) +M(C:648K, Fs:2589, WS:-516K # 0K, PF:120K # 100K, P:120K)\n[14] 0.000028 +J(0)\n[15] 0.000240 +J(0)\n[16] 0.000518 -0.000158 (1) WT +J(0) +M(C:0K, Fs:3, WS:0K # 0K, PF:0K # 0K, P:0K).","Task":"1"},"raw":"{\"SourceName\":\"NTDS ISAM\",\"Level\":\"4\",\"Keywords\":\"0x80000000000000\",\"Channel\":\"Directory Service\",\"Hostname\":\"DC01.pandalab.com\",\"TimeCreated\":\"2023-07-19T09:03:40.710Z\",\"@timestamp\":\"2023-07-19T09:03:40.710Z\",\"EventID\":105,\"Message\":\"NTDS (600,D,0) NTDSA: The database engine started a new instance (0). (Time=2 seconds) \\r\\n \\r\\nAdditional Data:\\r\\n lgposV2[] = 00000002:0001:0000 - 00000002:09FE:0078 - 00000003:008E:0000 - 00000003:008E:0000 (00000000:0000:0000)\\ncReInits = 12\\n \\r\\n \\r\\nInternal Timing Sequence: \\n[1] 0.001493 +J(0) +M(C:0K, Fs:108, WS:416K # 0K, PF:3204K # 356K, P:3204K)\\n[2] 0.000512 +J(0) +M(C:16K, Fs:81, WS:320K # 272K, PF:280K # 280K, P:280K)\\n[3] 0.000115 +J(0) +M(C:0K, Fs:6, WS:24K # 24K, PF:64K # 64K, P:64K)\\n[4] 0.305905 -0.000592 (1) WT +J(0) +M(C:0K, Fs:124, WS:416K # 416K, PF:5156K # 5156K, P:5156K)\\n[5] 0.000912 +J(0) +M(C:0K, Fs:6, WS:24K # 24K, PF:16K # 16K, P:16K)\\n[6] 0.061495 +J(0) +M(C:0K, Fs:17, WS:64K # 64K, PF:12K # 12K, P:12K)\\n[7] 0.138392 -0.122153 (21) WT +J(0) +M(C:0K, Fs:2580, WS:10300K # 10300K, PF:10260K # 10260K, P:10260K)\\n[8] 0.829042 -0.379509 (265) CM -0.665056 (309) WT +J(CM:265, PgRf:575, Rd:0/265, Dy:26/205, Lg:10311853/93026) +M(C:104K, Fs:2523, WS:2452K # 2452K, PF:1452K # 1456K, P:1452K)\\n[9] 0.344905 -0.194617 (27) WT +J(CM:0, PgRf:176, Rd:1/0, Dy:4/360, Lg:571896/770) +M(C:0K, Fs:105, WS:400K # 400K, PF:168K # 168K, P:168K) + 1 lgens\\n[10] 0.201559 -0.192370 (20) WT +J(0) +M(C:0K, Fs:0, WS:-10236K # 0K, PF:-10252K # 0K, P:-10252K)\\n[11] 0.000104 +J(CM:0, PgRf:0, Rd:0/0, Dy:0/0, Lg:49/1) +M(C:0K, Fs:1, WS:4K # 0K, PF:0K # 0K, P:0K)\\n[12] 0.008518 -0.001662 (11) WT +J(0) +M(C:-24K, Fs:2, WS:-16K # 0K, PF:-24K # 0K, P:-24K)\\n[13] 0.344249 -0.014869 (2) CM -0.226875 (43) WT +J(CM:2, PgRf:2, Rd:0/2, Dy:0/0, Lg:8759/5) +M(C:648K, Fs:2589, WS:-516K # 0K, PF:120K # 100K, P:120K)\\n[14] 0.000028 +J(0)\\n[15] 0.000240 +J(0)\\n[16] 0.000518 -0.000158 (1) WT +J(0) +M(C:0K, Fs:3, WS:0K # 0K, PF:0K # 0K, P:0K).\",\"Task\":\"1\"}","unparsed_raw":"{\"SourceName\":\"NTDS ISAM\",\"Level\":\"4\",\"Keywords\":\"0x80000000000000\",\"Channel\":\"Directory Service\",\"Hostname\":\"DC01.pandalab.com\",\"TimeCreated\":\"2023-07-19T09:03:40.710Z\",\"@timestamp\":\"2023-07-19T09:03:40.710Z\",\"EventID\":105,\"Message\":\"NTDS (600,D,0) NTDSA: The database engine started a new instance (0). (Time=2 seconds) \\r\\n \\r\\nAdditional Data:\\r\\n lgposV2[] = 00000002:0001:0000 - 00000002:09FE:0078 - 00000003:008E:0000 - 00000003:008E:0000 (00000000:0000:0000)\\ncReInits = 12\\n \\r\\n \\r\\nInternal Timing Sequence: \\n[1] 0.001493 +J(0) +M(C:0K, Fs:108, WS:416K # 0K, PF:3204K # 356K, P:3204K)\\n[2] 0.000512 +J(0) +M(C:16K, Fs:81, WS:320K # 272K, PF:280K # 280K, P:280K)\\n[3] 0.000115 +J(0) +M(C:0K, Fs:6, WS:24K # 24K, PF:64K # 64K, P:64K)\\n[4] 0.305905 -0.000592 (1) WT +J(0) +M(C:0K, Fs:124, WS:416K # 416K, PF:5156K # 5156K, P:5156K)\\n[5] 0.000912 +J(0) +M(C:0K, Fs:6, WS:24K # 24K, PF:16K # 16K, P:16K)\\n[6] 0.061495 +J(0) +M(C:0K, Fs:17, WS:64K # 64K, PF:12K # 12K, P:12K)\\n[7] 0.138392 -0.122153 (21) WT +J(0) +M(C:0K, Fs:2580, WS:10300K # 10300K, PF:10260K # 10260K, P:10260K)\\n[8] 0.829042 -0.379509 (265) CM -0.665056 (309) WT +J(CM:265, PgRf:575, Rd:0/265, Dy:26/205, Lg:10311853/93026) +M(C:104K, Fs:2523, WS:2452K # 2452K, PF:1452K # 1456K, P:1452K)\\n[9] 0.344905 -0.194617 (27) WT +J(CM:0, PgRf:176, Rd:1/0, Dy:4/360, Lg:571896/770) +M(C:0K, Fs:105, WS:400K # 400K, PF:168K # 168K, P:168K) + 1 lgens\\n[10] 0.201559 -0.192370 (20) WT +J(0) +M(C:0K, Fs:0, WS:-10236K # 0K, PF:-10252K # 0K, P:-10252K)\\n[11] 0.000104 +J(CM:0, PgRf:0, Rd:0/0, Dy:0/0, Lg:49/1) +M(C:0K, Fs:1, WS:4K # 0K, PF:0K # 0K, P:0K)\\n[12] 0.008518 -0.001662 (11) WT +J(0) +M(C:-24K, Fs:2, WS:-16K # 0K, PF:-24K # 0K, P:-24K)\\n[13] 0.344249 -0.014869 (2) CM -0.226875 (43) WT +J(CM:2, PgRf:2, Rd:0/2, Dy:0/0, Lg:8759/5) +M(C:648K, Fs:2589, WS:-516K # 0K, PF:120K # 100K, P:120K)\\n[14] 0.000028 +J(0)\\n[15] 0.000240 +J(0)\\n[16] 0.000518 -0.000158 (1) WT +J(0) +M(C:0K, Fs:3, WS:0K # 0K, PF:0K # 0K, P:0K).\",\"Task\":\"1\"}","original_format":"ndjson","quality":"Degraded","incident_id":"f8f0bfe0-9fdc-4d92-b5ba-6b8b60103385","redactions":[],"bridge_hash":null,"chain_hash":null,"parent_process_id":null,"parent_process_name":null,"lineage_chain":null,"line_id":null,"destination_ip":null,"destination_port":null,"protocol":null,"process_guid":null,"target_image":null,"granted_access":null,"evidence_vault":"artifacts/vault_CriticalIncident_20260509_100056","log_source":"cmd_dumping_ntds_dit_file_ntdsutil_cmd_dumping_ntds_dit_file_ntdsutil.json","process_id":null,"image":null,"command_line":null,"node_id":"Standalone"}
{"timestamp":"2026-05-09T10:00:55.382991-07:00","message":"[RAW Forensic Payload] {\"SourceName\":\"NTDS ISAM\",\"Level\":\"4\",\"Keywords\":\"0x80000000000000\",\"Channel\":\"Directory Service\"...","severity":"Critical","source":"ndjson","subject_id":null,"outcome":"Degraded","metadata":{"EventID":"330","captured_message":"[RAW Forensic Payload] {\"SourceName\":\"NTDS ISAM\",\"Level\":\"4\",\"Keywords\":\"0x80000000000000\",\"Channel\":\"Directory Service\"...","evidence_vault":"artifacts/vault_CriticalIncident_20260509_100056","forensic_payload":"ntds.dit","log_source":"cmd_dumping_ntds_dit_file_ntdsutil_cmd_dumping_ntds_dit_file_ntdsutil.json","nist_category":"System & Info Integrity","nist_control_id":"SI-4 [Windows Integrity]"},"additional_context":{"SourceName":"NTDS ISAM","Level":"4","Keywords":"0x80000000000000","Channel":"Directory Service","Hostname":"DC01.pandalab.com","TimeCreated":"2023-07-19T09:03:40.710Z","@timestamp":"2023-07-19T09:03:40.710Z","EventID":330,"Message":"NTDS (600,D,50) NTDSA: The database [C:\\Windows\\NTDS\\ntds.dit] format version is being held back to 8920 (0x22d8) due to application parameter setting of 0x22D8 (8920). Current default engine version: 9360 (0x2490).","Task":"1"},"raw":"{\"SourceName\":\"NTDS ISAM\",\"Level\":\"4\",\"Keywords\":\"0x80000000000000\",\"Channel\":\"Directory Service\",\"Hostname\":\"DC01.pandalab.com\",\"TimeCreated\":\"2023-07-19T09:03:40.710Z\",\"@timestamp\":\"2023-07-19T09:03:40.710Z\",\"EventID\":330,\"Message\":\"NTDS (600,D,50) NTDSA: The database [C:\\\\Windows\\\\NTDS\\\\ntds.dit] format version is being held back to 8920 (0x22d8) due to application parameter setting of 0x22D8 (8920). Current default engine version: 9360 (0x2490).\",\"Task\":\"1\"}","unparsed_raw":"{\"SourceName\":\"NTDS ISAM\",\"Level\":\"4\",\"Keywords\":\"0x80000000000000\",\"Channel\":\"Directory Service\",\"Hostname\":\"DC01.pandalab.com\",\"TimeCreated\":\"2023-07-19T09:03:40.710Z\",\"@timestamp\":\"2023-07-19T09:03:40.710Z\",\"EventID\":330,\"Message\":\"NTDS (600,D,50) NTDSA: The database [C:\\\\Windows\\\\NTDS\\\\ntds.dit] format version is being held back to 8920 (0x22d8) due to application parameter setting of 0x22D8 (8920). Current default engine version: 9360 (0x2490).\",\"Task\":\"1\"}","original_format":"ndjson","quality":"Degraded","incident_id":"f8f0bfe0-9fdc-4d92-b5ba-6b8b60103385","redactions":[],"bridge_hash":null,"chain_hash":null,"parent_process_id":null,"parent_process_name":null,"lineage_chain":null,"line_id":null,"destination_ip":null,"destination_port":null,"protocol":null,"process_guid":null,"target_image":null,"granted_access":null,"evidence_vault":"artifacts/vault_CriticalIncident_20260509_100056","log_source":"cmd_dumping_ntds_dit_file_ntdsutil_cmd_dumping_ntds_dit_file_ntdsutil.json","process_id":null,"image":null,"command_line":null,"node_id":"Standalone"}
{"timestamp":"2026-05-09T10:00:55.383062600-07:00","message":"[RAW Forensic Payload] {\"SourceName\":\"NTDS ISAM\",\"Level\":\"4\",\"Keywords\":\"0x80000000000000\",\"Channel\":\"Directory Service\"...","severity":"Critical","source":"ndjson","subject_id":null,"outcome":"Degraded","metadata":{"EventID":"326","captured_message":"[RAW Forensic Payload] {\"SourceName\":\"NTDS ISAM\",\"Level\":\"4\",\"Keywords\":\"0x80000000000000\",\"Channel\":\"Directory Service\"...","evidence_vault":"artifacts/vault_CriticalIncident_20260509_100056","forensic_payload":"ntds.dit","log_source":"cmd_dumping_ntds_dit_file_ntdsutil_cmd_dumping_ntds_dit_file_ntdsutil.json","nist_category":"System & Info Integrity","nist_control_id":"SI-4 [Windows Integrity]"},"additional_context":{"SourceName":"NTDS ISAM","Level":"4","Keywords":"0x80000000000000","Channel":"Directory Service","Hostname":"DC01.pandalab.com","TimeCreated":"2023-07-19T09:03:40.710Z","@timestamp":"2023-07-19T09:03:40.710Z","EventID":326,"Message":"NTDS (600,D,50) NTDSA: The database engine attached a database (1, C:\\Windows\\NTDS\\ntds.dit). (Time=0 seconds) \r\n \r\nSaved Cache: 1 0 \r\nAdditional Data: lgposAttach = 00000003:0090:0268,\ndbv = 1568.20.0 (8920) \r\n \r\nInternal Timing Sequence: \n[1] 0.000005 +J(0)\n[2] 0.000981 -0.000561 (1) WT +J(0) +M(C:0K, Fs:19, WS:8K # 0K, PF:12K # 0K, P:12K)\n[3] 0.008509 -0.000890 (6) WT +J(CM:0, PgRf:0, Rd:0/0, Dy:0/0, Lg:3480/2) +M(C:0K, Fs:7, WS:20K # 0K, PF:20K # 0K, P:20K)\n[4] 0.003676 +J(0)\n[5] -\n[6] -\n[7] -\n[8] 0.002015 -0.000499 (1) CM -0.000423 (1) WT +J(CM:1, PgRf:2, Rd:14/1, Dy:0/0, Lg:0/0) +M(C:-4K, Fs:30, WS:116K # 0K, PF:-4K # 0K, P:-4K)\n[9] 0.021332 -0.020420 (5) CM -0.020170 (5) WT +J(CM:5, PgRf:24, Rd:0/3, Dy:0/0, Lg:0/0) +M(C:-12K, Fs:25, WS:88K # 0K, PF:180K # 0K, P:180K)\n[10] 0.001056 -0.000856 (1) CM -0.000711 (1) WT +J(CM:1, PgRf:40, Rd:0/1, Dy:0/0, Lg:0/0) +M(C:-4K, Fs:3, WS:8K # 0K, PF:-4K # 0K, P:-4K)\n[11] 0.000017 +J(CM:0, PgRf:1, Rd:0/0, Dy:0/0, Lg:0/0)\n[12] 0.000146 +J(CM:0, PgRf:48, Rd:0/0, Dy:0/0, Lg:0/0) +M(C:0K, Fs:1, WS:4K # 0K, PF:0K # 0K, P:0K)\n[13] 0.000002 +J(0)\n[14] 0.0 +J(0)\n[15] 0.000011 +J(CM:0, PgRf:1, Rd:0/0, Dy:0/0, Lg:0/0).","Task":"1"},"raw":"{\"SourceName\":\"NTDS ISAM\",\"Level\":\"4\",\"Keywords\":\"0x80000000000000\",\"Channel\":\"Directory Service\",\"Hostname\":\"DC01.pandalab.com\",\"TimeCreated\":\"2023-07-19T09:03:40.710Z\",\"@timestamp\":\"2023-07-19T09:03:40.710Z\",\"EventID\":326,\"Message\":\"NTDS (600,D,50) NTDSA: The database engine attached a database (1, C:\\\\Windows\\\\NTDS\\\\ntds.dit). (Time=0 seconds) \\r\\n \\r\\nSaved Cache: 1 0 \\r\\nAdditional Data: lgposAttach = 00000003:0090:0268,\\ndbv = 1568.20.0 (8920) \\r\\n \\r\\nInternal Timing Sequence: \\n[1] 0.000005 +J(0)\\n[2] 0.000981 -0.000561 (1) WT +J(0) +M(C:0K, Fs:19, WS:8K # 0K, PF:12K # 0K, P:12K)\\n[3] 0.008509 -0.000890 (6) WT +J(CM:0, PgRf:0, Rd:0/0, Dy:0/0, Lg:3480/2) +M(C:0K, Fs:7, WS:20K # 0K, PF:20K # 0K, P:20K)\\n[4] 0.003676 +J(0)\\n[5] -\\n[6] -\\n[7] -\\n[8] 0.002015 -0.000499 (1) CM -0.000423 (1) WT +J(CM:1, PgRf:2, Rd:14/1, Dy:0/0, Lg:0/0) +M(C:-4K, Fs:30, WS:116K # 0K, PF:-4K # 0K, P:-4K)\\n[9] 0.021332 -0.020420 (5) CM -0.020170 (5) WT +J(CM:5, PgRf:24, Rd:0/3, Dy:0/0, Lg:0/0) +M(C:-12K, Fs:25, WS:88K # 0K, PF:180K # 0K, P:180K)\\n[10] 0.001056 -0.000856 (1) CM -0.000711 (1) WT +J(CM:1, PgRf:40, Rd:0/1, Dy:0/0, Lg:0/0) +M(C:-4K, Fs:3, WS:8K # 0K, PF:-4K # 0K, P:-4K)\\n[11] 0.000017 +J(CM:0, PgRf:1, Rd:0/0, Dy:0/0, Lg:0/0)\\n[12] 0.000146 +J(CM:0, PgRf:48, Rd:0/0, Dy:0/0, Lg:0/0) +M(C:0K, Fs:1, WS:4K # 0K, PF:0K # 0K, P:0K)\\n[13] 0.000002 +J(0)\\n[14] 0.0 +J(0)\\n[15] 0.000011 +J(CM:0, PgRf:1, Rd:0/0, Dy:0/0, Lg:0/0).\",\"Task\":\"1\"}","unparsed_raw":"{\"SourceName\":\"NTDS ISAM\",\"Level\":\"4\",\"Keywords\":\"0x80000000000000\",\"Channel\":\"Directory Service\",\"Hostname\":\"DC01.pandalab.com\",\"TimeCreated\":\"2023-07-19T09:03:40.710Z\",\"@timestamp\":\"2023-07-19T09:03:40.710Z\",\"EventID\":326,\"Message\":\"NTDS (600,D,50) NTDSA: The database engine attached a database (1, C:\\\\Windows\\\\NTDS\\\\ntds.dit). (Time=0 seconds) \\r\\n \\r\\nSaved Cache: 1 0 \\r\\nAdditional Data: lgposAttach = 00000003:0090:0268,\\ndbv = 1568.20.0 (8920) \\r\\n \\r\\nInternal Timing Sequence: \\n[1] 0.000005 +J(0)\\n[2] 0.000981 -0.000561 (1) WT +J(0) +M(C:0K, Fs:19, WS:8K # 0K, PF:12K # 0K, P:12K)\\n[3] 0.008509 -0.000890 (6) WT +J(CM:0, PgRf:0, Rd:0/0, Dy:0/0, Lg:3480/2) +M(C:0K, Fs:7, WS:20K # 0K, PF:20K # 0K, P:20K)\\n[4] 0.003676 +J(0)\\n[5] -\\n[6] -\\n[7] -\\n[8] 0.002015 -0.000499 (1) CM -0.000423 (1) WT +J(CM:1, PgRf:2, Rd:14/1, Dy:0/0, Lg:0/0) +M(C:-4K, Fs:30, WS:116K # 0K, PF:-4K # 0K, P:-4K)\\n[9] 0.021332 -0.020420 (5) CM -0.020170 (5) WT +J(CM:5, PgRf:24, Rd:0/3, Dy:0/0, Lg:0/0) +M(C:-12K, Fs:25, WS:88K # 0K, PF:180K # 0K, P:180K)\\n[10] 0.001056 -0.000856 (1) CM -0.000711 (1) WT +J(CM:1, PgRf:40, Rd:0/1, Dy:0/0, Lg:0/0) +M(C:-4K, Fs:3, WS:8K # 0K, PF:-4K # 0K, P:-4K)\\n[11] 0.000017 +J(CM:0, PgRf:1, Rd:0/0, Dy:0/0, Lg:0/0)\\n[12] 0.000146 +J(CM:0, PgRf:48, Rd:0/0, Dy:0/0, Lg:0/0) +M(C:0K, Fs:1, WS:4K # 0K, PF:0K # 0K, P:0K)\\n[13] 0.000002 +J(0)\\n[14] 0.0 +J(0)\\n[15] 0.000011 +J(CM:0, PgRf:1, Rd:0/0, Dy:0/0, Lg:0/0).\",\"Task\":\"1\"}","original_format":"ndjson","quality":"Degraded","incident_id":"f8f0bfe0-9fdc-4d92-b5ba-6b8b60103385","redactions":[],"bridge_hash":null,"chain_hash":null,"parent_process_id":null,"parent_process_name":null,"lineage_chain":null,"line_id":null,"destination_ip":null,"destination_port":null,"protocol":null,"process_guid":null,"target_image":null,"granted_access":null,"evidence_vault":"artifacts/vault_CriticalIncident_20260509_100056","log_source":"cmd_dumping_ntds_dit_file_ntdsutil_cmd_dumping_ntds_dit_file_ntdsutil.json","process_id":null,"image":null,"command_line":null,"node_id":"Standalone"}
{"timestamp":"2026-05-09T10:00:55.383123300-07:00","message":"[RAW Forensic Payload] {\"SourceName\":\"NTDS ISAM\",\"Level\":\"4\",\"Keywords\":\"0x80000000000000\",\"Channel\":\"Directory Service\"...","severity":"Info","source":"ndjson","subject_id":null,"outcome":"Degraded","metadata":{"EventID":"330","captured_message":"[RAW Forensic Payload] {\"SourceName\":\"NTDS ISAM\",\"Level\":\"4\",\"Keywords\":\"0x80000000000000\",\"Channel\":\"Directory Service\"...","log_source":"cmd_dumping_ntds_dit_file_ntdsutil_cmd_dumping_ntds_dit_file_ntdsutil.json","nist_category":"System and Information Integrity","nist_control_id":"SI-4 [Windows Integrity]"},"additional_context":{"SourceName":"NTDS ISAM","Level":"4","Keywords":"0x80000000000000","Channel":"Directory Service","Hostname":"DC01.pandalab.com","TimeCreated":"2023-07-19T09:03:40.710Z","@timestamp":"2023-07-19T09:03:40.710Z","EventID":330,"Message":"NTDS (600,D,2) NTDSA: The database [C:\\Windows\\NTDS\\temp.edb] format version is being held back to 8920 (0x22d8) due to application parameter setting of 0x22D8 (8920). Current default engine version: 9360 (0x2490).","Task":"1"},"raw":"{\"SourceName\":\"NTDS ISAM\",\"Level\":\"4\",\"Keywords\":\"0x80000000000000\",\"Channel\":\"Directory Service\",\"Hostname\":\"DC01.pandalab.com\",\"TimeCreated\":\"2023-07-19T09:03:40.710Z\",\"@timestamp\":\"2023-07-19T09:03:40.710Z\",\"EventID\":330,\"Message\":\"NTDS (600,D,2) NTDSA: The database [C:\\\\Windows\\\\NTDS\\\\temp.edb] format version is being held back to 8920 (0x22d8) due to application parameter setting of 0x22D8 (8920). Current default engine version: 9360 (0x2490).\",\"Task\":\"1\"}","unparsed_raw":"{\"SourceName\":\"NTDS ISAM\",\"Level\":\"4\",\"Keywords\":\"0x80000000000000\",\"Channel\":\"Directory Service\",\"Hostname\":\"DC01.pandalab.com\",\"TimeCreated\":\"2023-07-19T09:03:40.710Z\",\"@timestamp\":\"2023-07-19T09:03:40.710Z\",\"EventID\":330,\"Message\":\"NTDS (600,D,2) NTDSA: The database [C:\\\\Windows\\\\NTDS\\\\temp.edb] format version is being held back to 8920 (0x22d8) due to application parameter setting of 0x22D8 (8920). Current default engine version: 9360 (0x2490).\",\"Task\":\"1\"}","original_format":"ndjson","quality":"Degraded","incident_id":"f8f0bfe0-9fdc-4d92-b5ba-6b8b60103385","redactions":[],"bridge_hash":null,"chain_hash":null,"parent_process_id":null,"parent_process_name":null,"lineage_chain":null,"line_id":null,"destination_ip":null,"destination_port":null,"protocol":null,"process_guid":null,"target_image":null,"granted_access":null,"evidence_vault":null,"log_source":"cmd_dumping_ntds_dit_file_ntdsutil_cmd_dumping_ntds_dit_file_ntdsutil.json","process_id":null,"image":null,"command_line":null,"node_id":"Standalone"}
{"timestamp":"2026-05-09T10:00:55.383179700-07:00","message":"[RAW Forensic Payload] {\"SourceName\":\"NTDS ISAM\",\"Level\":\"4\",\"Keywords\":\"0x80000000000000\",\"Channel\":\"Directory Service\"...","severity":"Info","source":"ndjson","subject_id":null,"outcome":"Degraded","metadata":{"EventID":"2001","captured_message":"[RAW Forensic Payload] {\"SourceName\":\"NTDS ISAM\",\"Level\":\"4\",\"Keywords\":\"0x80000000000000\",\"Channel\":\"Directory Service\"...","log_source":"cmd_dumping_ntds_dit_file_ntdsutil_cmd_dumping_ntds_dit_file_ntdsutil.json","nist_category":"System and Information Integrity","nist_control_id":"SI-4 [Windows Integrity]"},"additional_context":{"SourceName":"NTDS ISAM","Level":"4","Keywords":"0x80000000000000","Channel":"Directory Service","Hostname":"DC01.pandalab.com","TimeCreated":"2023-07-19T09:03:40.789Z","@timestamp":"2023-07-19T09:03:40.789Z","EventID":2001,"Message":"NTDS (600,D,0) NTDSA: Shadow copy instance 1 freeze started.","Task":"16"},"raw":"{\"SourceName\":\"NTDS ISAM\",\"Level\":\"4\",\"Keywords\":\"0x80000000000000\",\"Channel\":\"Directory Service\",\"Hostname\":\"DC01.pandalab.com\",\"TimeCreated\":\"2023-07-19T09:03:40.789Z\",\"@timestamp\":\"2023-07-19T09:03:40.789Z\",\"EventID\":2001,\"Message\":\"NTDS (600,D,0) NTDSA: Shadow copy instance 1 freeze started.\",\"Task\":\"16\"}","unparsed_raw":"{\"SourceName\":\"NTDS ISAM\",\"Level\":\"4\",\"Keywords\":\"0x80000000000000\",\"Channel\":\"Directory Service\",\"Hostname\":\"DC01.pandalab.com\",\"TimeCreated\":\"2023-07-19T09:03:40.789Z\",\"@timestamp\":\"2023-07-19T09:03:40.789Z\",\"EventID\":2001,\"Message\":\"NTDS (600,D,0) NTDSA: Shadow copy instance 1 freeze started.\",\"Task\":\"16\"}","original_format":"ndjson","quality":"Degraded","incident_id":"f8f0bfe0-9fdc-4d92-b5ba-6b8b60103385","redactions":[],"bridge_hash":null,"chain_hash":null,"parent_process_id":null,"parent_process_name":null,"lineage_chain":null,"line_id":null,"destination_ip":null,"destination_port":null,"protocol":null,"process_guid":null,"target_image":null,"granted_access":null,"evidence_vault":null,"log_source":"cmd_dumping_ntds_dit_file_ntdsutil_cmd_dumping_ntds_dit_file_ntdsutil.json","process_id":null,"image":null,"command_line":null,"node_id":"Standalone"}
{"timestamp":"2026-05-09T10:00:55.383236400-07:00","message":"[RAW Forensic Payload] {\"SourceName\":\"Microsoft-Windows-ActiveDirectory_DomainService\",\"ProviderGuid\":\"{0e8478c5-3605-4e...","severity":"Info","source":"ndjson","subject_id":null,"outcome":"Degraded","metadata":{"EventID":"1917","captured_message":"[RAW Forensic Payload] {\"SourceName\":\"Microsoft-Windows-ActiveDirectory_DomainService\",\"ProviderGuid\":\"{0e8478c5-3605-4e...","log_source":"cmd_dumping_ntds_dit_file_ntdsutil_cmd_dumping_ntds_dit_file_ntdsutil.json","nist_category":"System and Information Integrity","nist_control_id":"SI-4 [Windows Integrity]"},"additional_context":{"SourceName":"Microsoft-Windows-ActiveDirectory_DomainService","ProviderGuid":"{0e8478c5-3605-4e8c-8497-1e730c959516}","Level":"4","Keywords":"0x8080000000000000","Channel":"Directory Service","Hostname":"DC01.pandalab.com","TimeCreated":"2023-07-19T09:03:48.742Z","@timestamp":"2023-07-19T09:03:48.742Z","EventID":1917,"Message":"The shadow copy backup for Active Directory Domain Services was successful.","Task":"14"},"raw":"{\"SourceName\":\"Microsoft-Windows-ActiveDirectory_DomainService\",\"ProviderGuid\":\"{0e8478c5-3605-4e8c-8497-1e730c959516}\",\"Level\":\"4\",\"Keywords\":\"0x8080000000000000\",\"Channel\":\"Directory Service\",\"Hostname\":\"DC01.pandalab.com\",\"TimeCreated\":\"2023-07-19T09:03:48.742Z\",\"@timestamp\":\"2023-07-19T09:03:48.742Z\",\"EventID\":1917,\"Message\":\"The shadow copy backup for Active Directory Domain Services was successful.\",\"Task\":\"14\"}","unparsed_raw":"{\"SourceName\":\"Microsoft-Windows-ActiveDirectory_DomainService\",\"ProviderGuid\":\"{0e8478c5-3605-4e8c-8497-1e730c959516}\",\"Level\":\"4\",\"Keywords\":\"0x8080000000000000\",\"Channel\":\"Directory Service\",\"Hostname\":\"DC01.pandalab.com\",\"TimeCreated\":\"2023-07-19T09:03:48.742Z\",\"@timestamp\":\"2023-07-19T09:03:48.742Z\",\"EventID\":1917,\"Message\":\"The shadow copy backup for Active Directory Domain Services was successful.\",\"Task\":\"14\"}","original_format":"ndjson","quality":"Degraded","incident_id":"f8f0bfe0-9fdc-4d92-b5ba-6b8b60103385","redactions":[],"bridge_hash":null,"chain_hash":null,"parent_process_id":null,"parent_process_name":null,"lineage_chain":null,"line_id":null,"destination_ip":null,"destination_port":null,"protocol":null,"process_guid":null,"target_image":null,"granted_access":null,"evidence_vault":null,"log_source":"cmd_dumping_ntds_dit_file_ntdsutil_cmd_dumping_ntds_dit_file_ntdsutil.json","process_id":null,"image":null,"command_line":null,"node_id":"Standalone"}
{"timestamp":"2026-05-09T10:00:55.383307900-07:00","message":"[RAW Forensic Payload] {\"SourceName\":\"ESENT\",\"Level\":\"2\",\"Keywords\":\"0x80000000000000\",\"Channel\":\"Application\",\"Hostname...","severity":"Info","source":"ndjson","subject_id":null,"outcome":"Degraded","metadata":{"EventID":"412","captured_message":"[RAW Forensic Payload] {\"SourceName\":\"ESENT\",\"Level\":\"2\",\"Keywords\":\"0x80000000000000\",\"Channel\":\"Application\",\"Hostname...","log_source":"cmd_dumping_ntds_dit_file_ntdsutil_cmd_dumping_ntds_dit_file_ntdsutil.json","nist_category":"System and Information Integrity","nist_control_id":"SI-4 [Windows Integrity]"},"additional_context":{"SourceName":"ESENT","Level":"2","Keywords":"0x80000000000000","Channel":"Application","Hostname":"DC01.pandalab.com","TimeCreated":"2023-07-19T09:02:19.829Z","@timestamp":"2023-07-19T09:02:19.829Z","EventID":412,"Message":"taskhostw (4596,R,98) WebCacheLocal: Unable to read the header of logfile C:\\Users\\Administrator\\AppData\\Local\\Microsoft\\Windows\\WebCache\\V01.log. Error -501.","Task":"3"},"raw":"{\"SourceName\":\"ESENT\",\"Level\":\"2\",\"Keywords\":\"0x80000000000000\",\"Channel\":\"Application\",\"Hostname\":\"DC01.pandalab.com\",\"TimeCreated\":\"2023-07-19T09:02:19.829Z\",\"@timestamp\":\"2023-07-19T09:02:19.829Z\",\"EventID\":412,\"Message\":\"taskhostw (4596,R,98) WebCacheLocal: Unable to read the header of logfile C:\\\\Users\\\\Administrator\\\\AppData\\\\Local\\\\Microsoft\\\\Windows\\\\WebCache\\\\V01.log. Error -501.\",\"Task\":\"3\"}","unparsed_raw":"{\"SourceName\":\"ESENT\",\"Level\":\"2\",\"Keywords\":\"0x80000000000000\",\"Channel\":\"Application\",\"Hostname\":\"DC01.pandalab.com\",\"TimeCreated\":\"2023-07-19T09:02:19.829Z\",\"@timestamp\":\"2023-07-19T09:02:19.829Z\",\"EventID\":412,\"Message\":\"taskhostw (4596,R,98) WebCacheLocal: Unable to read the header of logfile C:\\\\Users\\\\Administrator\\\\AppData\\\\Local\\\\Microsoft\\\\Windows\\\\WebCache\\\\V01.log. Error -501.\",\"Task\":\"3\"}","original_format":"ndjson","quality":"Degraded","incident_id":"f8f0bfe0-9fdc-4d92-b5ba-6b8b60103385","redactions":[],"bridge_hash":null,"chain_hash":null,"parent_process_id":null,"parent_process_name":null,"lineage_chain":null,"line_id":null,"destination_ip":null,"destination_port":null,"protocol":null,"process_guid":null,"target_image":null,"granted_access":null,"evidence_vault":null,"log_source":"cmd_dumping_ntds_dit_file_ntdsutil_cmd_dumping_ntds_dit_file_ntdsutil.json","process_id":null,"image":null,"command_line":null,"node_id":"Standalone"}
{"timestamp":"2026-05-09T10:00:55.383380100-07:00","message":"[RAW Forensic Payload] {\"SourceName\":\"ESENT\",\"Level\":\"2\",\"Keywords\":\"0x80000000000000\",\"Channel\":\"Application\",\"Hostname...","severity":"Info","source":"ndjson","subject_id":null,"outcome":"Degraded","metadata":{"EventID":"412","captured_message":"[RAW Forensic Payload] {\"SourceName\":\"ESENT\",\"Level\":\"2\",\"Keywords\":\"0x80000000000000\",\"Channel\":\"Application\",\"Hostname...","log_source":"cmd_dumping_ntds_dit_file_ntdsutil_cmd_dumping_ntds_dit_file_ntdsutil.json","nist_category":"System and Information Integrity","nist_control_id":"SI-4 [Windows Integrity]"},"additional_context":{"SourceName":"ESENT","Level":"2","Keywords":"0x80000000000000","Channel":"Application","Hostname":"DC01.pandalab.com","TimeCreated":"2023-07-19T09:02:20.040Z","@timestamp":"2023-07-19T09:02:20.040Z","EventID":412,"Message":"taskhostw (4596,R,98) WebCacheLocal: Unable to read the header of logfile C:\\Users\\Administrator\\AppData\\Local\\Microsoft\\Windows\\WebCache\\V01.log. Error -501.","Task":"3"},"raw":"{\"SourceName\":\"ESENT\",\"Level\":\"2\",\"Keywords\":\"0x80000000000000\",\"Channel\":\"Application\",\"Hostname\":\"DC01.pandalab.com\",\"TimeCreated\":\"2023-07-19T09:02:20.040Z\",\"@timestamp\":\"2023-07-19T09:02:20.040Z\",\"EventID\":412,\"Message\":\"taskhostw (4596,R,98) WebCacheLocal: Unable to read the header of logfile C:\\\\Users\\\\Administrator\\\\AppData\\\\Local\\\\Microsoft\\\\Windows\\\\WebCache\\\\V01.log. Error -501.\",\"Task\":\"3\"}","unparsed_raw":"{\"SourceName\":\"ESENT\",\"Level\":\"2\",\"Keywords\":\"0x80000000000000\",\"Channel\":\"Application\",\"Hostname\":\"DC01.pandalab.com\",\"TimeCreated\":\"2023-07-19T09:02:20.040Z\",\"@timestamp\":\"2023-07-19T09:02:20.040Z\",\"EventID\":412,\"Message\":\"taskhostw (4596,R,98) WebCacheLocal: Unable to read the header of logfile C:\\\\Users\\\\Administrator\\\\AppData\\\\Local\\\\Microsoft\\\\Windows\\\\WebCache\\\\V01.log. Error -501.\",\"Task\":\"3\"}","original_format":"ndjson","quality":"Degraded","incident_id":"f8f0bfe0-9fdc-4d92-b5ba-6b8b60103385","redactions":[],"bridge_hash":null,"chain_hash":null,"parent_process_id":null,"parent_process_name":null,"lineage_chain":null,"line_id":null,"destination_ip":null,"destination_port":null,"protocol":null,"process_guid":null,"target_image":null,"granted_access":null,"evidence_vault":null,"log_source":"cmd_dumping_ntds_dit_file_ntdsutil_cmd_dumping_ntds_dit_file_ntdsutil.json","process_id":null,"image":null,"command_line":null,"node_id":"Standalone"}
{"timestamp":"2026-05-09T10:00:55.383441400-07:00","message":"[RAW Forensic Payload] {\"SourceName\":\"ESENT\",\"Level\":\"2\",\"Keywords\":\"0x80000000000000\",\"Channel\":\"Application\",\"Hostname...","severity":"Info","source":"ndjson","subject_id":null,"outcome":"Degraded","metadata":{"EventID":"412","captured_message":"[RAW Forensic Payload] {\"SourceName\":\"ESENT\",\"Level\":\"2\",\"Keywords\":\"0x80000000000000\",\"Channel\":\"Application\",\"Hostname...","log_source":"cmd_dumping_ntds_dit_file_ntdsutil_cmd_dumping_ntds_dit_file_ntdsutil.json","nist_category":"System and Information Integrity","nist_control_id":"SI-4 [Windows Integrity]"},"additional_context":{"SourceName":"ESENT","Level":"2","Keywords":"0x80000000000000","Channel":"Application","Hostname":"DC01.pandalab.com","TimeCreated":"2023-07-19T09:02:20.052Z","@timestamp":"2023-07-19T09:02:20.052Z","EventID":412,"Message":"taskhostw (4596,R,98) WebCacheLocal: Unable to read the header of logfile C:\\Users\\Administrator\\AppData\\Local\\Microsoft\\Windows\\WebCache\\V01.log. Error -501.","Task":"3"},"raw":"{\"SourceName\":\"ESENT\",\"Level\":\"2\",\"Keywords\":\"0x80000000000000\",\"Channel\":\"Application\",\"Hostname\":\"DC01.pandalab.com\",\"TimeCreated\":\"2023-07-19T09:02:20.052Z\",\"@timestamp\":\"2023-07-19T09:02:20.052Z\",\"EventID\":412,\"Message\":\"taskhostw (4596,R,98) WebCacheLocal: Unable to read the header of logfile C:\\\\Users\\\\Administrator\\\\AppData\\\\Local\\\\Microsoft\\\\Windows\\\\WebCache\\\\V01.log. Error -501.\",\"Task\":\"3\"}","unparsed_raw":"{\"SourceName\":\"ESENT\",\"Level\":\"2\",\"Keywords\":\"0x80000000000000\",\"Channel\":\"Application\",\"Hostname\":\"DC01.pandalab.com\",\"TimeCreated\":\"2023-07-19T09:02:20.052Z\",\"@timestamp\":\"2023-07-19T09:02:20.052Z\",\"EventID\":412,\"Message\":\"taskhostw (4596,R,98) WebCacheLocal: Unable to read the header of logfile C:\\\\Users\\\\Administrator\\\\AppData\\\\Local\\\\Microsoft\\\\Windows\\\\WebCache\\\\V01.log. Error -501.\",\"Task\":\"3\"}","original_format":"ndjson","quality":"Degraded","incident_id":"f8f0bfe0-9fdc-4d92-b5ba-6b8b60103385","redactions":[],"bridge_hash":null,"chain_hash":null,"parent_process_id":null,"parent_process_name":null,"lineage_chain":null,"line_id":null,"destination_ip":null,"destination_port":null,"protocol":null,"process_guid":null,"target_image":null,"granted_access":null,"evidence_vault":null,"log_source":"cmd_dumping_ntds_dit_file_ntdsutil_cmd_dumping_ntds_dit_file_ntdsutil.json","process_id":null,"image":null,"command_line":null,"node_id":"Standalone"}
