{"timestamp":"2026-05-09T10:00:55.389789100-07:00","message":"[RAW Forensic Payload] {\"SourceName\":\"Microsoft-Windows-Security-Auditing\",\"ProviderGuid\":\"{54849625-5478-4994-a5ba-3e3b...","severity":"Info","source":"ndjson","subject_id":null,"outcome":"Degraded","metadata":{"EventID":"5156","captured_message":"[RAW Forensic Payload] {\"SourceName\":\"Microsoft-Windows-Security-Auditing\",\"ProviderGuid\":\"{54849625-5478-4994-a5ba-3e3b...","log_source":"cmd_dumping_ntds_dit_file_ntdsutil_cmd_dumping_ntds_dit_file_ntdsutil.json","nist_category":"System and Information Integrity","nist_control_id":"SI-4 [Windows Integrity]"},"additional_context":{"SourceName":"Microsoft-Windows-Security-Auditing","ProviderGuid":"{54849625-5478-4994-a5ba-3e3b0328c30d}","Level":"0","Keywords":"0x8020000000000000","Channel":"Security","Hostname":"DC01.pandalab.com","TimeCreated":"2023-07-19T09:02:20.183Z","@timestamp":"2023-07-19T09:02:20.183Z","EventID":5156,"Message":"The Windows Filtering Platform has permitted a connection.\r\n\r\nApplication Information:\r\n\tProcess ID:\t\t2348\r\n\tApplication Name:\t\\device\\harddiskvolume2\\windows\\system32\\dns.exe\r\n\r\nNetwork Information:\r\n\tDirection:\t\tOutbound\r\n\tSource Address:\t\tfe80::3b31:a8fa:5adc:7b9e\r\n\tSource Port:\t\t52888\r\n\tDestination Address:\t2001:503:ba3e::2:30\r\n\tDestination Port:\t\t53\r\n\tProtocol:\t\t17\r\n\tInterface Index:\t\t10\r\n\r\nFilter Information:\r\n\tFilter Origin:\t\tUnknown\r\n\tFilter Run-Time ID:\t71055\r\n\tLayer Name:\t\tConnect\r\n\tLayer Run-Time ID:\t50\r\n\tRemote User ID:\t\tS-1-0-0\r\n\tRemote Machine ID:\tS-1-0-0","Task":"12810","ProcessID":"2348","Application":"\\device\\harddiskvolume2\\windows\\system32\\dns.exe","Direction":"%%14593","SourceAddress":"fe80::3b31:a8fa:5adc:7b9e","SourcePort":"52888","DestAddress":"2001:503:ba3e::2:30","DestPort":"53","Protocol":"17","InterfaceIndex":"10","FilterOrigin":"Unknown","FilterRTID":"71055","LayerName":"%%14611","LayerRTID":"50","RemoteUserID":"S-1-0-0","RemoteMachineID":"S-1-0-0"},"raw":"{\"SourceName\":\"Microsoft-Windows-Security-Auditing\",\"ProviderGuid\":\"{54849625-5478-4994-a5ba-3e3b0328c30d}\",\"Level\":\"0\",\"Keywords\":\"0x8020000000000000\",\"Channel\":\"Security\",\"Hostname\":\"DC01.pandalab.com\",\"TimeCreated\":\"2023-07-19T09:02:20.183Z\",\"@timestamp\":\"2023-07-19T09:02:20.183Z\",\"EventID\":5156,\"Message\":\"The Windows Filtering Platform has permitted a connection.\\r\\n\\r\\nApplication Information:\\r\\n\\tProcess ID:\\t\\t2348\\r\\n\\tApplication Name:\\t\\\\device\\\\harddiskvolume2\\\\windows\\\\system32\\\\dns.exe\\r\\n\\r\\nNetwork Information:\\r\\n\\tDirection:\\t\\tOutbound\\r\\n\\tSource Address:\\t\\tfe80::3b31:a8fa:5adc:7b9e\\r\\n\\tSource Port:\\t\\t52888\\r\\n\\tDestination Address:\\t2001:503:ba3e::2:30\\r\\n\\tDestination Port:\\t\\t53\\r\\n\\tProtocol:\\t\\t17\\r\\n\\tInterface Index:\\t\\t10\\r\\n\\r\\nFilter Information:\\r\\n\\tFilter Origin:\\t\\tUnknown\\r\\n\\tFilter Run-Time ID:\\t71055\\r\\n\\tLayer Name:\\t\\tConnect\\r\\n\\tLayer Run-Time ID:\\t50\\r\\n\\tRemote User ID:\\t\\tS-1-0-0\\r\\n\\tRemote Machine ID:\\tS-1-0-0\",\"Task\":\"12810\",\"ProcessID\":\"2348\",\"Application\":\"\\\\device\\\\harddiskvolume2\\\\windows\\\\system32\\\\dns.exe\",\"Direction\":\"%%14593\",\"SourceAddress\":\"fe80::3b31:a8fa:5adc:7b9e\",\"SourcePort\":\"52888\",\"DestAddress\":\"2001:503:ba3e::2:30\",\"DestPort\":\"53\",\"Protocol\":\"17\",\"InterfaceIndex\":\"10\",\"FilterOrigin\":\"Unknown\",\"FilterRTID\":\"71055\",\"LayerName\":\"%%14611\",\"LayerRTID\":\"50\",\"RemoteUserID\":\"S-1-0-0\",\"RemoteMachineID\":\"S-1-0-0\"}","unparsed_raw":"{\"SourceName\":\"Microsoft-Windows-Security-Auditing\",\"ProviderGuid\":\"{54849625-5478-4994-a5ba-3e3b0328c30d}\",\"Level\":\"0\",\"Keywords\":\"0x8020000000000000\",\"Channel\":\"Security\",\"Hostname\":\"DC01.pandalab.com\",\"TimeCreated\":\"2023-07-19T09:02:20.183Z\",\"@timestamp\":\"2023-07-19T09:02:20.183Z\",\"EventID\":5156,\"Message\":\"The Windows Filtering Platform has permitted a connection.\\r\\n\\r\\nApplication Information:\\r\\n\\tProcess ID:\\t\\t2348\\r\\n\\tApplication Name:\\t\\\\device\\\\harddiskvolume2\\\\windows\\\\system32\\\\dns.exe\\r\\n\\r\\nNetwork Information:\\r\\n\\tDirection:\\t\\tOutbound\\r\\n\\tSource Address:\\t\\tfe80::3b31:a8fa:5adc:7b9e\\r\\n\\tSource Port:\\t\\t52888\\r\\n\\tDestination Address:\\t2001:503:ba3e::2:30\\r\\n\\tDestination Port:\\t\\t53\\r\\n\\tProtocol:\\t\\t17\\r\\n\\tInterface Index:\\t\\t10\\r\\n\\r\\nFilter Information:\\r\\n\\tFilter Origin:\\t\\tUnknown\\r\\n\\tFilter Run-Time ID:\\t71055\\r\\n\\tLayer Name:\\t\\tConnect\\r\\n\\tLayer Run-Time ID:\\t50\\r\\n\\tRemote User ID:\\t\\tS-1-0-0\\r\\n\\tRemote Machine ID:\\tS-1-0-0\",\"Task\":\"12810\",\"ProcessID\":\"2348\",\"Application\":\"\\\\device\\\\harddiskvolume2\\\\windows\\\\system32\\\\dns.exe\",\"Direction\":\"%%14593\",\"SourceAddress\":\"fe80::3b31:a8fa:5adc:7b9e\",\"SourcePort\":\"52888\",\"DestAddress\":\"2001:503:ba3e::2:30\",\"DestPort\":\"53\",\"Protocol\":\"17\",\"InterfaceIndex\":\"10\",\"FilterOrigin\":\"Unknown\",\"FilterRTID\":\"71055\",\"LayerName\":\"%%14611\",\"LayerRTID\":\"50\",\"RemoteUserID\":\"S-1-0-0\",\"RemoteMachineID\":\"S-1-0-0\"}","original_format":"ndjson","quality":"Degraded","incident_id":"f8f0bfe0-9fdc-4d92-b5ba-6b8b60103385","redactions":[],"bridge_hash":null,"chain_hash":null,"parent_process_id":null,"parent_process_name":null,"lineage_chain":null,"line_id":null,"destination_ip":null,"destination_port":null,"protocol":null,"process_guid":null,"target_image":null,"granted_access":null,"evidence_vault":null,"log_source":"cmd_dumping_ntds_dit_file_ntdsutil_cmd_dumping_ntds_dit_file_ntdsutil.json","process_id":null,"image":null,"command_line":null,"node_id":"Standalone"}
{"timestamp":"2026-05-09T10:00:55.389894-07:00","message":"[RAW Forensic Payload] {\"SourceName\":\"Microsoft-Windows-Security-Auditing\",\"ProviderGuid\":\"{54849625-5478-4994-a5ba-3e3b...","severity":"Info","source":"ndjson","subject_id":null,"outcome":"Degraded","metadata":{"EventID":"5152","captured_message":"[RAW Forensic Payload] {\"SourceName\":\"Microsoft-Windows-Security-Auditing\",\"ProviderGuid\":\"{54849625-5478-4994-a5ba-3e3b...","log_source":"cmd_dumping_ntds_dit_file_ntdsutil_cmd_dumping_ntds_dit_file_ntdsutil.json","nist_category":"System and Information Integrity","nist_control_id":"SI-4 [Windows Integrity]"},"additional_context":{"SourceName":"Microsoft-Windows-Security-Auditing","ProviderGuid":"{54849625-5478-4994-a5ba-3e3b0328c30d}","Level":"0","Keywords":"0x8010000000000000","Channel":"Security","Hostname":"DC01.pandalab.com","TimeCreated":"2023-07-19T09:02:20.183Z","@timestamp":"2023-07-19T09:02:20.183Z","EventID":5152,"Message":"The Windows Filtering Platform has blocked a packet.\r\n\r\nApplication Information:\r\n\tProcess ID:\t\t0\r\n\tApplication Name:\t-\r\n\r\nNetwork Information:\r\n\tDirection:\t\tInbound\r\n\tSource Address:\t\t192.112.36.4\r\n\tSource Port:\t\t53\r\n\tDestination Address:\t192.168.1.4\r\n\tDestination Port:\t\t49977\r\n\tProtocol:\t\t17\r\n\r\nFilter Information:\r\n\tFilter Origin:\t\tQuery User Default\r\n\tFilter Run-Time ID:\t71038\r\n\tLayer Name:\t\tICMP Error\r\n\tLayer Run-Time ID:\t28","Task":"12809","ProcessId":"0","Application":"-","Direction":"%%14592","SourceAddress":"192.112.36.4","SourcePort":"53","DestAddress":"192.168.1.4","DestPort":"49977","Protocol":"17","FilterOrigin":"Query User Default","FilterRTID":"71038","LayerName":"%%14601","LayerRTID":"28"},"raw":"{\"SourceName\":\"Microsoft-Windows-Security-Auditing\",\"ProviderGuid\":\"{54849625-5478-4994-a5ba-3e3b0328c30d}\",\"Level\":\"0\",\"Keywords\":\"0x8010000000000000\",\"Channel\":\"Security\",\"Hostname\":\"DC01.pandalab.com\",\"TimeCreated\":\"2023-07-19T09:02:20.183Z\",\"@timestamp\":\"2023-07-19T09:02:20.183Z\",\"EventID\":5152,\"Message\":\"The Windows Filtering Platform has blocked a packet.\\r\\n\\r\\nApplication Information:\\r\\n\\tProcess ID:\\t\\t0\\r\\n\\tApplication Name:\\t-\\r\\n\\r\\nNetwork Information:\\r\\n\\tDirection:\\t\\tInbound\\r\\n\\tSource Address:\\t\\t192.112.36.4\\r\\n\\tSource Port:\\t\\t53\\r\\n\\tDestination Address:\\t192.168.1.4\\r\\n\\tDestination Port:\\t\\t49977\\r\\n\\tProtocol:\\t\\t17\\r\\n\\r\\nFilter Information:\\r\\n\\tFilter Origin:\\t\\tQuery User Default\\r\\n\\tFilter Run-Time ID:\\t71038\\r\\n\\tLayer Name:\\t\\tICMP Error\\r\\n\\tLayer Run-Time ID:\\t28\",\"Task\":\"12809\",\"ProcessId\":\"0\",\"Application\":\"-\",\"Direction\":\"%%14592\",\"SourceAddress\":\"192.112.36.4\",\"SourcePort\":\"53\",\"DestAddress\":\"192.168.1.4\",\"DestPort\":\"49977\",\"Protocol\":\"17\",\"FilterOrigin\":\"Query User Default\",\"FilterRTID\":\"71038\",\"LayerName\":\"%%14601\",\"LayerRTID\":\"28\"}","unparsed_raw":"{\"SourceName\":\"Microsoft-Windows-Security-Auditing\",\"ProviderGuid\":\"{54849625-5478-4994-a5ba-3e3b0328c30d}\",\"Level\":\"0\",\"Keywords\":\"0x8010000000000000\",\"Channel\":\"Security\",\"Hostname\":\"DC01.pandalab.com\",\"TimeCreated\":\"2023-07-19T09:02:20.183Z\",\"@timestamp\":\"2023-07-19T09:02:20.183Z\",\"EventID\":5152,\"Message\":\"The Windows Filtering Platform has blocked a packet.\\r\\n\\r\\nApplication Information:\\r\\n\\tProcess ID:\\t\\t0\\r\\n\\tApplication Name:\\t-\\r\\n\\r\\nNetwork Information:\\r\\n\\tDirection:\\t\\tInbound\\r\\n\\tSource Address:\\t\\t192.112.36.4\\r\\n\\tSource Port:\\t\\t53\\r\\n\\tDestination Address:\\t192.168.1.4\\r\\n\\tDestination Port:\\t\\t49977\\r\\n\\tProtocol:\\t\\t17\\r\\n\\r\\nFilter Information:\\r\\n\\tFilter Origin:\\t\\tQuery User Default\\r\\n\\tFilter Run-Time ID:\\t71038\\r\\n\\tLayer Name:\\t\\tICMP Error\\r\\n\\tLayer Run-Time ID:\\t28\",\"Task\":\"12809\",\"ProcessId\":\"0\",\"Application\":\"-\",\"Direction\":\"%%14592\",\"SourceAddress\":\"192.112.36.4\",\"SourcePort\":\"53\",\"DestAddress\":\"192.168.1.4\",\"DestPort\":\"49977\",\"Protocol\":\"17\",\"FilterOrigin\":\"Query User Default\",\"FilterRTID\":\"71038\",\"LayerName\":\"%%14601\",\"LayerRTID\":\"28\"}","original_format":"ndjson","quality":"Degraded","incident_id":"f8f0bfe0-9fdc-4d92-b5ba-6b8b60103385","redactions":[],"bridge_hash":null,"chain_hash":null,"parent_process_id":null,"parent_process_name":null,"lineage_chain":null,"line_id":null,"destination_ip":null,"destination_port":null,"protocol":null,"process_guid":null,"target_image":null,"granted_access":null,"evidence_vault":null,"log_source":"cmd_dumping_ntds_dit_file_ntdsutil_cmd_dumping_ntds_dit_file_ntdsutil.json","process_id":0,"image":null,"command_line":null,"node_id":"Standalone"}
{"timestamp":"2026-05-09T10:00:55.390010800-07:00","message":"[RAW Forensic Payload] {\"SourceName\":\"Microsoft-Windows-Security-Auditing\",\"ProviderGuid\":\"{54849625-5478-4994-a5ba-3e3b...","severity":"Info","source":"ndjson","subject_id":null,"outcome":"Degraded","metadata":{"EventID":"5156","captured_message":"[RAW Forensic Payload] {\"SourceName\":\"Microsoft-Windows-Security-Auditing\",\"ProviderGuid\":\"{54849625-5478-4994-a5ba-3e3b...","log_source":"cmd_dumping_ntds_dit_file_ntdsutil_cmd_dumping_ntds_dit_file_ntdsutil.json","nist_category":"System and Information Integrity","nist_control_id":"SI-4 [Windows Integrity]"},"additional_context":{"SourceName":"Microsoft-Windows-Security-Auditing","ProviderGuid":"{54849625-5478-4994-a5ba-3e3b0328c30d}","Level":"0","Keywords":"0x8020000000000000","Channel":"Security","Hostname":"DC01.pandalab.com","TimeCreated":"2023-07-19T09:02:23.803Z","@timestamp":"2023-07-19T09:02:23.803Z","EventID":5156,"Message":"The Windows Filtering Platform has permitted a connection.\r\n\r\nApplication Information:\r\n\tProcess ID:\t\t4\r\n\tApplication Name:\tSystem\r\n\r\nNetwork Information:\r\n\tDirection:\t\tInbound\r\n\tSource Address:\t\tfe80::1:1\r\n\tSource Port:\t\t0\r\n\tDestination Address:\tff02::1\r\n\tDestination Port:\t\t134\r\n\tProtocol:\t\t58\r\n\tInterface Index:\t\t10\r\n\r\nFilter Information:\r\n\tFilter Origin:\t\tQuarantine Default\r\n\tFilter Run-Time ID:\t66582\r\n\tLayer Name:\t\tReceive/Accept\r\n\tLayer Run-Time ID:\t46\r\n\tRemote User ID:\t\tS-1-0-0\r\n\tRemote Machine ID:\tS-1-0-0","Task":"12810","ProcessID":"4","Application":"System","Direction":"%%14592","SourceAddress":"fe80::1:1","SourcePort":"0","DestAddress":"ff02::1","DestPort":"134","Protocol":"58","InterfaceIndex":"10","FilterOrigin":"Quarantine Default","FilterRTID":"66582","LayerName":"%%14610","LayerRTID":"46","RemoteUserID":"S-1-0-0","RemoteMachineID":"S-1-0-0"},"raw":"{\"SourceName\":\"Microsoft-Windows-Security-Auditing\",\"ProviderGuid\":\"{54849625-5478-4994-a5ba-3e3b0328c30d}\",\"Level\":\"0\",\"Keywords\":\"0x8020000000000000\",\"Channel\":\"Security\",\"Hostname\":\"DC01.pandalab.com\",\"TimeCreated\":\"2023-07-19T09:02:23.803Z\",\"@timestamp\":\"2023-07-19T09:02:23.803Z\",\"EventID\":5156,\"Message\":\"The Windows Filtering Platform has permitted a connection.\\r\\n\\r\\nApplication Information:\\r\\n\\tProcess ID:\\t\\t4\\r\\n\\tApplication Name:\\tSystem\\r\\n\\r\\nNetwork Information:\\r\\n\\tDirection:\\t\\tInbound\\r\\n\\tSource Address:\\t\\tfe80::1:1\\r\\n\\tSource Port:\\t\\t0\\r\\n\\tDestination Address:\\tff02::1\\r\\n\\tDestination Port:\\t\\t134\\r\\n\\tProtocol:\\t\\t58\\r\\n\\tInterface Index:\\t\\t10\\r\\n\\r\\nFilter Information:\\r\\n\\tFilter Origin:\\t\\tQuarantine Default\\r\\n\\tFilter Run-Time ID:\\t66582\\r\\n\\tLayer Name:\\t\\tReceive/Accept\\r\\n\\tLayer Run-Time ID:\\t46\\r\\n\\tRemote User ID:\\t\\tS-1-0-0\\r\\n\\tRemote Machine ID:\\tS-1-0-0\",\"Task\":\"12810\",\"ProcessID\":\"4\",\"Application\":\"System\",\"Direction\":\"%%14592\",\"SourceAddress\":\"fe80::1:1\",\"SourcePort\":\"0\",\"DestAddress\":\"ff02::1\",\"DestPort\":\"134\",\"Protocol\":\"58\",\"InterfaceIndex\":\"10\",\"FilterOrigin\":\"Quarantine Default\",\"FilterRTID\":\"66582\",\"LayerName\":\"%%14610\",\"LayerRTID\":\"46\",\"RemoteUserID\":\"S-1-0-0\",\"RemoteMachineID\":\"S-1-0-0\"}","unparsed_raw":"{\"SourceName\":\"Microsoft-Windows-Security-Auditing\",\"ProviderGuid\":\"{54849625-5478-4994-a5ba-3e3b0328c30d}\",\"Level\":\"0\",\"Keywords\":\"0x8020000000000000\",\"Channel\":\"Security\",\"Hostname\":\"DC01.pandalab.com\",\"TimeCreated\":\"2023-07-19T09:02:23.803Z\",\"@timestamp\":\"2023-07-19T09:02:23.803Z\",\"EventID\":5156,\"Message\":\"The Windows Filtering Platform has permitted a connection.\\r\\n\\r\\nApplication Information:\\r\\n\\tProcess ID:\\t\\t4\\r\\n\\tApplication Name:\\tSystem\\r\\n\\r\\nNetwork Information:\\r\\n\\tDirection:\\t\\tInbound\\r\\n\\tSource Address:\\t\\tfe80::1:1\\r\\n\\tSource Port:\\t\\t0\\r\\n\\tDestination Address:\\tff02::1\\r\\n\\tDestination Port:\\t\\t134\\r\\n\\tProtocol:\\t\\t58\\r\\n\\tInterface Index:\\t\\t10\\r\\n\\r\\nFilter Information:\\r\\n\\tFilter Origin:\\t\\tQuarantine Default\\r\\n\\tFilter Run-Time ID:\\t66582\\r\\n\\tLayer Name:\\t\\tReceive/Accept\\r\\n\\tLayer Run-Time ID:\\t46\\r\\n\\tRemote User ID:\\t\\tS-1-0-0\\r\\n\\tRemote Machine ID:\\tS-1-0-0\",\"Task\":\"12810\",\"ProcessID\":\"4\",\"Application\":\"System\",\"Direction\":\"%%14592\",\"SourceAddress\":\"fe80::1:1\",\"SourcePort\":\"0\",\"DestAddress\":\"ff02::1\",\"DestPort\":\"134\",\"Protocol\":\"58\",\"InterfaceIndex\":\"10\",\"FilterOrigin\":\"Quarantine Default\",\"FilterRTID\":\"66582\",\"LayerName\":\"%%14610\",\"LayerRTID\":\"46\",\"RemoteUserID\":\"S-1-0-0\",\"RemoteMachineID\":\"S-1-0-0\"}","original_format":"ndjson","quality":"Degraded","incident_id":"f8f0bfe0-9fdc-4d92-b5ba-6b8b60103385","redactions":[],"bridge_hash":null,"chain_hash":null,"parent_process_id":null,"parent_process_name":null,"lineage_chain":null,"line_id":null,"destination_ip":null,"destination_port":null,"protocol":null,"process_guid":null,"target_image":null,"granted_access":null,"evidence_vault":null,"log_source":"cmd_dumping_ntds_dit_file_ntdsutil_cmd_dumping_ntds_dit_file_ntdsutil.json","process_id":null,"image":null,"command_line":null,"node_id":"Standalone"}
{"timestamp":"2026-05-09T10:00:55.390125100-07:00","message":"[RAW Forensic Payload] {\"SourceName\":\"Microsoft-Windows-Security-Auditing\",\"ProviderGuid\":\"{54849625-5478-4994-a5ba-3e3b...","severity":"Info","source":"ndjson","subject_id":null,"outcome":"Degraded","metadata":{"EventID":"4690","captured_message":"[RAW Forensic Payload] {\"SourceName\":\"Microsoft-Windows-Security-Auditing\",\"ProviderGuid\":\"{54849625-5478-4994-a5ba-3e3b...","log_source":"cmd_dumping_ntds_dit_file_ntdsutil_cmd_dumping_ntds_dit_file_ntdsutil.json","nist_category":"System and Information Integrity","nist_control_id":"SI-4 [Windows Integrity]"},"additional_context":{"SourceName":"Microsoft-Windows-Security-Auditing","ProviderGuid":"{54849625-5478-4994-a5ba-3e3b0328c30d}","Level":"0","Keywords":"0x8020000000000000","Channel":"Security","Hostname":"DC01.pandalab.com","TimeCreated":"2023-07-19T09:02:23.885Z","@timestamp":"2023-07-19T09:02:23.885Z","EventID":4690,"Message":"An attempt was made to duplicate a handle to an object.\r\n\r\nSubject:\r\n\tSecurity ID:\t\tS-1-5-21-477444970-2264162048-1418806404-500\r\n\tAccount Name:\t\tAdministrator\r\n\tAccount Domain:\t\tPANDALAB\r\n\tLogon ID:\t\t0x627B7\r\n\r\nSource Handle Information:\r\n\tSource Handle ID:\t0x2098\r\n\tSource Process ID:\t0x828\r\n\r\nNew Handle Information:\r\n\tTarget Handle ID:\t0x1460\r\n\tTarget Process ID:\t0x4","Task":"12807","SubjectUserSid":"S-1-5-21-477444970-2264162048-1418806404-500","SubjectUserName":"Administrator","SubjectDomainName":"PANDALAB","SubjectLogonId":"0x627b7","SourceHandleId":"0x2098","SourceProcessId":"0x828","TargetHandleId":"0x1460","TargetProcessId":"0x4"},"raw":"{\"SourceName\":\"Microsoft-Windows-Security-Auditing\",\"ProviderGuid\":\"{54849625-5478-4994-a5ba-3e3b0328c30d}\",\"Level\":\"0\",\"Keywords\":\"0x8020000000000000\",\"Channel\":\"Security\",\"Hostname\":\"DC01.pandalab.com\",\"TimeCreated\":\"2023-07-19T09:02:23.885Z\",\"@timestamp\":\"2023-07-19T09:02:23.885Z\",\"EventID\":4690,\"Message\":\"An attempt was made to duplicate a handle to an object.\\r\\n\\r\\nSubject:\\r\\n\\tSecurity ID:\\t\\tS-1-5-21-477444970-2264162048-1418806404-500\\r\\n\\tAccount Name:\\t\\tAdministrator\\r\\n\\tAccount Domain:\\t\\tPANDALAB\\r\\n\\tLogon ID:\\t\\t0x627B7\\r\\n\\r\\nSource Handle Information:\\r\\n\\tSource Handle ID:\\t0x2098\\r\\n\\tSource Process ID:\\t0x828\\r\\n\\r\\nNew Handle Information:\\r\\n\\tTarget Handle ID:\\t0x1460\\r\\n\\tTarget Process ID:\\t0x4\",\"Task\":\"12807\",\"SubjectUserSid\":\"S-1-5-21-477444970-2264162048-1418806404-500\",\"SubjectUserName\":\"Administrator\",\"SubjectDomainName\":\"PANDALAB\",\"SubjectLogonId\":\"0x627b7\",\"SourceHandleId\":\"0x2098\",\"SourceProcessId\":\"0x828\",\"TargetHandleId\":\"0x1460\",\"TargetProcessId\":\"0x4\"}","unparsed_raw":"{\"SourceName\":\"Microsoft-Windows-Security-Auditing\",\"ProviderGuid\":\"{54849625-5478-4994-a5ba-3e3b0328c30d}\",\"Level\":\"0\",\"Keywords\":\"0x8020000000000000\",\"Channel\":\"Security\",\"Hostname\":\"DC01.pandalab.com\",\"TimeCreated\":\"2023-07-19T09:02:23.885Z\",\"@timestamp\":\"2023-07-19T09:02:23.885Z\",\"EventID\":4690,\"Message\":\"An attempt was made to duplicate a handle to an object.\\r\\n\\r\\nSubject:\\r\\n\\tSecurity ID:\\t\\tS-1-5-21-477444970-2264162048-1418806404-500\\r\\n\\tAccount Name:\\t\\tAdministrator\\r\\n\\tAccount Domain:\\t\\tPANDALAB\\r\\n\\tLogon ID:\\t\\t0x627B7\\r\\n\\r\\nSource Handle Information:\\r\\n\\tSource Handle ID:\\t0x2098\\r\\n\\tSource Process ID:\\t0x828\\r\\n\\r\\nNew Handle Information:\\r\\n\\tTarget Handle ID:\\t0x1460\\r\\n\\tTarget Process ID:\\t0x4\",\"Task\":\"12807\",\"SubjectUserSid\":\"S-1-5-21-477444970-2264162048-1418806404-500\",\"SubjectUserName\":\"Administrator\",\"SubjectDomainName\":\"PANDALAB\",\"SubjectLogonId\":\"0x627b7\",\"SourceHandleId\":\"0x2098\",\"SourceProcessId\":\"0x828\",\"TargetHandleId\":\"0x1460\",\"TargetProcessId\":\"0x4\"}","original_format":"ndjson","quality":"Degraded","incident_id":"f8f0bfe0-9fdc-4d92-b5ba-6b8b60103385","redactions":[],"bridge_hash":null,"chain_hash":null,"parent_process_id":null,"parent_process_name":null,"lineage_chain":null,"line_id":null,"destination_ip":null,"destination_port":null,"protocol":null,"process_guid":null,"target_image":null,"granted_access":null,"evidence_vault":null,"log_source":"cmd_dumping_ntds_dit_file_ntdsutil_cmd_dumping_ntds_dit_file_ntdsutil.json","process_id":null,"image":null,"command_line":null,"node_id":"Standalone"}
{"timestamp":"2026-05-09T10:00:55.390214500-07:00","message":"[RAW Forensic Payload] {\"SourceName\":\"Microsoft-Windows-Security-Auditing\",\"ProviderGuid\":\"{54849625-5478-4994-a5ba-3e3b...","severity":"Info","source":"ndjson","subject_id":null,"outcome":"Degraded","metadata":{"EventID":"4658","captured_message":"[RAW Forensic Payload] {\"SourceName\":\"Microsoft-Windows-Security-Auditing\",\"ProviderGuid\":\"{54849625-5478-4994-a5ba-3e3b...","log_source":"cmd_dumping_ntds_dit_file_ntdsutil_cmd_dumping_ntds_dit_file_ntdsutil.json","nist_category":"System and Information Integrity","nist_control_id":"SI-4 [Windows Integrity]"},"additional_context":{"SourceName":"Microsoft-Windows-Security-Auditing","ProviderGuid":"{54849625-5478-4994-a5ba-3e3b0328c30d}","Level":"0","Keywords":"0x8020000000000000","Channel":"Security","Hostname":"DC01.pandalab.com","TimeCreated":"2023-07-19T09:02:23.885Z","@timestamp":"2023-07-19T09:02:23.885Z","EventID":4658,"Message":"The handle to an object was closed.\r\n\r\nSubject :\r\n\tSecurity ID:\t\tS-1-5-21-477444970-2264162048-1418806404-500\r\n\tAccount Name:\t\tAdministrator\r\n\tAccount Domain:\t\tPANDALAB\r\n\tLogon ID:\t\t0x627B7\r\n\r\nObject:\r\n\tObject Server:\t\tSecurity\r\n\tHandle ID:\t\t0x1460\r\n\r\nProcess Information:\r\n\tProcess ID:\t\t0x828\r\n\tProcess Name:\t\tC:\\Windows\\explorer.exe","Task":"12800","SubjectUserSid":"S-1-5-21-477444970-2264162048-1418806404-500","SubjectUserName":"Administrator","SubjectDomainName":"PANDALAB","SubjectLogonId":"0x627b7","ObjectServer":"Security","HandleId":"0x1460","ProcessId":"0x828","ProcessName":"C:\\Windows\\explorer.exe"},"raw":"{\"SourceName\":\"Microsoft-Windows-Security-Auditing\",\"ProviderGuid\":\"{54849625-5478-4994-a5ba-3e3b0328c30d}\",\"Level\":\"0\",\"Keywords\":\"0x8020000000000000\",\"Channel\":\"Security\",\"Hostname\":\"DC01.pandalab.com\",\"TimeCreated\":\"2023-07-19T09:02:23.885Z\",\"@timestamp\":\"2023-07-19T09:02:23.885Z\",\"EventID\":4658,\"Message\":\"The handle to an object was closed.\\r\\n\\r\\nSubject :\\r\\n\\tSecurity ID:\\t\\tS-1-5-21-477444970-2264162048-1418806404-500\\r\\n\\tAccount Name:\\t\\tAdministrator\\r\\n\\tAccount Domain:\\t\\tPANDALAB\\r\\n\\tLogon ID:\\t\\t0x627B7\\r\\n\\r\\nObject:\\r\\n\\tObject Server:\\t\\tSecurity\\r\\n\\tHandle ID:\\t\\t0x1460\\r\\n\\r\\nProcess Information:\\r\\n\\tProcess ID:\\t\\t0x828\\r\\n\\tProcess Name:\\t\\tC:\\\\Windows\\\\explorer.exe\",\"Task\":\"12800\",\"SubjectUserSid\":\"S-1-5-21-477444970-2264162048-1418806404-500\",\"SubjectUserName\":\"Administrator\",\"SubjectDomainName\":\"PANDALAB\",\"SubjectLogonId\":\"0x627b7\",\"ObjectServer\":\"Security\",\"HandleId\":\"0x1460\",\"ProcessId\":\"0x828\",\"ProcessName\":\"C:\\\\Windows\\\\explorer.exe\"}","unparsed_raw":"{\"SourceName\":\"Microsoft-Windows-Security-Auditing\",\"ProviderGuid\":\"{54849625-5478-4994-a5ba-3e3b0328c30d}\",\"Level\":\"0\",\"Keywords\":\"0x8020000000000000\",\"Channel\":\"Security\",\"Hostname\":\"DC01.pandalab.com\",\"TimeCreated\":\"2023-07-19T09:02:23.885Z\",\"@timestamp\":\"2023-07-19T09:02:23.885Z\",\"EventID\":4658,\"Message\":\"The handle to an object was closed.\\r\\n\\r\\nSubject :\\r\\n\\tSecurity ID:\\t\\tS-1-5-21-477444970-2264162048-1418806404-500\\r\\n\\tAccount Name:\\t\\tAdministrator\\r\\n\\tAccount Domain:\\t\\tPANDALAB\\r\\n\\tLogon ID:\\t\\t0x627B7\\r\\n\\r\\nObject:\\r\\n\\tObject Server:\\t\\tSecurity\\r\\n\\tHandle ID:\\t\\t0x1460\\r\\n\\r\\nProcess Information:\\r\\n\\tProcess ID:\\t\\t0x828\\r\\n\\tProcess Name:\\t\\tC:\\\\Windows\\\\explorer.exe\",\"Task\":\"12800\",\"SubjectUserSid\":\"S-1-5-21-477444970-2264162048-1418806404-500\",\"SubjectUserName\":\"Administrator\",\"SubjectDomainName\":\"PANDALAB\",\"SubjectLogonId\":\"0x627b7\",\"ObjectServer\":\"Security\",\"HandleId\":\"0x1460\",\"ProcessId\":\"0x828\",\"ProcessName\":\"C:\\\\Windows\\\\explorer.exe\"}","original_format":"ndjson","quality":"Degraded","incident_id":"f8f0bfe0-9fdc-4d92-b5ba-6b8b60103385","redactions":[],"bridge_hash":null,"chain_hash":null,"parent_process_id":null,"parent_process_name":null,"lineage_chain":null,"line_id":null,"destination_ip":null,"destination_port":null,"protocol":null,"process_guid":null,"target_image":null,"granted_access":null,"evidence_vault":null,"log_source":"cmd_dumping_ntds_dit_file_ntdsutil_cmd_dumping_ntds_dit_file_ntdsutil.json","process_id":2088,"image":null,"command_line":null,"node_id":"Standalone"}
{"timestamp":"2026-05-09T10:00:55.390347100-07:00","message":"[RAW Forensic Payload] {\"SourceName\":\"Microsoft-Windows-Security-Auditing\",\"ProviderGuid\":\"{54849625-5478-4994-a5ba-3e3b...","severity":"Info","source":"ndjson","subject_id":null,"outcome":"Degraded","metadata":{"EventID":"4656","captured_message":"[RAW Forensic Payload] {\"SourceName\":\"Microsoft-Windows-Security-Auditing\",\"ProviderGuid\":\"{54849625-5478-4994-a5ba-3e3b...","log_source":"cmd_dumping_ntds_dit_file_ntdsutil_cmd_dumping_ntds_dit_file_ntdsutil.json","nist_category":"System and Information Integrity","nist_control_id":"SI-4 [Windows Integrity]"},"additional_context":{"SourceName":"Microsoft-Windows-Security-Auditing","ProviderGuid":"{54849625-5478-4994-a5ba-3e3b0328c30d}","Level":"0","Keywords":"0x8020000000000000","Channel":"Security","Hostname":"DC01.pandalab.com","TimeCreated":"2023-07-19T09:02:23.885Z","@timestamp":"2023-07-19T09:02:23.885Z","EventID":4656,"Message":"A handle to an object was requested.\r\n\r\nSubject:\r\n\tSecurity ID:\t\tS-1-5-21-477444970-2264162048-1418806404-500\r\n\tAccount Name:\t\tAdministrator\r\n\tAccount Domain:\t\tPANDALAB\r\n\tLogon ID:\t\t0x627B7\r\n\r\nObject:\r\n\tObject Server:\t\tSecurity\r\n\tObject Type:\t\tFile\r\n\tObject Name:\t\tC:\\Windows\\WinSxS\\FileMaps\\$$_system32_21f9a9c4a2f8b514.cdf-ms\r\n\tHandle ID:\t\t0x2098\r\n\tResource Attributes:\t-\r\n\r\nProcess Information:\r\n\tProcess ID:\t\t0x828\r\n\tProcess Name:\t\tC:\\Windows\\explorer.exe\r\n\r\nAccess Request Information:\r\n\tTransaction ID:\t\t{00000000-0000-0000-0000-000000000000}\r\n\tAccesses:\t\tREAD_CONTROL\r\n\t\t\t\tSYNCHRONIZE\r\n\t\t\t\tReadData (or ListDirectory)\r\n\t\t\t\tReadEA\r\n\t\t\t\tReadAttributes\r\n\t\t\t\t\r\n\tAccess Reasons:\t\tREAD_CONTROL:\tGranted by\tD:(A;;0x1200a9;;;BA)\r\n\t\t\t\tSYNCHRONIZE:\tGranted by\tD:(A;;0x1200a9;;;BA)\r\n\t\t\t\tReadData (or ListDirectory):\tGranted by\tD:(A;;0x1200a9;;;BA)\r\n\t\t\t\tReadEA:\tGranted by\tD:(A;;0x1200a9;;;BA)\r\n\t\t\t\tReadAttributes:\tGranted by\tD:(A;;0x1200a9;;;BA)\r\n\t\t\t\t\r\n\tAccess Mask:\t\t0x120089\r\n\tPrivileges Used for Access Check:\t-\r\n\tRestricted SID Count:\t0","Task":"12800","SubjectUserSid":"S-1-5-21-477444970-2264162048-1418806404-500","SubjectUserName":"Administrator","SubjectDomainName":"PANDALAB","SubjectLogonId":"0x627b7","ObjectServer":"Security","ObjectType":"File","ObjectName":"C:\\Windows\\WinSxS\\FileMaps\\$$_system32_21f9a9c4a2f8b514.cdf-ms","HandleId":"0x2098","TransactionId":"{00000000-0000-0000-0000-000000000000}","AccessList":"%%1538\n\t\t\t\t%%1541\n\t\t\t\t%%4416\n\t\t\t\t%%4419\n\t\t\t\t%%4423\n\t\t\t\t","AccessReason":"%%1538:\t%%1801\tD:(A;;0x1200a9;;;BA)\n\t\t\t\t%%1541:\t%%1801\tD:(A;;0x1200a9;;;BA)\n\t\t\t\t%%4416:\t%%1801\tD:(A;;0x1200a9;;;BA)\n\t\t\t\t%%4419:\t%%1801\tD:(A;;0x1200a9;;;BA)\n\t\t\t\t%%4423:\t%%1801\tD:(A;;0x1200a9;;;BA)\n\t\t\t\t","AccessMask":"0x120089","PrivilegeList":"-","RestrictedSidCount":"0","ProcessId":"0x828","ProcessName":"C:\\Windows\\explorer.exe","ResourceAttributes":"-"},"raw":"{\"SourceName\":\"Microsoft-Windows-Security-Auditing\",\"ProviderGuid\":\"{54849625-5478-4994-a5ba-3e3b0328c30d}\",\"Level\":\"0\",\"Keywords\":\"0x8020000000000000\",\"Channel\":\"Security\",\"Hostname\":\"DC01.pandalab.com\",\"TimeCreated\":\"2023-07-19T09:02:23.885Z\",\"@timestamp\":\"2023-07-19T09:02:23.885Z\",\"EventID\":4656,\"Message\":\"A handle to an object was requested.\\r\\n\\r\\nSubject:\\r\\n\\tSecurity ID:\\t\\tS-1-5-21-477444970-2264162048-1418806404-500\\r\\n\\tAccount Name:\\t\\tAdministrator\\r\\n\\tAccount Domain:\\t\\tPANDALAB\\r\\n\\tLogon ID:\\t\\t0x627B7\\r\\n\\r\\nObject:\\r\\n\\tObject Server:\\t\\tSecurity\\r\\n\\tObject Type:\\t\\tFile\\r\\n\\tObject Name:\\t\\tC:\\\\Windows\\\\WinSxS\\\\FileMaps\\\\$$_system32_21f9a9c4a2f8b514.cdf-ms\\r\\n\\tHandle ID:\\t\\t0x2098\\r\\n\\tResource Attributes:\\t-\\r\\n\\r\\nProcess Information:\\r\\n\\tProcess ID:\\t\\t0x828\\r\\n\\tProcess Name:\\t\\tC:\\\\Windows\\\\explorer.exe\\r\\n\\r\\nAccess Request Information:\\r\\n\\tTransaction ID:\\t\\t{00000000-0000-0000-0000-000000000000}\\r\\n\\tAccesses:\\t\\tREAD_CONTROL\\r\\n\\t\\t\\t\\tSYNCHRONIZE\\r\\n\\t\\t\\t\\tReadData (or ListDirectory)\\r\\n\\t\\t\\t\\tReadEA\\r\\n\\t\\t\\t\\tReadAttributes\\r\\n\\t\\t\\t\\t\\r\\n\\tAccess Reasons:\\t\\tREAD_CONTROL:\\tGranted by\\tD:(A;;0x1200a9;;;BA)\\r\\n\\t\\t\\t\\tSYNCHRONIZE:\\tGranted by\\tD:(A;;0x1200a9;;;BA)\\r\\n\\t\\t\\t\\tReadData (or ListDirectory):\\tGranted by\\tD:(A;;0x1200a9;;;BA)\\r\\n\\t\\t\\t\\tReadEA:\\tGranted by\\tD:(A;;0x1200a9;;;BA)\\r\\n\\t\\t\\t\\tReadAttributes:\\tGranted by\\tD:(A;;0x1200a9;;;BA)\\r\\n\\t\\t\\t\\t\\r\\n\\tAccess Mask:\\t\\t0x120089\\r\\n\\tPrivileges Used for Access Check:\\t-\\r\\n\\tRestricted SID Count:\\t0\",\"Task\":\"12800\",\"SubjectUserSid\":\"S-1-5-21-477444970-2264162048-1418806404-500\",\"SubjectUserName\":\"Administrator\",\"SubjectDomainName\":\"PANDALAB\",\"SubjectLogonId\":\"0x627b7\",\"ObjectServer\":\"Security\",\"ObjectType\":\"File\",\"ObjectName\":\"C:\\\\Windows\\\\WinSxS\\\\FileMaps\\\\$$_system32_21f9a9c4a2f8b514.cdf-ms\",\"HandleId\":\"0x2098\",\"TransactionId\":\"{00000000-0000-0000-0000-000000000000}\",\"AccessList\":\"%%1538\\n\\t\\t\\t\\t%%1541\\n\\t\\t\\t\\t%%4416\\n\\t\\t\\t\\t%%4419\\n\\t\\t\\t\\t%%4423\\n\\t\\t\\t\\t\",\"AccessReason\":\"%%1538:\\t%%1801\\tD:(A;;0x1200a9;;;BA)\\n\\t\\t\\t\\t%%1541:\\t%%1801\\tD:(A;;0x1200a9;;;BA)\\n\\t\\t\\t\\t%%4416:\\t%%1801\\tD:(A;;0x1200a9;;;BA)\\n\\t\\t\\t\\t%%4419:\\t%%1801\\tD:(A;;0x1200a9;;;BA)\\n\\t\\t\\t\\t%%4423:\\t%%1801\\tD:(A;;0x1200a9;;;BA)\\n\\t\\t\\t\\t\",\"AccessMask\":\"0x120089\",\"PrivilegeList\":\"-\",\"RestrictedSidCount\":\"0\",\"ProcessId\":\"0x828\",\"ProcessName\":\"C:\\\\Windows\\\\explorer.exe\",\"ResourceAttributes\":\"-\"}","unparsed_raw":"{\"SourceName\":\"Microsoft-Windows-Security-Auditing\",\"ProviderGuid\":\"{54849625-5478-4994-a5ba-3e3b0328c30d}\",\"Level\":\"0\",\"Keywords\":\"0x8020000000000000\",\"Channel\":\"Security\",\"Hostname\":\"DC01.pandalab.com\",\"TimeCreated\":\"2023-07-19T09:02:23.885Z\",\"@timestamp\":\"2023-07-19T09:02:23.885Z\",\"EventID\":4656,\"Message\":\"A handle to an object was requested.\\r\\n\\r\\nSubject:\\r\\n\\tSecurity ID:\\t\\tS-1-5-21-477444970-2264162048-1418806404-500\\r\\n\\tAccount Name:\\t\\tAdministrator\\r\\n\\tAccount Domain:\\t\\tPANDALAB\\r\\n\\tLogon ID:\\t\\t0x627B7\\r\\n\\r\\nObject:\\r\\n\\tObject Server:\\t\\tSecurity\\r\\n\\tObject Type:\\t\\tFile\\r\\n\\tObject Name:\\t\\tC:\\\\Windows\\\\WinSxS\\\\FileMaps\\\\$$_system32_21f9a9c4a2f8b514.cdf-ms\\r\\n\\tHandle ID:\\t\\t0x2098\\r\\n\\tResource Attributes:\\t-\\r\\n\\r\\nProcess Information:\\r\\n\\tProcess ID:\\t\\t0x828\\r\\n\\tProcess Name:\\t\\tC:\\\\Windows\\\\explorer.exe\\r\\n\\r\\nAccess Request Information:\\r\\n\\tTransaction ID:\\t\\t{00000000-0000-0000-0000-000000000000}\\r\\n\\tAccesses:\\t\\tREAD_CONTROL\\r\\n\\t\\t\\t\\tSYNCHRONIZE\\r\\n\\t\\t\\t\\tReadData (or ListDirectory)\\r\\n\\t\\t\\t\\tReadEA\\r\\n\\t\\t\\t\\tReadAttributes\\r\\n\\t\\t\\t\\t\\r\\n\\tAccess Reasons:\\t\\tREAD_CONTROL:\\tGranted by\\tD:(A;;0x1200a9;;;BA)\\r\\n\\t\\t\\t\\tSYNCHRONIZE:\\tGranted by\\tD:(A;;0x1200a9;;;BA)\\r\\n\\t\\t\\t\\tReadData (or ListDirectory):\\tGranted by\\tD:(A;;0x1200a9;;;BA)\\r\\n\\t\\t\\t\\tReadEA:\\tGranted by\\tD:(A;;0x1200a9;;;BA)\\r\\n\\t\\t\\t\\tReadAttributes:\\tGranted by\\tD:(A;;0x1200a9;;;BA)\\r\\n\\t\\t\\t\\t\\r\\n\\tAccess Mask:\\t\\t0x120089\\r\\n\\tPrivileges Used for Access Check:\\t-\\r\\n\\tRestricted SID Count:\\t0\",\"Task\":\"12800\",\"SubjectUserSid\":\"S-1-5-21-477444970-2264162048-1418806404-500\",\"SubjectUserName\":\"Administrator\",\"SubjectDomainName\":\"PANDALAB\",\"SubjectLogonId\":\"0x627b7\",\"ObjectServer\":\"Security\",\"ObjectType\":\"File\",\"ObjectName\":\"C:\\\\Windows\\\\WinSxS\\\\FileMaps\\\\$$_system32_21f9a9c4a2f8b514.cdf-ms\",\"HandleId\":\"0x2098\",\"TransactionId\":\"{00000000-0000-0000-0000-000000000000}\",\"AccessList\":\"%%1538\\n\\t\\t\\t\\t%%1541\\n\\t\\t\\t\\t%%4416\\n\\t\\t\\t\\t%%4419\\n\\t\\t\\t\\t%%4423\\n\\t\\t\\t\\t\",\"AccessReason\":\"%%1538:\\t%%1801\\tD:(A;;0x1200a9;;;BA)\\n\\t\\t\\t\\t%%1541:\\t%%1801\\tD:(A;;0x1200a9;;;BA)\\n\\t\\t\\t\\t%%4416:\\t%%1801\\tD:(A;;0x1200a9;;;BA)\\n\\t\\t\\t\\t%%4419:\\t%%1801\\tD:(A;;0x1200a9;;;BA)\\n\\t\\t\\t\\t%%4423:\\t%%1801\\tD:(A;;0x1200a9;;;BA)\\n\\t\\t\\t\\t\",\"AccessMask\":\"0x120089\",\"PrivilegeList\":\"-\",\"RestrictedSidCount\":\"0\",\"ProcessId\":\"0x828\",\"ProcessName\":\"C:\\\\Windows\\\\explorer.exe\",\"ResourceAttributes\":\"-\"}","original_format":"ndjson","quality":"Degraded","incident_id":"f8f0bfe0-9fdc-4d92-b5ba-6b8b60103385","redactions":[],"bridge_hash":null,"chain_hash":null,"parent_process_id":null,"parent_process_name":null,"lineage_chain":null,"line_id":null,"destination_ip":null,"destination_port":null,"protocol":null,"process_guid":null,"target_image":null,"granted_access":null,"evidence_vault":null,"log_source":"cmd_dumping_ntds_dit_file_ntdsutil_cmd_dumping_ntds_dit_file_ntdsutil.json","process_id":2088,"image":null,"command_line":null,"node_id":"Standalone"}
{"timestamp":"2026-05-09T10:00:55.390442600-07:00","message":"[RAW Forensic Payload] {\"SourceName\":\"Microsoft-Windows-Security-Auditing\",\"ProviderGuid\":\"{54849625-5478-4994-a5ba-3e3b...","severity":"Info","source":"ndjson","subject_id":null,"outcome":"Degraded","metadata":{"EventID":"4658","captured_message":"[RAW Forensic Payload] {\"SourceName\":\"Microsoft-Windows-Security-Auditing\",\"ProviderGuid\":\"{54849625-5478-4994-a5ba-3e3b...","log_source":"cmd_dumping_ntds_dit_file_ntdsutil_cmd_dumping_ntds_dit_file_ntdsutil.json","nist_category":"System and Information Integrity","nist_control_id":"SI-4 [Windows Integrity]"},"additional_context":{"SourceName":"Microsoft-Windows-Security-Auditing","ProviderGuid":"{54849625-5478-4994-a5ba-3e3b0328c30d}","Level":"0","Keywords":"0x8020000000000000","Channel":"Security","Hostname":"DC01.pandalab.com","TimeCreated":"2023-07-19T09:02:23.916Z","@timestamp":"2023-07-19T09:02:23.916Z","EventID":4658,"Message":"The handle to an object was closed.\r\n\r\nSubject :\r\n\tSecurity ID:\t\tS-1-5-21-477444970-2264162048-1418806404-500\r\n\tAccount Name:\t\tAdministrator\r\n\tAccount Domain:\t\tPANDALAB\r\n\tLogon ID:\t\t0x627B7\r\n\r\nObject:\r\n\tObject Server:\t\tSecurity\r\n\tHandle ID:\t\t0x2098\r\n\r\nProcess Information:\r\n\tProcess ID:\t\t0x828\r\n\tProcess Name:\t\tC:\\Windows\\explorer.exe","Task":"12800","SubjectUserSid":"S-1-5-21-477444970-2264162048-1418806404-500","SubjectUserName":"Administrator","SubjectDomainName":"PANDALAB","SubjectLogonId":"0x627b7","ObjectServer":"Security","HandleId":"0x2098","ProcessId":"0x828","ProcessName":"C:\\Windows\\explorer.exe"},"raw":"{\"SourceName\":\"Microsoft-Windows-Security-Auditing\",\"ProviderGuid\":\"{54849625-5478-4994-a5ba-3e3b0328c30d}\",\"Level\":\"0\",\"Keywords\":\"0x8020000000000000\",\"Channel\":\"Security\",\"Hostname\":\"DC01.pandalab.com\",\"TimeCreated\":\"2023-07-19T09:02:23.916Z\",\"@timestamp\":\"2023-07-19T09:02:23.916Z\",\"EventID\":4658,\"Message\":\"The handle to an object was closed.\\r\\n\\r\\nSubject :\\r\\n\\tSecurity ID:\\t\\tS-1-5-21-477444970-2264162048-1418806404-500\\r\\n\\tAccount Name:\\t\\tAdministrator\\r\\n\\tAccount Domain:\\t\\tPANDALAB\\r\\n\\tLogon ID:\\t\\t0x627B7\\r\\n\\r\\nObject:\\r\\n\\tObject Server:\\t\\tSecurity\\r\\n\\tHandle ID:\\t\\t0x2098\\r\\n\\r\\nProcess Information:\\r\\n\\tProcess ID:\\t\\t0x828\\r\\n\\tProcess Name:\\t\\tC:\\\\Windows\\\\explorer.exe\",\"Task\":\"12800\",\"SubjectUserSid\":\"S-1-5-21-477444970-2264162048-1418806404-500\",\"SubjectUserName\":\"Administrator\",\"SubjectDomainName\":\"PANDALAB\",\"SubjectLogonId\":\"0x627b7\",\"ObjectServer\":\"Security\",\"HandleId\":\"0x2098\",\"ProcessId\":\"0x828\",\"ProcessName\":\"C:\\\\Windows\\\\explorer.exe\"}","unparsed_raw":"{\"SourceName\":\"Microsoft-Windows-Security-Auditing\",\"ProviderGuid\":\"{54849625-5478-4994-a5ba-3e3b0328c30d}\",\"Level\":\"0\",\"Keywords\":\"0x8020000000000000\",\"Channel\":\"Security\",\"Hostname\":\"DC01.pandalab.com\",\"TimeCreated\":\"2023-07-19T09:02:23.916Z\",\"@timestamp\":\"2023-07-19T09:02:23.916Z\",\"EventID\":4658,\"Message\":\"The handle to an object was closed.\\r\\n\\r\\nSubject :\\r\\n\\tSecurity ID:\\t\\tS-1-5-21-477444970-2264162048-1418806404-500\\r\\n\\tAccount Name:\\t\\tAdministrator\\r\\n\\tAccount Domain:\\t\\tPANDALAB\\r\\n\\tLogon ID:\\t\\t0x627B7\\r\\n\\r\\nObject:\\r\\n\\tObject Server:\\t\\tSecurity\\r\\n\\tHandle ID:\\t\\t0x2098\\r\\n\\r\\nProcess Information:\\r\\n\\tProcess ID:\\t\\t0x828\\r\\n\\tProcess Name:\\t\\tC:\\\\Windows\\\\explorer.exe\",\"Task\":\"12800\",\"SubjectUserSid\":\"S-1-5-21-477444970-2264162048-1418806404-500\",\"SubjectUserName\":\"Administrator\",\"SubjectDomainName\":\"PANDALAB\",\"SubjectLogonId\":\"0x627b7\",\"ObjectServer\":\"Security\",\"HandleId\":\"0x2098\",\"ProcessId\":\"0x828\",\"ProcessName\":\"C:\\\\Windows\\\\explorer.exe\"}","original_format":"ndjson","quality":"Degraded","incident_id":"f8f0bfe0-9fdc-4d92-b5ba-6b8b60103385","redactions":[],"bridge_hash":null,"chain_hash":null,"parent_process_id":null,"parent_process_name":null,"lineage_chain":null,"line_id":null,"destination_ip":null,"destination_port":null,"protocol":null,"process_guid":null,"target_image":null,"granted_access":null,"evidence_vault":null,"log_source":"cmd_dumping_ntds_dit_file_ntdsutil_cmd_dumping_ntds_dit_file_ntdsutil.json","process_id":2088,"image":null,"command_line":null,"node_id":"Standalone"}
{"timestamp":"2026-05-09T10:00:55.390536-07:00","message":"[RAW Forensic Payload] {\"SourceName\":\"Microsoft-Windows-Security-Auditing\",\"ProviderGuid\":\"{54849625-5478-4994-a5ba-3e3b...","severity":"Info","source":"ndjson","subject_id":null,"outcome":"Degraded","metadata":{"EventID":"5158","captured_message":"[RAW Forensic Payload] {\"SourceName\":\"Microsoft-Windows-Security-Auditing\",\"ProviderGuid\":\"{54849625-5478-4994-a5ba-3e3b...","log_source":"cmd_dumping_ntds_dit_file_ntdsutil_cmd_dumping_ntds_dit_file_ntdsutil.json","nist_category":"System and Information Integrity","nist_control_id":"SI-4 [Windows Integrity]"},"additional_context":{"SourceName":"Microsoft-Windows-Security-Auditing","ProviderGuid":"{54849625-5478-4994-a5ba-3e3b0328c30d}","Level":"0","Keywords":"0x8020000000000000","Channel":"Security","Hostname":"DC01.pandalab.com","TimeCreated":"2023-07-19T09:02:23.974Z","@timestamp":"2023-07-19T09:02:23.974Z","EventID":5158,"Message":"The Windows Filtering Platform has permitted a bind to a local port.\r\n\r\nApplication Information:\r\n\tProcess ID:\t\t1072\r\n\tApplication Name:\t\\device\\harddiskvolume2\\windows\\system32\\svchost.exe\r\n\r\nNetwork Information:\r\n\tSource Address:\t\t::\r\n\tSource Port:\t\t54336\r\n\tProtocol:\t\t17\r\n\r\nFilter Information:\r\n\tFilter Run-Time ID:\t0\r\n\tLayer Name:\t\tResource Assignment\r\n\tLayer Run-Time ID:\t36","Task":"12810","ProcessId":"1072","Application":"\\device\\harddiskvolume2\\windows\\system32\\svchost.exe","SourceAddress":"::","SourcePort":"54336","Protocol":"17","FilterRTID":"0","LayerName":"%%14608","LayerRTID":"36"},"raw":"{\"SourceName\":\"Microsoft-Windows-Security-Auditing\",\"ProviderGuid\":\"{54849625-5478-4994-a5ba-3e3b0328c30d}\",\"Level\":\"0\",\"Keywords\":\"0x8020000000000000\",\"Channel\":\"Security\",\"Hostname\":\"DC01.pandalab.com\",\"TimeCreated\":\"2023-07-19T09:02:23.974Z\",\"@timestamp\":\"2023-07-19T09:02:23.974Z\",\"EventID\":5158,\"Message\":\"The Windows Filtering Platform has permitted a bind to a local port.\\r\\n\\r\\nApplication Information:\\r\\n\\tProcess ID:\\t\\t1072\\r\\n\\tApplication Name:\\t\\\\device\\\\harddiskvolume2\\\\windows\\\\system32\\\\svchost.exe\\r\\n\\r\\nNetwork Information:\\r\\n\\tSource Address:\\t\\t::\\r\\n\\tSource Port:\\t\\t54336\\r\\n\\tProtocol:\\t\\t17\\r\\n\\r\\nFilter Information:\\r\\n\\tFilter Run-Time ID:\\t0\\r\\n\\tLayer Name:\\t\\tResource Assignment\\r\\n\\tLayer Run-Time ID:\\t36\",\"Task\":\"12810\",\"ProcessId\":\"1072\",\"Application\":\"\\\\device\\\\harddiskvolume2\\\\windows\\\\system32\\\\svchost.exe\",\"SourceAddress\":\"::\",\"SourcePort\":\"54336\",\"Protocol\":\"17\",\"FilterRTID\":\"0\",\"LayerName\":\"%%14608\",\"LayerRTID\":\"36\"}","unparsed_raw":"{\"SourceName\":\"Microsoft-Windows-Security-Auditing\",\"ProviderGuid\":\"{54849625-5478-4994-a5ba-3e3b0328c30d}\",\"Level\":\"0\",\"Keywords\":\"0x8020000000000000\",\"Channel\":\"Security\",\"Hostname\":\"DC01.pandalab.com\",\"TimeCreated\":\"2023-07-19T09:02:23.974Z\",\"@timestamp\":\"2023-07-19T09:02:23.974Z\",\"EventID\":5158,\"Message\":\"The Windows Filtering Platform has permitted a bind to a local port.\\r\\n\\r\\nApplication Information:\\r\\n\\tProcess ID:\\t\\t1072\\r\\n\\tApplication Name:\\t\\\\device\\\\harddiskvolume2\\\\windows\\\\system32\\\\svchost.exe\\r\\n\\r\\nNetwork Information:\\r\\n\\tSource Address:\\t\\t::\\r\\n\\tSource Port:\\t\\t54336\\r\\n\\tProtocol:\\t\\t17\\r\\n\\r\\nFilter Information:\\r\\n\\tFilter Run-Time ID:\\t0\\r\\n\\tLayer Name:\\t\\tResource Assignment\\r\\n\\tLayer Run-Time ID:\\t36\",\"Task\":\"12810\",\"ProcessId\":\"1072\",\"Application\":\"\\\\device\\\\harddiskvolume2\\\\windows\\\\system32\\\\svchost.exe\",\"SourceAddress\":\"::\",\"SourcePort\":\"54336\",\"Protocol\":\"17\",\"FilterRTID\":\"0\",\"LayerName\":\"%%14608\",\"LayerRTID\":\"36\"}","original_format":"ndjson","quality":"Degraded","incident_id":"f8f0bfe0-9fdc-4d92-b5ba-6b8b60103385","redactions":[],"bridge_hash":null,"chain_hash":null,"parent_process_id":null,"parent_process_name":null,"lineage_chain":null,"line_id":null,"destination_ip":null,"destination_port":null,"protocol":null,"process_guid":null,"target_image":null,"granted_access":null,"evidence_vault":null,"log_source":"cmd_dumping_ntds_dit_file_ntdsutil_cmd_dumping_ntds_dit_file_ntdsutil.json","process_id":1072,"image":null,"command_line":null,"node_id":"Standalone"}
{"timestamp":"2026-05-09T10:00:55.390640500-07:00","message":"[RAW Forensic Payload] {\"SourceName\":\"Microsoft-Windows-Security-Auditing\",\"ProviderGuid\":\"{54849625-5478-4994-a5ba-3e3b...","severity":"Info","source":"ndjson","subject_id":null,"outcome":"Degraded","metadata":{"EventID":"5158","captured_message":"[RAW Forensic Payload] {\"SourceName\":\"Microsoft-Windows-Security-Auditing\",\"ProviderGuid\":\"{54849625-5478-4994-a5ba-3e3b...","log_source":"cmd_dumping_ntds_dit_file_ntdsutil_cmd_dumping_ntds_dit_file_ntdsutil.json","nist_category":"System and Information Integrity","nist_control_id":"SI-4 [Windows Integrity]"},"additional_context":{"SourceName":"Microsoft-Windows-Security-Auditing","ProviderGuid":"{54849625-5478-4994-a5ba-3e3b0328c30d}","Level":"0","Keywords":"0x8020000000000000","Channel":"Security","Hostname":"DC01.pandalab.com","TimeCreated":"2023-07-19T09:02:23.974Z","@timestamp":"2023-07-19T09:02:23.974Z","EventID":5158,"Message":"The Windows Filtering Platform has permitted a bind to a local port.\r\n\r\nApplication Information:\r\n\tProcess ID:\t\t1072\r\n\tApplication Name:\t\\device\\harddiskvolume2\\windows\\system32\\svchost.exe\r\n\r\nNetwork Information:\r\n\tSource Address:\t\t::\r\n\tSource Port:\t\t54336\r\n\tProtocol:\t\t17\r\n\r\nFilter Information:\r\n\tFilter Run-Time ID:\t0\r\n\tLayer Name:\t\tResource Assignment\r\n\tLayer Run-Time ID:\t38","Task":"12810","ProcessId":"1072","Application":"\\device\\harddiskvolume2\\windows\\system32\\svchost.exe","SourceAddress":"::","SourcePort":"54336","Protocol":"17","FilterRTID":"0","LayerName":"%%14608","LayerRTID":"38"},"raw":"{\"SourceName\":\"Microsoft-Windows-Security-Auditing\",\"ProviderGuid\":\"{54849625-5478-4994-a5ba-3e3b0328c30d}\",\"Level\":\"0\",\"Keywords\":\"0x8020000000000000\",\"Channel\":\"Security\",\"Hostname\":\"DC01.pandalab.com\",\"TimeCreated\":\"2023-07-19T09:02:23.974Z\",\"@timestamp\":\"2023-07-19T09:02:23.974Z\",\"EventID\":5158,\"Message\":\"The Windows Filtering Platform has permitted a bind to a local port.\\r\\n\\r\\nApplication Information:\\r\\n\\tProcess ID:\\t\\t1072\\r\\n\\tApplication Name:\\t\\\\device\\\\harddiskvolume2\\\\windows\\\\system32\\\\svchost.exe\\r\\n\\r\\nNetwork Information:\\r\\n\\tSource Address:\\t\\t::\\r\\n\\tSource Port:\\t\\t54336\\r\\n\\tProtocol:\\t\\t17\\r\\n\\r\\nFilter Information:\\r\\n\\tFilter Run-Time ID:\\t0\\r\\n\\tLayer Name:\\t\\tResource Assignment\\r\\n\\tLayer Run-Time ID:\\t38\",\"Task\":\"12810\",\"ProcessId\":\"1072\",\"Application\":\"\\\\device\\\\harddiskvolume2\\\\windows\\\\system32\\\\svchost.exe\",\"SourceAddress\":\"::\",\"SourcePort\":\"54336\",\"Protocol\":\"17\",\"FilterRTID\":\"0\",\"LayerName\":\"%%14608\",\"LayerRTID\":\"38\"}","unparsed_raw":"{\"SourceName\":\"Microsoft-Windows-Security-Auditing\",\"ProviderGuid\":\"{54849625-5478-4994-a5ba-3e3b0328c30d}\",\"Level\":\"0\",\"Keywords\":\"0x8020000000000000\",\"Channel\":\"Security\",\"Hostname\":\"DC01.pandalab.com\",\"TimeCreated\":\"2023-07-19T09:02:23.974Z\",\"@timestamp\":\"2023-07-19T09:02:23.974Z\",\"EventID\":5158,\"Message\":\"The Windows Filtering Platform has permitted a bind to a local port.\\r\\n\\r\\nApplication Information:\\r\\n\\tProcess ID:\\t\\t1072\\r\\n\\tApplication Name:\\t\\\\device\\\\harddiskvolume2\\\\windows\\\\system32\\\\svchost.exe\\r\\n\\r\\nNetwork Information:\\r\\n\\tSource Address:\\t\\t::\\r\\n\\tSource Port:\\t\\t54336\\r\\n\\tProtocol:\\t\\t17\\r\\n\\r\\nFilter Information:\\r\\n\\tFilter Run-Time ID:\\t0\\r\\n\\tLayer Name:\\t\\tResource Assignment\\r\\n\\tLayer Run-Time ID:\\t38\",\"Task\":\"12810\",\"ProcessId\":\"1072\",\"Application\":\"\\\\device\\\\harddiskvolume2\\\\windows\\\\system32\\\\svchost.exe\",\"SourceAddress\":\"::\",\"SourcePort\":\"54336\",\"Protocol\":\"17\",\"FilterRTID\":\"0\",\"LayerName\":\"%%14608\",\"LayerRTID\":\"38\"}","original_format":"ndjson","quality":"Degraded","incident_id":"f8f0bfe0-9fdc-4d92-b5ba-6b8b60103385","redactions":[],"bridge_hash":null,"chain_hash":null,"parent_process_id":null,"parent_process_name":null,"lineage_chain":null,"line_id":null,"destination_ip":null,"destination_port":null,"protocol":null,"process_guid":null,"target_image":null,"granted_access":null,"evidence_vault":null,"log_source":"cmd_dumping_ntds_dit_file_ntdsutil_cmd_dumping_ntds_dit_file_ntdsutil.json","process_id":1072,"image":null,"command_line":null,"node_id":"Standalone"}
