{"timestamp":"2026-05-09T10:00:55.399821600-07:00","message":"[RAW Forensic Payload] {\"SourceName\":\"Microsoft-Windows-Security-Auditing\",\"ProviderGuid\":\"{54849625-5478-4994-a5ba-3e3b...","severity":"Info","source":"ndjson","subject_id":null,"outcome":"Degraded","metadata":{"EventID":"4627","captured_message":"[RAW Forensic Payload] {\"SourceName\":\"Microsoft-Windows-Security-Auditing\",\"ProviderGuid\":\"{54849625-5478-4994-a5ba-3e3b...","log_source":"cmd_dumping_ntds_dit_file_ntdsutil_cmd_dumping_ntds_dit_file_ntdsutil.json","nist_category":"System and Information Integrity","nist_control_id":"SI-4 [Windows Integrity]"},"additional_context":{"SourceName":"Microsoft-Windows-Security-Auditing","ProviderGuid":"{54849625-5478-4994-a5ba-3e3b0328c30d}","Level":"0","Keywords":"0x8020000000000000","Channel":"Security","Hostname":"DC01.pandalab.com","TimeCreated":"2023-07-19T09:03:37.655Z","@timestamp":"2023-07-19T09:03:37.655Z","EventID":4627,"Message":"Group membership information.\r\n\r\nSubject:\r\n\tSecurity ID:\t\tS-1-5-18\r\n\tAccount Name:\t\tDC01$\r\n\tAccount Domain:\t\tPANDALAB\r\n\tLogon ID:\t\t0x3E7\r\n\r\nLogon Type:\t\t\t5\r\n\r\nNew Logon:\r\n\tSecurity ID:\t\tS-1-5-18\r\n\tAccount Name:\t\tSYSTEM\r\n\tAccount Domain:\t\tNT AUTHORITY\r\n\tLogon ID:\t\t0x3E7\r\n\r\nEvent in sequence:\t\t1 of 1\r\n\r\nGroup Membership:\t\t\t\r\n\t\t%{S-1-5-32-544}\r\n\t\t%{S-1-1-0}\r\n\t\t%{S-1-5-11}\r\n\t\t%{S-1-16-16384}\r\n\r\nThe subject fields indicate the account on the local system which requested the logon. This is most commonly a service such as the Server service, or a local process such as Winlogon.exe or Services.exe.\r\n\r\nThe logon type field indicates the kind of logon that occurred. The most common types are 2 (interactive) and 3 (network).\r\n\r\nThe New Logon fields indicate the account for whom the new logon was created, i.e. the account that was logged on.\r\n\r\nThis event is generated when the Audit Group Membership subcategory is configured.  The Logon ID field can be used to correlate this event with the corresponding user logon event as well as to any other security audit events generated during this logon session.","Task":"12554","SubjectUserSid":"S-1-5-18","SubjectUserName":"DC01$","SubjectDomainName":"PANDALAB","SubjectLogonId":"0x3e7","TargetUserSid":"S-1-5-18","TargetUserName":"SYSTEM","TargetDomainName":"NT AUTHORITY","TargetLogonId":"0x3e7","LogonType":"5","EventIdx":"1","EventCountTotal":"1","GroupMembership":"\n\t\t%{S-1-5-32-544}\n\t\t%{S-1-1-0}\n\t\t%{S-1-5-11}\n\t\t%{S-1-16-16384}"},"raw":"{\"SourceName\":\"Microsoft-Windows-Security-Auditing\",\"ProviderGuid\":\"{54849625-5478-4994-a5ba-3e3b0328c30d}\",\"Level\":\"0\",\"Keywords\":\"0x8020000000000000\",\"Channel\":\"Security\",\"Hostname\":\"DC01.pandalab.com\",\"TimeCreated\":\"2023-07-19T09:03:37.655Z\",\"@timestamp\":\"2023-07-19T09:03:37.655Z\",\"EventID\":4627,\"Message\":\"Group membership information.\\r\\n\\r\\nSubject:\\r\\n\\tSecurity ID:\\t\\tS-1-5-18\\r\\n\\tAccount Name:\\t\\tDC01$\\r\\n\\tAccount Domain:\\t\\tPANDALAB\\r\\n\\tLogon ID:\\t\\t0x3E7\\r\\n\\r\\nLogon Type:\\t\\t\\t5\\r\\n\\r\\nNew Logon:\\r\\n\\tSecurity ID:\\t\\tS-1-5-18\\r\\n\\tAccount Name:\\t\\tSYSTEM\\r\\n\\tAccount Domain:\\t\\tNT AUTHORITY\\r\\n\\tLogon ID:\\t\\t0x3E7\\r\\n\\r\\nEvent in sequence:\\t\\t1 of 1\\r\\n\\r\\nGroup Membership:\\t\\t\\t\\r\\n\\t\\t%{S-1-5-32-544}\\r\\n\\t\\t%{S-1-1-0}\\r\\n\\t\\t%{S-1-5-11}\\r\\n\\t\\t%{S-1-16-16384}\\r\\n\\r\\nThe subject fields indicate the account on the local system which requested the logon. This is most commonly a service such as the Server service, or a local process such as Winlogon.exe or Services.exe.\\r\\n\\r\\nThe logon type field indicates the kind of logon that occurred. The most common types are 2 (interactive) and 3 (network).\\r\\n\\r\\nThe New Logon fields indicate the account for whom the new logon was created, i.e. the account that was logged on.\\r\\n\\r\\nThis event is generated when the Audit Group Membership subcategory is configured.  The Logon ID field can be used to correlate this event with the corresponding user logon event as well as to any other security audit events generated during this logon session.\",\"Task\":\"12554\",\"SubjectUserSid\":\"S-1-5-18\",\"SubjectUserName\":\"DC01$\",\"SubjectDomainName\":\"PANDALAB\",\"SubjectLogonId\":\"0x3e7\",\"TargetUserSid\":\"S-1-5-18\",\"TargetUserName\":\"SYSTEM\",\"TargetDomainName\":\"NT AUTHORITY\",\"TargetLogonId\":\"0x3e7\",\"LogonType\":\"5\",\"EventIdx\":\"1\",\"EventCountTotal\":\"1\",\"GroupMembership\":\"\\n\\t\\t%{S-1-5-32-544}\\n\\t\\t%{S-1-1-0}\\n\\t\\t%{S-1-5-11}\\n\\t\\t%{S-1-16-16384}\"}","unparsed_raw":"{\"SourceName\":\"Microsoft-Windows-Security-Auditing\",\"ProviderGuid\":\"{54849625-5478-4994-a5ba-3e3b0328c30d}\",\"Level\":\"0\",\"Keywords\":\"0x8020000000000000\",\"Channel\":\"Security\",\"Hostname\":\"DC01.pandalab.com\",\"TimeCreated\":\"2023-07-19T09:03:37.655Z\",\"@timestamp\":\"2023-07-19T09:03:37.655Z\",\"EventID\":4627,\"Message\":\"Group membership information.\\r\\n\\r\\nSubject:\\r\\n\\tSecurity ID:\\t\\tS-1-5-18\\r\\n\\tAccount Name:\\t\\tDC01$\\r\\n\\tAccount Domain:\\t\\tPANDALAB\\r\\n\\tLogon ID:\\t\\t0x3E7\\r\\n\\r\\nLogon Type:\\t\\t\\t5\\r\\n\\r\\nNew Logon:\\r\\n\\tSecurity ID:\\t\\tS-1-5-18\\r\\n\\tAccount Name:\\t\\tSYSTEM\\r\\n\\tAccount Domain:\\t\\tNT AUTHORITY\\r\\n\\tLogon ID:\\t\\t0x3E7\\r\\n\\r\\nEvent in sequence:\\t\\t1 of 1\\r\\n\\r\\nGroup Membership:\\t\\t\\t\\r\\n\\t\\t%{S-1-5-32-544}\\r\\n\\t\\t%{S-1-1-0}\\r\\n\\t\\t%{S-1-5-11}\\r\\n\\t\\t%{S-1-16-16384}\\r\\n\\r\\nThe subject fields indicate the account on the local system which requested the logon. This is most commonly a service such as the Server service, or a local process such as Winlogon.exe or Services.exe.\\r\\n\\r\\nThe logon type field indicates the kind of logon that occurred. The most common types are 2 (interactive) and 3 (network).\\r\\n\\r\\nThe New Logon fields indicate the account for whom the new logon was created, i.e. the account that was logged on.\\r\\n\\r\\nThis event is generated when the Audit Group Membership subcategory is configured.  The Logon ID field can be used to correlate this event with the corresponding user logon event as well as to any other security audit events generated during this logon session.\",\"Task\":\"12554\",\"SubjectUserSid\":\"S-1-5-18\",\"SubjectUserName\":\"DC01$\",\"SubjectDomainName\":\"PANDALAB\",\"SubjectLogonId\":\"0x3e7\",\"TargetUserSid\":\"S-1-5-18\",\"TargetUserName\":\"SYSTEM\",\"TargetDomainName\":\"NT AUTHORITY\",\"TargetLogonId\":\"0x3e7\",\"LogonType\":\"5\",\"EventIdx\":\"1\",\"EventCountTotal\":\"1\",\"GroupMembership\":\"\\n\\t\\t%{S-1-5-32-544}\\n\\t\\t%{S-1-1-0}\\n\\t\\t%{S-1-5-11}\\n\\t\\t%{S-1-16-16384}\"}","original_format":"ndjson","quality":"Degraded","incident_id":"f8f0bfe0-9fdc-4d92-b5ba-6b8b60103385","redactions":[],"bridge_hash":null,"chain_hash":null,"parent_process_id":null,"parent_process_name":null,"lineage_chain":null,"line_id":null,"destination_ip":null,"destination_port":null,"protocol":null,"process_guid":null,"target_image":null,"granted_access":null,"evidence_vault":null,"log_source":"cmd_dumping_ntds_dit_file_ntdsutil_cmd_dumping_ntds_dit_file_ntdsutil.json","process_id":null,"image":null,"command_line":null,"node_id":"Standalone"}
{"timestamp":"2026-05-09T10:00:55.399915400-07:00","message":"[RAW Forensic Payload] {\"SourceName\":\"Microsoft-Windows-Security-Auditing\",\"ProviderGuid\":\"{54849625-5478-4994-a5ba-3e3b...","severity":"Info","source":"ndjson","subject_id":null,"outcome":"Degraded","metadata":{"EventID":"4672","captured_message":"[RAW Forensic Payload] {\"SourceName\":\"Microsoft-Windows-Security-Auditing\",\"ProviderGuid\":\"{54849625-5478-4994-a5ba-3e3b...","log_source":"cmd_dumping_ntds_dit_file_ntdsutil_cmd_dumping_ntds_dit_file_ntdsutil.json","nist_category":"System and Information Integrity","nist_control_id":"SI-4 [Windows Integrity]"},"additional_context":{"SourceName":"Microsoft-Windows-Security-Auditing","ProviderGuid":"{54849625-5478-4994-a5ba-3e3b0328c30d}","Level":"0","Keywords":"0x8020000000000000","Channel":"Security","Hostname":"DC01.pandalab.com","TimeCreated":"2023-07-19T09:03:37.655Z","@timestamp":"2023-07-19T09:03:37.655Z","EventID":4672,"Message":"Special privileges assigned to new logon.\r\n\r\nSubject:\r\n\tSecurity ID:\t\tS-1-5-18\r\n\tAccount Name:\t\tSYSTEM\r\n\tAccount Domain:\t\tNT AUTHORITY\r\n\tLogon ID:\t\t0x3E7\r\n\r\nPrivileges:\t\tSeAssignPrimaryTokenPrivilege\r\n\t\t\tSeTcbPrivilege\r\n\t\t\tSeSecurityPrivilege\r\n\t\t\tSeTakeOwnershipPrivilege\r\n\t\t\tSeLoadDriverPrivilege\r\n\t\t\tSeBackupPrivilege\r\n\t\t\tSeRestorePrivilege\r\n\t\t\tSeDebugPrivilege\r\n\t\t\tSeAuditPrivilege\r\n\t\t\tSeSystemEnvironmentPrivilege\r\n\t\t\tSeImpersonatePrivilege\r\n\t\t\tSeDelegateSessionUserImpersonatePrivilege","Task":"12548","SubjectUserSid":"S-1-5-18","SubjectUserName":"SYSTEM","SubjectDomainName":"NT AUTHORITY","SubjectLogonId":"0x3e7","PrivilegeList":"SeAssignPrimaryTokenPrivilege\n\t\t\tSeTcbPrivilege\n\t\t\tSeSecurityPrivilege\n\t\t\tSeTakeOwnershipPrivilege\n\t\t\tSeLoadDriverPrivilege\n\t\t\tSeBackupPrivilege\n\t\t\tSeRestorePrivilege\n\t\t\tSeDebugPrivilege\n\t\t\tSeAuditPrivilege\n\t\t\tSeSystemEnvironmentPrivilege\n\t\t\tSeImpersonatePrivilege\n\t\t\tSeDelegateSessionUserImpersonatePrivilege"},"raw":"{\"SourceName\":\"Microsoft-Windows-Security-Auditing\",\"ProviderGuid\":\"{54849625-5478-4994-a5ba-3e3b0328c30d}\",\"Level\":\"0\",\"Keywords\":\"0x8020000000000000\",\"Channel\":\"Security\",\"Hostname\":\"DC01.pandalab.com\",\"TimeCreated\":\"2023-07-19T09:03:37.655Z\",\"@timestamp\":\"2023-07-19T09:03:37.655Z\",\"EventID\":4672,\"Message\":\"Special privileges assigned to new logon.\\r\\n\\r\\nSubject:\\r\\n\\tSecurity ID:\\t\\tS-1-5-18\\r\\n\\tAccount Name:\\t\\tSYSTEM\\r\\n\\tAccount Domain:\\t\\tNT AUTHORITY\\r\\n\\tLogon ID:\\t\\t0x3E7\\r\\n\\r\\nPrivileges:\\t\\tSeAssignPrimaryTokenPrivilege\\r\\n\\t\\t\\tSeTcbPrivilege\\r\\n\\t\\t\\tSeSecurityPrivilege\\r\\n\\t\\t\\tSeTakeOwnershipPrivilege\\r\\n\\t\\t\\tSeLoadDriverPrivilege\\r\\n\\t\\t\\tSeBackupPrivilege\\r\\n\\t\\t\\tSeRestorePrivilege\\r\\n\\t\\t\\tSeDebugPrivilege\\r\\n\\t\\t\\tSeAuditPrivilege\\r\\n\\t\\t\\tSeSystemEnvironmentPrivilege\\r\\n\\t\\t\\tSeImpersonatePrivilege\\r\\n\\t\\t\\tSeDelegateSessionUserImpersonatePrivilege\",\"Task\":\"12548\",\"SubjectUserSid\":\"S-1-5-18\",\"SubjectUserName\":\"SYSTEM\",\"SubjectDomainName\":\"NT AUTHORITY\",\"SubjectLogonId\":\"0x3e7\",\"PrivilegeList\":\"SeAssignPrimaryTokenPrivilege\\n\\t\\t\\tSeTcbPrivilege\\n\\t\\t\\tSeSecurityPrivilege\\n\\t\\t\\tSeTakeOwnershipPrivilege\\n\\t\\t\\tSeLoadDriverPrivilege\\n\\t\\t\\tSeBackupPrivilege\\n\\t\\t\\tSeRestorePrivilege\\n\\t\\t\\tSeDebugPrivilege\\n\\t\\t\\tSeAuditPrivilege\\n\\t\\t\\tSeSystemEnvironmentPrivilege\\n\\t\\t\\tSeImpersonatePrivilege\\n\\t\\t\\tSeDelegateSessionUserImpersonatePrivilege\"}","unparsed_raw":"{\"SourceName\":\"Microsoft-Windows-Security-Auditing\",\"ProviderGuid\":\"{54849625-5478-4994-a5ba-3e3b0328c30d}\",\"Level\":\"0\",\"Keywords\":\"0x8020000000000000\",\"Channel\":\"Security\",\"Hostname\":\"DC01.pandalab.com\",\"TimeCreated\":\"2023-07-19T09:03:37.655Z\",\"@timestamp\":\"2023-07-19T09:03:37.655Z\",\"EventID\":4672,\"Message\":\"Special privileges assigned to new logon.\\r\\n\\r\\nSubject:\\r\\n\\tSecurity ID:\\t\\tS-1-5-18\\r\\n\\tAccount Name:\\t\\tSYSTEM\\r\\n\\tAccount Domain:\\t\\tNT AUTHORITY\\r\\n\\tLogon ID:\\t\\t0x3E7\\r\\n\\r\\nPrivileges:\\t\\tSeAssignPrimaryTokenPrivilege\\r\\n\\t\\t\\tSeTcbPrivilege\\r\\n\\t\\t\\tSeSecurityPrivilege\\r\\n\\t\\t\\tSeTakeOwnershipPrivilege\\r\\n\\t\\t\\tSeLoadDriverPrivilege\\r\\n\\t\\t\\tSeBackupPrivilege\\r\\n\\t\\t\\tSeRestorePrivilege\\r\\n\\t\\t\\tSeDebugPrivilege\\r\\n\\t\\t\\tSeAuditPrivilege\\r\\n\\t\\t\\tSeSystemEnvironmentPrivilege\\r\\n\\t\\t\\tSeImpersonatePrivilege\\r\\n\\t\\t\\tSeDelegateSessionUserImpersonatePrivilege\",\"Task\":\"12548\",\"SubjectUserSid\":\"S-1-5-18\",\"SubjectUserName\":\"SYSTEM\",\"SubjectDomainName\":\"NT AUTHORITY\",\"SubjectLogonId\":\"0x3e7\",\"PrivilegeList\":\"SeAssignPrimaryTokenPrivilege\\n\\t\\t\\tSeTcbPrivilege\\n\\t\\t\\tSeSecurityPrivilege\\n\\t\\t\\tSeTakeOwnershipPrivilege\\n\\t\\t\\tSeLoadDriverPrivilege\\n\\t\\t\\tSeBackupPrivilege\\n\\t\\t\\tSeRestorePrivilege\\n\\t\\t\\tSeDebugPrivilege\\n\\t\\t\\tSeAuditPrivilege\\n\\t\\t\\tSeSystemEnvironmentPrivilege\\n\\t\\t\\tSeImpersonatePrivilege\\n\\t\\t\\tSeDelegateSessionUserImpersonatePrivilege\"}","original_format":"ndjson","quality":"Degraded","incident_id":"f8f0bfe0-9fdc-4d92-b5ba-6b8b60103385","redactions":[],"bridge_hash":null,"chain_hash":null,"parent_process_id":null,"parent_process_name":null,"lineage_chain":null,"line_id":null,"destination_ip":null,"destination_port":null,"protocol":null,"process_guid":null,"target_image":null,"granted_access":null,"evidence_vault":null,"log_source":"cmd_dumping_ntds_dit_file_ntdsutil_cmd_dumping_ntds_dit_file_ntdsutil.json","process_id":null,"image":null,"command_line":null,"node_id":"Standalone"}
{"timestamp":"2026-05-09T10:00:55.400011600-07:00","message":"[RAW Forensic Payload] {\"SourceName\":\"Microsoft-Windows-Security-Auditing\",\"ProviderGuid\":\"{54849625-5478-4994-a5ba-3e3b...","severity":"Info","source":"ndjson","subject_id":null,"outcome":"Degraded","metadata":{"EventID":"4670","captured_message":"[RAW Forensic Payload] {\"SourceName\":\"Microsoft-Windows-Security-Auditing\",\"ProviderGuid\":\"{54849625-5478-4994-a5ba-3e3b...","log_source":"cmd_dumping_ntds_dit_file_ntdsutil_cmd_dumping_ntds_dit_file_ntdsutil.json","nist_category":"System and Information Integrity","nist_control_id":"SI-4 [Windows Integrity]"},"additional_context":{"SourceName":"Microsoft-Windows-Security-Auditing","ProviderGuid":"{54849625-5478-4994-a5ba-3e3b0328c30d}","Level":"0","Keywords":"0x8020000000000000","Channel":"Security","Hostname":"DC01.pandalab.com","TimeCreated":"2023-07-19T09:03:37.656Z","@timestamp":"2023-07-19T09:03:37.656Z","EventID":4670,"Message":"Permissions on an object were changed.\r\n\r\nSubject:\r\n\tSecurity ID:\t\tS-1-5-18\r\n\tAccount Name:\t\tDC01$\r\n\tAccount Domain:\t\tPANDALAB\r\n\tLogon ID:\t\t0x3E7\r\n\r\nObject:\r\n\tObject Server:\tSecurity\r\n\tObject Type:\tToken\r\n\tObject Name:\t-\r\n\tHandle ID:\t0x3a0\r\n\r\nProcess:\r\n\tProcess ID:\t0x250\r\n\tProcess Name:\tC:\\Windows\\System32\\services.exe\r\n\r\nPermissions Change:\r\n\tOriginal Security Descriptor:\tD:(A;;GA;;;SY)(A;;RCGXGR;;;BA)\r\n\tNew Security Descriptor:\tD:(A;;GA;;;SY)(A;;RC;;;OW)(A;;GA;;;S-1-5-80-3195062495-2862850656-3724129271-1847284719-4038691091)","Task":"13570","SubjectUserSid":"S-1-5-18","SubjectUserName":"DC01$","SubjectDomainName":"PANDALAB","SubjectLogonId":"0x3e7","ObjectServer":"Security","ObjectType":"Token","ObjectName":"-","HandleId":"0x3a0","OldSd":"D:(A;;GA;;;SY)(A;;RCGXGR;;;BA)","NewSd":"D:(A;;GA;;;SY)(A;;RC;;;OW)(A;;GA;;;S-1-5-80-3195062495-2862850656-3724129271-1847284719-4038691091)","ProcessId":"0x250","ProcessName":"C:\\Windows\\System32\\services.exe"},"raw":"{\"SourceName\":\"Microsoft-Windows-Security-Auditing\",\"ProviderGuid\":\"{54849625-5478-4994-a5ba-3e3b0328c30d}\",\"Level\":\"0\",\"Keywords\":\"0x8020000000000000\",\"Channel\":\"Security\",\"Hostname\":\"DC01.pandalab.com\",\"TimeCreated\":\"2023-07-19T09:03:37.656Z\",\"@timestamp\":\"2023-07-19T09:03:37.656Z\",\"EventID\":4670,\"Message\":\"Permissions on an object were changed.\\r\\n\\r\\nSubject:\\r\\n\\tSecurity ID:\\t\\tS-1-5-18\\r\\n\\tAccount Name:\\t\\tDC01$\\r\\n\\tAccount Domain:\\t\\tPANDALAB\\r\\n\\tLogon ID:\\t\\t0x3E7\\r\\n\\r\\nObject:\\r\\n\\tObject Server:\\tSecurity\\r\\n\\tObject Type:\\tToken\\r\\n\\tObject Name:\\t-\\r\\n\\tHandle ID:\\t0x3a0\\r\\n\\r\\nProcess:\\r\\n\\tProcess ID:\\t0x250\\r\\n\\tProcess Name:\\tC:\\\\Windows\\\\System32\\\\services.exe\\r\\n\\r\\nPermissions Change:\\r\\n\\tOriginal Security Descriptor:\\tD:(A;;GA;;;SY)(A;;RCGXGR;;;BA)\\r\\n\\tNew Security Descriptor:\\tD:(A;;GA;;;SY)(A;;RC;;;OW)(A;;GA;;;S-1-5-80-3195062495-2862850656-3724129271-1847284719-4038691091)\",\"Task\":\"13570\",\"SubjectUserSid\":\"S-1-5-18\",\"SubjectUserName\":\"DC01$\",\"SubjectDomainName\":\"PANDALAB\",\"SubjectLogonId\":\"0x3e7\",\"ObjectServer\":\"Security\",\"ObjectType\":\"Token\",\"ObjectName\":\"-\",\"HandleId\":\"0x3a0\",\"OldSd\":\"D:(A;;GA;;;SY)(A;;RCGXGR;;;BA)\",\"NewSd\":\"D:(A;;GA;;;SY)(A;;RC;;;OW)(A;;GA;;;S-1-5-80-3195062495-2862850656-3724129271-1847284719-4038691091)\",\"ProcessId\":\"0x250\",\"ProcessName\":\"C:\\\\Windows\\\\System32\\\\services.exe\"}","unparsed_raw":"{\"SourceName\":\"Microsoft-Windows-Security-Auditing\",\"ProviderGuid\":\"{54849625-5478-4994-a5ba-3e3b0328c30d}\",\"Level\":\"0\",\"Keywords\":\"0x8020000000000000\",\"Channel\":\"Security\",\"Hostname\":\"DC01.pandalab.com\",\"TimeCreated\":\"2023-07-19T09:03:37.656Z\",\"@timestamp\":\"2023-07-19T09:03:37.656Z\",\"EventID\":4670,\"Message\":\"Permissions on an object were changed.\\r\\n\\r\\nSubject:\\r\\n\\tSecurity ID:\\t\\tS-1-5-18\\r\\n\\tAccount Name:\\t\\tDC01$\\r\\n\\tAccount Domain:\\t\\tPANDALAB\\r\\n\\tLogon ID:\\t\\t0x3E7\\r\\n\\r\\nObject:\\r\\n\\tObject Server:\\tSecurity\\r\\n\\tObject Type:\\tToken\\r\\n\\tObject Name:\\t-\\r\\n\\tHandle ID:\\t0x3a0\\r\\n\\r\\nProcess:\\r\\n\\tProcess ID:\\t0x250\\r\\n\\tProcess Name:\\tC:\\\\Windows\\\\System32\\\\services.exe\\r\\n\\r\\nPermissions Change:\\r\\n\\tOriginal Security Descriptor:\\tD:(A;;GA;;;SY)(A;;RCGXGR;;;BA)\\r\\n\\tNew Security Descriptor:\\tD:(A;;GA;;;SY)(A;;RC;;;OW)(A;;GA;;;S-1-5-80-3195062495-2862850656-3724129271-1847284719-4038691091)\",\"Task\":\"13570\",\"SubjectUserSid\":\"S-1-5-18\",\"SubjectUserName\":\"DC01$\",\"SubjectDomainName\":\"PANDALAB\",\"SubjectLogonId\":\"0x3e7\",\"ObjectServer\":\"Security\",\"ObjectType\":\"Token\",\"ObjectName\":\"-\",\"HandleId\":\"0x3a0\",\"OldSd\":\"D:(A;;GA;;;SY)(A;;RCGXGR;;;BA)\",\"NewSd\":\"D:(A;;GA;;;SY)(A;;RC;;;OW)(A;;GA;;;S-1-5-80-3195062495-2862850656-3724129271-1847284719-4038691091)\",\"ProcessId\":\"0x250\",\"ProcessName\":\"C:\\\\Windows\\\\System32\\\\services.exe\"}","original_format":"ndjson","quality":"Degraded","incident_id":"f8f0bfe0-9fdc-4d92-b5ba-6b8b60103385","redactions":[],"bridge_hash":null,"chain_hash":null,"parent_process_id":null,"parent_process_name":null,"lineage_chain":null,"line_id":null,"destination_ip":null,"destination_port":null,"protocol":null,"process_guid":null,"target_image":null,"granted_access":null,"evidence_vault":null,"log_source":"cmd_dumping_ntds_dit_file_ntdsutil_cmd_dumping_ntds_dit_file_ntdsutil.json","process_id":592,"image":null,"command_line":null,"node_id":"Standalone"}
{"timestamp":"2026-05-09T10:00:55.400129100-07:00","message":"[RAW Forensic Payload] {\"SourceName\":\"Microsoft-Windows-Security-Auditing\",\"ProviderGuid\":\"{54849625-5478-4994-a5ba-3e3b...","severity":"Info","source":"ndjson","subject_id":null,"outcome":"Degraded","metadata":{"EventID":"4688","captured_message":"[RAW Forensic Payload] {\"SourceName\":\"Microsoft-Windows-Security-Auditing\",\"ProviderGuid\":\"{54849625-5478-4994-a5ba-3e3b...","log_source":"cmd_dumping_ntds_dit_file_ntdsutil_cmd_dumping_ntds_dit_file_ntdsutil.json","nist_category":"System and Information Integrity","nist_control_id":"SI-4 [Windows Integrity]"},"additional_context":{"SourceName":"Microsoft-Windows-Security-Auditing","ProviderGuid":"{54849625-5478-4994-a5ba-3e3b0328c30d}","Level":"0","Keywords":"0x8020000000000000","Channel":"Security","Hostname":"DC01.pandalab.com","TimeCreated":"2023-07-19T09:03:37.695Z","@timestamp":"2023-07-19T09:03:37.695Z","EventID":4688,"Message":"A new process has been created.\r\n\r\nCreator Subject:\r\n\tSecurity ID:\t\tS-1-5-18\r\n\tAccount Name:\t\tDC01$\r\n\tAccount Domain:\t\tPANDALAB\r\n\tLogon ID:\t\t0x3E7\r\n\r\nTarget Subject:\r\n\tSecurity ID:\t\tS-1-0-0\r\n\tAccount Name:\t\t-\r\n\tAccount Domain:\t\t-\r\n\tLogon ID:\t\t0x0\r\n\r\nProcess Information:\r\n\tNew Process ID:\t\t0xc10\r\n\tNew Process Name:\tC:\\Windows\\System32\\VSSVC.exe\r\n\tToken Elevation Type:\tTokenElevationTypeDefault (1)\r\n\tMandatory Label:\t\tS-1-16-16384\r\n\tCreator Process ID:\t0x250\r\n\tCreator Process Name:\tC:\\Windows\\System32\\services.exe\r\n\tProcess Command Line:\tC:\\Windows\\system32\\vssvc.exe\r\n\r\nToken Elevation Type indicates the type of token that was assigned to the new process in accordance with User Account Control policy.\r\n\r\nType 1 is a full token with no privileges removed or groups disabled.  A full token is only used if User Account Control is disabled or if the user is the built-in Administrator account or a service account.\r\n\r\nType 2 is an elevated token with no privileges removed or groups disabled.  An elevated token is used when User Account Control is enabled and the user chooses to start the program using Run as administrator.  An elevated token is also used when an application is configured to always require administrative privilege or to always require maximum privilege, and the user is a member of the Administrators group.\r\n\r\nType 3 is a limited token with administrative privileges removed and administrative groups disabled.  The limited token is used when User Account Control is enabled, the application does not require administrative privilege, and the user does not choose to start the program using Run as administrator.","Task":"13312","SubjectUserSid":"S-1-5-18","SubjectUserName":"DC01$","SubjectDomainName":"PANDALAB","SubjectLogonId":"0x3e7","NewProcessId":"0xc10","NewProcessName":"C:\\Windows\\System32\\VSSVC.exe","TokenElevationType":"%%1936","ProcessId":"0x250","CommandLine":"C:\\Windows\\system32\\vssvc.exe","TargetUserSid":"S-1-0-0","TargetUserName":"-","TargetDomainName":"-","TargetLogonId":"0x0","ParentProcessName":"C:\\Windows\\System32\\services.exe","MandatoryLabel":"S-1-16-16384"},"raw":"{\"SourceName\":\"Microsoft-Windows-Security-Auditing\",\"ProviderGuid\":\"{54849625-5478-4994-a5ba-3e3b0328c30d}\",\"Level\":\"0\",\"Keywords\":\"0x8020000000000000\",\"Channel\":\"Security\",\"Hostname\":\"DC01.pandalab.com\",\"TimeCreated\":\"2023-07-19T09:03:37.695Z\",\"@timestamp\":\"2023-07-19T09:03:37.695Z\",\"EventID\":4688,\"Message\":\"A new process has been created.\\r\\n\\r\\nCreator Subject:\\r\\n\\tSecurity ID:\\t\\tS-1-5-18\\r\\n\\tAccount Name:\\t\\tDC01$\\r\\n\\tAccount Domain:\\t\\tPANDALAB\\r\\n\\tLogon ID:\\t\\t0x3E7\\r\\n\\r\\nTarget Subject:\\r\\n\\tSecurity ID:\\t\\tS-1-0-0\\r\\n\\tAccount Name:\\t\\t-\\r\\n\\tAccount Domain:\\t\\t-\\r\\n\\tLogon ID:\\t\\t0x0\\r\\n\\r\\nProcess Information:\\r\\n\\tNew Process ID:\\t\\t0xc10\\r\\n\\tNew Process Name:\\tC:\\\\Windows\\\\System32\\\\VSSVC.exe\\r\\n\\tToken Elevation Type:\\tTokenElevationTypeDefault (1)\\r\\n\\tMandatory Label:\\t\\tS-1-16-16384\\r\\n\\tCreator Process ID:\\t0x250\\r\\n\\tCreator Process Name:\\tC:\\\\Windows\\\\System32\\\\services.exe\\r\\n\\tProcess Command Line:\\tC:\\\\Windows\\\\system32\\\\vssvc.exe\\r\\n\\r\\nToken Elevation Type indicates the type of token that was assigned to the new process in accordance with User Account Control policy.\\r\\n\\r\\nType 1 is a full token with no privileges removed or groups disabled.  A full token is only used if User Account Control is disabled or if the user is the built-in Administrator account or a service account.\\r\\n\\r\\nType 2 is an elevated token with no privileges removed or groups disabled.  An elevated token is used when User Account Control is enabled and the user chooses to start the program using Run as administrator.  An elevated token is also used when an application is configured to always require administrative privilege or to always require maximum privilege, and the user is a member of the Administrators group.\\r\\n\\r\\nType 3 is a limited token with administrative privileges removed and administrative groups disabled.  The limited token is used when User Account Control is enabled, the application does not require administrative privilege, and the user does not choose to start the program using Run as administrator.\",\"Task\":\"13312\",\"SubjectUserSid\":\"S-1-5-18\",\"SubjectUserName\":\"DC01$\",\"SubjectDomainName\":\"PANDALAB\",\"SubjectLogonId\":\"0x3e7\",\"NewProcessId\":\"0xc10\",\"NewProcessName\":\"C:\\\\Windows\\\\System32\\\\VSSVC.exe\",\"TokenElevationType\":\"%%1936\",\"ProcessId\":\"0x250\",\"CommandLine\":\"C:\\\\Windows\\\\system32\\\\vssvc.exe\",\"TargetUserSid\":\"S-1-0-0\",\"TargetUserName\":\"-\",\"TargetDomainName\":\"-\",\"TargetLogonId\":\"0x0\",\"ParentProcessName\":\"C:\\\\Windows\\\\System32\\\\services.exe\",\"MandatoryLabel\":\"S-1-16-16384\"}","unparsed_raw":"{\"SourceName\":\"Microsoft-Windows-Security-Auditing\",\"ProviderGuid\":\"{54849625-5478-4994-a5ba-3e3b0328c30d}\",\"Level\":\"0\",\"Keywords\":\"0x8020000000000000\",\"Channel\":\"Security\",\"Hostname\":\"DC01.pandalab.com\",\"TimeCreated\":\"2023-07-19T09:03:37.695Z\",\"@timestamp\":\"2023-07-19T09:03:37.695Z\",\"EventID\":4688,\"Message\":\"A new process has been created.\\r\\n\\r\\nCreator Subject:\\r\\n\\tSecurity ID:\\t\\tS-1-5-18\\r\\n\\tAccount Name:\\t\\tDC01$\\r\\n\\tAccount Domain:\\t\\tPANDALAB\\r\\n\\tLogon ID:\\t\\t0x3E7\\r\\n\\r\\nTarget Subject:\\r\\n\\tSecurity ID:\\t\\tS-1-0-0\\r\\n\\tAccount Name:\\t\\t-\\r\\n\\tAccount Domain:\\t\\t-\\r\\n\\tLogon ID:\\t\\t0x0\\r\\n\\r\\nProcess Information:\\r\\n\\tNew Process ID:\\t\\t0xc10\\r\\n\\tNew Process Name:\\tC:\\\\Windows\\\\System32\\\\VSSVC.exe\\r\\n\\tToken Elevation Type:\\tTokenElevationTypeDefault (1)\\r\\n\\tMandatory Label:\\t\\tS-1-16-16384\\r\\n\\tCreator Process ID:\\t0x250\\r\\n\\tCreator Process Name:\\tC:\\\\Windows\\\\System32\\\\services.exe\\r\\n\\tProcess Command Line:\\tC:\\\\Windows\\\\system32\\\\vssvc.exe\\r\\n\\r\\nToken Elevation Type indicates the type of token that was assigned to the new process in accordance with User Account Control policy.\\r\\n\\r\\nType 1 is a full token with no privileges removed or groups disabled.  A full token is only used if User Account Control is disabled or if the user is the built-in Administrator account or a service account.\\r\\n\\r\\nType 2 is an elevated token with no privileges removed or groups disabled.  An elevated token is used when User Account Control is enabled and the user chooses to start the program using Run as administrator.  An elevated token is also used when an application is configured to always require administrative privilege or to always require maximum privilege, and the user is a member of the Administrators group.\\r\\n\\r\\nType 3 is a limited token with administrative privileges removed and administrative groups disabled.  The limited token is used when User Account Control is enabled, the application does not require administrative privilege, and the user does not choose to start the program using Run as administrator.\",\"Task\":\"13312\",\"SubjectUserSid\":\"S-1-5-18\",\"SubjectUserName\":\"DC01$\",\"SubjectDomainName\":\"PANDALAB\",\"SubjectLogonId\":\"0x3e7\",\"NewProcessId\":\"0xc10\",\"NewProcessName\":\"C:\\\\Windows\\\\System32\\\\VSSVC.exe\",\"TokenElevationType\":\"%%1936\",\"ProcessId\":\"0x250\",\"CommandLine\":\"C:\\\\Windows\\\\system32\\\\vssvc.exe\",\"TargetUserSid\":\"S-1-0-0\",\"TargetUserName\":\"-\",\"TargetDomainName\":\"-\",\"TargetLogonId\":\"0x0\",\"ParentProcessName\":\"C:\\\\Windows\\\\System32\\\\services.exe\",\"MandatoryLabel\":\"S-1-16-16384\"}","original_format":"ndjson","quality":"Degraded","incident_id":"f8f0bfe0-9fdc-4d92-b5ba-6b8b60103385","redactions":[],"bridge_hash":null,"chain_hash":null,"parent_process_id":null,"parent_process_name":null,"lineage_chain":null,"line_id":null,"destination_ip":null,"destination_port":null,"protocol":null,"process_guid":null,"target_image":null,"granted_access":null,"evidence_vault":null,"log_source":"cmd_dumping_ntds_dit_file_ntdsutil_cmd_dumping_ntds_dit_file_ntdsutil.json","process_id":592,"image":null,"command_line":"C:\\Windows\\system32\\vssvc.exe","node_id":"Standalone"}
{"timestamp":"2026-05-09T10:00:55.400232-07:00","message":"[RAW Forensic Payload] {\"SourceName\":\"Microsoft-Windows-Security-Auditing\",\"ProviderGuid\":\"{54849625-5478-4994-a5ba-3e3b...","severity":"Info","source":"ndjson","subject_id":null,"outcome":"Degraded","metadata":{"EventID":"4703","captured_message":"[RAW Forensic Payload] {\"SourceName\":\"Microsoft-Windows-Security-Auditing\",\"ProviderGuid\":\"{54849625-5478-4994-a5ba-3e3b...","log_source":"cmd_dumping_ntds_dit_file_ntdsutil_cmd_dumping_ntds_dit_file_ntdsutil.json","nist_category":"System and Information Integrity","nist_control_id":"SI-4 [Windows Integrity]"},"additional_context":{"SourceName":"Microsoft-Windows-Security-Auditing","ProviderGuid":"{54849625-5478-4994-a5ba-3e3b0328c30d}","Level":"0","Keywords":"0x8020000000000000","Channel":"Security","Hostname":"DC01.pandalab.com","TimeCreated":"2023-07-19T09:03:37.824Z","@timestamp":"2023-07-19T09:03:37.824Z","EventID":4703,"Message":"A token right was adjusted.\r\n\r\nSubject:\r\n\tSecurity ID:\t\tS-1-5-18\r\n\tAccount Name:\t\tDC01$\r\n\tAccount Domain:\t\tPANDALAB\r\n\tLogon ID:\t\t0x3E7\r\n\r\nTarget Account:\r\n\tSecurity ID:\t\tS-1-0-0\r\n\tAccount Name:\t\tDC01$\r\n\tAccount Domain:\t\tPANDALAB\r\n\tLogon ID:\t\t0x3E7\r\n\r\nProcess Information:\r\n\tProcess ID:\t\t0xc10\r\n\tProcess Name:\t\tC:\\Windows\\System32\\VSSVC.exe\r\n\r\nEnabled Privileges:\r\n\t\t\tSeBackupPrivilege\r\n\r\nDisabled Privileges:\r\n\t\t\t-","Task":"13317","SubjectUserSid":"S-1-5-18","SubjectUserName":"DC01$","SubjectDomainName":"PANDALAB","SubjectLogonId":"0x3e7","TargetUserSid":"S-1-0-0","TargetUserName":"DC01$","TargetDomainName":"PANDALAB","TargetLogonId":"0x3e7","ProcessName":"C:\\Windows\\System32\\VSSVC.exe","ProcessId":"0xc10","EnabledPrivilegeList":"SeBackupPrivilege","DisabledPrivilegeList":"-"},"raw":"{\"SourceName\":\"Microsoft-Windows-Security-Auditing\",\"ProviderGuid\":\"{54849625-5478-4994-a5ba-3e3b0328c30d}\",\"Level\":\"0\",\"Keywords\":\"0x8020000000000000\",\"Channel\":\"Security\",\"Hostname\":\"DC01.pandalab.com\",\"TimeCreated\":\"2023-07-19T09:03:37.824Z\",\"@timestamp\":\"2023-07-19T09:03:37.824Z\",\"EventID\":4703,\"Message\":\"A token right was adjusted.\\r\\n\\r\\nSubject:\\r\\n\\tSecurity ID:\\t\\tS-1-5-18\\r\\n\\tAccount Name:\\t\\tDC01$\\r\\n\\tAccount Domain:\\t\\tPANDALAB\\r\\n\\tLogon ID:\\t\\t0x3E7\\r\\n\\r\\nTarget Account:\\r\\n\\tSecurity ID:\\t\\tS-1-0-0\\r\\n\\tAccount Name:\\t\\tDC01$\\r\\n\\tAccount Domain:\\t\\tPANDALAB\\r\\n\\tLogon ID:\\t\\t0x3E7\\r\\n\\r\\nProcess Information:\\r\\n\\tProcess ID:\\t\\t0xc10\\r\\n\\tProcess Name:\\t\\tC:\\\\Windows\\\\System32\\\\VSSVC.exe\\r\\n\\r\\nEnabled Privileges:\\r\\n\\t\\t\\tSeBackupPrivilege\\r\\n\\r\\nDisabled Privileges:\\r\\n\\t\\t\\t-\",\"Task\":\"13317\",\"SubjectUserSid\":\"S-1-5-18\",\"SubjectUserName\":\"DC01$\",\"SubjectDomainName\":\"PANDALAB\",\"SubjectLogonId\":\"0x3e7\",\"TargetUserSid\":\"S-1-0-0\",\"TargetUserName\":\"DC01$\",\"TargetDomainName\":\"PANDALAB\",\"TargetLogonId\":\"0x3e7\",\"ProcessName\":\"C:\\\\Windows\\\\System32\\\\VSSVC.exe\",\"ProcessId\":\"0xc10\",\"EnabledPrivilegeList\":\"SeBackupPrivilege\",\"DisabledPrivilegeList\":\"-\"}","unparsed_raw":"{\"SourceName\":\"Microsoft-Windows-Security-Auditing\",\"ProviderGuid\":\"{54849625-5478-4994-a5ba-3e3b0328c30d}\",\"Level\":\"0\",\"Keywords\":\"0x8020000000000000\",\"Channel\":\"Security\",\"Hostname\":\"DC01.pandalab.com\",\"TimeCreated\":\"2023-07-19T09:03:37.824Z\",\"@timestamp\":\"2023-07-19T09:03:37.824Z\",\"EventID\":4703,\"Message\":\"A token right was adjusted.\\r\\n\\r\\nSubject:\\r\\n\\tSecurity ID:\\t\\tS-1-5-18\\r\\n\\tAccount Name:\\t\\tDC01$\\r\\n\\tAccount Domain:\\t\\tPANDALAB\\r\\n\\tLogon ID:\\t\\t0x3E7\\r\\n\\r\\nTarget Account:\\r\\n\\tSecurity ID:\\t\\tS-1-0-0\\r\\n\\tAccount Name:\\t\\tDC01$\\r\\n\\tAccount Domain:\\t\\tPANDALAB\\r\\n\\tLogon ID:\\t\\t0x3E7\\r\\n\\r\\nProcess Information:\\r\\n\\tProcess ID:\\t\\t0xc10\\r\\n\\tProcess Name:\\t\\tC:\\\\Windows\\\\System32\\\\VSSVC.exe\\r\\n\\r\\nEnabled Privileges:\\r\\n\\t\\t\\tSeBackupPrivilege\\r\\n\\r\\nDisabled Privileges:\\r\\n\\t\\t\\t-\",\"Task\":\"13317\",\"SubjectUserSid\":\"S-1-5-18\",\"SubjectUserName\":\"DC01$\",\"SubjectDomainName\":\"PANDALAB\",\"SubjectLogonId\":\"0x3e7\",\"TargetUserSid\":\"S-1-0-0\",\"TargetUserName\":\"DC01$\",\"TargetDomainName\":\"PANDALAB\",\"TargetLogonId\":\"0x3e7\",\"ProcessName\":\"C:\\\\Windows\\\\System32\\\\VSSVC.exe\",\"ProcessId\":\"0xc10\",\"EnabledPrivilegeList\":\"SeBackupPrivilege\",\"DisabledPrivilegeList\":\"-\"}","original_format":"ndjson","quality":"Degraded","incident_id":"f8f0bfe0-9fdc-4d92-b5ba-6b8b60103385","redactions":[],"bridge_hash":null,"chain_hash":null,"parent_process_id":null,"parent_process_name":null,"lineage_chain":null,"line_id":null,"destination_ip":null,"destination_port":null,"protocol":null,"process_guid":null,"target_image":null,"granted_access":null,"evidence_vault":null,"log_source":"cmd_dumping_ntds_dit_file_ntdsutil_cmd_dumping_ntds_dit_file_ntdsutil.json","process_id":3088,"image":null,"command_line":null,"node_id":"Standalone"}
{"timestamp":"2026-05-09T10:00:55.400341600-07:00","message":"[RAW Forensic Payload] {\"SourceName\":\"Microsoft-Windows-Security-Auditing\",\"ProviderGuid\":\"{54849625-5478-4994-a5ba-3e3b...","severity":"Info","source":"ndjson","subject_id":null,"outcome":"Degraded","metadata":{"EventID":"4703","captured_message":"[RAW Forensic Payload] {\"SourceName\":\"Microsoft-Windows-Security-Auditing\",\"ProviderGuid\":\"{54849625-5478-4994-a5ba-3e3b...","log_source":"cmd_dumping_ntds_dit_file_ntdsutil_cmd_dumping_ntds_dit_file_ntdsutil.json","nist_category":"System and Information Integrity","nist_control_id":"SI-4 [Windows Integrity]"},"additional_context":{"SourceName":"Microsoft-Windows-Security-Auditing","ProviderGuid":"{54849625-5478-4994-a5ba-3e3b0328c30d}","Level":"0","Keywords":"0x8020000000000000","Channel":"Security","Hostname":"DC01.pandalab.com","TimeCreated":"2023-07-19T09:03:37.824Z","@timestamp":"2023-07-19T09:03:37.824Z","EventID":4703,"Message":"A token right was adjusted.\r\n\r\nSubject:\r\n\tSecurity ID:\t\tS-1-5-18\r\n\tAccount Name:\t\tDC01$\r\n\tAccount Domain:\t\tPANDALAB\r\n\tLogon ID:\t\t0x3E7\r\n\r\nTarget Account:\r\n\tSecurity ID:\t\tS-1-0-0\r\n\tAccount Name:\t\tDC01$\r\n\tAccount Domain:\t\tPANDALAB\r\n\tLogon ID:\t\t0x3E7\r\n\r\nProcess Information:\r\n\tProcess ID:\t\t0xc10\r\n\tProcess Name:\t\tC:\\Windows\\System32\\VSSVC.exe\r\n\r\nEnabled Privileges:\r\n\t\t\tSeRestorePrivilege\r\n\r\nDisabled Privileges:\r\n\t\t\t-","Task":"13317","SubjectUserSid":"S-1-5-18","SubjectUserName":"DC01$","SubjectDomainName":"PANDALAB","SubjectLogonId":"0x3e7","TargetUserSid":"S-1-0-0","TargetUserName":"DC01$","TargetDomainName":"PANDALAB","TargetLogonId":"0x3e7","ProcessName":"C:\\Windows\\System32\\VSSVC.exe","ProcessId":"0xc10","EnabledPrivilegeList":"SeRestorePrivilege","DisabledPrivilegeList":"-"},"raw":"{\"SourceName\":\"Microsoft-Windows-Security-Auditing\",\"ProviderGuid\":\"{54849625-5478-4994-a5ba-3e3b0328c30d}\",\"Level\":\"0\",\"Keywords\":\"0x8020000000000000\",\"Channel\":\"Security\",\"Hostname\":\"DC01.pandalab.com\",\"TimeCreated\":\"2023-07-19T09:03:37.824Z\",\"@timestamp\":\"2023-07-19T09:03:37.824Z\",\"EventID\":4703,\"Message\":\"A token right was adjusted.\\r\\n\\r\\nSubject:\\r\\n\\tSecurity ID:\\t\\tS-1-5-18\\r\\n\\tAccount Name:\\t\\tDC01$\\r\\n\\tAccount Domain:\\t\\tPANDALAB\\r\\n\\tLogon ID:\\t\\t0x3E7\\r\\n\\r\\nTarget Account:\\r\\n\\tSecurity ID:\\t\\tS-1-0-0\\r\\n\\tAccount Name:\\t\\tDC01$\\r\\n\\tAccount Domain:\\t\\tPANDALAB\\r\\n\\tLogon ID:\\t\\t0x3E7\\r\\n\\r\\nProcess Information:\\r\\n\\tProcess ID:\\t\\t0xc10\\r\\n\\tProcess Name:\\t\\tC:\\\\Windows\\\\System32\\\\VSSVC.exe\\r\\n\\r\\nEnabled Privileges:\\r\\n\\t\\t\\tSeRestorePrivilege\\r\\n\\r\\nDisabled Privileges:\\r\\n\\t\\t\\t-\",\"Task\":\"13317\",\"SubjectUserSid\":\"S-1-5-18\",\"SubjectUserName\":\"DC01$\",\"SubjectDomainName\":\"PANDALAB\",\"SubjectLogonId\":\"0x3e7\",\"TargetUserSid\":\"S-1-0-0\",\"TargetUserName\":\"DC01$\",\"TargetDomainName\":\"PANDALAB\",\"TargetLogonId\":\"0x3e7\",\"ProcessName\":\"C:\\\\Windows\\\\System32\\\\VSSVC.exe\",\"ProcessId\":\"0xc10\",\"EnabledPrivilegeList\":\"SeRestorePrivilege\",\"DisabledPrivilegeList\":\"-\"}","unparsed_raw":"{\"SourceName\":\"Microsoft-Windows-Security-Auditing\",\"ProviderGuid\":\"{54849625-5478-4994-a5ba-3e3b0328c30d}\",\"Level\":\"0\",\"Keywords\":\"0x8020000000000000\",\"Channel\":\"Security\",\"Hostname\":\"DC01.pandalab.com\",\"TimeCreated\":\"2023-07-19T09:03:37.824Z\",\"@timestamp\":\"2023-07-19T09:03:37.824Z\",\"EventID\":4703,\"Message\":\"A token right was adjusted.\\r\\n\\r\\nSubject:\\r\\n\\tSecurity ID:\\t\\tS-1-5-18\\r\\n\\tAccount Name:\\t\\tDC01$\\r\\n\\tAccount Domain:\\t\\tPANDALAB\\r\\n\\tLogon ID:\\t\\t0x3E7\\r\\n\\r\\nTarget Account:\\r\\n\\tSecurity ID:\\t\\tS-1-0-0\\r\\n\\tAccount Name:\\t\\tDC01$\\r\\n\\tAccount Domain:\\t\\tPANDALAB\\r\\n\\tLogon ID:\\t\\t0x3E7\\r\\n\\r\\nProcess Information:\\r\\n\\tProcess ID:\\t\\t0xc10\\r\\n\\tProcess Name:\\t\\tC:\\\\Windows\\\\System32\\\\VSSVC.exe\\r\\n\\r\\nEnabled Privileges:\\r\\n\\t\\t\\tSeRestorePrivilege\\r\\n\\r\\nDisabled Privileges:\\r\\n\\t\\t\\t-\",\"Task\":\"13317\",\"SubjectUserSid\":\"S-1-5-18\",\"SubjectUserName\":\"DC01$\",\"SubjectDomainName\":\"PANDALAB\",\"SubjectLogonId\":\"0x3e7\",\"TargetUserSid\":\"S-1-0-0\",\"TargetUserName\":\"DC01$\",\"TargetDomainName\":\"PANDALAB\",\"TargetLogonId\":\"0x3e7\",\"ProcessName\":\"C:\\\\Windows\\\\System32\\\\VSSVC.exe\",\"ProcessId\":\"0xc10\",\"EnabledPrivilegeList\":\"SeRestorePrivilege\",\"DisabledPrivilegeList\":\"-\"}","original_format":"ndjson","quality":"Degraded","incident_id":"f8f0bfe0-9fdc-4d92-b5ba-6b8b60103385","redactions":[],"bridge_hash":null,"chain_hash":null,"parent_process_id":null,"parent_process_name":null,"lineage_chain":null,"line_id":null,"destination_ip":null,"destination_port":null,"protocol":null,"process_guid":null,"target_image":null,"granted_access":null,"evidence_vault":null,"log_source":"cmd_dumping_ntds_dit_file_ntdsutil_cmd_dumping_ntds_dit_file_ntdsutil.json","process_id":3088,"image":null,"command_line":null,"node_id":"Standalone"}
