{"timestamp":"2026-05-09T10:00:55.392387200-07:00","message":"[RAW Forensic Payload] {\"SourceName\":\"Microsoft-Windows-Security-Auditing\",\"ProviderGuid\":\"{54849625-5478-4994-a5ba-3e3b...","severity":"Info","source":"ndjson","subject_id":null,"outcome":"Degraded","metadata":{"EventID":"5156","captured_message":"[RAW Forensic Payload] {\"SourceName\":\"Microsoft-Windows-Security-Auditing\",\"ProviderGuid\":\"{54849625-5478-4994-a5ba-3e3b...","log_source":"cmd_dumping_ntds_dit_file_ntdsutil_cmd_dumping_ntds_dit_file_ntdsutil.json","nist_category":"System and Information Integrity","nist_control_id":"SI-4 [Windows Integrity]"},"additional_context":{"SourceName":"Microsoft-Windows-Security-Auditing","ProviderGuid":"{54849625-5478-4994-a5ba-3e3b0328c30d}","Level":"0","Keywords":"0x8020000000000000","Channel":"Security","Hostname":"DC01.pandalab.com","TimeCreated":"2023-07-19T09:02:29.307Z","@timestamp":"2023-07-19T09:02:29.307Z","EventID":5156,"Message":"The Windows Filtering Platform has permitted a connection.\r\n\r\nApplication Information:\r\n\tProcess ID:\t\t2348\r\n\tApplication Name:\t\\device\\harddiskvolume2\\windows\\system32\\dns.exe\r\n\r\nNetwork Information:\r\n\tDirection:\t\tOutbound\r\n\tSource Address:\t\t192.168.1.4\r\n\tSource Port:\t\t49898\r\n\tDestination Address:\t192.203.230.10\r\n\tDestination Port:\t\t53\r\n\tProtocol:\t\t17\r\n\tInterface Index:\t\t10\r\n\r\nFilter Information:\r\n\tFilter Origin:\t\tUnknown\r\n\tFilter Run-Time ID:\t71053\r\n\tLayer Name:\t\tConnect\r\n\tLayer Run-Time ID:\t48\r\n\tRemote User ID:\t\tS-1-0-0\r\n\tRemote Machine ID:\tS-1-0-0","Task":"12810","ProcessID":"2348","Application":"\\device\\harddiskvolume2\\windows\\system32\\dns.exe","Direction":"%%14593","SourceAddress":"192.168.1.4","SourcePort":"49898","DestAddress":"192.203.230.10","DestPort":"53","Protocol":"17","InterfaceIndex":"10","FilterOrigin":"Unknown","FilterRTID":"71053","LayerName":"%%14611","LayerRTID":"48","RemoteUserID":"S-1-0-0","RemoteMachineID":"S-1-0-0"},"raw":"{\"SourceName\":\"Microsoft-Windows-Security-Auditing\",\"ProviderGuid\":\"{54849625-5478-4994-a5ba-3e3b0328c30d}\",\"Level\":\"0\",\"Keywords\":\"0x8020000000000000\",\"Channel\":\"Security\",\"Hostname\":\"DC01.pandalab.com\",\"TimeCreated\":\"2023-07-19T09:02:29.307Z\",\"@timestamp\":\"2023-07-19T09:02:29.307Z\",\"EventID\":5156,\"Message\":\"The Windows Filtering Platform has permitted a connection.\\r\\n\\r\\nApplication Information:\\r\\n\\tProcess ID:\\t\\t2348\\r\\n\\tApplication Name:\\t\\\\device\\\\harddiskvolume2\\\\windows\\\\system32\\\\dns.exe\\r\\n\\r\\nNetwork Information:\\r\\n\\tDirection:\\t\\tOutbound\\r\\n\\tSource Address:\\t\\t192.168.1.4\\r\\n\\tSource Port:\\t\\t49898\\r\\n\\tDestination Address:\\t192.203.230.10\\r\\n\\tDestination Port:\\t\\t53\\r\\n\\tProtocol:\\t\\t17\\r\\n\\tInterface Index:\\t\\t10\\r\\n\\r\\nFilter Information:\\r\\n\\tFilter Origin:\\t\\tUnknown\\r\\n\\tFilter Run-Time ID:\\t71053\\r\\n\\tLayer Name:\\t\\tConnect\\r\\n\\tLayer Run-Time ID:\\t48\\r\\n\\tRemote User ID:\\t\\tS-1-0-0\\r\\n\\tRemote Machine ID:\\tS-1-0-0\",\"Task\":\"12810\",\"ProcessID\":\"2348\",\"Application\":\"\\\\device\\\\harddiskvolume2\\\\windows\\\\system32\\\\dns.exe\",\"Direction\":\"%%14593\",\"SourceAddress\":\"192.168.1.4\",\"SourcePort\":\"49898\",\"DestAddress\":\"192.203.230.10\",\"DestPort\":\"53\",\"Protocol\":\"17\",\"InterfaceIndex\":\"10\",\"FilterOrigin\":\"Unknown\",\"FilterRTID\":\"71053\",\"LayerName\":\"%%14611\",\"LayerRTID\":\"48\",\"RemoteUserID\":\"S-1-0-0\",\"RemoteMachineID\":\"S-1-0-0\"}","unparsed_raw":"{\"SourceName\":\"Microsoft-Windows-Security-Auditing\",\"ProviderGuid\":\"{54849625-5478-4994-a5ba-3e3b0328c30d}\",\"Level\":\"0\",\"Keywords\":\"0x8020000000000000\",\"Channel\":\"Security\",\"Hostname\":\"DC01.pandalab.com\",\"TimeCreated\":\"2023-07-19T09:02:29.307Z\",\"@timestamp\":\"2023-07-19T09:02:29.307Z\",\"EventID\":5156,\"Message\":\"The Windows Filtering Platform has permitted a connection.\\r\\n\\r\\nApplication Information:\\r\\n\\tProcess ID:\\t\\t2348\\r\\n\\tApplication Name:\\t\\\\device\\\\harddiskvolume2\\\\windows\\\\system32\\\\dns.exe\\r\\n\\r\\nNetwork Information:\\r\\n\\tDirection:\\t\\tOutbound\\r\\n\\tSource Address:\\t\\t192.168.1.4\\r\\n\\tSource Port:\\t\\t49898\\r\\n\\tDestination Address:\\t192.203.230.10\\r\\n\\tDestination Port:\\t\\t53\\r\\n\\tProtocol:\\t\\t17\\r\\n\\tInterface Index:\\t\\t10\\r\\n\\r\\nFilter Information:\\r\\n\\tFilter Origin:\\t\\tUnknown\\r\\n\\tFilter Run-Time ID:\\t71053\\r\\n\\tLayer Name:\\t\\tConnect\\r\\n\\tLayer Run-Time ID:\\t48\\r\\n\\tRemote User ID:\\t\\tS-1-0-0\\r\\n\\tRemote Machine ID:\\tS-1-0-0\",\"Task\":\"12810\",\"ProcessID\":\"2348\",\"Application\":\"\\\\device\\\\harddiskvolume2\\\\windows\\\\system32\\\\dns.exe\",\"Direction\":\"%%14593\",\"SourceAddress\":\"192.168.1.4\",\"SourcePort\":\"49898\",\"DestAddress\":\"192.203.230.10\",\"DestPort\":\"53\",\"Protocol\":\"17\",\"InterfaceIndex\":\"10\",\"FilterOrigin\":\"Unknown\",\"FilterRTID\":\"71053\",\"LayerName\":\"%%14611\",\"LayerRTID\":\"48\",\"RemoteUserID\":\"S-1-0-0\",\"RemoteMachineID\":\"S-1-0-0\"}","original_format":"ndjson","quality":"Degraded","incident_id":"f8f0bfe0-9fdc-4d92-b5ba-6b8b60103385","redactions":[],"bridge_hash":null,"chain_hash":null,"parent_process_id":null,"parent_process_name":null,"lineage_chain":null,"line_id":null,"destination_ip":null,"destination_port":null,"protocol":null,"process_guid":null,"target_image":null,"granted_access":null,"evidence_vault":null,"log_source":"cmd_dumping_ntds_dit_file_ntdsutil_cmd_dumping_ntds_dit_file_ntdsutil.json","process_id":null,"image":null,"command_line":null,"node_id":"Standalone"}
{"timestamp":"2026-05-09T10:00:55.392485700-07:00","message":"[RAW Forensic Payload] {\"SourceName\":\"Microsoft-Windows-Security-Auditing\",\"ProviderGuid\":\"{54849625-5478-4994-a5ba-3e3b...","severity":"Info","source":"ndjson","subject_id":null,"outcome":"Degraded","metadata":{"EventID":"5152","captured_message":"[RAW Forensic Payload] {\"SourceName\":\"Microsoft-Windows-Security-Auditing\",\"ProviderGuid\":\"{54849625-5478-4994-a5ba-3e3b...","log_source":"cmd_dumping_ntds_dit_file_ntdsutil_cmd_dumping_ntds_dit_file_ntdsutil.json","nist_category":"System and Information Integrity","nist_control_id":"SI-4 [Windows Integrity]"},"additional_context":{"SourceName":"Microsoft-Windows-Security-Auditing","ProviderGuid":"{54849625-5478-4994-a5ba-3e3b0328c30d}","Level":"0","Keywords":"0x8010000000000000","Channel":"Security","Hostname":"DC01.pandalab.com","TimeCreated":"2023-07-19T09:02:29.307Z","@timestamp":"2023-07-19T09:02:29.307Z","EventID":5152,"Message":"The Windows Filtering Platform has blocked a packet.\r\n\r\nApplication Information:\r\n\tProcess ID:\t\t0\r\n\tApplication Name:\t-\r\n\r\nNetwork Information:\r\n\tDirection:\t\tInbound\r\n\tSource Address:\t\t192.203.230.10\r\n\tSource Port:\t\t53\r\n\tDestination Address:\t192.168.1.4\r\n\tDestination Port:\t\t49898\r\n\tProtocol:\t\t17\r\n\r\nFilter Information:\r\n\tFilter Origin:\t\tQuery User Default\r\n\tFilter Run-Time ID:\t71038\r\n\tLayer Name:\t\tICMP Error\r\n\tLayer Run-Time ID:\t28","Task":"12809","ProcessId":"0","Application":"-","Direction":"%%14592","SourceAddress":"192.203.230.10","SourcePort":"53","DestAddress":"192.168.1.4","DestPort":"49898","Protocol":"17","FilterOrigin":"Query User Default","FilterRTID":"71038","LayerName":"%%14601","LayerRTID":"28"},"raw":"{\"SourceName\":\"Microsoft-Windows-Security-Auditing\",\"ProviderGuid\":\"{54849625-5478-4994-a5ba-3e3b0328c30d}\",\"Level\":\"0\",\"Keywords\":\"0x8010000000000000\",\"Channel\":\"Security\",\"Hostname\":\"DC01.pandalab.com\",\"TimeCreated\":\"2023-07-19T09:02:29.307Z\",\"@timestamp\":\"2023-07-19T09:02:29.307Z\",\"EventID\":5152,\"Message\":\"The Windows Filtering Platform has blocked a packet.\\r\\n\\r\\nApplication Information:\\r\\n\\tProcess ID:\\t\\t0\\r\\n\\tApplication Name:\\t-\\r\\n\\r\\nNetwork Information:\\r\\n\\tDirection:\\t\\tInbound\\r\\n\\tSource Address:\\t\\t192.203.230.10\\r\\n\\tSource Port:\\t\\t53\\r\\n\\tDestination Address:\\t192.168.1.4\\r\\n\\tDestination Port:\\t\\t49898\\r\\n\\tProtocol:\\t\\t17\\r\\n\\r\\nFilter Information:\\r\\n\\tFilter Origin:\\t\\tQuery User Default\\r\\n\\tFilter Run-Time ID:\\t71038\\r\\n\\tLayer Name:\\t\\tICMP Error\\r\\n\\tLayer Run-Time ID:\\t28\",\"Task\":\"12809\",\"ProcessId\":\"0\",\"Application\":\"-\",\"Direction\":\"%%14592\",\"SourceAddress\":\"192.203.230.10\",\"SourcePort\":\"53\",\"DestAddress\":\"192.168.1.4\",\"DestPort\":\"49898\",\"Protocol\":\"17\",\"FilterOrigin\":\"Query User Default\",\"FilterRTID\":\"71038\",\"LayerName\":\"%%14601\",\"LayerRTID\":\"28\"}","unparsed_raw":"{\"SourceName\":\"Microsoft-Windows-Security-Auditing\",\"ProviderGuid\":\"{54849625-5478-4994-a5ba-3e3b0328c30d}\",\"Level\":\"0\",\"Keywords\":\"0x8010000000000000\",\"Channel\":\"Security\",\"Hostname\":\"DC01.pandalab.com\",\"TimeCreated\":\"2023-07-19T09:02:29.307Z\",\"@timestamp\":\"2023-07-19T09:02:29.307Z\",\"EventID\":5152,\"Message\":\"The Windows Filtering Platform has blocked a packet.\\r\\n\\r\\nApplication Information:\\r\\n\\tProcess ID:\\t\\t0\\r\\n\\tApplication Name:\\t-\\r\\n\\r\\nNetwork Information:\\r\\n\\tDirection:\\t\\tInbound\\r\\n\\tSource Address:\\t\\t192.203.230.10\\r\\n\\tSource Port:\\t\\t53\\r\\n\\tDestination Address:\\t192.168.1.4\\r\\n\\tDestination Port:\\t\\t49898\\r\\n\\tProtocol:\\t\\t17\\r\\n\\r\\nFilter Information:\\r\\n\\tFilter Origin:\\t\\tQuery User Default\\r\\n\\tFilter Run-Time ID:\\t71038\\r\\n\\tLayer Name:\\t\\tICMP Error\\r\\n\\tLayer Run-Time ID:\\t28\",\"Task\":\"12809\",\"ProcessId\":\"0\",\"Application\":\"-\",\"Direction\":\"%%14592\",\"SourceAddress\":\"192.203.230.10\",\"SourcePort\":\"53\",\"DestAddress\":\"192.168.1.4\",\"DestPort\":\"49898\",\"Protocol\":\"17\",\"FilterOrigin\":\"Query User Default\",\"FilterRTID\":\"71038\",\"LayerName\":\"%%14601\",\"LayerRTID\":\"28\"}","original_format":"ndjson","quality":"Degraded","incident_id":"f8f0bfe0-9fdc-4d92-b5ba-6b8b60103385","redactions":[],"bridge_hash":null,"chain_hash":null,"parent_process_id":null,"parent_process_name":null,"lineage_chain":null,"line_id":null,"destination_ip":null,"destination_port":null,"protocol":null,"process_guid":null,"target_image":null,"granted_access":null,"evidence_vault":null,"log_source":"cmd_dumping_ntds_dit_file_ntdsutil_cmd_dumping_ntds_dit_file_ntdsutil.json","process_id":0,"image":null,"command_line":null,"node_id":"Standalone"}
{"timestamp":"2026-05-09T10:00:55.392566300-07:00","message":"[RAW Forensic Payload] {\"SourceName\":\"Microsoft-Windows-Security-Auditing\",\"ProviderGuid\":\"{54849625-5478-4994-a5ba-3e3b...","severity":"Info","source":"ndjson","subject_id":null,"outcome":"Degraded","metadata":{"EventID":"4634","captured_message":"[RAW Forensic Payload] {\"SourceName\":\"Microsoft-Windows-Security-Auditing\",\"ProviderGuid\":\"{54849625-5478-4994-a5ba-3e3b...","log_source":"cmd_dumping_ntds_dit_file_ntdsutil_cmd_dumping_ntds_dit_file_ntdsutil.json","nist_category":"System and Information Integrity","nist_control_id":"SI-4 [Windows Integrity]"},"additional_context":{"SourceName":"Microsoft-Windows-Security-Auditing","ProviderGuid":"{54849625-5478-4994-a5ba-3e3b0328c30d}","Level":"0","Keywords":"0x8020000000000000","Channel":"Security","Hostname":"DC01.pandalab.com","TimeCreated":"2023-07-19T09:02:30.697Z","@timestamp":"2023-07-19T09:02:30.697Z","EventID":4634,"Message":"An account was logged off.\r\n\r\nSubject:\r\n\tSecurity ID:\t\tS-1-5-18\r\n\tAccount Name:\t\tDC01$\r\n\tAccount Domain:\t\tPANDALAB\r\n\tLogon ID:\t\t0x25A1024\r\n\r\nLogon Type:\t\t\t3\r\n\r\nThis event is generated when a logon session is destroyed. It may be positively correlated with a logon event using the Logon ID value. Logon IDs are only unique between reboots on the same computer.","Task":"12545","TargetUserSid":"S-1-5-18","TargetUserName":"DC01$","TargetDomainName":"PANDALAB","TargetLogonId":"0x25a1024","LogonType":"3"},"raw":"{\"SourceName\":\"Microsoft-Windows-Security-Auditing\",\"ProviderGuid\":\"{54849625-5478-4994-a5ba-3e3b0328c30d}\",\"Level\":\"0\",\"Keywords\":\"0x8020000000000000\",\"Channel\":\"Security\",\"Hostname\":\"DC01.pandalab.com\",\"TimeCreated\":\"2023-07-19T09:02:30.697Z\",\"@timestamp\":\"2023-07-19T09:02:30.697Z\",\"EventID\":4634,\"Message\":\"An account was logged off.\\r\\n\\r\\nSubject:\\r\\n\\tSecurity ID:\\t\\tS-1-5-18\\r\\n\\tAccount Name:\\t\\tDC01$\\r\\n\\tAccount Domain:\\t\\tPANDALAB\\r\\n\\tLogon ID:\\t\\t0x25A1024\\r\\n\\r\\nLogon Type:\\t\\t\\t3\\r\\n\\r\\nThis event is generated when a logon session is destroyed. It may be positively correlated with a logon event using the Logon ID value. Logon IDs are only unique between reboots on the same computer.\",\"Task\":\"12545\",\"TargetUserSid\":\"S-1-5-18\",\"TargetUserName\":\"DC01$\",\"TargetDomainName\":\"PANDALAB\",\"TargetLogonId\":\"0x25a1024\",\"LogonType\":\"3\"}","unparsed_raw":"{\"SourceName\":\"Microsoft-Windows-Security-Auditing\",\"ProviderGuid\":\"{54849625-5478-4994-a5ba-3e3b0328c30d}\",\"Level\":\"0\",\"Keywords\":\"0x8020000000000000\",\"Channel\":\"Security\",\"Hostname\":\"DC01.pandalab.com\",\"TimeCreated\":\"2023-07-19T09:02:30.697Z\",\"@timestamp\":\"2023-07-19T09:02:30.697Z\",\"EventID\":4634,\"Message\":\"An account was logged off.\\r\\n\\r\\nSubject:\\r\\n\\tSecurity ID:\\t\\tS-1-5-18\\r\\n\\tAccount Name:\\t\\tDC01$\\r\\n\\tAccount Domain:\\t\\tPANDALAB\\r\\n\\tLogon ID:\\t\\t0x25A1024\\r\\n\\r\\nLogon Type:\\t\\t\\t3\\r\\n\\r\\nThis event is generated when a logon session is destroyed. It may be positively correlated with a logon event using the Logon ID value. Logon IDs are only unique between reboots on the same computer.\",\"Task\":\"12545\",\"TargetUserSid\":\"S-1-5-18\",\"TargetUserName\":\"DC01$\",\"TargetDomainName\":\"PANDALAB\",\"TargetLogonId\":\"0x25a1024\",\"LogonType\":\"3\"}","original_format":"ndjson","quality":"Degraded","incident_id":"f8f0bfe0-9fdc-4d92-b5ba-6b8b60103385","redactions":[],"bridge_hash":null,"chain_hash":null,"parent_process_id":null,"parent_process_name":null,"lineage_chain":null,"line_id":null,"destination_ip":null,"destination_port":null,"protocol":null,"process_guid":null,"target_image":null,"granted_access":null,"evidence_vault":null,"log_source":"cmd_dumping_ntds_dit_file_ntdsutil_cmd_dumping_ntds_dit_file_ntdsutil.json","process_id":null,"image":null,"command_line":null,"node_id":"Standalone"}
{"timestamp":"2026-05-09T10:00:55.392671900-07:00","message":"[RAW Forensic Payload] {\"SourceName\":\"Microsoft-Windows-Security-Auditing\",\"ProviderGuid\":\"{54849625-5478-4994-a5ba-3e3b...","severity":"Info","source":"ndjson","subject_id":null,"outcome":"Degraded","metadata":{"EventID":"5156","captured_message":"[RAW Forensic Payload] {\"SourceName\":\"Microsoft-Windows-Security-Auditing\",\"ProviderGuid\":\"{54849625-5478-4994-a5ba-3e3b...","log_source":"cmd_dumping_ntds_dit_file_ntdsutil_cmd_dumping_ntds_dit_file_ntdsutil.json","nist_category":"System and Information Integrity","nist_control_id":"SI-4 [Windows Integrity]"},"additional_context":{"SourceName":"Microsoft-Windows-Security-Auditing","ProviderGuid":"{54849625-5478-4994-a5ba-3e3b0328c30d}","Level":"0","Keywords":"0x8020000000000000","Channel":"Security","Hostname":"DC01.pandalab.com","TimeCreated":"2023-07-19T09:02:32.039Z","@timestamp":"2023-07-19T09:02:32.039Z","EventID":5156,"Message":"The Windows Filtering Platform has permitted a connection.\r\n\r\nApplication Information:\r\n\tProcess ID:\t\t2348\r\n\tApplication Name:\t\\device\\harddiskvolume2\\windows\\system32\\dns.exe\r\n\r\nNetwork Information:\r\n\tDirection:\t\tOutbound\r\n\tSource Address:\t\tfe80::3b31:a8fa:5adc:7b9e\r\n\tSource Port:\t\t54198\r\n\tDestination Address:\t2001:dc3::35\r\n\tDestination Port:\t\t53\r\n\tProtocol:\t\t17\r\n\tInterface Index:\t\t10\r\n\r\nFilter Information:\r\n\tFilter Origin:\t\tUnknown\r\n\tFilter Run-Time ID:\t71055\r\n\tLayer Name:\t\tConnect\r\n\tLayer Run-Time ID:\t50\r\n\tRemote User ID:\t\tS-1-0-0\r\n\tRemote Machine ID:\tS-1-0-0","Task":"12810","ProcessID":"2348","Application":"\\device\\harddiskvolume2\\windows\\system32\\dns.exe","Direction":"%%14593","SourceAddress":"fe80::3b31:a8fa:5adc:7b9e","SourcePort":"54198","DestAddress":"2001:dc3::35","DestPort":"53","Protocol":"17","InterfaceIndex":"10","FilterOrigin":"Unknown","FilterRTID":"71055","LayerName":"%%14611","LayerRTID":"50","RemoteUserID":"S-1-0-0","RemoteMachineID":"S-1-0-0"},"raw":"{\"SourceName\":\"Microsoft-Windows-Security-Auditing\",\"ProviderGuid\":\"{54849625-5478-4994-a5ba-3e3b0328c30d}\",\"Level\":\"0\",\"Keywords\":\"0x8020000000000000\",\"Channel\":\"Security\",\"Hostname\":\"DC01.pandalab.com\",\"TimeCreated\":\"2023-07-19T09:02:32.039Z\",\"@timestamp\":\"2023-07-19T09:02:32.039Z\",\"EventID\":5156,\"Message\":\"The Windows Filtering Platform has permitted a connection.\\r\\n\\r\\nApplication Information:\\r\\n\\tProcess ID:\\t\\t2348\\r\\n\\tApplication Name:\\t\\\\device\\\\harddiskvolume2\\\\windows\\\\system32\\\\dns.exe\\r\\n\\r\\nNetwork Information:\\r\\n\\tDirection:\\t\\tOutbound\\r\\n\\tSource Address:\\t\\tfe80::3b31:a8fa:5adc:7b9e\\r\\n\\tSource Port:\\t\\t54198\\r\\n\\tDestination Address:\\t2001:dc3::35\\r\\n\\tDestination Port:\\t\\t53\\r\\n\\tProtocol:\\t\\t17\\r\\n\\tInterface Index:\\t\\t10\\r\\n\\r\\nFilter Information:\\r\\n\\tFilter Origin:\\t\\tUnknown\\r\\n\\tFilter Run-Time ID:\\t71055\\r\\n\\tLayer Name:\\t\\tConnect\\r\\n\\tLayer Run-Time ID:\\t50\\r\\n\\tRemote User ID:\\t\\tS-1-0-0\\r\\n\\tRemote Machine ID:\\tS-1-0-0\",\"Task\":\"12810\",\"ProcessID\":\"2348\",\"Application\":\"\\\\device\\\\harddiskvolume2\\\\windows\\\\system32\\\\dns.exe\",\"Direction\":\"%%14593\",\"SourceAddress\":\"fe80::3b31:a8fa:5adc:7b9e\",\"SourcePort\":\"54198\",\"DestAddress\":\"2001:dc3::35\",\"DestPort\":\"53\",\"Protocol\":\"17\",\"InterfaceIndex\":\"10\",\"FilterOrigin\":\"Unknown\",\"FilterRTID\":\"71055\",\"LayerName\":\"%%14611\",\"LayerRTID\":\"50\",\"RemoteUserID\":\"S-1-0-0\",\"RemoteMachineID\":\"S-1-0-0\"}","unparsed_raw":"{\"SourceName\":\"Microsoft-Windows-Security-Auditing\",\"ProviderGuid\":\"{54849625-5478-4994-a5ba-3e3b0328c30d}\",\"Level\":\"0\",\"Keywords\":\"0x8020000000000000\",\"Channel\":\"Security\",\"Hostname\":\"DC01.pandalab.com\",\"TimeCreated\":\"2023-07-19T09:02:32.039Z\",\"@timestamp\":\"2023-07-19T09:02:32.039Z\",\"EventID\":5156,\"Message\":\"The Windows Filtering Platform has permitted a connection.\\r\\n\\r\\nApplication Information:\\r\\n\\tProcess ID:\\t\\t2348\\r\\n\\tApplication Name:\\t\\\\device\\\\harddiskvolume2\\\\windows\\\\system32\\\\dns.exe\\r\\n\\r\\nNetwork Information:\\r\\n\\tDirection:\\t\\tOutbound\\r\\n\\tSource Address:\\t\\tfe80::3b31:a8fa:5adc:7b9e\\r\\n\\tSource Port:\\t\\t54198\\r\\n\\tDestination Address:\\t2001:dc3::35\\r\\n\\tDestination Port:\\t\\t53\\r\\n\\tProtocol:\\t\\t17\\r\\n\\tInterface Index:\\t\\t10\\r\\n\\r\\nFilter Information:\\r\\n\\tFilter Origin:\\t\\tUnknown\\r\\n\\tFilter Run-Time ID:\\t71055\\r\\n\\tLayer Name:\\t\\tConnect\\r\\n\\tLayer Run-Time ID:\\t50\\r\\n\\tRemote User ID:\\t\\tS-1-0-0\\r\\n\\tRemote Machine ID:\\tS-1-0-0\",\"Task\":\"12810\",\"ProcessID\":\"2348\",\"Application\":\"\\\\device\\\\harddiskvolume2\\\\windows\\\\system32\\\\dns.exe\",\"Direction\":\"%%14593\",\"SourceAddress\":\"fe80::3b31:a8fa:5adc:7b9e\",\"SourcePort\":\"54198\",\"DestAddress\":\"2001:dc3::35\",\"DestPort\":\"53\",\"Protocol\":\"17\",\"InterfaceIndex\":\"10\",\"FilterOrigin\":\"Unknown\",\"FilterRTID\":\"71055\",\"LayerName\":\"%%14611\",\"LayerRTID\":\"50\",\"RemoteUserID\":\"S-1-0-0\",\"RemoteMachineID\":\"S-1-0-0\"}","original_format":"ndjson","quality":"Degraded","incident_id":"f8f0bfe0-9fdc-4d92-b5ba-6b8b60103385","redactions":[],"bridge_hash":null,"chain_hash":null,"parent_process_id":null,"parent_process_name":null,"lineage_chain":null,"line_id":null,"destination_ip":null,"destination_port":null,"protocol":null,"process_guid":null,"target_image":null,"granted_access":null,"evidence_vault":null,"log_source":"cmd_dumping_ntds_dit_file_ntdsutil_cmd_dumping_ntds_dit_file_ntdsutil.json","process_id":null,"image":null,"command_line":null,"node_id":"Standalone"}
{"timestamp":"2026-05-09T10:00:55.392800200-07:00","message":"[RAW Forensic Payload] {\"SourceName\":\"Microsoft-Windows-Security-Auditing\",\"ProviderGuid\":\"{54849625-5478-4994-a5ba-3e3b...","severity":"Info","source":"ndjson","subject_id":null,"outcome":"Degraded","metadata":{"EventID":"5156","captured_message":"[RAW Forensic Payload] {\"SourceName\":\"Microsoft-Windows-Security-Auditing\",\"ProviderGuid\":\"{54849625-5478-4994-a5ba-3e3b...","log_source":"cmd_dumping_ntds_dit_file_ntdsutil_cmd_dumping_ntds_dit_file_ntdsutil.json","nist_category":"System and Information Integrity","nist_control_id":"SI-4 [Windows Integrity]"},"additional_context":{"SourceName":"Microsoft-Windows-Security-Auditing","ProviderGuid":"{54849625-5478-4994-a5ba-3e3b0328c30d}","Level":"0","Keywords":"0x8020000000000000","Channel":"Security","Hostname":"DC01.pandalab.com","TimeCreated":"2023-07-19T09:02:32.039Z","@timestamp":"2023-07-19T09:02:32.039Z","EventID":5156,"Message":"The Windows Filtering Platform has permitted a connection.\r\n\r\nApplication Information:\r\n\tProcess ID:\t\t2348\r\n\tApplication Name:\t\\device\\harddiskvolume2\\windows\\system32\\dns.exe\r\n\r\nNetwork Information:\r\n\tDirection:\t\tOutbound\r\n\tSource Address:\t\tfe80::3b31:a8fa:5adc:7b9e\r\n\tSource Port:\t\t54198\r\n\tDestination Address:\t2001:500:84::b\r\n\tDestination Port:\t\t53\r\n\tProtocol:\t\t17\r\n\tInterface Index:\t\t10\r\n\r\nFilter Information:\r\n\tFilter Origin:\t\tUnknown\r\n\tFilter Run-Time ID:\t71055\r\n\tLayer Name:\t\tConnect\r\n\tLayer Run-Time ID:\t50\r\n\tRemote User ID:\t\tS-1-0-0\r\n\tRemote Machine ID:\tS-1-0-0","Task":"12810","ProcessID":"2348","Application":"\\device\\harddiskvolume2\\windows\\system32\\dns.exe","Direction":"%%14593","SourceAddress":"fe80::3b31:a8fa:5adc:7b9e","SourcePort":"54198","DestAddress":"2001:500:84::b","DestPort":"53","Protocol":"17","InterfaceIndex":"10","FilterOrigin":"Unknown","FilterRTID":"71055","LayerName":"%%14611","LayerRTID":"50","RemoteUserID":"S-1-0-0","RemoteMachineID":"S-1-0-0"},"raw":"{\"SourceName\":\"Microsoft-Windows-Security-Auditing\",\"ProviderGuid\":\"{54849625-5478-4994-a5ba-3e3b0328c30d}\",\"Level\":\"0\",\"Keywords\":\"0x8020000000000000\",\"Channel\":\"Security\",\"Hostname\":\"DC01.pandalab.com\",\"TimeCreated\":\"2023-07-19T09:02:32.039Z\",\"@timestamp\":\"2023-07-19T09:02:32.039Z\",\"EventID\":5156,\"Message\":\"The Windows Filtering Platform has permitted a connection.\\r\\n\\r\\nApplication Information:\\r\\n\\tProcess ID:\\t\\t2348\\r\\n\\tApplication Name:\\t\\\\device\\\\harddiskvolume2\\\\windows\\\\system32\\\\dns.exe\\r\\n\\r\\nNetwork Information:\\r\\n\\tDirection:\\t\\tOutbound\\r\\n\\tSource Address:\\t\\tfe80::3b31:a8fa:5adc:7b9e\\r\\n\\tSource Port:\\t\\t54198\\r\\n\\tDestination Address:\\t2001:500:84::b\\r\\n\\tDestination Port:\\t\\t53\\r\\n\\tProtocol:\\t\\t17\\r\\n\\tInterface Index:\\t\\t10\\r\\n\\r\\nFilter Information:\\r\\n\\tFilter Origin:\\t\\tUnknown\\r\\n\\tFilter Run-Time ID:\\t71055\\r\\n\\tLayer Name:\\t\\tConnect\\r\\n\\tLayer Run-Time ID:\\t50\\r\\n\\tRemote User ID:\\t\\tS-1-0-0\\r\\n\\tRemote Machine ID:\\tS-1-0-0\",\"Task\":\"12810\",\"ProcessID\":\"2348\",\"Application\":\"\\\\device\\\\harddiskvolume2\\\\windows\\\\system32\\\\dns.exe\",\"Direction\":\"%%14593\",\"SourceAddress\":\"fe80::3b31:a8fa:5adc:7b9e\",\"SourcePort\":\"54198\",\"DestAddress\":\"2001:500:84::b\",\"DestPort\":\"53\",\"Protocol\":\"17\",\"InterfaceIndex\":\"10\",\"FilterOrigin\":\"Unknown\",\"FilterRTID\":\"71055\",\"LayerName\":\"%%14611\",\"LayerRTID\":\"50\",\"RemoteUserID\":\"S-1-0-0\",\"RemoteMachineID\":\"S-1-0-0\"}","unparsed_raw":"{\"SourceName\":\"Microsoft-Windows-Security-Auditing\",\"ProviderGuid\":\"{54849625-5478-4994-a5ba-3e3b0328c30d}\",\"Level\":\"0\",\"Keywords\":\"0x8020000000000000\",\"Channel\":\"Security\",\"Hostname\":\"DC01.pandalab.com\",\"TimeCreated\":\"2023-07-19T09:02:32.039Z\",\"@timestamp\":\"2023-07-19T09:02:32.039Z\",\"EventID\":5156,\"Message\":\"The Windows Filtering Platform has permitted a connection.\\r\\n\\r\\nApplication Information:\\r\\n\\tProcess ID:\\t\\t2348\\r\\n\\tApplication Name:\\t\\\\device\\\\harddiskvolume2\\\\windows\\\\system32\\\\dns.exe\\r\\n\\r\\nNetwork Information:\\r\\n\\tDirection:\\t\\tOutbound\\r\\n\\tSource Address:\\t\\tfe80::3b31:a8fa:5adc:7b9e\\r\\n\\tSource Port:\\t\\t54198\\r\\n\\tDestination Address:\\t2001:500:84::b\\r\\n\\tDestination Port:\\t\\t53\\r\\n\\tProtocol:\\t\\t17\\r\\n\\tInterface Index:\\t\\t10\\r\\n\\r\\nFilter Information:\\r\\n\\tFilter Origin:\\t\\tUnknown\\r\\n\\tFilter Run-Time ID:\\t71055\\r\\n\\tLayer Name:\\t\\tConnect\\r\\n\\tLayer Run-Time ID:\\t50\\r\\n\\tRemote User ID:\\t\\tS-1-0-0\\r\\n\\tRemote Machine ID:\\tS-1-0-0\",\"Task\":\"12810\",\"ProcessID\":\"2348\",\"Application\":\"\\\\device\\\\harddiskvolume2\\\\windows\\\\system32\\\\dns.exe\",\"Direction\":\"%%14593\",\"SourceAddress\":\"fe80::3b31:a8fa:5adc:7b9e\",\"SourcePort\":\"54198\",\"DestAddress\":\"2001:500:84::b\",\"DestPort\":\"53\",\"Protocol\":\"17\",\"InterfaceIndex\":\"10\",\"FilterOrigin\":\"Unknown\",\"FilterRTID\":\"71055\",\"LayerName\":\"%%14611\",\"LayerRTID\":\"50\",\"RemoteUserID\":\"S-1-0-0\",\"RemoteMachineID\":\"S-1-0-0\"}","original_format":"ndjson","quality":"Degraded","incident_id":"f8f0bfe0-9fdc-4d92-b5ba-6b8b60103385","redactions":[],"bridge_hash":null,"chain_hash":null,"parent_process_id":null,"parent_process_name":null,"lineage_chain":null,"line_id":null,"destination_ip":null,"destination_port":null,"protocol":null,"process_guid":null,"target_image":null,"granted_access":null,"evidence_vault":null,"log_source":"cmd_dumping_ntds_dit_file_ntdsutil_cmd_dumping_ntds_dit_file_ntdsutil.json","process_id":null,"image":null,"command_line":null,"node_id":"Standalone"}
{"timestamp":"2026-05-09T10:00:55.392907200-07:00","message":"[RAW Forensic Payload] {\"SourceName\":\"Microsoft-Windows-Security-Auditing\",\"ProviderGuid\":\"{54849625-5478-4994-a5ba-3e3b...","severity":"Info","source":"ndjson","subject_id":null,"outcome":"Degraded","metadata":{"EventID":"5156","captured_message":"[RAW Forensic Payload] {\"SourceName\":\"Microsoft-Windows-Security-Auditing\",\"ProviderGuid\":\"{54849625-5478-4994-a5ba-3e3b...","log_source":"cmd_dumping_ntds_dit_file_ntdsutil_cmd_dumping_ntds_dit_file_ntdsutil.json","nist_category":"System and Information Integrity","nist_control_id":"SI-4 [Windows Integrity]"},"additional_context":{"SourceName":"Microsoft-Windows-Security-Auditing","ProviderGuid":"{54849625-5478-4994-a5ba-3e3b0328c30d}","Level":"0","Keywords":"0x8020000000000000","Channel":"Security","Hostname":"DC01.pandalab.com","TimeCreated":"2023-07-19T09:02:32.040Z","@timestamp":"2023-07-19T09:02:32.040Z","EventID":5156,"Message":"The Windows Filtering Platform has permitted a connection.\r\n\r\nApplication Information:\r\n\tProcess ID:\t\t2348\r\n\tApplication Name:\t\\device\\harddiskvolume2\\windows\\system32\\dns.exe\r\n\r\nNetwork Information:\r\n\tDirection:\t\tOutbound\r\n\tSource Address:\t\tfe80::3b31:a8fa:5adc:7b9e\r\n\tSource Port:\t\t53625\r\n\tDestination Address:\t2001:500:2f::f\r\n\tDestination Port:\t\t53\r\n\tProtocol:\t\t17\r\n\tInterface Index:\t\t10\r\n\r\nFilter Information:\r\n\tFilter Origin:\t\tUnknown\r\n\tFilter Run-Time ID:\t71055\r\n\tLayer Name:\t\tConnect\r\n\tLayer Run-Time ID:\t50\r\n\tRemote User ID:\t\tS-1-0-0\r\n\tRemote Machine ID:\tS-1-0-0","Task":"12810","ProcessID":"2348","Application":"\\device\\harddiskvolume2\\windows\\system32\\dns.exe","Direction":"%%14593","SourceAddress":"fe80::3b31:a8fa:5adc:7b9e","SourcePort":"53625","DestAddress":"2001:500:2f::f","DestPort":"53","Protocol":"17","InterfaceIndex":"10","FilterOrigin":"Unknown","FilterRTID":"71055","LayerName":"%%14611","LayerRTID":"50","RemoteUserID":"S-1-0-0","RemoteMachineID":"S-1-0-0"},"raw":"{\"SourceName\":\"Microsoft-Windows-Security-Auditing\",\"ProviderGuid\":\"{54849625-5478-4994-a5ba-3e3b0328c30d}\",\"Level\":\"0\",\"Keywords\":\"0x8020000000000000\",\"Channel\":\"Security\",\"Hostname\":\"DC01.pandalab.com\",\"TimeCreated\":\"2023-07-19T09:02:32.040Z\",\"@timestamp\":\"2023-07-19T09:02:32.040Z\",\"EventID\":5156,\"Message\":\"The Windows Filtering Platform has permitted a connection.\\r\\n\\r\\nApplication Information:\\r\\n\\tProcess ID:\\t\\t2348\\r\\n\\tApplication Name:\\t\\\\device\\\\harddiskvolume2\\\\windows\\\\system32\\\\dns.exe\\r\\n\\r\\nNetwork Information:\\r\\n\\tDirection:\\t\\tOutbound\\r\\n\\tSource Address:\\t\\tfe80::3b31:a8fa:5adc:7b9e\\r\\n\\tSource Port:\\t\\t53625\\r\\n\\tDestination Address:\\t2001:500:2f::f\\r\\n\\tDestination Port:\\t\\t53\\r\\n\\tProtocol:\\t\\t17\\r\\n\\tInterface Index:\\t\\t10\\r\\n\\r\\nFilter Information:\\r\\n\\tFilter Origin:\\t\\tUnknown\\r\\n\\tFilter Run-Time ID:\\t71055\\r\\n\\tLayer Name:\\t\\tConnect\\r\\n\\tLayer Run-Time ID:\\t50\\r\\n\\tRemote User ID:\\t\\tS-1-0-0\\r\\n\\tRemote Machine ID:\\tS-1-0-0\",\"Task\":\"12810\",\"ProcessID\":\"2348\",\"Application\":\"\\\\device\\\\harddiskvolume2\\\\windows\\\\system32\\\\dns.exe\",\"Direction\":\"%%14593\",\"SourceAddress\":\"fe80::3b31:a8fa:5adc:7b9e\",\"SourcePort\":\"53625\",\"DestAddress\":\"2001:500:2f::f\",\"DestPort\":\"53\",\"Protocol\":\"17\",\"InterfaceIndex\":\"10\",\"FilterOrigin\":\"Unknown\",\"FilterRTID\":\"71055\",\"LayerName\":\"%%14611\",\"LayerRTID\":\"50\",\"RemoteUserID\":\"S-1-0-0\",\"RemoteMachineID\":\"S-1-0-0\"}","unparsed_raw":"{\"SourceName\":\"Microsoft-Windows-Security-Auditing\",\"ProviderGuid\":\"{54849625-5478-4994-a5ba-3e3b0328c30d}\",\"Level\":\"0\",\"Keywords\":\"0x8020000000000000\",\"Channel\":\"Security\",\"Hostname\":\"DC01.pandalab.com\",\"TimeCreated\":\"2023-07-19T09:02:32.040Z\",\"@timestamp\":\"2023-07-19T09:02:32.040Z\",\"EventID\":5156,\"Message\":\"The Windows Filtering Platform has permitted a connection.\\r\\n\\r\\nApplication Information:\\r\\n\\tProcess ID:\\t\\t2348\\r\\n\\tApplication Name:\\t\\\\device\\\\harddiskvolume2\\\\windows\\\\system32\\\\dns.exe\\r\\n\\r\\nNetwork Information:\\r\\n\\tDirection:\\t\\tOutbound\\r\\n\\tSource Address:\\t\\tfe80::3b31:a8fa:5adc:7b9e\\r\\n\\tSource Port:\\t\\t53625\\r\\n\\tDestination Address:\\t2001:500:2f::f\\r\\n\\tDestination Port:\\t\\t53\\r\\n\\tProtocol:\\t\\t17\\r\\n\\tInterface Index:\\t\\t10\\r\\n\\r\\nFilter Information:\\r\\n\\tFilter Origin:\\t\\tUnknown\\r\\n\\tFilter Run-Time ID:\\t71055\\r\\n\\tLayer Name:\\t\\tConnect\\r\\n\\tLayer Run-Time ID:\\t50\\r\\n\\tRemote User ID:\\t\\tS-1-0-0\\r\\n\\tRemote Machine ID:\\tS-1-0-0\",\"Task\":\"12810\",\"ProcessID\":\"2348\",\"Application\":\"\\\\device\\\\harddiskvolume2\\\\windows\\\\system32\\\\dns.exe\",\"Direction\":\"%%14593\",\"SourceAddress\":\"fe80::3b31:a8fa:5adc:7b9e\",\"SourcePort\":\"53625\",\"DestAddress\":\"2001:500:2f::f\",\"DestPort\":\"53\",\"Protocol\":\"17\",\"InterfaceIndex\":\"10\",\"FilterOrigin\":\"Unknown\",\"FilterRTID\":\"71055\",\"LayerName\":\"%%14611\",\"LayerRTID\":\"50\",\"RemoteUserID\":\"S-1-0-0\",\"RemoteMachineID\":\"S-1-0-0\"}","original_format":"ndjson","quality":"Degraded","incident_id":"f8f0bfe0-9fdc-4d92-b5ba-6b8b60103385","redactions":[],"bridge_hash":null,"chain_hash":null,"parent_process_id":null,"parent_process_name":null,"lineage_chain":null,"line_id":null,"destination_ip":null,"destination_port":null,"protocol":null,"process_guid":null,"target_image":null,"granted_access":null,"evidence_vault":null,"log_source":"cmd_dumping_ntds_dit_file_ntdsutil_cmd_dumping_ntds_dit_file_ntdsutil.json","process_id":null,"image":null,"command_line":null,"node_id":"Standalone"}
{"timestamp":"2026-05-09T10:00:55.393029300-07:00","message":"[RAW Forensic Payload] {\"SourceName\":\"Microsoft-Windows-Security-Auditing\",\"ProviderGuid\":\"{54849625-5478-4994-a5ba-3e3b...","severity":"Info","source":"ndjson","subject_id":null,"outcome":"Degraded","metadata":{"EventID":"5156","captured_message":"[RAW Forensic Payload] {\"SourceName\":\"Microsoft-Windows-Security-Auditing\",\"ProviderGuid\":\"{54849625-5478-4994-a5ba-3e3b...","log_source":"cmd_dumping_ntds_dit_file_ntdsutil_cmd_dumping_ntds_dit_file_ntdsutil.json","nist_category":"System and Information Integrity","nist_control_id":"SI-4 [Windows Integrity]"},"additional_context":{"SourceName":"Microsoft-Windows-Security-Auditing","ProviderGuid":"{54849625-5478-4994-a5ba-3e3b0328c30d}","Level":"0","Keywords":"0x8020000000000000","Channel":"Security","Hostname":"DC01.pandalab.com","TimeCreated":"2023-07-19T09:02:32.040Z","@timestamp":"2023-07-19T09:02:32.040Z","EventID":5156,"Message":"The Windows Filtering Platform has permitted a connection.\r\n\r\nApplication Information:\r\n\tProcess ID:\t\t2348\r\n\tApplication Name:\t\\device\\harddiskvolume2\\windows\\system32\\dns.exe\r\n\r\nNetwork Information:\r\n\tDirection:\t\tOutbound\r\n\tSource Address:\t\t192.168.1.4\r\n\tSource Port:\t\t49898\r\n\tDestination Address:\t192.112.36.4\r\n\tDestination Port:\t\t53\r\n\tProtocol:\t\t17\r\n\tInterface Index:\t\t10\r\n\r\nFilter Information:\r\n\tFilter Origin:\t\tUnknown\r\n\tFilter Run-Time ID:\t71053\r\n\tLayer Name:\t\tConnect\r\n\tLayer Run-Time ID:\t48\r\n\tRemote User ID:\t\tS-1-0-0\r\n\tRemote Machine ID:\tS-1-0-0","Task":"12810","ProcessID":"2348","Application":"\\device\\harddiskvolume2\\windows\\system32\\dns.exe","Direction":"%%14593","SourceAddress":"192.168.1.4","SourcePort":"49898","DestAddress":"192.112.36.4","DestPort":"53","Protocol":"17","InterfaceIndex":"10","FilterOrigin":"Unknown","FilterRTID":"71053","LayerName":"%%14611","LayerRTID":"48","RemoteUserID":"S-1-0-0","RemoteMachineID":"S-1-0-0"},"raw":"{\"SourceName\":\"Microsoft-Windows-Security-Auditing\",\"ProviderGuid\":\"{54849625-5478-4994-a5ba-3e3b0328c30d}\",\"Level\":\"0\",\"Keywords\":\"0x8020000000000000\",\"Channel\":\"Security\",\"Hostname\":\"DC01.pandalab.com\",\"TimeCreated\":\"2023-07-19T09:02:32.040Z\",\"@timestamp\":\"2023-07-19T09:02:32.040Z\",\"EventID\":5156,\"Message\":\"The Windows Filtering Platform has permitted a connection.\\r\\n\\r\\nApplication Information:\\r\\n\\tProcess ID:\\t\\t2348\\r\\n\\tApplication Name:\\t\\\\device\\\\harddiskvolume2\\\\windows\\\\system32\\\\dns.exe\\r\\n\\r\\nNetwork Information:\\r\\n\\tDirection:\\t\\tOutbound\\r\\n\\tSource Address:\\t\\t192.168.1.4\\r\\n\\tSource Port:\\t\\t49898\\r\\n\\tDestination Address:\\t192.112.36.4\\r\\n\\tDestination Port:\\t\\t53\\r\\n\\tProtocol:\\t\\t17\\r\\n\\tInterface Index:\\t\\t10\\r\\n\\r\\nFilter Information:\\r\\n\\tFilter Origin:\\t\\tUnknown\\r\\n\\tFilter Run-Time ID:\\t71053\\r\\n\\tLayer Name:\\t\\tConnect\\r\\n\\tLayer Run-Time ID:\\t48\\r\\n\\tRemote User ID:\\t\\tS-1-0-0\\r\\n\\tRemote Machine ID:\\tS-1-0-0\",\"Task\":\"12810\",\"ProcessID\":\"2348\",\"Application\":\"\\\\device\\\\harddiskvolume2\\\\windows\\\\system32\\\\dns.exe\",\"Direction\":\"%%14593\",\"SourceAddress\":\"192.168.1.4\",\"SourcePort\":\"49898\",\"DestAddress\":\"192.112.36.4\",\"DestPort\":\"53\",\"Protocol\":\"17\",\"InterfaceIndex\":\"10\",\"FilterOrigin\":\"Unknown\",\"FilterRTID\":\"71053\",\"LayerName\":\"%%14611\",\"LayerRTID\":\"48\",\"RemoteUserID\":\"S-1-0-0\",\"RemoteMachineID\":\"S-1-0-0\"}","unparsed_raw":"{\"SourceName\":\"Microsoft-Windows-Security-Auditing\",\"ProviderGuid\":\"{54849625-5478-4994-a5ba-3e3b0328c30d}\",\"Level\":\"0\",\"Keywords\":\"0x8020000000000000\",\"Channel\":\"Security\",\"Hostname\":\"DC01.pandalab.com\",\"TimeCreated\":\"2023-07-19T09:02:32.040Z\",\"@timestamp\":\"2023-07-19T09:02:32.040Z\",\"EventID\":5156,\"Message\":\"The Windows Filtering Platform has permitted a connection.\\r\\n\\r\\nApplication Information:\\r\\n\\tProcess ID:\\t\\t2348\\r\\n\\tApplication Name:\\t\\\\device\\\\harddiskvolume2\\\\windows\\\\system32\\\\dns.exe\\r\\n\\r\\nNetwork Information:\\r\\n\\tDirection:\\t\\tOutbound\\r\\n\\tSource Address:\\t\\t192.168.1.4\\r\\n\\tSource Port:\\t\\t49898\\r\\n\\tDestination Address:\\t192.112.36.4\\r\\n\\tDestination Port:\\t\\t53\\r\\n\\tProtocol:\\t\\t17\\r\\n\\tInterface Index:\\t\\t10\\r\\n\\r\\nFilter Information:\\r\\n\\tFilter Origin:\\t\\tUnknown\\r\\n\\tFilter Run-Time ID:\\t71053\\r\\n\\tLayer Name:\\t\\tConnect\\r\\n\\tLayer Run-Time ID:\\t48\\r\\n\\tRemote User ID:\\t\\tS-1-0-0\\r\\n\\tRemote Machine ID:\\tS-1-0-0\",\"Task\":\"12810\",\"ProcessID\":\"2348\",\"Application\":\"\\\\device\\\\harddiskvolume2\\\\windows\\\\system32\\\\dns.exe\",\"Direction\":\"%%14593\",\"SourceAddress\":\"192.168.1.4\",\"SourcePort\":\"49898\",\"DestAddress\":\"192.112.36.4\",\"DestPort\":\"53\",\"Protocol\":\"17\",\"InterfaceIndex\":\"10\",\"FilterOrigin\":\"Unknown\",\"FilterRTID\":\"71053\",\"LayerName\":\"%%14611\",\"LayerRTID\":\"48\",\"RemoteUserID\":\"S-1-0-0\",\"RemoteMachineID\":\"S-1-0-0\"}","original_format":"ndjson","quality":"Degraded","incident_id":"f8f0bfe0-9fdc-4d92-b5ba-6b8b60103385","redactions":[],"bridge_hash":null,"chain_hash":null,"parent_process_id":null,"parent_process_name":null,"lineage_chain":null,"line_id":null,"destination_ip":null,"destination_port":null,"protocol":null,"process_guid":null,"target_image":null,"granted_access":null,"evidence_vault":null,"log_source":"cmd_dumping_ntds_dit_file_ntdsutil_cmd_dumping_ntds_dit_file_ntdsutil.json","process_id":null,"image":null,"command_line":null,"node_id":"Standalone"}
{"timestamp":"2026-05-09T10:00:55.393159700-07:00","message":"[RAW Forensic Payload] {\"SourceName\":\"Microsoft-Windows-Security-Auditing\",\"ProviderGuid\":\"{54849625-5478-4994-a5ba-3e3b...","severity":"Info","source":"ndjson","subject_id":null,"outcome":"Degraded","metadata":{"EventID":"5156","captured_message":"[RAW Forensic Payload] {\"SourceName\":\"Microsoft-Windows-Security-Auditing\",\"ProviderGuid\":\"{54849625-5478-4994-a5ba-3e3b...","log_source":"cmd_dumping_ntds_dit_file_ntdsutil_cmd_dumping_ntds_dit_file_ntdsutil.json","nist_category":"System and Information Integrity","nist_control_id":"SI-4 [Windows Integrity]"},"additional_context":{"SourceName":"Microsoft-Windows-Security-Auditing","ProviderGuid":"{54849625-5478-4994-a5ba-3e3b0328c30d}","Level":"0","Keywords":"0x8020000000000000","Channel":"Security","Hostname":"DC01.pandalab.com","TimeCreated":"2023-07-19T09:02:32.040Z","@timestamp":"2023-07-19T09:02:32.040Z","EventID":5156,"Message":"The Windows Filtering Platform has permitted a connection.\r\n\r\nApplication Information:\r\n\tProcess ID:\t\t2348\r\n\tApplication Name:\t\\device\\harddiskvolume2\\windows\\system32\\dns.exe\r\n\r\nNetwork Information:\r\n\tDirection:\t\tOutbound\r\n\tSource Address:\t\tfe80::3b31:a8fa:5adc:7b9e\r\n\tSource Port:\t\t53625\r\n\tDestination Address:\t2001:500:1::53\r\n\tDestination Port:\t\t53\r\n\tProtocol:\t\t17\r\n\tInterface Index:\t\t10\r\n\r\nFilter Information:\r\n\tFilter Origin:\t\tUnknown\r\n\tFilter Run-Time ID:\t71055\r\n\tLayer Name:\t\tConnect\r\n\tLayer Run-Time ID:\t50\r\n\tRemote User ID:\t\tS-1-0-0\r\n\tRemote Machine ID:\tS-1-0-0","Task":"12810","ProcessID":"2348","Application":"\\device\\harddiskvolume2\\windows\\system32\\dns.exe","Direction":"%%14593","SourceAddress":"fe80::3b31:a8fa:5adc:7b9e","SourcePort":"53625","DestAddress":"2001:500:1::53","DestPort":"53","Protocol":"17","InterfaceIndex":"10","FilterOrigin":"Unknown","FilterRTID":"71055","LayerName":"%%14611","LayerRTID":"50","RemoteUserID":"S-1-0-0","RemoteMachineID":"S-1-0-0"},"raw":"{\"SourceName\":\"Microsoft-Windows-Security-Auditing\",\"ProviderGuid\":\"{54849625-5478-4994-a5ba-3e3b0328c30d}\",\"Level\":\"0\",\"Keywords\":\"0x8020000000000000\",\"Channel\":\"Security\",\"Hostname\":\"DC01.pandalab.com\",\"TimeCreated\":\"2023-07-19T09:02:32.040Z\",\"@timestamp\":\"2023-07-19T09:02:32.040Z\",\"EventID\":5156,\"Message\":\"The Windows Filtering Platform has permitted a connection.\\r\\n\\r\\nApplication Information:\\r\\n\\tProcess ID:\\t\\t2348\\r\\n\\tApplication Name:\\t\\\\device\\\\harddiskvolume2\\\\windows\\\\system32\\\\dns.exe\\r\\n\\r\\nNetwork Information:\\r\\n\\tDirection:\\t\\tOutbound\\r\\n\\tSource Address:\\t\\tfe80::3b31:a8fa:5adc:7b9e\\r\\n\\tSource Port:\\t\\t53625\\r\\n\\tDestination Address:\\t2001:500:1::53\\r\\n\\tDestination Port:\\t\\t53\\r\\n\\tProtocol:\\t\\t17\\r\\n\\tInterface Index:\\t\\t10\\r\\n\\r\\nFilter Information:\\r\\n\\tFilter Origin:\\t\\tUnknown\\r\\n\\tFilter Run-Time ID:\\t71055\\r\\n\\tLayer Name:\\t\\tConnect\\r\\n\\tLayer Run-Time ID:\\t50\\r\\n\\tRemote User ID:\\t\\tS-1-0-0\\r\\n\\tRemote Machine ID:\\tS-1-0-0\",\"Task\":\"12810\",\"ProcessID\":\"2348\",\"Application\":\"\\\\device\\\\harddiskvolume2\\\\windows\\\\system32\\\\dns.exe\",\"Direction\":\"%%14593\",\"SourceAddress\":\"fe80::3b31:a8fa:5adc:7b9e\",\"SourcePort\":\"53625\",\"DestAddress\":\"2001:500:1::53\",\"DestPort\":\"53\",\"Protocol\":\"17\",\"InterfaceIndex\":\"10\",\"FilterOrigin\":\"Unknown\",\"FilterRTID\":\"71055\",\"LayerName\":\"%%14611\",\"LayerRTID\":\"50\",\"RemoteUserID\":\"S-1-0-0\",\"RemoteMachineID\":\"S-1-0-0\"}","unparsed_raw":"{\"SourceName\":\"Microsoft-Windows-Security-Auditing\",\"ProviderGuid\":\"{54849625-5478-4994-a5ba-3e3b0328c30d}\",\"Level\":\"0\",\"Keywords\":\"0x8020000000000000\",\"Channel\":\"Security\",\"Hostname\":\"DC01.pandalab.com\",\"TimeCreated\":\"2023-07-19T09:02:32.040Z\",\"@timestamp\":\"2023-07-19T09:02:32.040Z\",\"EventID\":5156,\"Message\":\"The Windows Filtering Platform has permitted a connection.\\r\\n\\r\\nApplication Information:\\r\\n\\tProcess ID:\\t\\t2348\\r\\n\\tApplication Name:\\t\\\\device\\\\harddiskvolume2\\\\windows\\\\system32\\\\dns.exe\\r\\n\\r\\nNetwork Information:\\r\\n\\tDirection:\\t\\tOutbound\\r\\n\\tSource Address:\\t\\tfe80::3b31:a8fa:5adc:7b9e\\r\\n\\tSource Port:\\t\\t53625\\r\\n\\tDestination Address:\\t2001:500:1::53\\r\\n\\tDestination Port:\\t\\t53\\r\\n\\tProtocol:\\t\\t17\\r\\n\\tInterface Index:\\t\\t10\\r\\n\\r\\nFilter Information:\\r\\n\\tFilter Origin:\\t\\tUnknown\\r\\n\\tFilter Run-Time ID:\\t71055\\r\\n\\tLayer Name:\\t\\tConnect\\r\\n\\tLayer Run-Time ID:\\t50\\r\\n\\tRemote User ID:\\t\\tS-1-0-0\\r\\n\\tRemote Machine ID:\\tS-1-0-0\",\"Task\":\"12810\",\"ProcessID\":\"2348\",\"Application\":\"\\\\device\\\\harddiskvolume2\\\\windows\\\\system32\\\\dns.exe\",\"Direction\":\"%%14593\",\"SourceAddress\":\"fe80::3b31:a8fa:5adc:7b9e\",\"SourcePort\":\"53625\",\"DestAddress\":\"2001:500:1::53\",\"DestPort\":\"53\",\"Protocol\":\"17\",\"InterfaceIndex\":\"10\",\"FilterOrigin\":\"Unknown\",\"FilterRTID\":\"71055\",\"LayerName\":\"%%14611\",\"LayerRTID\":\"50\",\"RemoteUserID\":\"S-1-0-0\",\"RemoteMachineID\":\"S-1-0-0\"}","original_format":"ndjson","quality":"Degraded","incident_id":"f8f0bfe0-9fdc-4d92-b5ba-6b8b60103385","redactions":[],"bridge_hash":null,"chain_hash":null,"parent_process_id":null,"parent_process_name":null,"lineage_chain":null,"line_id":null,"destination_ip":null,"destination_port":null,"protocol":null,"process_guid":null,"target_image":null,"granted_access":null,"evidence_vault":null,"log_source":"cmd_dumping_ntds_dit_file_ntdsutil_cmd_dumping_ntds_dit_file_ntdsutil.json","process_id":null,"image":null,"command_line":null,"node_id":"Standalone"}
{"timestamp":"2026-05-09T10:00:55.393277400-07:00","message":"[RAW Forensic Payload] {\"SourceName\":\"Microsoft-Windows-Security-Auditing\",\"ProviderGuid\":\"{54849625-5478-4994-a5ba-3e3b...","severity":"Info","source":"ndjson","subject_id":null,"outcome":"Degraded","metadata":{"EventID":"5152","captured_message":"[RAW Forensic Payload] {\"SourceName\":\"Microsoft-Windows-Security-Auditing\",\"ProviderGuid\":\"{54849625-5478-4994-a5ba-3e3b...","log_source":"cmd_dumping_ntds_dit_file_ntdsutil_cmd_dumping_ntds_dit_file_ntdsutil.json","nist_category":"System and Information Integrity","nist_control_id":"SI-4 [Windows Integrity]"},"additional_context":{"SourceName":"Microsoft-Windows-Security-Auditing","ProviderGuid":"{54849625-5478-4994-a5ba-3e3b0328c30d}","Level":"0","Keywords":"0x8010000000000000","Channel":"Security","Hostname":"DC01.pandalab.com","TimeCreated":"2023-07-19T09:02:32.040Z","@timestamp":"2023-07-19T09:02:32.040Z","EventID":5152,"Message":"The Windows Filtering Platform has blocked a packet.\r\n\r\nApplication Information:\r\n\tProcess ID:\t\t0\r\n\tApplication Name:\t-\r\n\r\nNetwork Information:\r\n\tDirection:\t\tInbound\r\n\tSource Address:\t\t192.112.36.4\r\n\tSource Port:\t\t53\r\n\tDestination Address:\t192.168.1.4\r\n\tDestination Port:\t\t49898\r\n\tProtocol:\t\t17\r\n\r\nFilter Information:\r\n\tFilter Origin:\t\tQuery User Default\r\n\tFilter Run-Time ID:\t71038\r\n\tLayer Name:\t\tICMP Error\r\n\tLayer Run-Time ID:\t28","Task":"12809","ProcessId":"0","Application":"-","Direction":"%%14592","SourceAddress":"192.112.36.4","SourcePort":"53","DestAddress":"192.168.1.4","DestPort":"49898","Protocol":"17","FilterOrigin":"Query User Default","FilterRTID":"71038","LayerName":"%%14601","LayerRTID":"28"},"raw":"{\"SourceName\":\"Microsoft-Windows-Security-Auditing\",\"ProviderGuid\":\"{54849625-5478-4994-a5ba-3e3b0328c30d}\",\"Level\":\"0\",\"Keywords\":\"0x8010000000000000\",\"Channel\":\"Security\",\"Hostname\":\"DC01.pandalab.com\",\"TimeCreated\":\"2023-07-19T09:02:32.040Z\",\"@timestamp\":\"2023-07-19T09:02:32.040Z\",\"EventID\":5152,\"Message\":\"The Windows Filtering Platform has blocked a packet.\\r\\n\\r\\nApplication Information:\\r\\n\\tProcess ID:\\t\\t0\\r\\n\\tApplication Name:\\t-\\r\\n\\r\\nNetwork Information:\\r\\n\\tDirection:\\t\\tInbound\\r\\n\\tSource Address:\\t\\t192.112.36.4\\r\\n\\tSource Port:\\t\\t53\\r\\n\\tDestination Address:\\t192.168.1.4\\r\\n\\tDestination Port:\\t\\t49898\\r\\n\\tProtocol:\\t\\t17\\r\\n\\r\\nFilter Information:\\r\\n\\tFilter Origin:\\t\\tQuery User Default\\r\\n\\tFilter Run-Time ID:\\t71038\\r\\n\\tLayer Name:\\t\\tICMP Error\\r\\n\\tLayer Run-Time ID:\\t28\",\"Task\":\"12809\",\"ProcessId\":\"0\",\"Application\":\"-\",\"Direction\":\"%%14592\",\"SourceAddress\":\"192.112.36.4\",\"SourcePort\":\"53\",\"DestAddress\":\"192.168.1.4\",\"DestPort\":\"49898\",\"Protocol\":\"17\",\"FilterOrigin\":\"Query User Default\",\"FilterRTID\":\"71038\",\"LayerName\":\"%%14601\",\"LayerRTID\":\"28\"}","unparsed_raw":"{\"SourceName\":\"Microsoft-Windows-Security-Auditing\",\"ProviderGuid\":\"{54849625-5478-4994-a5ba-3e3b0328c30d}\",\"Level\":\"0\",\"Keywords\":\"0x8010000000000000\",\"Channel\":\"Security\",\"Hostname\":\"DC01.pandalab.com\",\"TimeCreated\":\"2023-07-19T09:02:32.040Z\",\"@timestamp\":\"2023-07-19T09:02:32.040Z\",\"EventID\":5152,\"Message\":\"The Windows Filtering Platform has blocked a packet.\\r\\n\\r\\nApplication Information:\\r\\n\\tProcess ID:\\t\\t0\\r\\n\\tApplication Name:\\t-\\r\\n\\r\\nNetwork Information:\\r\\n\\tDirection:\\t\\tInbound\\r\\n\\tSource Address:\\t\\t192.112.36.4\\r\\n\\tSource Port:\\t\\t53\\r\\n\\tDestination Address:\\t192.168.1.4\\r\\n\\tDestination Port:\\t\\t49898\\r\\n\\tProtocol:\\t\\t17\\r\\n\\r\\nFilter Information:\\r\\n\\tFilter Origin:\\t\\tQuery User Default\\r\\n\\tFilter Run-Time ID:\\t71038\\r\\n\\tLayer Name:\\t\\tICMP Error\\r\\n\\tLayer Run-Time ID:\\t28\",\"Task\":\"12809\",\"ProcessId\":\"0\",\"Application\":\"-\",\"Direction\":\"%%14592\",\"SourceAddress\":\"192.112.36.4\",\"SourcePort\":\"53\",\"DestAddress\":\"192.168.1.4\",\"DestPort\":\"49898\",\"Protocol\":\"17\",\"FilterOrigin\":\"Query User Default\",\"FilterRTID\":\"71038\",\"LayerName\":\"%%14601\",\"LayerRTID\":\"28\"}","original_format":"ndjson","quality":"Degraded","incident_id":"f8f0bfe0-9fdc-4d92-b5ba-6b8b60103385","redactions":[],"bridge_hash":null,"chain_hash":null,"parent_process_id":null,"parent_process_name":null,"lineage_chain":null,"line_id":null,"destination_ip":null,"destination_port":null,"protocol":null,"process_guid":null,"target_image":null,"granted_access":null,"evidence_vault":null,"log_source":"cmd_dumping_ntds_dit_file_ntdsutil_cmd_dumping_ntds_dit_file_ntdsutil.json","process_id":0,"image":null,"command_line":null,"node_id":"Standalone"}
