{"timestamp":"2026-05-09T10:00:55.400513800-07:00","message":"[RAW Forensic Payload] {\"SourceName\":\"Microsoft-Windows-Security-Auditing\",\"ProviderGuid\":\"{54849625-5478-4994-a5ba-3e3b...","severity":"Info","source":"ndjson","subject_id":null,"outcome":"Degraded","metadata":{"EventID":"4661","captured_message":"[RAW Forensic Payload] {\"SourceName\":\"Microsoft-Windows-Security-Auditing\",\"ProviderGuid\":\"{54849625-5478-4994-a5ba-3e3b...","log_source":"cmd_dumping_ntds_dit_file_ntdsutil_cmd_dumping_ntds_dit_file_ntdsutil.json","nist_category":"System and Information Integrity","nist_control_id":"SI-4 [Windows Integrity]"},"additional_context":{"SourceName":"Microsoft-Windows-Security-Auditing","ProviderGuid":"{54849625-5478-4994-a5ba-3e3b0328c30d}","Level":"0","Keywords":"0x8020000000000000","Channel":"Security","Hostname":"DC01.pandalab.com","TimeCreated":"2023-07-19T09:03:37.944Z","@timestamp":"2023-07-19T09:03:37.944Z","EventID":4661,"Message":"A handle to an object was requested.\r\n\r\nSubject :\r\n\tSecurity ID:\t\tS-1-5-18\r\n\tAccount Name:\t\tDC01$\r\n\tAccount Domain:\t\tPANDALAB\r\n\tLogon ID:\t\t0x3E7\r\n\r\nObject:\r\n\tObject Server:\tSecurity Account Manager\r\n\tObject Type:\tSAM_DOMAIN\r\n\tObject Name:\tCN=Builtin,DC=pandalab,DC=com\r\n\tHandle ID:\t0x285430f7d40\r\n\r\nProcess Information:\r\n\tProcess ID:\t0x258\r\n\tProcess Name:\tC:\\Windows\\System32\\lsass.exe\r\n\r\nAccess Request Information:\r\n\tTransaction ID:\t{00000000-0000-0000-0000-000000000000}\r\n\tAccesses:\tDELETE\r\n\t\t\t\tREAD_CONTROL\r\n\t\t\t\tWRITE_DAC\r\n\t\t\t\tWRITE_OWNER\r\n\t\t\t\tReadPasswordParameters\r\n\t\t\t\tWritePasswordParameters\r\n\t\t\t\tReadOtherParameters\r\n\t\t\t\tWriteOtherParameters\r\n\t\t\t\tCreateUser\r\n\t\t\t\tCreateGlobalGroup\r\n\t\t\t\tCreateLocalGroup\r\n\t\t\t\tGetLocalGroupMembership\r\n\t\t\t\tListAccounts\r\n\t\t\t\t\r\n\tAccess Reasons:\t\t-\r\n\tAccess Mask:\t0xF01FF\r\n\tPrivileges Used for Access Check:\t-\r\n\tProperties:\t---\r\n\t{19195a5a-6da0-11d0-afd3-00c04fd930c9}\r\nDELETE\r\nREAD_CONTROL\r\nWRITE_DAC\r\nWRITE_OWNER\r\nReadPasswordParameters\r\nWritePasswordParameters\r\nReadOtherParameters\r\nWriteOtherParameters\r\nCreateUser\r\nCreateGlobalGroup\r\nCreateLocalGroup\r\nGetLocalGroupMembership\r\nListAccounts\r\n\t\t{c7407360-20bf-11d0-a768-00aa006e0529}\r\n\t\t\t{bf9679a4-0de6-11d0-a285-00aa003049e2}\r\n\t\t\t{bf9679a5-0de6-11d0-a285-00aa003049e2}\r\n\t\t\t{bf9679a6-0de6-11d0-a285-00aa003049e2}\r\n\t\t\t{bf9679bb-0de6-11d0-a285-00aa003049e2}\r\n\t\t\t{bf9679c2-0de6-11d0-a285-00aa003049e2}\r\n\t\t\t{bf9679c3-0de6-11d0-a285-00aa003049e2}\r\n\t\t\t{bf967a09-0de6-11d0-a285-00aa003049e2}\r\n\t\t\t{bf967a0b-0de6-11d0-a285-00aa003049e2}\r\n\t\t{b8119fd0-04f6-4762-ab7a-4986c76b3f9a}\r\n\t\t\t{bf967a34-0de6-11d0-a285-00aa003049e2}\r\n\t\t\t{bf967a33-0de6-11d0-a285-00aa003049e2}\r\n\t\t\t{bf9679c5-0de6-11d0-a285-00aa003049e2}\r\n\t\t\t{bf967a61-0de6-11d0-a285-00aa003049e2}\r\n\t\t\t{bf967977-0de6-11d0-a285-00aa003049e2}\r\n\t\t\t{bf96795e-0de6-11d0-a285-00aa003049e2}\r\n\t\t\t{bf9679ea-0de6-11d0-a285-00aa003049e2}\r\n\t\t{ab721a52-1e2f-11d0-9819-00aa0040529b}\r\n\r\n\tRestricted SID Count:\t0","Task":"12803","SubjectUserSid":"S-1-5-18","SubjectUserName":"DC01$","SubjectDomainName":"PANDALAB","SubjectLogonId":"0x3e7","ObjectServer":"Security Account Manager","ObjectType":"SAM_DOMAIN","ObjectName":"CN=Builtin,DC=pandalab,DC=com","HandleId":"0x285430f7d40","TransactionId":"{00000000-0000-0000-0000-000000000000}","AccessList":"%%1537\n\t\t\t\t%%1538\n\t\t\t\t%%1539\n\t\t\t\t%%1540\n\t\t\t\t%%5392\n\t\t\t\t%%5393\n\t\t\t\t%%5394\n\t\t\t\t%%5395\n\t\t\t\t%%5396\n\t\t\t\t%%5397\n\t\t\t\t%%5398\n\t\t\t\t%%5399\n\t\t\t\t%%5400\n\t\t\t\t","AccessReason":"-","AccessMask":"0xf01ff","PrivilegeList":"-","Properties":"---\n\t{19195a5a-6da0-11d0-afd3-00c04fd930c9}\n%%1537\n%%1538\n%%1539\n%%1540\n%%5392\n%%5393\n%%5394\n%%5395\n%%5396\n%%5397\n%%5398\n%%5399\n%%5400\n\t\t{c7407360-20bf-11d0-a768-00aa006e0529}\n\t\t\t{bf9679a4-0de6-11d0-a285-00aa003049e2}\n\t\t\t{bf9679a5-0de6-11d0-a285-00aa003049e2}\n\t\t\t{bf9679a6-0de6-11d0-a285-00aa003049e2}\n\t\t\t{bf9679bb-0de6-11d0-a285-00aa003049e2}\n\t\t\t{bf9679c2-0de6-11d0-a285-00aa003049e2}\n\t\t\t{bf9679c3-0de6-11d0-a285-00aa003049e2}\n\t\t\t{bf967a09-0de6-11d0-a285-00aa003049e2}\n\t\t\t{bf967a0b-0de6-11d0-a285-00aa003049e2}\n\t\t{b8119fd0-04f6-4762-ab7a-4986c76b3f9a}\n\t\t\t{bf967a34-0de6-11d0-a285-00aa003049e2}\n\t\t\t{bf967a33-0de6-11d0-a285-00aa003049e2}\n\t\t\t{bf9679c5-0de6-11d0-a285-00aa003049e2}\n\t\t\t{bf967a61-0de6-11d0-a285-00aa003049e2}\n\t\t\t{bf967977-0de6-11d0-a285-00aa003049e2}\n\t\t\t{bf96795e-0de6-11d0-a285-00aa003049e2}\n\t\t\t{bf9679ea-0de6-11d0-a285-00aa003049e2}\n\t\t{ab721a52-1e2f-11d0-9819-00aa0040529b}\n","RestrictedSidCount":"0","ProcessId":"0x258","ProcessName":"C:\\Windows\\System32\\lsass.exe"},"raw":"{\"SourceName\":\"Microsoft-Windows-Security-Auditing\",\"ProviderGuid\":\"{54849625-5478-4994-a5ba-3e3b0328c30d}\",\"Level\":\"0\",\"Keywords\":\"0x8020000000000000\",\"Channel\":\"Security\",\"Hostname\":\"DC01.pandalab.com\",\"TimeCreated\":\"2023-07-19T09:03:37.944Z\",\"@timestamp\":\"2023-07-19T09:03:37.944Z\",\"EventID\":4661,\"Message\":\"A handle to an object was requested.\\r\\n\\r\\nSubject :\\r\\n\\tSecurity ID:\\t\\tS-1-5-18\\r\\n\\tAccount Name:\\t\\tDC01$\\r\\n\\tAccount Domain:\\t\\tPANDALAB\\r\\n\\tLogon ID:\\t\\t0x3E7\\r\\n\\r\\nObject:\\r\\n\\tObject Server:\\tSecurity Account Manager\\r\\n\\tObject Type:\\tSAM_DOMAIN\\r\\n\\tObject Name:\\tCN=Builtin,DC=pandalab,DC=com\\r\\n\\tHandle ID:\\t0x285430f7d40\\r\\n\\r\\nProcess Information:\\r\\n\\tProcess ID:\\t0x258\\r\\n\\tProcess Name:\\tC:\\\\Windows\\\\System32\\\\lsass.exe\\r\\n\\r\\nAccess Request Information:\\r\\n\\tTransaction ID:\\t{00000000-0000-0000-0000-000000000000}\\r\\n\\tAccesses:\\tDELETE\\r\\n\\t\\t\\t\\tREAD_CONTROL\\r\\n\\t\\t\\t\\tWRITE_DAC\\r\\n\\t\\t\\t\\tWRITE_OWNER\\r\\n\\t\\t\\t\\tReadPasswordParameters\\r\\n\\t\\t\\t\\tWritePasswordParameters\\r\\n\\t\\t\\t\\tReadOtherParameters\\r\\n\\t\\t\\t\\tWriteOtherParameters\\r\\n\\t\\t\\t\\tCreateUser\\r\\n\\t\\t\\t\\tCreateGlobalGroup\\r\\n\\t\\t\\t\\tCreateLocalGroup\\r\\n\\t\\t\\t\\tGetLocalGroupMembership\\r\\n\\t\\t\\t\\tListAccounts\\r\\n\\t\\t\\t\\t\\r\\n\\tAccess Reasons:\\t\\t-\\r\\n\\tAccess Mask:\\t0xF01FF\\r\\n\\tPrivileges Used for Access Check:\\t-\\r\\n\\tProperties:\\t---\\r\\n\\t{19195a5a-6da0-11d0-afd3-00c04fd930c9}\\r\\nDELETE\\r\\nREAD_CONTROL\\r\\nWRITE_DAC\\r\\nWRITE_OWNER\\r\\nReadPasswordParameters\\r\\nWritePasswordParameters\\r\\nReadOtherParameters\\r\\nWriteOtherParameters\\r\\nCreateUser\\r\\nCreateGlobalGroup\\r\\nCreateLocalGroup\\r\\nGetLocalGroupMembership\\r\\nListAccounts\\r\\n\\t\\t{c7407360-20bf-11d0-a768-00aa006e0529}\\r\\n\\t\\t\\t{bf9679a4-0de6-11d0-a285-00aa003049e2}\\r\\n\\t\\t\\t{bf9679a5-0de6-11d0-a285-00aa003049e2}\\r\\n\\t\\t\\t{bf9679a6-0de6-11d0-a285-00aa003049e2}\\r\\n\\t\\t\\t{bf9679bb-0de6-11d0-a285-00aa003049e2}\\r\\n\\t\\t\\t{bf9679c2-0de6-11d0-a285-00aa003049e2}\\r\\n\\t\\t\\t{bf9679c3-0de6-11d0-a285-00aa003049e2}\\r\\n\\t\\t\\t{bf967a09-0de6-11d0-a285-00aa003049e2}\\r\\n\\t\\t\\t{bf967a0b-0de6-11d0-a285-00aa003049e2}\\r\\n\\t\\t{b8119fd0-04f6-4762-ab7a-4986c76b3f9a}\\r\\n\\t\\t\\t{bf967a34-0de6-11d0-a285-00aa003049e2}\\r\\n\\t\\t\\t{bf967a33-0de6-11d0-a285-00aa003049e2}\\r\\n\\t\\t\\t{bf9679c5-0de6-11d0-a285-00aa003049e2}\\r\\n\\t\\t\\t{bf967a61-0de6-11d0-a285-00aa003049e2}\\r\\n\\t\\t\\t{bf967977-0de6-11d0-a285-00aa003049e2}\\r\\n\\t\\t\\t{bf96795e-0de6-11d0-a285-00aa003049e2}\\r\\n\\t\\t\\t{bf9679ea-0de6-11d0-a285-00aa003049e2}\\r\\n\\t\\t{ab721a52-1e2f-11d0-9819-00aa0040529b}\\r\\n\\r\\n\\tRestricted SID Count:\\t0\",\"Task\":\"12803\",\"SubjectUserSid\":\"S-1-5-18\",\"SubjectUserName\":\"DC01$\",\"SubjectDomainName\":\"PANDALAB\",\"SubjectLogonId\":\"0x3e7\",\"ObjectServer\":\"Security Account Manager\",\"ObjectType\":\"SAM_DOMAIN\",\"ObjectName\":\"CN=Builtin,DC=pandalab,DC=com\",\"HandleId\":\"0x285430f7d40\",\"TransactionId\":\"{00000000-0000-0000-0000-000000000000}\",\"AccessList\":\"%%1537\\n\\t\\t\\t\\t%%1538\\n\\t\\t\\t\\t%%1539\\n\\t\\t\\t\\t%%1540\\n\\t\\t\\t\\t%%5392\\n\\t\\t\\t\\t%%5393\\n\\t\\t\\t\\t%%5394\\n\\t\\t\\t\\t%%5395\\n\\t\\t\\t\\t%%5396\\n\\t\\t\\t\\t%%5397\\n\\t\\t\\t\\t%%5398\\n\\t\\t\\t\\t%%5399\\n\\t\\t\\t\\t%%5400\\n\\t\\t\\t\\t\",\"AccessReason\":\"-\",\"AccessMask\":\"0xf01ff\",\"PrivilegeList\":\"-\",\"Properties\":\"---\\n\\t{19195a5a-6da0-11d0-afd3-00c04fd930c9}\\n%%1537\\n%%1538\\n%%1539\\n%%1540\\n%%5392\\n%%5393\\n%%5394\\n%%5395\\n%%5396\\n%%5397\\n%%5398\\n%%5399\\n%%5400\\n\\t\\t{c7407360-20bf-11d0-a768-00aa006e0529}\\n\\t\\t\\t{bf9679a4-0de6-11d0-a285-00aa003049e2}\\n\\t\\t\\t{bf9679a5-0de6-11d0-a285-00aa003049e2}\\n\\t\\t\\t{bf9679a6-0de6-11d0-a285-00aa003049e2}\\n\\t\\t\\t{bf9679bb-0de6-11d0-a285-00aa003049e2}\\n\\t\\t\\t{bf9679c2-0de6-11d0-a285-00aa003049e2}\\n\\t\\t\\t{bf9679c3-0de6-11d0-a285-00aa003049e2}\\n\\t\\t\\t{bf967a09-0de6-11d0-a285-00aa003049e2}\\n\\t\\t\\t{bf967a0b-0de6-11d0-a285-00aa003049e2}\\n\\t\\t{b8119fd0-04f6-4762-ab7a-4986c76b3f9a}\\n\\t\\t\\t{bf967a34-0de6-11d0-a285-00aa003049e2}\\n\\t\\t\\t{bf967a33-0de6-11d0-a285-00aa003049e2}\\n\\t\\t\\t{bf9679c5-0de6-11d0-a285-00aa003049e2}\\n\\t\\t\\t{bf967a61-0de6-11d0-a285-00aa003049e2}\\n\\t\\t\\t{bf967977-0de6-11d0-a285-00aa003049e2}\\n\\t\\t\\t{bf96795e-0de6-11d0-a285-00aa003049e2}\\n\\t\\t\\t{bf9679ea-0de6-11d0-a285-00aa003049e2}\\n\\t\\t{ab721a52-1e2f-11d0-9819-00aa0040529b}\\n\",\"RestrictedSidCount\":\"0\",\"ProcessId\":\"0x258\",\"ProcessName\":\"C:\\\\Windows\\\\System32\\\\lsass.exe\"}","unparsed_raw":"{\"SourceName\":\"Microsoft-Windows-Security-Auditing\",\"ProviderGuid\":\"{54849625-5478-4994-a5ba-3e3b0328c30d}\",\"Level\":\"0\",\"Keywords\":\"0x8020000000000000\",\"Channel\":\"Security\",\"Hostname\":\"DC01.pandalab.com\",\"TimeCreated\":\"2023-07-19T09:03:37.944Z\",\"@timestamp\":\"2023-07-19T09:03:37.944Z\",\"EventID\":4661,\"Message\":\"A handle to an object was requested.\\r\\n\\r\\nSubject :\\r\\n\\tSecurity ID:\\t\\tS-1-5-18\\r\\n\\tAccount Name:\\t\\tDC01$\\r\\n\\tAccount Domain:\\t\\tPANDALAB\\r\\n\\tLogon ID:\\t\\t0x3E7\\r\\n\\r\\nObject:\\r\\n\\tObject Server:\\tSecurity Account Manager\\r\\n\\tObject Type:\\tSAM_DOMAIN\\r\\n\\tObject Name:\\tCN=Builtin,DC=pandalab,DC=com\\r\\n\\tHandle ID:\\t0x285430f7d40\\r\\n\\r\\nProcess Information:\\r\\n\\tProcess ID:\\t0x258\\r\\n\\tProcess Name:\\tC:\\\\Windows\\\\System32\\\\lsass.exe\\r\\n\\r\\nAccess Request Information:\\r\\n\\tTransaction ID:\\t{00000000-0000-0000-0000-000000000000}\\r\\n\\tAccesses:\\tDELETE\\r\\n\\t\\t\\t\\tREAD_CONTROL\\r\\n\\t\\t\\t\\tWRITE_DAC\\r\\n\\t\\t\\t\\tWRITE_OWNER\\r\\n\\t\\t\\t\\tReadPasswordParameters\\r\\n\\t\\t\\t\\tWritePasswordParameters\\r\\n\\t\\t\\t\\tReadOtherParameters\\r\\n\\t\\t\\t\\tWriteOtherParameters\\r\\n\\t\\t\\t\\tCreateUser\\r\\n\\t\\t\\t\\tCreateGlobalGroup\\r\\n\\t\\t\\t\\tCreateLocalGroup\\r\\n\\t\\t\\t\\tGetLocalGroupMembership\\r\\n\\t\\t\\t\\tListAccounts\\r\\n\\t\\t\\t\\t\\r\\n\\tAccess Reasons:\\t\\t-\\r\\n\\tAccess Mask:\\t0xF01FF\\r\\n\\tPrivileges Used for Access Check:\\t-\\r\\n\\tProperties:\\t---\\r\\n\\t{19195a5a-6da0-11d0-afd3-00c04fd930c9}\\r\\nDELETE\\r\\nREAD_CONTROL\\r\\nWRITE_DAC\\r\\nWRITE_OWNER\\r\\nReadPasswordParameters\\r\\nWritePasswordParameters\\r\\nReadOtherParameters\\r\\nWriteOtherParameters\\r\\nCreateUser\\r\\nCreateGlobalGroup\\r\\nCreateLocalGroup\\r\\nGetLocalGroupMembership\\r\\nListAccounts\\r\\n\\t\\t{c7407360-20bf-11d0-a768-00aa006e0529}\\r\\n\\t\\t\\t{bf9679a4-0de6-11d0-a285-00aa003049e2}\\r\\n\\t\\t\\t{bf9679a5-0de6-11d0-a285-00aa003049e2}\\r\\n\\t\\t\\t{bf9679a6-0de6-11d0-a285-00aa003049e2}\\r\\n\\t\\t\\t{bf9679bb-0de6-11d0-a285-00aa003049e2}\\r\\n\\t\\t\\t{bf9679c2-0de6-11d0-a285-00aa003049e2}\\r\\n\\t\\t\\t{bf9679c3-0de6-11d0-a285-00aa003049e2}\\r\\n\\t\\t\\t{bf967a09-0de6-11d0-a285-00aa003049e2}\\r\\n\\t\\t\\t{bf967a0b-0de6-11d0-a285-00aa003049e2}\\r\\n\\t\\t{b8119fd0-04f6-4762-ab7a-4986c76b3f9a}\\r\\n\\t\\t\\t{bf967a34-0de6-11d0-a285-00aa003049e2}\\r\\n\\t\\t\\t{bf967a33-0de6-11d0-a285-00aa003049e2}\\r\\n\\t\\t\\t{bf9679c5-0de6-11d0-a285-00aa003049e2}\\r\\n\\t\\t\\t{bf967a61-0de6-11d0-a285-00aa003049e2}\\r\\n\\t\\t\\t{bf967977-0de6-11d0-a285-00aa003049e2}\\r\\n\\t\\t\\t{bf96795e-0de6-11d0-a285-00aa003049e2}\\r\\n\\t\\t\\t{bf9679ea-0de6-11d0-a285-00aa003049e2}\\r\\n\\t\\t{ab721a52-1e2f-11d0-9819-00aa0040529b}\\r\\n\\r\\n\\tRestricted SID Count:\\t0\",\"Task\":\"12803\",\"SubjectUserSid\":\"S-1-5-18\",\"SubjectUserName\":\"DC01$\",\"SubjectDomainName\":\"PANDALAB\",\"SubjectLogonId\":\"0x3e7\",\"ObjectServer\":\"Security Account Manager\",\"ObjectType\":\"SAM_DOMAIN\",\"ObjectName\":\"CN=Builtin,DC=pandalab,DC=com\",\"HandleId\":\"0x285430f7d40\",\"TransactionId\":\"{00000000-0000-0000-0000-000000000000}\",\"AccessList\":\"%%1537\\n\\t\\t\\t\\t%%1538\\n\\t\\t\\t\\t%%1539\\n\\t\\t\\t\\t%%1540\\n\\t\\t\\t\\t%%5392\\n\\t\\t\\t\\t%%5393\\n\\t\\t\\t\\t%%5394\\n\\t\\t\\t\\t%%5395\\n\\t\\t\\t\\t%%5396\\n\\t\\t\\t\\t%%5397\\n\\t\\t\\t\\t%%5398\\n\\t\\t\\t\\t%%5399\\n\\t\\t\\t\\t%%5400\\n\\t\\t\\t\\t\",\"AccessReason\":\"-\",\"AccessMask\":\"0xf01ff\",\"PrivilegeList\":\"-\",\"Properties\":\"---\\n\\t{19195a5a-6da0-11d0-afd3-00c04fd930c9}\\n%%1537\\n%%1538\\n%%1539\\n%%1540\\n%%5392\\n%%5393\\n%%5394\\n%%5395\\n%%5396\\n%%5397\\n%%5398\\n%%5399\\n%%5400\\n\\t\\t{c7407360-20bf-11d0-a768-00aa006e0529}\\n\\t\\t\\t{bf9679a4-0de6-11d0-a285-00aa003049e2}\\n\\t\\t\\t{bf9679a5-0de6-11d0-a285-00aa003049e2}\\n\\t\\t\\t{bf9679a6-0de6-11d0-a285-00aa003049e2}\\n\\t\\t\\t{bf9679bb-0de6-11d0-a285-00aa003049e2}\\n\\t\\t\\t{bf9679c2-0de6-11d0-a285-00aa003049e2}\\n\\t\\t\\t{bf9679c3-0de6-11d0-a285-00aa003049e2}\\n\\t\\t\\t{bf967a09-0de6-11d0-a285-00aa003049e2}\\n\\t\\t\\t{bf967a0b-0de6-11d0-a285-00aa003049e2}\\n\\t\\t{b8119fd0-04f6-4762-ab7a-4986c76b3f9a}\\n\\t\\t\\t{bf967a34-0de6-11d0-a285-00aa003049e2}\\n\\t\\t\\t{bf967a33-0de6-11d0-a285-00aa003049e2}\\n\\t\\t\\t{bf9679c5-0de6-11d0-a285-00aa003049e2}\\n\\t\\t\\t{bf967a61-0de6-11d0-a285-00aa003049e2}\\n\\t\\t\\t{bf967977-0de6-11d0-a285-00aa003049e2}\\n\\t\\t\\t{bf96795e-0de6-11d0-a285-00aa003049e2}\\n\\t\\t\\t{bf9679ea-0de6-11d0-a285-00aa003049e2}\\n\\t\\t{ab721a52-1e2f-11d0-9819-00aa0040529b}\\n\",\"RestrictedSidCount\":\"0\",\"ProcessId\":\"0x258\",\"ProcessName\":\"C:\\\\Windows\\\\System32\\\\lsass.exe\"}","original_format":"ndjson","quality":"Degraded","incident_id":"f8f0bfe0-9fdc-4d92-b5ba-6b8b60103385","redactions":[],"bridge_hash":null,"chain_hash":null,"parent_process_id":null,"parent_process_name":null,"lineage_chain":null,"line_id":null,"destination_ip":null,"destination_port":null,"protocol":null,"process_guid":null,"target_image":null,"granted_access":null,"evidence_vault":null,"log_source":"cmd_dumping_ntds_dit_file_ntdsutil_cmd_dumping_ntds_dit_file_ntdsutil.json","process_id":600,"image":null,"command_line":null,"node_id":"Standalone"}
{"timestamp":"2026-05-09T10:00:55.400676100-07:00","message":"[RAW Forensic Payload] {\"SourceName\":\"Microsoft-Windows-Security-Auditing\",\"ProviderGuid\":\"{54849625-5478-4994-a5ba-3e3b...","severity":"Info","source":"ndjson","subject_id":null,"outcome":"Degraded","metadata":{"EventID":"4661","captured_message":"[RAW Forensic Payload] {\"SourceName\":\"Microsoft-Windows-Security-Auditing\",\"ProviderGuid\":\"{54849625-5478-4994-a5ba-3e3b...","log_source":"cmd_dumping_ntds_dit_file_ntdsutil_cmd_dumping_ntds_dit_file_ntdsutil.json","nist_category":"System and Information Integrity","nist_control_id":"SI-4 [Windows Integrity]"},"additional_context":{"SourceName":"Microsoft-Windows-Security-Auditing","ProviderGuid":"{54849625-5478-4994-a5ba-3e3b0328c30d}","Level":"0","Keywords":"0x8020000000000000","Channel":"Security","Hostname":"DC01.pandalab.com","TimeCreated":"2023-07-19T09:03:37.944Z","@timestamp":"2023-07-19T09:03:37.944Z","EventID":4661,"Message":"A handle to an object was requested.\r\n\r\nSubject :\r\n\tSecurity ID:\t\tS-1-5-18\r\n\tAccount Name:\t\tDC01$\r\n\tAccount Domain:\t\tPANDALAB\r\n\tLogon ID:\t\t0x3E7\r\n\r\nObject:\r\n\tObject Server:\tSecurity Account Manager\r\n\tObject Type:\tSAM_ALIAS\r\n\tObject Name:\tS-1-5-32-544\r\n\tHandle ID:\t0x285430f8240\r\n\r\nProcess Information:\r\n\tProcess ID:\t0x258\r\n\tProcess Name:\tC:\\Windows\\System32\\lsass.exe\r\n\r\nAccess Request Information:\r\n\tTransaction ID:\t{00000000-0000-0000-0000-000000000000}\r\n\tAccesses:\tDELETE\r\n\t\t\t\tREAD_CONTROL\r\n\t\t\t\tWRITE_DAC\r\n\t\t\t\tWRITE_OWNER\r\n\t\t\t\tAddMember\r\n\t\t\t\tRemoveMember\r\n\t\t\t\tListMembers\r\n\t\t\t\tReadInformation\r\n\t\t\t\tWriteAccount\r\n\t\t\t\tUndefined Access (no effect) Bit 5\r\n\t\t\t\tUndefined Access (no effect) Bit 6\r\n\t\t\t\tUndefined Access (no effect) Bit 7\r\n\t\t\t\tUndefined Access (no effect) Bit 8\r\n\t\t\t\t\r\n\tAccess Reasons:\t\t-\r\n\tAccess Mask:\t0xF01FF\r\n\tPrivileges Used for Access Check:\t-\r\n\tProperties:\t---\r\n\t{bf967a9c-0de6-11d0-a285-00aa003049e2}\r\nDELETE\r\nREAD_CONTROL\r\nWRITE_DAC\r\nWRITE_OWNER\r\nAddMember\r\nRemoveMember\r\nListMembers\r\nReadInformation\r\nWriteAccount\r\nUndefined Access (no effect) Bit 5\r\nUndefined Access (no effect) Bit 6\r\nUndefined Access (no effect) Bit 7\r\nUndefined Access (no effect) Bit 8\r\n\t\t\t{bf9679e8-0de6-11d0-a285-00aa003049e2}\r\n\t\t\t{3e0abfd0-126a-11d0-a060-00aa006c33ed}\r\n\t\t{bc0ac240-79a9-11d0-9020-00c04fc2d4cf}\r\n\t\t\t{bf9679c0-0de6-11d0-a285-00aa003049e2}\r\n\t\t{59ba2f42-79a2-11d0-9020-00c04fc2d3cf}\r\n\r\n\tRestricted SID Count:\t0","Task":"12803","SubjectUserSid":"S-1-5-18","SubjectUserName":"DC01$","SubjectDomainName":"PANDALAB","SubjectLogonId":"0x3e7","ObjectServer":"Security Account Manager","ObjectType":"SAM_ALIAS","ObjectName":"S-1-5-32-544","HandleId":"0x285430f8240","TransactionId":"{00000000-0000-0000-0000-000000000000}","AccessList":"%%1537\n\t\t\t\t%%1538\n\t\t\t\t%%1539\n\t\t\t\t%%1540\n\t\t\t\t%%5424\n\t\t\t\t%%5425\n\t\t\t\t%%5426\n\t\t\t\t%%5427\n\t\t\t\t%%5428\n\t\t\t\t%%5429\n\t\t\t\t%%5430\n\t\t\t\t%%5431\n\t\t\t\t%%5432\n\t\t\t\t","AccessReason":"-","AccessMask":"0xf01ff","PrivilegeList":"-","Properties":"---\n\t{bf967a9c-0de6-11d0-a285-00aa003049e2}\n%%1537\n%%1538\n%%1539\n%%1540\n%%5424\n%%5425\n%%5426\n%%5427\n%%5428\n%%5429\n%%5430\n%%5431\n%%5432\n\t\t\t{bf9679e8-0de6-11d0-a285-00aa003049e2}\n\t\t\t{3e0abfd0-126a-11d0-a060-00aa006c33ed}\n\t\t{bc0ac240-79a9-11d0-9020-00c04fc2d4cf}\n\t\t\t{bf9679c0-0de6-11d0-a285-00aa003049e2}\n\t\t{59ba2f42-79a2-11d0-9020-00c04fc2d3cf}\n","RestrictedSidCount":"0","ProcessId":"0x258","ProcessName":"C:\\Windows\\System32\\lsass.exe"},"raw":"{\"SourceName\":\"Microsoft-Windows-Security-Auditing\",\"ProviderGuid\":\"{54849625-5478-4994-a5ba-3e3b0328c30d}\",\"Level\":\"0\",\"Keywords\":\"0x8020000000000000\",\"Channel\":\"Security\",\"Hostname\":\"DC01.pandalab.com\",\"TimeCreated\":\"2023-07-19T09:03:37.944Z\",\"@timestamp\":\"2023-07-19T09:03:37.944Z\",\"EventID\":4661,\"Message\":\"A handle to an object was requested.\\r\\n\\r\\nSubject :\\r\\n\\tSecurity ID:\\t\\tS-1-5-18\\r\\n\\tAccount Name:\\t\\tDC01$\\r\\n\\tAccount Domain:\\t\\tPANDALAB\\r\\n\\tLogon ID:\\t\\t0x3E7\\r\\n\\r\\nObject:\\r\\n\\tObject Server:\\tSecurity Account Manager\\r\\n\\tObject Type:\\tSAM_ALIAS\\r\\n\\tObject Name:\\tS-1-5-32-544\\r\\n\\tHandle ID:\\t0x285430f8240\\r\\n\\r\\nProcess Information:\\r\\n\\tProcess ID:\\t0x258\\r\\n\\tProcess Name:\\tC:\\\\Windows\\\\System32\\\\lsass.exe\\r\\n\\r\\nAccess Request Information:\\r\\n\\tTransaction ID:\\t{00000000-0000-0000-0000-000000000000}\\r\\n\\tAccesses:\\tDELETE\\r\\n\\t\\t\\t\\tREAD_CONTROL\\r\\n\\t\\t\\t\\tWRITE_DAC\\r\\n\\t\\t\\t\\tWRITE_OWNER\\r\\n\\t\\t\\t\\tAddMember\\r\\n\\t\\t\\t\\tRemoveMember\\r\\n\\t\\t\\t\\tListMembers\\r\\n\\t\\t\\t\\tReadInformation\\r\\n\\t\\t\\t\\tWriteAccount\\r\\n\\t\\t\\t\\tUndefined Access (no effect) Bit 5\\r\\n\\t\\t\\t\\tUndefined Access (no effect) Bit 6\\r\\n\\t\\t\\t\\tUndefined Access (no effect) Bit 7\\r\\n\\t\\t\\t\\tUndefined Access (no effect) Bit 8\\r\\n\\t\\t\\t\\t\\r\\n\\tAccess Reasons:\\t\\t-\\r\\n\\tAccess Mask:\\t0xF01FF\\r\\n\\tPrivileges Used for Access Check:\\t-\\r\\n\\tProperties:\\t---\\r\\n\\t{bf967a9c-0de6-11d0-a285-00aa003049e2}\\r\\nDELETE\\r\\nREAD_CONTROL\\r\\nWRITE_DAC\\r\\nWRITE_OWNER\\r\\nAddMember\\r\\nRemoveMember\\r\\nListMembers\\r\\nReadInformation\\r\\nWriteAccount\\r\\nUndefined Access (no effect) Bit 5\\r\\nUndefined Access (no effect) Bit 6\\r\\nUndefined Access (no effect) Bit 7\\r\\nUndefined Access (no effect) Bit 8\\r\\n\\t\\t\\t{bf9679e8-0de6-11d0-a285-00aa003049e2}\\r\\n\\t\\t\\t{3e0abfd0-126a-11d0-a060-00aa006c33ed}\\r\\n\\t\\t{bc0ac240-79a9-11d0-9020-00c04fc2d4cf}\\r\\n\\t\\t\\t{bf9679c0-0de6-11d0-a285-00aa003049e2}\\r\\n\\t\\t{59ba2f42-79a2-11d0-9020-00c04fc2d3cf}\\r\\n\\r\\n\\tRestricted SID Count:\\t0\",\"Task\":\"12803\",\"SubjectUserSid\":\"S-1-5-18\",\"SubjectUserName\":\"DC01$\",\"SubjectDomainName\":\"PANDALAB\",\"SubjectLogonId\":\"0x3e7\",\"ObjectServer\":\"Security Account Manager\",\"ObjectType\":\"SAM_ALIAS\",\"ObjectName\":\"S-1-5-32-544\",\"HandleId\":\"0x285430f8240\",\"TransactionId\":\"{00000000-0000-0000-0000-000000000000}\",\"AccessList\":\"%%1537\\n\\t\\t\\t\\t%%1538\\n\\t\\t\\t\\t%%1539\\n\\t\\t\\t\\t%%1540\\n\\t\\t\\t\\t%%5424\\n\\t\\t\\t\\t%%5425\\n\\t\\t\\t\\t%%5426\\n\\t\\t\\t\\t%%5427\\n\\t\\t\\t\\t%%5428\\n\\t\\t\\t\\t%%5429\\n\\t\\t\\t\\t%%5430\\n\\t\\t\\t\\t%%5431\\n\\t\\t\\t\\t%%5432\\n\\t\\t\\t\\t\",\"AccessReason\":\"-\",\"AccessMask\":\"0xf01ff\",\"PrivilegeList\":\"-\",\"Properties\":\"---\\n\\t{bf967a9c-0de6-11d0-a285-00aa003049e2}\\n%%1537\\n%%1538\\n%%1539\\n%%1540\\n%%5424\\n%%5425\\n%%5426\\n%%5427\\n%%5428\\n%%5429\\n%%5430\\n%%5431\\n%%5432\\n\\t\\t\\t{bf9679e8-0de6-11d0-a285-00aa003049e2}\\n\\t\\t\\t{3e0abfd0-126a-11d0-a060-00aa006c33ed}\\n\\t\\t{bc0ac240-79a9-11d0-9020-00c04fc2d4cf}\\n\\t\\t\\t{bf9679c0-0de6-11d0-a285-00aa003049e2}\\n\\t\\t{59ba2f42-79a2-11d0-9020-00c04fc2d3cf}\\n\",\"RestrictedSidCount\":\"0\",\"ProcessId\":\"0x258\",\"ProcessName\":\"C:\\\\Windows\\\\System32\\\\lsass.exe\"}","unparsed_raw":"{\"SourceName\":\"Microsoft-Windows-Security-Auditing\",\"ProviderGuid\":\"{54849625-5478-4994-a5ba-3e3b0328c30d}\",\"Level\":\"0\",\"Keywords\":\"0x8020000000000000\",\"Channel\":\"Security\",\"Hostname\":\"DC01.pandalab.com\",\"TimeCreated\":\"2023-07-19T09:03:37.944Z\",\"@timestamp\":\"2023-07-19T09:03:37.944Z\",\"EventID\":4661,\"Message\":\"A handle to an object was requested.\\r\\n\\r\\nSubject :\\r\\n\\tSecurity ID:\\t\\tS-1-5-18\\r\\n\\tAccount Name:\\t\\tDC01$\\r\\n\\tAccount Domain:\\t\\tPANDALAB\\r\\n\\tLogon ID:\\t\\t0x3E7\\r\\n\\r\\nObject:\\r\\n\\tObject Server:\\tSecurity Account Manager\\r\\n\\tObject Type:\\tSAM_ALIAS\\r\\n\\tObject Name:\\tS-1-5-32-544\\r\\n\\tHandle ID:\\t0x285430f8240\\r\\n\\r\\nProcess Information:\\r\\n\\tProcess ID:\\t0x258\\r\\n\\tProcess Name:\\tC:\\\\Windows\\\\System32\\\\lsass.exe\\r\\n\\r\\nAccess Request Information:\\r\\n\\tTransaction ID:\\t{00000000-0000-0000-0000-000000000000}\\r\\n\\tAccesses:\\tDELETE\\r\\n\\t\\t\\t\\tREAD_CONTROL\\r\\n\\t\\t\\t\\tWRITE_DAC\\r\\n\\t\\t\\t\\tWRITE_OWNER\\r\\n\\t\\t\\t\\tAddMember\\r\\n\\t\\t\\t\\tRemoveMember\\r\\n\\t\\t\\t\\tListMembers\\r\\n\\t\\t\\t\\tReadInformation\\r\\n\\t\\t\\t\\tWriteAccount\\r\\n\\t\\t\\t\\tUndefined Access (no effect) Bit 5\\r\\n\\t\\t\\t\\tUndefined Access (no effect) Bit 6\\r\\n\\t\\t\\t\\tUndefined Access (no effect) Bit 7\\r\\n\\t\\t\\t\\tUndefined Access (no effect) Bit 8\\r\\n\\t\\t\\t\\t\\r\\n\\tAccess Reasons:\\t\\t-\\r\\n\\tAccess Mask:\\t0xF01FF\\r\\n\\tPrivileges Used for Access Check:\\t-\\r\\n\\tProperties:\\t---\\r\\n\\t{bf967a9c-0de6-11d0-a285-00aa003049e2}\\r\\nDELETE\\r\\nREAD_CONTROL\\r\\nWRITE_DAC\\r\\nWRITE_OWNER\\r\\nAddMember\\r\\nRemoveMember\\r\\nListMembers\\r\\nReadInformation\\r\\nWriteAccount\\r\\nUndefined Access (no effect) Bit 5\\r\\nUndefined Access (no effect) Bit 6\\r\\nUndefined Access (no effect) Bit 7\\r\\nUndefined Access (no effect) Bit 8\\r\\n\\t\\t\\t{bf9679e8-0de6-11d0-a285-00aa003049e2}\\r\\n\\t\\t\\t{3e0abfd0-126a-11d0-a060-00aa006c33ed}\\r\\n\\t\\t{bc0ac240-79a9-11d0-9020-00c04fc2d4cf}\\r\\n\\t\\t\\t{bf9679c0-0de6-11d0-a285-00aa003049e2}\\r\\n\\t\\t{59ba2f42-79a2-11d0-9020-00c04fc2d3cf}\\r\\n\\r\\n\\tRestricted SID Count:\\t0\",\"Task\":\"12803\",\"SubjectUserSid\":\"S-1-5-18\",\"SubjectUserName\":\"DC01$\",\"SubjectDomainName\":\"PANDALAB\",\"SubjectLogonId\":\"0x3e7\",\"ObjectServer\":\"Security Account Manager\",\"ObjectType\":\"SAM_ALIAS\",\"ObjectName\":\"S-1-5-32-544\",\"HandleId\":\"0x285430f8240\",\"TransactionId\":\"{00000000-0000-0000-0000-000000000000}\",\"AccessList\":\"%%1537\\n\\t\\t\\t\\t%%1538\\n\\t\\t\\t\\t%%1539\\n\\t\\t\\t\\t%%1540\\n\\t\\t\\t\\t%%5424\\n\\t\\t\\t\\t%%5425\\n\\t\\t\\t\\t%%5426\\n\\t\\t\\t\\t%%5427\\n\\t\\t\\t\\t%%5428\\n\\t\\t\\t\\t%%5429\\n\\t\\t\\t\\t%%5430\\n\\t\\t\\t\\t%%5431\\n\\t\\t\\t\\t%%5432\\n\\t\\t\\t\\t\",\"AccessReason\":\"-\",\"AccessMask\":\"0xf01ff\",\"PrivilegeList\":\"-\",\"Properties\":\"---\\n\\t{bf967a9c-0de6-11d0-a285-00aa003049e2}\\n%%1537\\n%%1538\\n%%1539\\n%%1540\\n%%5424\\n%%5425\\n%%5426\\n%%5427\\n%%5428\\n%%5429\\n%%5430\\n%%5431\\n%%5432\\n\\t\\t\\t{bf9679e8-0de6-11d0-a285-00aa003049e2}\\n\\t\\t\\t{3e0abfd0-126a-11d0-a060-00aa006c33ed}\\n\\t\\t{bc0ac240-79a9-11d0-9020-00c04fc2d4cf}\\n\\t\\t\\t{bf9679c0-0de6-11d0-a285-00aa003049e2}\\n\\t\\t{59ba2f42-79a2-11d0-9020-00c04fc2d3cf}\\n\",\"RestrictedSidCount\":\"0\",\"ProcessId\":\"0x258\",\"ProcessName\":\"C:\\\\Windows\\\\System32\\\\lsass.exe\"}","original_format":"ndjson","quality":"Degraded","incident_id":"f8f0bfe0-9fdc-4d92-b5ba-6b8b60103385","redactions":[],"bridge_hash":null,"chain_hash":null,"parent_process_id":null,"parent_process_name":null,"lineage_chain":null,"line_id":null,"destination_ip":null,"destination_port":null,"protocol":null,"process_guid":null,"target_image":null,"granted_access":null,"evidence_vault":null,"log_source":"cmd_dumping_ntds_dit_file_ntdsutil_cmd_dumping_ntds_dit_file_ntdsutil.json","process_id":600,"image":null,"command_line":null,"node_id":"Standalone"}
{"timestamp":"2026-05-09T10:00:55.400777200-07:00","message":"[RAW Forensic Payload] {\"SourceName\":\"Microsoft-Windows-Security-Auditing\",\"ProviderGuid\":\"{54849625-5478-4994-a5ba-3e3b...","severity":"Info","source":"ndjson","subject_id":null,"outcome":"Degraded","metadata":{"EventID":"4658","captured_message":"[RAW Forensic Payload] {\"SourceName\":\"Microsoft-Windows-Security-Auditing\",\"ProviderGuid\":\"{54849625-5478-4994-a5ba-3e3b...","log_source":"cmd_dumping_ntds_dit_file_ntdsutil_cmd_dumping_ntds_dit_file_ntdsutil.json","nist_category":"System and Information Integrity","nist_control_id":"SI-4 [Windows Integrity]"},"additional_context":{"SourceName":"Microsoft-Windows-Security-Auditing","ProviderGuid":"{54849625-5478-4994-a5ba-3e3b0328c30d}","Level":"0","Keywords":"0x8020000000000000","Channel":"Security","Hostname":"DC01.pandalab.com","TimeCreated":"2023-07-19T09:03:37.944Z","@timestamp":"2023-07-19T09:03:37.944Z","EventID":4658,"Message":"The handle to an object was closed.\r\n\r\nSubject :\r\n\tSecurity ID:\t\tS-1-5-18\r\n\tAccount Name:\t\tDC01$\r\n\tAccount Domain:\t\tPANDALAB\r\n\tLogon ID:\t\t0x3E7\r\n\r\nObject:\r\n\tObject Server:\t\tSecurity Account Manager\r\n\tHandle ID:\t\t0x285430f7d40\r\n\r\nProcess Information:\r\n\tProcess ID:\t\t0x258\r\n\tProcess Name:\t\tC:\\Windows\\System32\\lsass.exe","Task":"12804","SubjectUserSid":"S-1-5-18","SubjectUserName":"DC01$","SubjectDomainName":"PANDALAB","SubjectLogonId":"0x3e7","ObjectServer":"Security Account Manager","HandleId":"0x285430f7d40","ProcessId":"0x258","ProcessName":"C:\\Windows\\System32\\lsass.exe"},"raw":"{\"SourceName\":\"Microsoft-Windows-Security-Auditing\",\"ProviderGuid\":\"{54849625-5478-4994-a5ba-3e3b0328c30d}\",\"Level\":\"0\",\"Keywords\":\"0x8020000000000000\",\"Channel\":\"Security\",\"Hostname\":\"DC01.pandalab.com\",\"TimeCreated\":\"2023-07-19T09:03:37.944Z\",\"@timestamp\":\"2023-07-19T09:03:37.944Z\",\"EventID\":4658,\"Message\":\"The handle to an object was closed.\\r\\n\\r\\nSubject :\\r\\n\\tSecurity ID:\\t\\tS-1-5-18\\r\\n\\tAccount Name:\\t\\tDC01$\\r\\n\\tAccount Domain:\\t\\tPANDALAB\\r\\n\\tLogon ID:\\t\\t0x3E7\\r\\n\\r\\nObject:\\r\\n\\tObject Server:\\t\\tSecurity Account Manager\\r\\n\\tHandle ID:\\t\\t0x285430f7d40\\r\\n\\r\\nProcess Information:\\r\\n\\tProcess ID:\\t\\t0x258\\r\\n\\tProcess Name:\\t\\tC:\\\\Windows\\\\System32\\\\lsass.exe\",\"Task\":\"12804\",\"SubjectUserSid\":\"S-1-5-18\",\"SubjectUserName\":\"DC01$\",\"SubjectDomainName\":\"PANDALAB\",\"SubjectLogonId\":\"0x3e7\",\"ObjectServer\":\"Security Account Manager\",\"HandleId\":\"0x285430f7d40\",\"ProcessId\":\"0x258\",\"ProcessName\":\"C:\\\\Windows\\\\System32\\\\lsass.exe\"}","unparsed_raw":"{\"SourceName\":\"Microsoft-Windows-Security-Auditing\",\"ProviderGuid\":\"{54849625-5478-4994-a5ba-3e3b0328c30d}\",\"Level\":\"0\",\"Keywords\":\"0x8020000000000000\",\"Channel\":\"Security\",\"Hostname\":\"DC01.pandalab.com\",\"TimeCreated\":\"2023-07-19T09:03:37.944Z\",\"@timestamp\":\"2023-07-19T09:03:37.944Z\",\"EventID\":4658,\"Message\":\"The handle to an object was closed.\\r\\n\\r\\nSubject :\\r\\n\\tSecurity ID:\\t\\tS-1-5-18\\r\\n\\tAccount Name:\\t\\tDC01$\\r\\n\\tAccount Domain:\\t\\tPANDALAB\\r\\n\\tLogon ID:\\t\\t0x3E7\\r\\n\\r\\nObject:\\r\\n\\tObject Server:\\t\\tSecurity Account Manager\\r\\n\\tHandle ID:\\t\\t0x285430f7d40\\r\\n\\r\\nProcess Information:\\r\\n\\tProcess ID:\\t\\t0x258\\r\\n\\tProcess Name:\\t\\tC:\\\\Windows\\\\System32\\\\lsass.exe\",\"Task\":\"12804\",\"SubjectUserSid\":\"S-1-5-18\",\"SubjectUserName\":\"DC01$\",\"SubjectDomainName\":\"PANDALAB\",\"SubjectLogonId\":\"0x3e7\",\"ObjectServer\":\"Security Account Manager\",\"HandleId\":\"0x285430f7d40\",\"ProcessId\":\"0x258\",\"ProcessName\":\"C:\\\\Windows\\\\System32\\\\lsass.exe\"}","original_format":"ndjson","quality":"Degraded","incident_id":"f8f0bfe0-9fdc-4d92-b5ba-6b8b60103385","redactions":[],"bridge_hash":null,"chain_hash":null,"parent_process_id":null,"parent_process_name":null,"lineage_chain":null,"line_id":null,"destination_ip":null,"destination_port":null,"protocol":null,"process_guid":null,"target_image":null,"granted_access":null,"evidence_vault":null,"log_source":"cmd_dumping_ntds_dit_file_ntdsutil_cmd_dumping_ntds_dit_file_ntdsutil.json","process_id":600,"image":null,"command_line":null,"node_id":"Standalone"}
{"timestamp":"2026-05-09T10:00:55.400865-07:00","message":"[RAW Forensic Payload] {\"SourceName\":\"Microsoft-Windows-Security-Auditing\",\"ProviderGuid\":\"{54849625-5478-4994-a5ba-3e3b...","severity":"Info","source":"ndjson","subject_id":null,"outcome":"Degraded","metadata":{"EventID":"4799","captured_message":"[RAW Forensic Payload] {\"SourceName\":\"Microsoft-Windows-Security-Auditing\",\"ProviderGuid\":\"{54849625-5478-4994-a5ba-3e3b...","log_source":"cmd_dumping_ntds_dit_file_ntdsutil_cmd_dumping_ntds_dit_file_ntdsutil.json","nist_category":"System and Information Integrity","nist_control_id":"SI-4 [Windows Integrity]"},"additional_context":{"SourceName":"Microsoft-Windows-Security-Auditing","ProviderGuid":"{54849625-5478-4994-a5ba-3e3b0328c30d}","Level":"0","Keywords":"0x8020000000000000","Channel":"Security","Hostname":"DC01.pandalab.com","TimeCreated":"2023-07-19T09:03:37.945Z","@timestamp":"2023-07-19T09:03:37.945Z","EventID":4799,"Message":"A security-enabled local group membership was enumerated.\r\n\r\nSubject:\r\n\tSecurity ID:\t\tS-1-5-18\r\n\tAccount Name:\t\tDC01$\r\n\tAccount Domain:\t\tPANDALAB\r\n\tLogon ID:\t\t0x3E7\r\n\r\nGroup:\r\n\tSecurity ID:\t\tS-1-5-32-544\r\n\tGroup Name:\t\tAdministrators\r\n\tGroup Domain:\t\tBuiltin\r\n\r\nProcess Information:\r\n\tProcess ID:\t\t0xc10\r\n\tProcess Name:\t\tC:\\Windows\\System32\\VSSVC.exe","Task":"13826","TargetUserName":"Administrators","TargetDomainName":"Builtin","TargetSid":"S-1-5-32-544","SubjectUserSid":"S-1-5-18","SubjectUserName":"DC01$","SubjectDomainName":"PANDALAB","SubjectLogonId":"0x3e7","CallerProcessId":"0xc10","CallerProcessName":"C:\\Windows\\System32\\VSSVC.exe"},"raw":"{\"SourceName\":\"Microsoft-Windows-Security-Auditing\",\"ProviderGuid\":\"{54849625-5478-4994-a5ba-3e3b0328c30d}\",\"Level\":\"0\",\"Keywords\":\"0x8020000000000000\",\"Channel\":\"Security\",\"Hostname\":\"DC01.pandalab.com\",\"TimeCreated\":\"2023-07-19T09:03:37.945Z\",\"@timestamp\":\"2023-07-19T09:03:37.945Z\",\"EventID\":4799,\"Message\":\"A security-enabled local group membership was enumerated.\\r\\n\\r\\nSubject:\\r\\n\\tSecurity ID:\\t\\tS-1-5-18\\r\\n\\tAccount Name:\\t\\tDC01$\\r\\n\\tAccount Domain:\\t\\tPANDALAB\\r\\n\\tLogon ID:\\t\\t0x3E7\\r\\n\\r\\nGroup:\\r\\n\\tSecurity ID:\\t\\tS-1-5-32-544\\r\\n\\tGroup Name:\\t\\tAdministrators\\r\\n\\tGroup Domain:\\t\\tBuiltin\\r\\n\\r\\nProcess Information:\\r\\n\\tProcess ID:\\t\\t0xc10\\r\\n\\tProcess Name:\\t\\tC:\\\\Windows\\\\System32\\\\VSSVC.exe\",\"Task\":\"13826\",\"TargetUserName\":\"Administrators\",\"TargetDomainName\":\"Builtin\",\"TargetSid\":\"S-1-5-32-544\",\"SubjectUserSid\":\"S-1-5-18\",\"SubjectUserName\":\"DC01$\",\"SubjectDomainName\":\"PANDALAB\",\"SubjectLogonId\":\"0x3e7\",\"CallerProcessId\":\"0xc10\",\"CallerProcessName\":\"C:\\\\Windows\\\\System32\\\\VSSVC.exe\"}","unparsed_raw":"{\"SourceName\":\"Microsoft-Windows-Security-Auditing\",\"ProviderGuid\":\"{54849625-5478-4994-a5ba-3e3b0328c30d}\",\"Level\":\"0\",\"Keywords\":\"0x8020000000000000\",\"Channel\":\"Security\",\"Hostname\":\"DC01.pandalab.com\",\"TimeCreated\":\"2023-07-19T09:03:37.945Z\",\"@timestamp\":\"2023-07-19T09:03:37.945Z\",\"EventID\":4799,\"Message\":\"A security-enabled local group membership was enumerated.\\r\\n\\r\\nSubject:\\r\\n\\tSecurity ID:\\t\\tS-1-5-18\\r\\n\\tAccount Name:\\t\\tDC01$\\r\\n\\tAccount Domain:\\t\\tPANDALAB\\r\\n\\tLogon ID:\\t\\t0x3E7\\r\\n\\r\\nGroup:\\r\\n\\tSecurity ID:\\t\\tS-1-5-32-544\\r\\n\\tGroup Name:\\t\\tAdministrators\\r\\n\\tGroup Domain:\\t\\tBuiltin\\r\\n\\r\\nProcess Information:\\r\\n\\tProcess ID:\\t\\t0xc10\\r\\n\\tProcess Name:\\t\\tC:\\\\Windows\\\\System32\\\\VSSVC.exe\",\"Task\":\"13826\",\"TargetUserName\":\"Administrators\",\"TargetDomainName\":\"Builtin\",\"TargetSid\":\"S-1-5-32-544\",\"SubjectUserSid\":\"S-1-5-18\",\"SubjectUserName\":\"DC01$\",\"SubjectDomainName\":\"PANDALAB\",\"SubjectLogonId\":\"0x3e7\",\"CallerProcessId\":\"0xc10\",\"CallerProcessName\":\"C:\\\\Windows\\\\System32\\\\VSSVC.exe\"}","original_format":"ndjson","quality":"Degraded","incident_id":"f8f0bfe0-9fdc-4d92-b5ba-6b8b60103385","redactions":[],"bridge_hash":null,"chain_hash":null,"parent_process_id":null,"parent_process_name":null,"lineage_chain":null,"line_id":null,"destination_ip":null,"destination_port":null,"protocol":null,"process_guid":null,"target_image":null,"granted_access":null,"evidence_vault":null,"log_source":"cmd_dumping_ntds_dit_file_ntdsutil_cmd_dumping_ntds_dit_file_ntdsutil.json","process_id":null,"image":null,"command_line":null,"node_id":"Standalone"}
{"timestamp":"2026-05-09T10:00:55.400950-07:00","message":"[RAW Forensic Payload] {\"SourceName\":\"Microsoft-Windows-Security-Auditing\",\"ProviderGuid\":\"{54849625-5478-4994-a5ba-3e3b...","severity":"Info","source":"ndjson","subject_id":null,"outcome":"Degraded","metadata":{"EventID":"4658","captured_message":"[RAW Forensic Payload] {\"SourceName\":\"Microsoft-Windows-Security-Auditing\",\"ProviderGuid\":\"{54849625-5478-4994-a5ba-3e3b...","log_source":"cmd_dumping_ntds_dit_file_ntdsutil_cmd_dumping_ntds_dit_file_ntdsutil.json","nist_category":"System and Information Integrity","nist_control_id":"SI-4 [Windows Integrity]"},"additional_context":{"SourceName":"Microsoft-Windows-Security-Auditing","ProviderGuid":"{54849625-5478-4994-a5ba-3e3b0328c30d}","Level":"0","Keywords":"0x8020000000000000","Channel":"Security","Hostname":"DC01.pandalab.com","TimeCreated":"2023-07-19T09:03:37.945Z","@timestamp":"2023-07-19T09:03:37.945Z","EventID":4658,"Message":"The handle to an object was closed.\r\n\r\nSubject :\r\n\tSecurity ID:\t\tS-1-5-18\r\n\tAccount Name:\t\tDC01$\r\n\tAccount Domain:\t\tPANDALAB\r\n\tLogon ID:\t\t0x3E7\r\n\r\nObject:\r\n\tObject Server:\t\tSecurity Account Manager\r\n\tHandle ID:\t\t0x285430f8240\r\n\r\nProcess Information:\r\n\tProcess ID:\t\t0x258\r\n\tProcess Name:\t\tC:\\Windows\\System32\\lsass.exe","Task":"12804","SubjectUserSid":"S-1-5-18","SubjectUserName":"DC01$","SubjectDomainName":"PANDALAB","SubjectLogonId":"0x3e7","ObjectServer":"Security Account Manager","HandleId":"0x285430f8240","ProcessId":"0x258","ProcessName":"C:\\Windows\\System32\\lsass.exe"},"raw":"{\"SourceName\":\"Microsoft-Windows-Security-Auditing\",\"ProviderGuid\":\"{54849625-5478-4994-a5ba-3e3b0328c30d}\",\"Level\":\"0\",\"Keywords\":\"0x8020000000000000\",\"Channel\":\"Security\",\"Hostname\":\"DC01.pandalab.com\",\"TimeCreated\":\"2023-07-19T09:03:37.945Z\",\"@timestamp\":\"2023-07-19T09:03:37.945Z\",\"EventID\":4658,\"Message\":\"The handle to an object was closed.\\r\\n\\r\\nSubject :\\r\\n\\tSecurity ID:\\t\\tS-1-5-18\\r\\n\\tAccount Name:\\t\\tDC01$\\r\\n\\tAccount Domain:\\t\\tPANDALAB\\r\\n\\tLogon ID:\\t\\t0x3E7\\r\\n\\r\\nObject:\\r\\n\\tObject Server:\\t\\tSecurity Account Manager\\r\\n\\tHandle ID:\\t\\t0x285430f8240\\r\\n\\r\\nProcess Information:\\r\\n\\tProcess ID:\\t\\t0x258\\r\\n\\tProcess Name:\\t\\tC:\\\\Windows\\\\System32\\\\lsass.exe\",\"Task\":\"12804\",\"SubjectUserSid\":\"S-1-5-18\",\"SubjectUserName\":\"DC01$\",\"SubjectDomainName\":\"PANDALAB\",\"SubjectLogonId\":\"0x3e7\",\"ObjectServer\":\"Security Account Manager\",\"HandleId\":\"0x285430f8240\",\"ProcessId\":\"0x258\",\"ProcessName\":\"C:\\\\Windows\\\\System32\\\\lsass.exe\"}","unparsed_raw":"{\"SourceName\":\"Microsoft-Windows-Security-Auditing\",\"ProviderGuid\":\"{54849625-5478-4994-a5ba-3e3b0328c30d}\",\"Level\":\"0\",\"Keywords\":\"0x8020000000000000\",\"Channel\":\"Security\",\"Hostname\":\"DC01.pandalab.com\",\"TimeCreated\":\"2023-07-19T09:03:37.945Z\",\"@timestamp\":\"2023-07-19T09:03:37.945Z\",\"EventID\":4658,\"Message\":\"The handle to an object was closed.\\r\\n\\r\\nSubject :\\r\\n\\tSecurity ID:\\t\\tS-1-5-18\\r\\n\\tAccount Name:\\t\\tDC01$\\r\\n\\tAccount Domain:\\t\\tPANDALAB\\r\\n\\tLogon ID:\\t\\t0x3E7\\r\\n\\r\\nObject:\\r\\n\\tObject Server:\\t\\tSecurity Account Manager\\r\\n\\tHandle ID:\\t\\t0x285430f8240\\r\\n\\r\\nProcess Information:\\r\\n\\tProcess ID:\\t\\t0x258\\r\\n\\tProcess Name:\\t\\tC:\\\\Windows\\\\System32\\\\lsass.exe\",\"Task\":\"12804\",\"SubjectUserSid\":\"S-1-5-18\",\"SubjectUserName\":\"DC01$\",\"SubjectDomainName\":\"PANDALAB\",\"SubjectLogonId\":\"0x3e7\",\"ObjectServer\":\"Security Account Manager\",\"HandleId\":\"0x285430f8240\",\"ProcessId\":\"0x258\",\"ProcessName\":\"C:\\\\Windows\\\\System32\\\\lsass.exe\"}","original_format":"ndjson","quality":"Degraded","incident_id":"f8f0bfe0-9fdc-4d92-b5ba-6b8b60103385","redactions":[],"bridge_hash":null,"chain_hash":null,"parent_process_id":null,"parent_process_name":null,"lineage_chain":null,"line_id":null,"destination_ip":null,"destination_port":null,"protocol":null,"process_guid":null,"target_image":null,"granted_access":null,"evidence_vault":null,"log_source":"cmd_dumping_ntds_dit_file_ntdsutil_cmd_dumping_ntds_dit_file_ntdsutil.json","process_id":600,"image":null,"command_line":null,"node_id":"Standalone"}
