{"timestamp":"2026-05-09T10:00:55.388076900-07:00","message":"[RAW Forensic Payload] {\"SourceName\":\"Microsoft-Windows-Security-Auditing\",\"ProviderGuid\":\"{54849625-5478-4994-a5ba-3e3b...","severity":"Info","source":"ndjson","subject_id":null,"outcome":"Degraded","metadata":{"EventID":"5156","captured_message":"[RAW Forensic Payload] {\"SourceName\":\"Microsoft-Windows-Security-Auditing\",\"ProviderGuid\":\"{54849625-5478-4994-a5ba-3e3b...","log_source":"cmd_dumping_ntds_dit_file_ntdsutil_cmd_dumping_ntds_dit_file_ntdsutil.json","nist_category":"System and Information Integrity","nist_control_id":"SI-4 [Windows Integrity]"},"additional_context":{"SourceName":"Microsoft-Windows-Security-Auditing","ProviderGuid":"{54849625-5478-4994-a5ba-3e3b0328c30d}","Level":"0","Keywords":"0x8020000000000000","Channel":"Security","Hostname":"DC01.pandalab.com","TimeCreated":"2023-07-19T09:02:18.300Z","@timestamp":"2023-07-19T09:02:18.300Z","EventID":5156,"Message":"The Windows Filtering Platform has permitted a connection.\r\n\r\nApplication Information:\r\n\tProcess ID:\t\t2348\r\n\tApplication Name:\t\\device\\harddiskvolume2\\windows\\system32\\dns.exe\r\n\r\nNetwork Information:\r\n\tDirection:\t\tOutbound\r\n\tSource Address:\t\t192.168.1.4\r\n\tSource Port:\t\t49977\r\n\tDestination Address:\t192.203.230.10\r\n\tDestination Port:\t\t53\r\n\tProtocol:\t\t17\r\n\tInterface Index:\t\t10\r\n\r\nFilter Information:\r\n\tFilter Origin:\t\tUnknown\r\n\tFilter Run-Time ID:\t71053\r\n\tLayer Name:\t\tConnect\r\n\tLayer Run-Time ID:\t48\r\n\tRemote User ID:\t\tS-1-0-0\r\n\tRemote Machine ID:\tS-1-0-0","Task":"12810","ProcessID":"2348","Application":"\\device\\harddiskvolume2\\windows\\system32\\dns.exe","Direction":"%%14593","SourceAddress":"192.168.1.4","SourcePort":"49977","DestAddress":"192.203.230.10","DestPort":"53","Protocol":"17","InterfaceIndex":"10","FilterOrigin":"Unknown","FilterRTID":"71053","LayerName":"%%14611","LayerRTID":"48","RemoteUserID":"S-1-0-0","RemoteMachineID":"S-1-0-0"},"raw":"{\"SourceName\":\"Microsoft-Windows-Security-Auditing\",\"ProviderGuid\":\"{54849625-5478-4994-a5ba-3e3b0328c30d}\",\"Level\":\"0\",\"Keywords\":\"0x8020000000000000\",\"Channel\":\"Security\",\"Hostname\":\"DC01.pandalab.com\",\"TimeCreated\":\"2023-07-19T09:02:18.300Z\",\"@timestamp\":\"2023-07-19T09:02:18.300Z\",\"EventID\":5156,\"Message\":\"The Windows Filtering Platform has permitted a connection.\\r\\n\\r\\nApplication Information:\\r\\n\\tProcess ID:\\t\\t2348\\r\\n\\tApplication Name:\\t\\\\device\\\\harddiskvolume2\\\\windows\\\\system32\\\\dns.exe\\r\\n\\r\\nNetwork Information:\\r\\n\\tDirection:\\t\\tOutbound\\r\\n\\tSource Address:\\t\\t192.168.1.4\\r\\n\\tSource Port:\\t\\t49977\\r\\n\\tDestination Address:\\t192.203.230.10\\r\\n\\tDestination Port:\\t\\t53\\r\\n\\tProtocol:\\t\\t17\\r\\n\\tInterface Index:\\t\\t10\\r\\n\\r\\nFilter Information:\\r\\n\\tFilter Origin:\\t\\tUnknown\\r\\n\\tFilter Run-Time ID:\\t71053\\r\\n\\tLayer Name:\\t\\tConnect\\r\\n\\tLayer Run-Time ID:\\t48\\r\\n\\tRemote User ID:\\t\\tS-1-0-0\\r\\n\\tRemote Machine ID:\\tS-1-0-0\",\"Task\":\"12810\",\"ProcessID\":\"2348\",\"Application\":\"\\\\device\\\\harddiskvolume2\\\\windows\\\\system32\\\\dns.exe\",\"Direction\":\"%%14593\",\"SourceAddress\":\"192.168.1.4\",\"SourcePort\":\"49977\",\"DestAddress\":\"192.203.230.10\",\"DestPort\":\"53\",\"Protocol\":\"17\",\"InterfaceIndex\":\"10\",\"FilterOrigin\":\"Unknown\",\"FilterRTID\":\"71053\",\"LayerName\":\"%%14611\",\"LayerRTID\":\"48\",\"RemoteUserID\":\"S-1-0-0\",\"RemoteMachineID\":\"S-1-0-0\"}","unparsed_raw":"{\"SourceName\":\"Microsoft-Windows-Security-Auditing\",\"ProviderGuid\":\"{54849625-5478-4994-a5ba-3e3b0328c30d}\",\"Level\":\"0\",\"Keywords\":\"0x8020000000000000\",\"Channel\":\"Security\",\"Hostname\":\"DC01.pandalab.com\",\"TimeCreated\":\"2023-07-19T09:02:18.300Z\",\"@timestamp\":\"2023-07-19T09:02:18.300Z\",\"EventID\":5156,\"Message\":\"The Windows Filtering Platform has permitted a connection.\\r\\n\\r\\nApplication Information:\\r\\n\\tProcess ID:\\t\\t2348\\r\\n\\tApplication Name:\\t\\\\device\\\\harddiskvolume2\\\\windows\\\\system32\\\\dns.exe\\r\\n\\r\\nNetwork Information:\\r\\n\\tDirection:\\t\\tOutbound\\r\\n\\tSource Address:\\t\\t192.168.1.4\\r\\n\\tSource Port:\\t\\t49977\\r\\n\\tDestination Address:\\t192.203.230.10\\r\\n\\tDestination Port:\\t\\t53\\r\\n\\tProtocol:\\t\\t17\\r\\n\\tInterface Index:\\t\\t10\\r\\n\\r\\nFilter Information:\\r\\n\\tFilter Origin:\\t\\tUnknown\\r\\n\\tFilter Run-Time ID:\\t71053\\r\\n\\tLayer Name:\\t\\tConnect\\r\\n\\tLayer Run-Time ID:\\t48\\r\\n\\tRemote User ID:\\t\\tS-1-0-0\\r\\n\\tRemote Machine ID:\\tS-1-0-0\",\"Task\":\"12810\",\"ProcessID\":\"2348\",\"Application\":\"\\\\device\\\\harddiskvolume2\\\\windows\\\\system32\\\\dns.exe\",\"Direction\":\"%%14593\",\"SourceAddress\":\"192.168.1.4\",\"SourcePort\":\"49977\",\"DestAddress\":\"192.203.230.10\",\"DestPort\":\"53\",\"Protocol\":\"17\",\"InterfaceIndex\":\"10\",\"FilterOrigin\":\"Unknown\",\"FilterRTID\":\"71053\",\"LayerName\":\"%%14611\",\"LayerRTID\":\"48\",\"RemoteUserID\":\"S-1-0-0\",\"RemoteMachineID\":\"S-1-0-0\"}","original_format":"ndjson","quality":"Degraded","incident_id":"f8f0bfe0-9fdc-4d92-b5ba-6b8b60103385","redactions":[],"bridge_hash":null,"chain_hash":null,"parent_process_id":null,"parent_process_name":null,"lineage_chain":null,"line_id":null,"destination_ip":null,"destination_port":null,"protocol":null,"process_guid":null,"target_image":null,"granted_access":null,"evidence_vault":null,"log_source":"cmd_dumping_ntds_dit_file_ntdsutil_cmd_dumping_ntds_dit_file_ntdsutil.json","process_id":null,"image":null,"command_line":null,"node_id":"Standalone"}
{"timestamp":"2026-05-09T10:00:55.388176900-07:00","message":"[RAW Forensic Payload] {\"SourceName\":\"Microsoft-Windows-Security-Auditing\",\"ProviderGuid\":\"{54849625-5478-4994-a5ba-3e3b...","severity":"Info","source":"ndjson","subject_id":null,"outcome":"Degraded","metadata":{"EventID":"5152","captured_message":"[RAW Forensic Payload] {\"SourceName\":\"Microsoft-Windows-Security-Auditing\",\"ProviderGuid\":\"{54849625-5478-4994-a5ba-3e3b...","log_source":"cmd_dumping_ntds_dit_file_ntdsutil_cmd_dumping_ntds_dit_file_ntdsutil.json","nist_category":"System and Information Integrity","nist_control_id":"SI-4 [Windows Integrity]"},"additional_context":{"SourceName":"Microsoft-Windows-Security-Auditing","ProviderGuid":"{54849625-5478-4994-a5ba-3e3b0328c30d}","Level":"0","Keywords":"0x8010000000000000","Channel":"Security","Hostname":"DC01.pandalab.com","TimeCreated":"2023-07-19T09:02:18.301Z","@timestamp":"2023-07-19T09:02:18.301Z","EventID":5152,"Message":"The Windows Filtering Platform has blocked a packet.\r\n\r\nApplication Information:\r\n\tProcess ID:\t\t0\r\n\tApplication Name:\t-\r\n\r\nNetwork Information:\r\n\tDirection:\t\tInbound\r\n\tSource Address:\t\t192.203.230.10\r\n\tSource Port:\t\t53\r\n\tDestination Address:\t192.168.1.4\r\n\tDestination Port:\t\t49977\r\n\tProtocol:\t\t17\r\n\r\nFilter Information:\r\n\tFilter Origin:\t\tQuery User Default\r\n\tFilter Run-Time ID:\t71038\r\n\tLayer Name:\t\tICMP Error\r\n\tLayer Run-Time ID:\t28","Task":"12809","ProcessId":"0","Application":"-","Direction":"%%14592","SourceAddress":"192.203.230.10","SourcePort":"53","DestAddress":"192.168.1.4","DestPort":"49977","Protocol":"17","FilterOrigin":"Query User Default","FilterRTID":"71038","LayerName":"%%14601","LayerRTID":"28"},"raw":"{\"SourceName\":\"Microsoft-Windows-Security-Auditing\",\"ProviderGuid\":\"{54849625-5478-4994-a5ba-3e3b0328c30d}\",\"Level\":\"0\",\"Keywords\":\"0x8010000000000000\",\"Channel\":\"Security\",\"Hostname\":\"DC01.pandalab.com\",\"TimeCreated\":\"2023-07-19T09:02:18.301Z\",\"@timestamp\":\"2023-07-19T09:02:18.301Z\",\"EventID\":5152,\"Message\":\"The Windows Filtering Platform has blocked a packet.\\r\\n\\r\\nApplication Information:\\r\\n\\tProcess ID:\\t\\t0\\r\\n\\tApplication Name:\\t-\\r\\n\\r\\nNetwork Information:\\r\\n\\tDirection:\\t\\tInbound\\r\\n\\tSource Address:\\t\\t192.203.230.10\\r\\n\\tSource Port:\\t\\t53\\r\\n\\tDestination Address:\\t192.168.1.4\\r\\n\\tDestination Port:\\t\\t49977\\r\\n\\tProtocol:\\t\\t17\\r\\n\\r\\nFilter Information:\\r\\n\\tFilter Origin:\\t\\tQuery User Default\\r\\n\\tFilter Run-Time ID:\\t71038\\r\\n\\tLayer Name:\\t\\tICMP Error\\r\\n\\tLayer Run-Time ID:\\t28\",\"Task\":\"12809\",\"ProcessId\":\"0\",\"Application\":\"-\",\"Direction\":\"%%14592\",\"SourceAddress\":\"192.203.230.10\",\"SourcePort\":\"53\",\"DestAddress\":\"192.168.1.4\",\"DestPort\":\"49977\",\"Protocol\":\"17\",\"FilterOrigin\":\"Query User Default\",\"FilterRTID\":\"71038\",\"LayerName\":\"%%14601\",\"LayerRTID\":\"28\"}","unparsed_raw":"{\"SourceName\":\"Microsoft-Windows-Security-Auditing\",\"ProviderGuid\":\"{54849625-5478-4994-a5ba-3e3b0328c30d}\",\"Level\":\"0\",\"Keywords\":\"0x8010000000000000\",\"Channel\":\"Security\",\"Hostname\":\"DC01.pandalab.com\",\"TimeCreated\":\"2023-07-19T09:02:18.301Z\",\"@timestamp\":\"2023-07-19T09:02:18.301Z\",\"EventID\":5152,\"Message\":\"The Windows Filtering Platform has blocked a packet.\\r\\n\\r\\nApplication Information:\\r\\n\\tProcess ID:\\t\\t0\\r\\n\\tApplication Name:\\t-\\r\\n\\r\\nNetwork Information:\\r\\n\\tDirection:\\t\\tInbound\\r\\n\\tSource Address:\\t\\t192.203.230.10\\r\\n\\tSource Port:\\t\\t53\\r\\n\\tDestination Address:\\t192.168.1.4\\r\\n\\tDestination Port:\\t\\t49977\\r\\n\\tProtocol:\\t\\t17\\r\\n\\r\\nFilter Information:\\r\\n\\tFilter Origin:\\t\\tQuery User Default\\r\\n\\tFilter Run-Time ID:\\t71038\\r\\n\\tLayer Name:\\t\\tICMP Error\\r\\n\\tLayer Run-Time ID:\\t28\",\"Task\":\"12809\",\"ProcessId\":\"0\",\"Application\":\"-\",\"Direction\":\"%%14592\",\"SourceAddress\":\"192.203.230.10\",\"SourcePort\":\"53\",\"DestAddress\":\"192.168.1.4\",\"DestPort\":\"49977\",\"Protocol\":\"17\",\"FilterOrigin\":\"Query User Default\",\"FilterRTID\":\"71038\",\"LayerName\":\"%%14601\",\"LayerRTID\":\"28\"}","original_format":"ndjson","quality":"Degraded","incident_id":"f8f0bfe0-9fdc-4d92-b5ba-6b8b60103385","redactions":[],"bridge_hash":null,"chain_hash":null,"parent_process_id":null,"parent_process_name":null,"lineage_chain":null,"line_id":null,"destination_ip":null,"destination_port":null,"protocol":null,"process_guid":null,"target_image":null,"granted_access":null,"evidence_vault":null,"log_source":"cmd_dumping_ntds_dit_file_ntdsutil_cmd_dumping_ntds_dit_file_ntdsutil.json","process_id":0,"image":null,"command_line":null,"node_id":"Standalone"}
{"timestamp":"2026-05-09T10:00:55.388343300-07:00","message":"[RAW Forensic Payload] {\"SourceName\":\"Microsoft-Windows-Security-Auditing\",\"ProviderGuid\":\"{54849625-5478-4994-a5ba-3e3b...","severity":"Info","source":"ndjson","subject_id":null,"outcome":"Degraded","metadata":{"EventID":"4703","captured_message":"[RAW Forensic Payload] {\"SourceName\":\"Microsoft-Windows-Security-Auditing\",\"ProviderGuid\":\"{54849625-5478-4994-a5ba-3e3b...","log_source":"cmd_dumping_ntds_dit_file_ntdsutil_cmd_dumping_ntds_dit_file_ntdsutil.json","nist_category":"System and Information Integrity","nist_control_id":"SI-4 [Windows Integrity]"},"additional_context":{"SourceName":"Microsoft-Windows-Security-Auditing","ProviderGuid":"{54849625-5478-4994-a5ba-3e3b0328c30d}","Level":"0","Keywords":"0x8020000000000000","Channel":"Security","Hostname":"DC01.pandalab.com","TimeCreated":"2023-07-19T09:02:19.848Z","@timestamp":"2023-07-19T09:02:19.848Z","EventID":4703,"Message":"A token right was adjusted.\r\n\r\nSubject:\r\n\tSecurity ID:\t\tS-1-5-18\r\n\tAccount Name:\t\tDC01$\r\n\tAccount Domain:\t\tPANDALAB\r\n\tLogon ID:\t\t0x3E7\r\n\r\nTarget Account:\r\n\tSecurity ID:\t\tS-1-0-0\r\n\tAccount Name:\t\tDC01$\r\n\tAccount Domain:\t\tPANDALAB\r\n\tLogon ID:\t\t0x3E7\r\n\r\nProcess Information:\r\n\tProcess ID:\t\t0x258\r\n\tProcess Name:\t\tC:\\Windows\\System32\\lsass.exe\r\n\r\nEnabled Privileges:\r\n\t\t\tSeCreateTokenPrivilege\r\n\t\t\tSeAssignPrimaryTokenPrivilege\r\n\t\t\tSeIncreaseQuotaPrivilege\r\n\t\t\tSeSecurityPrivilege\r\n\t\t\tSeTakeOwnershipPrivilege\r\n\t\t\tSeLoadDriverPrivilege\r\n\t\t\tSeSystemtimePrivilege\r\n\t\t\tSeBackupPrivilege\r\n\t\t\tSeRestorePrivilege\r\n\t\t\tSeShutdownPrivilege\r\n\t\t\tSeSystemEnvironmentPrivilege\r\n\t\t\tSeUndockPrivilege\r\n\t\t\tSeManageVolumePrivilege\r\n\t\t\tSeTrustedCredManAccessPrivilege\r\n\t\t\tSeRelabelPrivilege\r\n\r\nDisabled Privileges:\r\n\t\t\t-","Task":"13317","SubjectUserSid":"S-1-5-18","SubjectUserName":"DC01$","SubjectDomainName":"PANDALAB","SubjectLogonId":"0x3e7","TargetUserSid":"S-1-0-0","TargetUserName":"DC01$","TargetDomainName":"PANDALAB","TargetLogonId":"0x3e7","ProcessName":"C:\\Windows\\System32\\lsass.exe","ProcessId":"0x258","EnabledPrivilegeList":"SeCreateTokenPrivilege\n\t\t\tSeAssignPrimaryTokenPrivilege\n\t\t\tSeIncreaseQuotaPrivilege\n\t\t\tSeSecurityPrivilege\n\t\t\tSeTakeOwnershipPrivilege\n\t\t\tSeLoadDriverPrivilege\n\t\t\tSeSystemtimePrivilege\n\t\t\tSeBackupPrivilege\n\t\t\tSeRestorePrivilege\n\t\t\tSeShutdownPrivilege\n\t\t\tSeSystemEnvironmentPrivilege\n\t\t\tSeUndockPrivilege\n\t\t\tSeManageVolumePrivilege\n\t\t\tSeTrustedCredManAccessPrivilege\n\t\t\tSeRelabelPrivilege","DisabledPrivilegeList":"-"},"raw":"{\"SourceName\":\"Microsoft-Windows-Security-Auditing\",\"ProviderGuid\":\"{54849625-5478-4994-a5ba-3e3b0328c30d}\",\"Level\":\"0\",\"Keywords\":\"0x8020000000000000\",\"Channel\":\"Security\",\"Hostname\":\"DC01.pandalab.com\",\"TimeCreated\":\"2023-07-19T09:02:19.848Z\",\"@timestamp\":\"2023-07-19T09:02:19.848Z\",\"EventID\":4703,\"Message\":\"A token right was adjusted.\\r\\n\\r\\nSubject:\\r\\n\\tSecurity ID:\\t\\tS-1-5-18\\r\\n\\tAccount Name:\\t\\tDC01$\\r\\n\\tAccount Domain:\\t\\tPANDALAB\\r\\n\\tLogon ID:\\t\\t0x3E7\\r\\n\\r\\nTarget Account:\\r\\n\\tSecurity ID:\\t\\tS-1-0-0\\r\\n\\tAccount Name:\\t\\tDC01$\\r\\n\\tAccount Domain:\\t\\tPANDALAB\\r\\n\\tLogon ID:\\t\\t0x3E7\\r\\n\\r\\nProcess Information:\\r\\n\\tProcess ID:\\t\\t0x258\\r\\n\\tProcess Name:\\t\\tC:\\\\Windows\\\\System32\\\\lsass.exe\\r\\n\\r\\nEnabled Privileges:\\r\\n\\t\\t\\tSeCreateTokenPrivilege\\r\\n\\t\\t\\tSeAssignPrimaryTokenPrivilege\\r\\n\\t\\t\\tSeIncreaseQuotaPrivilege\\r\\n\\t\\t\\tSeSecurityPrivilege\\r\\n\\t\\t\\tSeTakeOwnershipPrivilege\\r\\n\\t\\t\\tSeLoadDriverPrivilege\\r\\n\\t\\t\\tSeSystemtimePrivilege\\r\\n\\t\\t\\tSeBackupPrivilege\\r\\n\\t\\t\\tSeRestorePrivilege\\r\\n\\t\\t\\tSeShutdownPrivilege\\r\\n\\t\\t\\tSeSystemEnvironmentPrivilege\\r\\n\\t\\t\\tSeUndockPrivilege\\r\\n\\t\\t\\tSeManageVolumePrivilege\\r\\n\\t\\t\\tSeTrustedCredManAccessPrivilege\\r\\n\\t\\t\\tSeRelabelPrivilege\\r\\n\\r\\nDisabled Privileges:\\r\\n\\t\\t\\t-\",\"Task\":\"13317\",\"SubjectUserSid\":\"S-1-5-18\",\"SubjectUserName\":\"DC01$\",\"SubjectDomainName\":\"PANDALAB\",\"SubjectLogonId\":\"0x3e7\",\"TargetUserSid\":\"S-1-0-0\",\"TargetUserName\":\"DC01$\",\"TargetDomainName\":\"PANDALAB\",\"TargetLogonId\":\"0x3e7\",\"ProcessName\":\"C:\\\\Windows\\\\System32\\\\lsass.exe\",\"ProcessId\":\"0x258\",\"EnabledPrivilegeList\":\"SeCreateTokenPrivilege\\n\\t\\t\\tSeAssignPrimaryTokenPrivilege\\n\\t\\t\\tSeIncreaseQuotaPrivilege\\n\\t\\t\\tSeSecurityPrivilege\\n\\t\\t\\tSeTakeOwnershipPrivilege\\n\\t\\t\\tSeLoadDriverPrivilege\\n\\t\\t\\tSeSystemtimePrivilege\\n\\t\\t\\tSeBackupPrivilege\\n\\t\\t\\tSeRestorePrivilege\\n\\t\\t\\tSeShutdownPrivilege\\n\\t\\t\\tSeSystemEnvironmentPrivilege\\n\\t\\t\\tSeUndockPrivilege\\n\\t\\t\\tSeManageVolumePrivilege\\n\\t\\t\\tSeTrustedCredManAccessPrivilege\\n\\t\\t\\tSeRelabelPrivilege\",\"DisabledPrivilegeList\":\"-\"}","unparsed_raw":"{\"SourceName\":\"Microsoft-Windows-Security-Auditing\",\"ProviderGuid\":\"{54849625-5478-4994-a5ba-3e3b0328c30d}\",\"Level\":\"0\",\"Keywords\":\"0x8020000000000000\",\"Channel\":\"Security\",\"Hostname\":\"DC01.pandalab.com\",\"TimeCreated\":\"2023-07-19T09:02:19.848Z\",\"@timestamp\":\"2023-07-19T09:02:19.848Z\",\"EventID\":4703,\"Message\":\"A token right was adjusted.\\r\\n\\r\\nSubject:\\r\\n\\tSecurity ID:\\t\\tS-1-5-18\\r\\n\\tAccount Name:\\t\\tDC01$\\r\\n\\tAccount Domain:\\t\\tPANDALAB\\r\\n\\tLogon ID:\\t\\t0x3E7\\r\\n\\r\\nTarget Account:\\r\\n\\tSecurity ID:\\t\\tS-1-0-0\\r\\n\\tAccount Name:\\t\\tDC01$\\r\\n\\tAccount Domain:\\t\\tPANDALAB\\r\\n\\tLogon ID:\\t\\t0x3E7\\r\\n\\r\\nProcess Information:\\r\\n\\tProcess ID:\\t\\t0x258\\r\\n\\tProcess Name:\\t\\tC:\\\\Windows\\\\System32\\\\lsass.exe\\r\\n\\r\\nEnabled Privileges:\\r\\n\\t\\t\\tSeCreateTokenPrivilege\\r\\n\\t\\t\\tSeAssignPrimaryTokenPrivilege\\r\\n\\t\\t\\tSeIncreaseQuotaPrivilege\\r\\n\\t\\t\\tSeSecurityPrivilege\\r\\n\\t\\t\\tSeTakeOwnershipPrivilege\\r\\n\\t\\t\\tSeLoadDriverPrivilege\\r\\n\\t\\t\\tSeSystemtimePrivilege\\r\\n\\t\\t\\tSeBackupPrivilege\\r\\n\\t\\t\\tSeRestorePrivilege\\r\\n\\t\\t\\tSeShutdownPrivilege\\r\\n\\t\\t\\tSeSystemEnvironmentPrivilege\\r\\n\\t\\t\\tSeUndockPrivilege\\r\\n\\t\\t\\tSeManageVolumePrivilege\\r\\n\\t\\t\\tSeTrustedCredManAccessPrivilege\\r\\n\\t\\t\\tSeRelabelPrivilege\\r\\n\\r\\nDisabled Privileges:\\r\\n\\t\\t\\t-\",\"Task\":\"13317\",\"SubjectUserSid\":\"S-1-5-18\",\"SubjectUserName\":\"DC01$\",\"SubjectDomainName\":\"PANDALAB\",\"SubjectLogonId\":\"0x3e7\",\"TargetUserSid\":\"S-1-0-0\",\"TargetUserName\":\"DC01$\",\"TargetDomainName\":\"PANDALAB\",\"TargetLogonId\":\"0x3e7\",\"ProcessName\":\"C:\\\\Windows\\\\System32\\\\lsass.exe\",\"ProcessId\":\"0x258\",\"EnabledPrivilegeList\":\"SeCreateTokenPrivilege\\n\\t\\t\\tSeAssignPrimaryTokenPrivilege\\n\\t\\t\\tSeIncreaseQuotaPrivilege\\n\\t\\t\\tSeSecurityPrivilege\\n\\t\\t\\tSeTakeOwnershipPrivilege\\n\\t\\t\\tSeLoadDriverPrivilege\\n\\t\\t\\tSeSystemtimePrivilege\\n\\t\\t\\tSeBackupPrivilege\\n\\t\\t\\tSeRestorePrivilege\\n\\t\\t\\tSeShutdownPrivilege\\n\\t\\t\\tSeSystemEnvironmentPrivilege\\n\\t\\t\\tSeUndockPrivilege\\n\\t\\t\\tSeManageVolumePrivilege\\n\\t\\t\\tSeTrustedCredManAccessPrivilege\\n\\t\\t\\tSeRelabelPrivilege\",\"DisabledPrivilegeList\":\"-\"}","original_format":"ndjson","quality":"Degraded","incident_id":"f8f0bfe0-9fdc-4d92-b5ba-6b8b60103385","redactions":[],"bridge_hash":null,"chain_hash":null,"parent_process_id":null,"parent_process_name":null,"lineage_chain":null,"line_id":null,"destination_ip":null,"destination_port":null,"protocol":null,"process_guid":null,"target_image":null,"granted_access":null,"evidence_vault":null,"log_source":"cmd_dumping_ntds_dit_file_ntdsutil_cmd_dumping_ntds_dit_file_ntdsutil.json","process_id":600,"image":null,"command_line":null,"node_id":"Standalone"}
{"timestamp":"2026-05-09T10:00:55.388443-07:00","message":"[RAW Forensic Payload] {\"SourceName\":\"Microsoft-Windows-Security-Auditing\",\"ProviderGuid\":\"{54849625-5478-4994-a5ba-3e3b...","severity":"Info","source":"ndjson","subject_id":null,"outcome":"Degraded","metadata":{"EventID":"5158","captured_message":"[RAW Forensic Payload] {\"SourceName\":\"Microsoft-Windows-Security-Auditing\",\"ProviderGuid\":\"{54849625-5478-4994-a5ba-3e3b...","log_source":"cmd_dumping_ntds_dit_file_ntdsutil_cmd_dumping_ntds_dit_file_ntdsutil.json","nist_category":"System and Information Integrity","nist_control_id":"SI-4 [Windows Integrity]"},"additional_context":{"SourceName":"Microsoft-Windows-Security-Auditing","ProviderGuid":"{54849625-5478-4994-a5ba-3e3b0328c30d}","Level":"0","Keywords":"0x8020000000000000","Channel":"Security","Hostname":"DC01.pandalab.com","TimeCreated":"2023-07-19T09:02:19.848Z","@timestamp":"2023-07-19T09:02:19.848Z","EventID":5158,"Message":"The Windows Filtering Platform has permitted a bind to a local port.\r\n\r\nApplication Information:\r\n\tProcess ID:\t\t4\r\n\tApplication Name:\tSystem\r\n\r\nNetwork Information:\r\n\tSource Address:\t\t::\r\n\tSource Port:\t\t54804\r\n\tProtocol:\t\t6\r\n\r\nFilter Information:\r\n\tFilter Run-Time ID:\t0\r\n\tLayer Name:\t\tResource Assignment\r\n\tLayer Run-Time ID:\t38","Task":"12810","ProcessId":"4","Application":"System","SourceAddress":"::","SourcePort":"54804","Protocol":"6","FilterRTID":"0","LayerName":"%%14608","LayerRTID":"38"},"raw":"{\"SourceName\":\"Microsoft-Windows-Security-Auditing\",\"ProviderGuid\":\"{54849625-5478-4994-a5ba-3e3b0328c30d}\",\"Level\":\"0\",\"Keywords\":\"0x8020000000000000\",\"Channel\":\"Security\",\"Hostname\":\"DC01.pandalab.com\",\"TimeCreated\":\"2023-07-19T09:02:19.848Z\",\"@timestamp\":\"2023-07-19T09:02:19.848Z\",\"EventID\":5158,\"Message\":\"The Windows Filtering Platform has permitted a bind to a local port.\\r\\n\\r\\nApplication Information:\\r\\n\\tProcess ID:\\t\\t4\\r\\n\\tApplication Name:\\tSystem\\r\\n\\r\\nNetwork Information:\\r\\n\\tSource Address:\\t\\t::\\r\\n\\tSource Port:\\t\\t54804\\r\\n\\tProtocol:\\t\\t6\\r\\n\\r\\nFilter Information:\\r\\n\\tFilter Run-Time ID:\\t0\\r\\n\\tLayer Name:\\t\\tResource Assignment\\r\\n\\tLayer Run-Time ID:\\t38\",\"Task\":\"12810\",\"ProcessId\":\"4\",\"Application\":\"System\",\"SourceAddress\":\"::\",\"SourcePort\":\"54804\",\"Protocol\":\"6\",\"FilterRTID\":\"0\",\"LayerName\":\"%%14608\",\"LayerRTID\":\"38\"}","unparsed_raw":"{\"SourceName\":\"Microsoft-Windows-Security-Auditing\",\"ProviderGuid\":\"{54849625-5478-4994-a5ba-3e3b0328c30d}\",\"Level\":\"0\",\"Keywords\":\"0x8020000000000000\",\"Channel\":\"Security\",\"Hostname\":\"DC01.pandalab.com\",\"TimeCreated\":\"2023-07-19T09:02:19.848Z\",\"@timestamp\":\"2023-07-19T09:02:19.848Z\",\"EventID\":5158,\"Message\":\"The Windows Filtering Platform has permitted a bind to a local port.\\r\\n\\r\\nApplication Information:\\r\\n\\tProcess ID:\\t\\t4\\r\\n\\tApplication Name:\\tSystem\\r\\n\\r\\nNetwork Information:\\r\\n\\tSource Address:\\t\\t::\\r\\n\\tSource Port:\\t\\t54804\\r\\n\\tProtocol:\\t\\t6\\r\\n\\r\\nFilter Information:\\r\\n\\tFilter Run-Time ID:\\t0\\r\\n\\tLayer Name:\\t\\tResource Assignment\\r\\n\\tLayer Run-Time ID:\\t38\",\"Task\":\"12810\",\"ProcessId\":\"4\",\"Application\":\"System\",\"SourceAddress\":\"::\",\"SourcePort\":\"54804\",\"Protocol\":\"6\",\"FilterRTID\":\"0\",\"LayerName\":\"%%14608\",\"LayerRTID\":\"38\"}","original_format":"ndjson","quality":"Degraded","incident_id":"f8f0bfe0-9fdc-4d92-b5ba-6b8b60103385","redactions":[],"bridge_hash":null,"chain_hash":null,"parent_process_id":null,"parent_process_name":null,"lineage_chain":null,"line_id":null,"destination_ip":null,"destination_port":null,"protocol":null,"process_guid":null,"target_image":null,"granted_access":null,"evidence_vault":null,"log_source":"cmd_dumping_ntds_dit_file_ntdsutil_cmd_dumping_ntds_dit_file_ntdsutil.json","process_id":4,"image":null,"command_line":null,"node_id":"Standalone"}
{"timestamp":"2026-05-09T10:00:55.388583400-07:00","message":"[RAW Forensic Payload] {\"SourceName\":\"Microsoft-Windows-Security-Auditing\",\"ProviderGuid\":\"{54849625-5478-4994-a5ba-3e3b...","severity":"Info","source":"ndjson","subject_id":null,"outcome":"Degraded","metadata":{"EventID":"5156","captured_message":"[RAW Forensic Payload] {\"SourceName\":\"Microsoft-Windows-Security-Auditing\",\"ProviderGuid\":\"{54849625-5478-4994-a5ba-3e3b...","log_source":"cmd_dumping_ntds_dit_file_ntdsutil_cmd_dumping_ntds_dit_file_ntdsutil.json","nist_category":"System and Information Integrity","nist_control_id":"SI-4 [Windows Integrity]"},"additional_context":{"SourceName":"Microsoft-Windows-Security-Auditing","ProviderGuid":"{54849625-5478-4994-a5ba-3e3b0328c30d}","Level":"0","Keywords":"0x8020000000000000","Channel":"Security","Hostname":"DC01.pandalab.com","TimeCreated":"2023-07-19T09:02:19.848Z","@timestamp":"2023-07-19T09:02:19.848Z","EventID":5156,"Message":"The Windows Filtering Platform has permitted a connection.\r\n\r\nApplication Information:\r\n\tProcess ID:\t\t4\r\n\tApplication Name:\tSystem\r\n\r\nNetwork Information:\r\n\tDirection:\t\tOutbound\r\n\tSource Address:\t\tfe80::3b31:a8fa:5adc:7b9e\r\n\tSource Port:\t\t54804\r\n\tDestination Address:\tfe80::3b31:a8fa:5adc:7b9e\r\n\tDestination Port:\t\t445\r\n\tProtocol:\t\t6\r\n\tInterface Index:\t\t10\r\n\r\nFilter Information:\r\n\tFilter Origin:\t\tAppContainer Loopback\r\n\tFilter Run-Time ID:\t67590\r\n\tLayer Name:\t\tConnect\r\n\tLayer Run-Time ID:\t50\r\n\tRemote User ID:\t\tS-1-0-0\r\n\tRemote Machine ID:\tS-1-0-0","Task":"12810","ProcessID":"4","Application":"System","Direction":"%%14593","SourceAddress":"fe80::3b31:a8fa:5adc:7b9e","SourcePort":"54804","DestAddress":"fe80::3b31:a8fa:5adc:7b9e","DestPort":"445","Protocol":"6","InterfaceIndex":"10","FilterOrigin":"AppContainer Loopback","FilterRTID":"67590","LayerName":"%%14611","LayerRTID":"50","RemoteUserID":"S-1-0-0","RemoteMachineID":"S-1-0-0"},"raw":"{\"SourceName\":\"Microsoft-Windows-Security-Auditing\",\"ProviderGuid\":\"{54849625-5478-4994-a5ba-3e3b0328c30d}\",\"Level\":\"0\",\"Keywords\":\"0x8020000000000000\",\"Channel\":\"Security\",\"Hostname\":\"DC01.pandalab.com\",\"TimeCreated\":\"2023-07-19T09:02:19.848Z\",\"@timestamp\":\"2023-07-19T09:02:19.848Z\",\"EventID\":5156,\"Message\":\"The Windows Filtering Platform has permitted a connection.\\r\\n\\r\\nApplication Information:\\r\\n\\tProcess ID:\\t\\t4\\r\\n\\tApplication Name:\\tSystem\\r\\n\\r\\nNetwork Information:\\r\\n\\tDirection:\\t\\tOutbound\\r\\n\\tSource Address:\\t\\tfe80::3b31:a8fa:5adc:7b9e\\r\\n\\tSource Port:\\t\\t54804\\r\\n\\tDestination Address:\\tfe80::3b31:a8fa:5adc:7b9e\\r\\n\\tDestination Port:\\t\\t445\\r\\n\\tProtocol:\\t\\t6\\r\\n\\tInterface Index:\\t\\t10\\r\\n\\r\\nFilter Information:\\r\\n\\tFilter Origin:\\t\\tAppContainer Loopback\\r\\n\\tFilter Run-Time ID:\\t67590\\r\\n\\tLayer Name:\\t\\tConnect\\r\\n\\tLayer Run-Time ID:\\t50\\r\\n\\tRemote User ID:\\t\\tS-1-0-0\\r\\n\\tRemote Machine ID:\\tS-1-0-0\",\"Task\":\"12810\",\"ProcessID\":\"4\",\"Application\":\"System\",\"Direction\":\"%%14593\",\"SourceAddress\":\"fe80::3b31:a8fa:5adc:7b9e\",\"SourcePort\":\"54804\",\"DestAddress\":\"fe80::3b31:a8fa:5adc:7b9e\",\"DestPort\":\"445\",\"Protocol\":\"6\",\"InterfaceIndex\":\"10\",\"FilterOrigin\":\"AppContainer Loopback\",\"FilterRTID\":\"67590\",\"LayerName\":\"%%14611\",\"LayerRTID\":\"50\",\"RemoteUserID\":\"S-1-0-0\",\"RemoteMachineID\":\"S-1-0-0\"}","unparsed_raw":"{\"SourceName\":\"Microsoft-Windows-Security-Auditing\",\"ProviderGuid\":\"{54849625-5478-4994-a5ba-3e3b0328c30d}\",\"Level\":\"0\",\"Keywords\":\"0x8020000000000000\",\"Channel\":\"Security\",\"Hostname\":\"DC01.pandalab.com\",\"TimeCreated\":\"2023-07-19T09:02:19.848Z\",\"@timestamp\":\"2023-07-19T09:02:19.848Z\",\"EventID\":5156,\"Message\":\"The Windows Filtering Platform has permitted a connection.\\r\\n\\r\\nApplication Information:\\r\\n\\tProcess ID:\\t\\t4\\r\\n\\tApplication Name:\\tSystem\\r\\n\\r\\nNetwork Information:\\r\\n\\tDirection:\\t\\tOutbound\\r\\n\\tSource Address:\\t\\tfe80::3b31:a8fa:5adc:7b9e\\r\\n\\tSource Port:\\t\\t54804\\r\\n\\tDestination Address:\\tfe80::3b31:a8fa:5adc:7b9e\\r\\n\\tDestination Port:\\t\\t445\\r\\n\\tProtocol:\\t\\t6\\r\\n\\tInterface Index:\\t\\t10\\r\\n\\r\\nFilter Information:\\r\\n\\tFilter Origin:\\t\\tAppContainer Loopback\\r\\n\\tFilter Run-Time ID:\\t67590\\r\\n\\tLayer Name:\\t\\tConnect\\r\\n\\tLayer Run-Time ID:\\t50\\r\\n\\tRemote User ID:\\t\\tS-1-0-0\\r\\n\\tRemote Machine ID:\\tS-1-0-0\",\"Task\":\"12810\",\"ProcessID\":\"4\",\"Application\":\"System\",\"Direction\":\"%%14593\",\"SourceAddress\":\"fe80::3b31:a8fa:5adc:7b9e\",\"SourcePort\":\"54804\",\"DestAddress\":\"fe80::3b31:a8fa:5adc:7b9e\",\"DestPort\":\"445\",\"Protocol\":\"6\",\"InterfaceIndex\":\"10\",\"FilterOrigin\":\"AppContainer Loopback\",\"FilterRTID\":\"67590\",\"LayerName\":\"%%14611\",\"LayerRTID\":\"50\",\"RemoteUserID\":\"S-1-0-0\",\"RemoteMachineID\":\"S-1-0-0\"}","original_format":"ndjson","quality":"Degraded","incident_id":"f8f0bfe0-9fdc-4d92-b5ba-6b8b60103385","redactions":[],"bridge_hash":null,"chain_hash":null,"parent_process_id":null,"parent_process_name":null,"lineage_chain":null,"line_id":null,"destination_ip":null,"destination_port":null,"protocol":null,"process_guid":null,"target_image":null,"granted_access":null,"evidence_vault":null,"log_source":"cmd_dumping_ntds_dit_file_ntdsutil_cmd_dumping_ntds_dit_file_ntdsutil.json","process_id":null,"image":null,"command_line":null,"node_id":"Standalone"}
{"timestamp":"2026-05-09T10:00:55.388696200-07:00","message":"[RAW Forensic Payload] {\"SourceName\":\"Microsoft-Windows-Security-Auditing\",\"ProviderGuid\":\"{54849625-5478-4994-a5ba-3e3b...","severity":"Info","source":"ndjson","subject_id":null,"outcome":"Degraded","metadata":{"EventID":"5156","captured_message":"[RAW Forensic Payload] {\"SourceName\":\"Microsoft-Windows-Security-Auditing\",\"ProviderGuid\":\"{54849625-5478-4994-a5ba-3e3b...","log_source":"cmd_dumping_ntds_dit_file_ntdsutil_cmd_dumping_ntds_dit_file_ntdsutil.json","nist_category":"System and Information Integrity","nist_control_id":"SI-4 [Windows Integrity]"},"additional_context":{"SourceName":"Microsoft-Windows-Security-Auditing","ProviderGuid":"{54849625-5478-4994-a5ba-3e3b0328c30d}","Level":"0","Keywords":"0x8020000000000000","Channel":"Security","Hostname":"DC01.pandalab.com","TimeCreated":"2023-07-19T09:02:19.848Z","@timestamp":"2023-07-19T09:02:19.848Z","EventID":5156,"Message":"The Windows Filtering Platform has permitted a connection.\r\n\r\nApplication Information:\r\n\tProcess ID:\t\t4\r\n\tApplication Name:\tSystem\r\n\r\nNetwork Information:\r\n\tDirection:\t\tInbound\r\n\tSource Address:\t\tfe80::3b31:a8fa:5adc:7b9e\r\n\tSource Port:\t\t54804\r\n\tDestination Address:\tfe80::3b31:a8fa:5adc:7b9e\r\n\tDestination Port:\t\t445\r\n\tProtocol:\t\t6\r\n\tInterface Index:\t\t10\r\n\r\nFilter Information:\r\n\tFilter Origin:\t\tAppContainer Loopback\r\n\tFilter Run-Time ID:\t67584\r\n\tLayer Name:\t\tReceive/Accept\r\n\tLayer Run-Time ID:\t46\r\n\tRemote User ID:\t\tS-1-0-0\r\n\tRemote Machine ID:\tS-1-0-0","Task":"12810","ProcessID":"4","Application":"System","Direction":"%%14592","SourceAddress":"fe80::3b31:a8fa:5adc:7b9e","SourcePort":"54804","DestAddress":"fe80::3b31:a8fa:5adc:7b9e","DestPort":"445","Protocol":"6","InterfaceIndex":"10","FilterOrigin":"AppContainer Loopback","FilterRTID":"67584","LayerName":"%%14610","LayerRTID":"46","RemoteUserID":"S-1-0-0","RemoteMachineID":"S-1-0-0"},"raw":"{\"SourceName\":\"Microsoft-Windows-Security-Auditing\",\"ProviderGuid\":\"{54849625-5478-4994-a5ba-3e3b0328c30d}\",\"Level\":\"0\",\"Keywords\":\"0x8020000000000000\",\"Channel\":\"Security\",\"Hostname\":\"DC01.pandalab.com\",\"TimeCreated\":\"2023-07-19T09:02:19.848Z\",\"@timestamp\":\"2023-07-19T09:02:19.848Z\",\"EventID\":5156,\"Message\":\"The Windows Filtering Platform has permitted a connection.\\r\\n\\r\\nApplication Information:\\r\\n\\tProcess ID:\\t\\t4\\r\\n\\tApplication Name:\\tSystem\\r\\n\\r\\nNetwork Information:\\r\\n\\tDirection:\\t\\tInbound\\r\\n\\tSource Address:\\t\\tfe80::3b31:a8fa:5adc:7b9e\\r\\n\\tSource Port:\\t\\t54804\\r\\n\\tDestination Address:\\tfe80::3b31:a8fa:5adc:7b9e\\r\\n\\tDestination Port:\\t\\t445\\r\\n\\tProtocol:\\t\\t6\\r\\n\\tInterface Index:\\t\\t10\\r\\n\\r\\nFilter Information:\\r\\n\\tFilter Origin:\\t\\tAppContainer Loopback\\r\\n\\tFilter Run-Time ID:\\t67584\\r\\n\\tLayer Name:\\t\\tReceive/Accept\\r\\n\\tLayer Run-Time ID:\\t46\\r\\n\\tRemote User ID:\\t\\tS-1-0-0\\r\\n\\tRemote Machine ID:\\tS-1-0-0\",\"Task\":\"12810\",\"ProcessID\":\"4\",\"Application\":\"System\",\"Direction\":\"%%14592\",\"SourceAddress\":\"fe80::3b31:a8fa:5adc:7b9e\",\"SourcePort\":\"54804\",\"DestAddress\":\"fe80::3b31:a8fa:5adc:7b9e\",\"DestPort\":\"445\",\"Protocol\":\"6\",\"InterfaceIndex\":\"10\",\"FilterOrigin\":\"AppContainer Loopback\",\"FilterRTID\":\"67584\",\"LayerName\":\"%%14610\",\"LayerRTID\":\"46\",\"RemoteUserID\":\"S-1-0-0\",\"RemoteMachineID\":\"S-1-0-0\"}","unparsed_raw":"{\"SourceName\":\"Microsoft-Windows-Security-Auditing\",\"ProviderGuid\":\"{54849625-5478-4994-a5ba-3e3b0328c30d}\",\"Level\":\"0\",\"Keywords\":\"0x8020000000000000\",\"Channel\":\"Security\",\"Hostname\":\"DC01.pandalab.com\",\"TimeCreated\":\"2023-07-19T09:02:19.848Z\",\"@timestamp\":\"2023-07-19T09:02:19.848Z\",\"EventID\":5156,\"Message\":\"The Windows Filtering Platform has permitted a connection.\\r\\n\\r\\nApplication Information:\\r\\n\\tProcess ID:\\t\\t4\\r\\n\\tApplication Name:\\tSystem\\r\\n\\r\\nNetwork Information:\\r\\n\\tDirection:\\t\\tInbound\\r\\n\\tSource Address:\\t\\tfe80::3b31:a8fa:5adc:7b9e\\r\\n\\tSource Port:\\t\\t54804\\r\\n\\tDestination Address:\\tfe80::3b31:a8fa:5adc:7b9e\\r\\n\\tDestination Port:\\t\\t445\\r\\n\\tProtocol:\\t\\t6\\r\\n\\tInterface Index:\\t\\t10\\r\\n\\r\\nFilter Information:\\r\\n\\tFilter Origin:\\t\\tAppContainer Loopback\\r\\n\\tFilter Run-Time ID:\\t67584\\r\\n\\tLayer Name:\\t\\tReceive/Accept\\r\\n\\tLayer Run-Time ID:\\t46\\r\\n\\tRemote User ID:\\t\\tS-1-0-0\\r\\n\\tRemote Machine ID:\\tS-1-0-0\",\"Task\":\"12810\",\"ProcessID\":\"4\",\"Application\":\"System\",\"Direction\":\"%%14592\",\"SourceAddress\":\"fe80::3b31:a8fa:5adc:7b9e\",\"SourcePort\":\"54804\",\"DestAddress\":\"fe80::3b31:a8fa:5adc:7b9e\",\"DestPort\":\"445\",\"Protocol\":\"6\",\"InterfaceIndex\":\"10\",\"FilterOrigin\":\"AppContainer Loopback\",\"FilterRTID\":\"67584\",\"LayerName\":\"%%14610\",\"LayerRTID\":\"46\",\"RemoteUserID\":\"S-1-0-0\",\"RemoteMachineID\":\"S-1-0-0\"}","original_format":"ndjson","quality":"Degraded","incident_id":"f8f0bfe0-9fdc-4d92-b5ba-6b8b60103385","redactions":[],"bridge_hash":null,"chain_hash":null,"parent_process_id":null,"parent_process_name":null,"lineage_chain":null,"line_id":null,"destination_ip":null,"destination_port":null,"protocol":null,"process_guid":null,"target_image":null,"granted_access":null,"evidence_vault":null,"log_source":"cmd_dumping_ntds_dit_file_ntdsutil_cmd_dumping_ntds_dit_file_ntdsutil.json","process_id":null,"image":null,"command_line":null,"node_id":"Standalone"}
{"timestamp":"2026-05-09T10:00:55.388787700-07:00","message":"[RAW Forensic Payload] {\"SourceName\":\"Microsoft-Windows-Security-Auditing\",\"ProviderGuid\":\"{54849625-5478-4994-a5ba-3e3b...","severity":"Info","source":"ndjson","subject_id":null,"outcome":"Degraded","metadata":{"EventID":"4672","captured_message":"[RAW Forensic Payload] {\"SourceName\":\"Microsoft-Windows-Security-Auditing\",\"ProviderGuid\":\"{54849625-5478-4994-a5ba-3e3b...","log_source":"cmd_dumping_ntds_dit_file_ntdsutil_cmd_dumping_ntds_dit_file_ntdsutil.json","nist_category":"System and Information Integrity","nist_control_id":"SI-4 [Windows Integrity]"},"additional_context":{"SourceName":"Microsoft-Windows-Security-Auditing","ProviderGuid":"{54849625-5478-4994-a5ba-3e3b0328c30d}","Level":"0","Keywords":"0x8020000000000000","Channel":"Security","Hostname":"DC01.pandalab.com","TimeCreated":"2023-07-19T09:02:19.919Z","@timestamp":"2023-07-19T09:02:19.919Z","EventID":4672,"Message":"Special privileges assigned to new logon.\r\n\r\nSubject:\r\n\tSecurity ID:\t\tS-1-5-18\r\n\tAccount Name:\t\tDC01$\r\n\tAccount Domain:\t\tPANDALAB\r\n\tLogon ID:\t\t0x25A1024\r\n\r\nPrivileges:\t\tSeSecurityPrivilege\r\n\t\t\tSeBackupPrivilege\r\n\t\t\tSeRestorePrivilege\r\n\t\t\tSeTakeOwnershipPrivilege\r\n\t\t\tSeDebugPrivilege\r\n\t\t\tSeSystemEnvironmentPrivilege\r\n\t\t\tSeLoadDriverPrivilege\r\n\t\t\tSeImpersonatePrivilege\r\n\t\t\tSeDelegateSessionUserImpersonatePrivilege\r\n\t\t\tSeEnableDelegationPrivilege","Task":"12548","SubjectUserSid":"S-1-5-18","SubjectUserName":"DC01$","SubjectDomainName":"PANDALAB","SubjectLogonId":"0x25a1024","PrivilegeList":"SeSecurityPrivilege\n\t\t\tSeBackupPrivilege\n\t\t\tSeRestorePrivilege\n\t\t\tSeTakeOwnershipPrivilege\n\t\t\tSeDebugPrivilege\n\t\t\tSeSystemEnvironmentPrivilege\n\t\t\tSeLoadDriverPrivilege\n\t\t\tSeImpersonatePrivilege\n\t\t\tSeDelegateSessionUserImpersonatePrivilege\n\t\t\tSeEnableDelegationPrivilege"},"raw":"{\"SourceName\":\"Microsoft-Windows-Security-Auditing\",\"ProviderGuid\":\"{54849625-5478-4994-a5ba-3e3b0328c30d}\",\"Level\":\"0\",\"Keywords\":\"0x8020000000000000\",\"Channel\":\"Security\",\"Hostname\":\"DC01.pandalab.com\",\"TimeCreated\":\"2023-07-19T09:02:19.919Z\",\"@timestamp\":\"2023-07-19T09:02:19.919Z\",\"EventID\":4672,\"Message\":\"Special privileges assigned to new logon.\\r\\n\\r\\nSubject:\\r\\n\\tSecurity ID:\\t\\tS-1-5-18\\r\\n\\tAccount Name:\\t\\tDC01$\\r\\n\\tAccount Domain:\\t\\tPANDALAB\\r\\n\\tLogon ID:\\t\\t0x25A1024\\r\\n\\r\\nPrivileges:\\t\\tSeSecurityPrivilege\\r\\n\\t\\t\\tSeBackupPrivilege\\r\\n\\t\\t\\tSeRestorePrivilege\\r\\n\\t\\t\\tSeTakeOwnershipPrivilege\\r\\n\\t\\t\\tSeDebugPrivilege\\r\\n\\t\\t\\tSeSystemEnvironmentPrivilege\\r\\n\\t\\t\\tSeLoadDriverPrivilege\\r\\n\\t\\t\\tSeImpersonatePrivilege\\r\\n\\t\\t\\tSeDelegateSessionUserImpersonatePrivilege\\r\\n\\t\\t\\tSeEnableDelegationPrivilege\",\"Task\":\"12548\",\"SubjectUserSid\":\"S-1-5-18\",\"SubjectUserName\":\"DC01$\",\"SubjectDomainName\":\"PANDALAB\",\"SubjectLogonId\":\"0x25a1024\",\"PrivilegeList\":\"SeSecurityPrivilege\\n\\t\\t\\tSeBackupPrivilege\\n\\t\\t\\tSeRestorePrivilege\\n\\t\\t\\tSeTakeOwnershipPrivilege\\n\\t\\t\\tSeDebugPrivilege\\n\\t\\t\\tSeSystemEnvironmentPrivilege\\n\\t\\t\\tSeLoadDriverPrivilege\\n\\t\\t\\tSeImpersonatePrivilege\\n\\t\\t\\tSeDelegateSessionUserImpersonatePrivilege\\n\\t\\t\\tSeEnableDelegationPrivilege\"}","unparsed_raw":"{\"SourceName\":\"Microsoft-Windows-Security-Auditing\",\"ProviderGuid\":\"{54849625-5478-4994-a5ba-3e3b0328c30d}\",\"Level\":\"0\",\"Keywords\":\"0x8020000000000000\",\"Channel\":\"Security\",\"Hostname\":\"DC01.pandalab.com\",\"TimeCreated\":\"2023-07-19T09:02:19.919Z\",\"@timestamp\":\"2023-07-19T09:02:19.919Z\",\"EventID\":4672,\"Message\":\"Special privileges assigned to new logon.\\r\\n\\r\\nSubject:\\r\\n\\tSecurity ID:\\t\\tS-1-5-18\\r\\n\\tAccount Name:\\t\\tDC01$\\r\\n\\tAccount Domain:\\t\\tPANDALAB\\r\\n\\tLogon ID:\\t\\t0x25A1024\\r\\n\\r\\nPrivileges:\\t\\tSeSecurityPrivilege\\r\\n\\t\\t\\tSeBackupPrivilege\\r\\n\\t\\t\\tSeRestorePrivilege\\r\\n\\t\\t\\tSeTakeOwnershipPrivilege\\r\\n\\t\\t\\tSeDebugPrivilege\\r\\n\\t\\t\\tSeSystemEnvironmentPrivilege\\r\\n\\t\\t\\tSeLoadDriverPrivilege\\r\\n\\t\\t\\tSeImpersonatePrivilege\\r\\n\\t\\t\\tSeDelegateSessionUserImpersonatePrivilege\\r\\n\\t\\t\\tSeEnableDelegationPrivilege\",\"Task\":\"12548\",\"SubjectUserSid\":\"S-1-5-18\",\"SubjectUserName\":\"DC01$\",\"SubjectDomainName\":\"PANDALAB\",\"SubjectLogonId\":\"0x25a1024\",\"PrivilegeList\":\"SeSecurityPrivilege\\n\\t\\t\\tSeBackupPrivilege\\n\\t\\t\\tSeRestorePrivilege\\n\\t\\t\\tSeTakeOwnershipPrivilege\\n\\t\\t\\tSeDebugPrivilege\\n\\t\\t\\tSeSystemEnvironmentPrivilege\\n\\t\\t\\tSeLoadDriverPrivilege\\n\\t\\t\\tSeImpersonatePrivilege\\n\\t\\t\\tSeDelegateSessionUserImpersonatePrivilege\\n\\t\\t\\tSeEnableDelegationPrivilege\"}","original_format":"ndjson","quality":"Degraded","incident_id":"f8f0bfe0-9fdc-4d92-b5ba-6b8b60103385","redactions":[],"bridge_hash":null,"chain_hash":null,"parent_process_id":null,"parent_process_name":null,"lineage_chain":null,"line_id":null,"destination_ip":null,"destination_port":null,"protocol":null,"process_guid":null,"target_image":null,"granted_access":null,"evidence_vault":null,"log_source":"cmd_dumping_ntds_dit_file_ntdsutil_cmd_dumping_ntds_dit_file_ntdsutil.json","process_id":null,"image":null,"command_line":null,"node_id":"Standalone"}
