{
  "assessment-results": {
    "uuid": "920a7359-b755-449b-836c-ebefa1b728d8",
    "metadata": {
      "title": "Aegis-Sentinel OSCAL Assessment Results",
      "last-modified": "2026-05-09T10:02:51.640391800-07:00",
      "version": "1.0",
      "oscal-version": "1.1.2"
    },
    "results": [
      {
        "uuid": "2fae66b1-977b-415e-9afc-51ed856dba66",
        "title": "Forensic Assessment for Aegis-Sentinel",
        "description": "Aegis-automated audit record (LFA v3) containing 1655 signals (Aggregated).",
        "start": "2026-05-09T10:02:51.640378600-07:00",
        "observations": [
          {
            "uuid": "82775710-ae28-4746-8be7-dc5b426defbd",
            "description": "NIST Control Capture: AC-3 [Credential Access]",
            "methods": [
              "EXAMINE",
              "TEST"
            ],
            "occurrence-count": 51,
            "sample-evidence": [
              "{\"SourceName\":\"Microsoft-Windows-Security-Auditing\",\"ProviderGuid\":\"{54849625-5478-4994-a5ba-3e3b0328c30d}\",\"Level\":\"0\",\"Keywords\":\"0x8020000000000000\",\"Channel\":\"Security\",\"Hostname\":\"DC01.pandalab.com\",\"TimeCreated\":\"2023-07-19T09:02:44.588Z\",\"@timestamp\":\"2023-07-19T09:02:44.588Z\",\"EventID\":4689,\"Message\":\"A process has exited.\\r\\n\\r\\nSubject:\\r\\n\\tSecurity ID:\\t\\tS-1-5-18\\r\\n\\tAccount Name:\\t\\tDC01$\\r\\n\\tAccount Domain:\\t\\tPANDALAB\\r\\n\\tLogon ID:\\t\\t0x3E7\\r\\n\\r\\nProcess Information:\\r\\n\\tProcess ID:\\t0x3e0\\r\\n\\tProcess Name:\\tC:\\\\Windows\\\\System32\\\\wbem\\\\WmiPrvSE.exe\\r\\n\\tExit Status:\\t0x0\",\"Task\":\"13313\",\"SubjectUserSid\":\"S-1-5-18\",\"SubjectUserName\":\"DC01$\",\"SubjectDomainName\":\"PANDALAB\",\"SubjectLogonId\":\"0x3e7\",\"Status\":\"0x0\",\"ProcessId\":\"0x3e0\",\"ProcessName\":\"C:\\\\Windows\\\\System32\\\\wbem\\\\WmiPrvSE.exe\"}",
              "{\"SourceName\":\"Microsoft-Windows-Security-Auditing\",\"ProviderGuid\":\"{54849625-5478-4994-a5ba-3e3b0328c30d}\",\"Level\":\"0\",\"Keywords\":\"0x8020000000000000\",\"Channel\":\"Security\",\"Hostname\":\"DC01.pandalab.com\",\"TimeCreated\":\"2023-07-19T09:02:44.589Z\",\"@timestamp\":\"2023-07-19T09:02:44.589Z\",\"EventID\":4689,\"Message\":\"A process has exited.\\r\\n\\r\\nSubject:\\r\\n\\tSecurity ID:\\t\\tS-1-5-20\\r\\n\\tAccount Name:\\t\\tDC01$\\r\\n\\tAccount Domain:\\t\\tPANDALAB\\r\\n\\tLogon ID:\\t\\t0x3E4\\r\\n\\r\\nProcess Information:\\r\\n\\tProcess ID:\\t0xc7c\\r\\n\\tProcess Name:\\tC:\\\\Windows\\\\System32\\\\wbem\\\\WmiPrvSE.exe\\r\\n\\tExit Status:\\t0x0\",\"Task\":\"13313\",\"SubjectUserSid\":\"S-1-5-20\",\"SubjectUserName\":\"DC01$\",\"SubjectDomainName\":\"PANDALAB\",\"SubjectLogonId\":\"0x3e4\",\"Status\":\"0x0\",\"ProcessId\":\"0xc7c\",\"ProcessName\":\"C:\\\\Windows\\\\System32\\\\wbem\\\\WmiPrvSE.exe\"}",
              "{\"SourceName\":\"Microsoft-Windows-Security-Auditing\",\"ProviderGuid\":\"{54849625-5478-4994-a5ba-3e3b0328c30d}\",\"Level\":\"0\",\"Keywords\":\"0x8020000000000000\",\"Channel\":\"Security\",\"Hostname\":\"DC01.pandalab.com\",\"TimeCreated\":\"2023-07-19T09:02:44.593Z\",\"@timestamp\":\"2023-07-19T09:02:44.593Z\",\"EventID\":4689,\"Message\":\"A process has exited.\\r\\n\\r\\nSubject:\\r\\n\\tSecurity ID:\\t\\tS-1-5-19\\r\\n\\tAccount Name:\\t\\tLOCAL SERVICE\\r\\n\\tAccount Domain:\\t\\tNT AUTHORITY\\r\\n\\tLogon ID:\\t\\t0x3E5\\r\\n\\r\\nProcess Information:\\r\\n\\tProcess ID:\\t0x728\\r\\n\\tProcess Name:\\tC:\\\\Windows\\\\System32\\\\wbem\\\\WmiPrvSE.exe\\r\\n\\tExit Status:\\t0x0\",\"Task\":\"13313\",\"SubjectUserSid\":\"S-1-5-19\",\"SubjectUserName\":\"LOCAL SERVICE\",\"SubjectDomainName\":\"NT AUTHORITY\",\"SubjectLogonId\":\"0x3e5\",\"Status\":\"0x0\",\"ProcessId\":\"0x728\",\"ProcessName\":\"C:\\\\Windows\\\\System32\\\\wbem\\\\WmiPrvSE.exe\"}",
              "{\"SourceName\":\"Microsoft-Windows-Sysmon\",\"ProviderGuid\":\"{5770385f-c22a-43e0-bf4c-06f5698ffbd9}\",\"Level\":\"4\",\"Keywords\":\"0x8000000000000000\",\"Channel\":\"Microsoft-Windows-Sysmon/Operational\",\"Hostname\":\"DC01.pandalab.com\",\"TimeCreated\":\"2023-07-19T09:02:20.140Z\",\"@timestamp\":\"2023-07-19T09:02:20.140Z\",\"EventID\":10,\"Message\":\"Process accessed:\\r\\nRuleName: -\\r\\nUtcTime: 2023-07-19 16:02:20.120\\r\\nSourceProcessGUID: {fe86be69-25d2-64b6-2000-000000001000}\\r\\nSourceProcessId: 1244\\r\\nSourceThreadId: 1348\\r\\nSourceImage: C:\\\\Windows\\\\System32\\\\VBoxService.exe\\r\\nTargetProcessGUID: {fe86be69-08c9-64b8-0503-000000001000}\\r\\nTargetProcessId: 3196\\r\\nTargetImage: C:\\\\Windows\\\\system32\\\\wbem\\\\wmiprvse.exe\\r\\nGrantedAccess: 0x1400\\r\\nCallTrace: C:\\\\Windows\\\\SYSTEM32\\\\ntdll.dll+9f934|C:\\\\Windows\\\\System32\\\\KERNELBASE.dll+44a5e|C:\\\\Windows\\\\System32\\\\VBoxService.exe+13bad|C:\\\\Windows\\\\System32\\\\VBoxService.exe+139d9|C:\\\\Windows\\\\System32\\\\VBoxService.exe+14d25|C:\\\\Windows\\\\System32\\\\VBoxService.exe+103d0|C:\\\\Windows\\\\System32\\\\VBoxService.exe+1bc5|C:\\\\Windows\\\\System32\\\\VBoxService.exe+1b2bb|C:\\\\Windows\\\\System32\\\\VBoxService.exe+200f5|C:\\\\Windows\\\\System32\\\\KERNEL32.DLL+14de0|C:\\\\Windows\\\\SYSTEM32\\\\ntdll.dll+7e3db\\r\\nSourceUser: NT AUTHORITY\\\\SYSTEM\\r\\nTargetUser: NT AUTHORITY\\\\NETWORK SERVICE\",\"Task\":\"10\",\"RuleName\":\"-\",\"UtcTime\":\"2023-07-19 16:02:20.120\",\"SourceProcessGUID\":\"{fe86be69-25d2-64b6-2000-000000001000}\",\"SourceProcessId\":\"1244\",\"SourceThreadId\":\"1348\",\"SourceImage\":\"C:\\\\Windows\\\\System32\\\\VBoxService.exe\",\"TargetProcessGUID\":\"{fe86be69-08c9-64b8-0503-000000001000}\",\"TargetProcessId\":\"3196\",\"TargetImage\":\"C:\\\\Windows\\\\system32\\\\wbem\\\\wmiprvse.exe\",\"GrantedAccess\":\"0x1400\",\"CallTrace\":\"C:\\\\Windows\\\\SYSTEM32\\\\ntdll.dll+9f934|C:\\\\Windows\\\\System32\\\\KERNELBASE.dll+44a5e|C:\\\\Windows\\\\System32\\\\VBoxService.exe+13bad|C:\\\\Windows\\\\System32\\\\VBoxService.exe+139d9|C:\\\\Windows\\\\System32\\\\VBoxService.exe+14d25|C:\\\\Windows\\\\System32\\\\VBoxService.exe+103d0|C:\\\\Windows\\\\System32\\\\VBoxService.exe+1bc5|C:\\\\Windows\\\\System32\\\\VBoxService.exe+1b2bb|C:\\\\Windows\\\\System32\\\\VBoxService.exe+200f5|C:\\\\Windows\\\\System32\\\\KERNEL32.DLL+14de0|C:\\\\Windows\\\\SYSTEM32\\\\ntdll.dll+7e3db\",\"SourceUser\":\"NT AUTHORITY\\\\SYSTEM\",\"TargetUser\":\"NT AUTHORITY\\\\NETWORK SERVICE\"}",
              "{\"SourceName\":\"Microsoft-Windows-Sysmon\",\"ProviderGuid\":\"{5770385f-c22a-43e0-bf4c-06f5698ffbd9}\",\"Level\":\"4\",\"Keywords\":\"0x8000000000000000\",\"Channel\":\"Microsoft-Windows-Sysmon/Operational\",\"Hostname\":\"DC01.pandalab.com\",\"TimeCreated\":\"2023-07-19T09:02:20.141Z\",\"@timestamp\":\"2023-07-19T09:02:20.141Z\",\"EventID\":10,\"Message\":\"Process accessed:\\r\\nRuleName: -\\r\\nUtcTime: 2023-07-19 16:02:20.120\\r\\nSourceProcessGUID: {fe86be69-25d2-64b6-2000-000000001000}\\r\\nSourceProcessId: 1244\\r\\nSourceThreadId: 1348\\r\\nSourceImage: C:\\\\Windows\\\\System32\\\\VBoxService.exe\\r\\nTargetProcessGUID: {fe86be69-08c9-64b8-0503-000000001000}\\r\\nTargetProcessId: 3196\\r\\nTargetImage: C:\\\\Windows\\\\system32\\\\wbem\\\\wmiprvse.exe\\r\\nGrantedAccess: 0x1400\\r\\nCallTrace: C:\\\\Windows\\\\SYSTEM32\\\\ntdll.dll+9f934|C:\\\\Windows\\\\System32\\\\KERNELBASE.dll+44a5e|C:\\\\Windows\\\\System32\\\\VBoxService.exe+13bad|C:\\\\Windows\\\\System32\\\\VBoxService.exe+13a04|C:\\\\Windows\\\\System32\\\\VBoxService.exe+14d25|C:\\\\Windows\\\\System32\\\\VBoxService.exe+103d0|C:\\\\Windows\\\\System32\\\\VBoxService.exe+1bc5|C:\\\\Windows\\\\System32\\\\VBoxService.exe+1b2bb|C:\\\\Windows\\\\System32\\\\VBoxService.exe+200f5|C:\\\\Windows\\\\System32\\\\KERNEL32.DLL+14de0|C:\\\\Windows\\\\SYSTEM32\\\\ntdll.dll+7e3db\\r\\nSourceUser: NT AUTHORITY\\\\SYSTEM\\r\\nTargetUser: NT AUTHORITY\\\\NETWORK SERVICE\",\"Task\":\"10\",\"RuleName\":\"-\",\"UtcTime\":\"2023-07-19 16:02:20.120\",\"SourceProcessGUID\":\"{fe86be69-25d2-64b6-2000-000000001000}\",\"SourceProcessId\":\"1244\",\"SourceThreadId\":\"1348\",\"SourceImage\":\"C:\\\\Windows\\\\System32\\\\VBoxService.exe\",\"TargetProcessGUID\":\"{fe86be69-08c9-64b8-0503-000000001000}\",\"TargetProcessId\":\"3196\",\"TargetImage\":\"C:\\\\Windows\\\\system32\\\\wbem\\\\wmiprvse.exe\",\"GrantedAccess\":\"0x1400\",\"CallTrace\":\"C:\\\\Windows\\\\SYSTEM32\\\\ntdll.dll+9f934|C:\\\\Windows\\\\System32\\\\KERNELBASE.dll+44a5e|C:\\\\Windows\\\\System32\\\\VBoxService.exe+13bad|C:\\\\Windows\\\\System32\\\\VBoxService.exe+13a04|C:\\\\Windows\\\\System32\\\\VBoxService.exe+14d25|C:\\\\Windows\\\\System32\\\\VBoxService.exe+103d0|C:\\\\Windows\\\\System32\\\\VBoxService.exe+1bc5|C:\\\\Windows\\\\System32\\\\VBoxService.exe+1b2bb|C:\\\\Windows\\\\System32\\\\VBoxService.exe+200f5|C:\\\\Windows\\\\System32\\\\KERNEL32.DLL+14de0|C:\\\\Windows\\\\SYSTEM32\\\\ntdll.dll+7e3db\",\"SourceUser\":\"NT AUTHORITY\\\\SYSTEM\",\"TargetUser\":\"NT AUTHORITY\\\\NETWORK SERVICE\"}",
              "{\"SourceName\":\"Microsoft-Windows-Sysmon\",\"ProviderGuid\":\"{5770385f-c22a-43e0-bf4c-06f5698ffbd9}\",\"Level\":\"4\",\"Keywords\":\"0x8000000000000000\",\"Channel\":\"Microsoft-Windows-Sysmon/Operational\",\"Hostname\":\"DC01.pandalab.com\",\"TimeCreated\":\"2023-07-19T09:02:40.472Z\",\"@timestamp\":\"2023-07-19T09:02:40.472Z\",\"EventID\":10,\"Message\":\"Process accessed:\\r\\nRuleName: -\\r\\nUtcTime: 2023-07-19 16:02:40.460\\r\\nSourceProcessGUID: {fe86be69-25d2-64b6-2000-000000001000}\\r\\nSourceProcessId: 1244\\r\\nSourceThreadId: 1348\\r\\nSourceImage: C:\\\\Windows\\\\System32\\\\VBoxService.exe\\r\\nTargetProcessGUID: {fe86be69-08cd-64b8-0803-000000001000}\\r\\nTargetProcessId: 992\\r\\nTargetImage: C:\\\\Windows\\\\system32\\\\wbem\\\\wmiprvse.exe\\r\\nGrantedAccess: 0x1400\\r\\nCallTrace: C:\\\\Windows\\\\SYSTEM32\\\\ntdll.dll+9f934|C:\\\\Windows\\\\System32\\\\KERNELBASE.dll+44a5e|C:\\\\Windows\\\\System32\\\\VBoxService.exe+13bad|C:\\\\Windows\\\\System32\\\\VBoxService.exe+13a04|C:\\\\Windows\\\\System32\\\\VBoxService.exe+14d25|C:\\\\Windows\\\\System32\\\\VBoxService.exe+103d0|C:\\\\Windows\\\\System32\\\\VBoxService.exe+1bc5|C:\\\\Windows\\\\System32\\\\VBoxService.exe+1b2bb|C:\\\\Windows\\\\System32\\\\VBoxService.exe+200f5|C:\\\\Windows\\\\System32\\\\KERNEL32.DLL+14de0|C:\\\\Windows\\\\SYSTEM32\\\\ntdll.dll+7e3db\\r\\nSourceUser: NT AUTHORITY\\\\SYSTEM\\r\\nTargetUser: NT AUTHORITY\\\\SYSTEM\",\"Task\":\"10\",\"RuleName\":\"-\",\"UtcTime\":\"2023-07-19 16:02:40.460\",\"SourceProcessGUID\":\"{fe86be69-25d2-64b6-2000-000000001000}\",\"SourceProcessId\":\"1244\",\"SourceThreadId\":\"1348\",\"SourceImage\":\"C:\\\\Windows\\\\System32\\\\VBoxService.exe\",\"TargetProcessGUID\":\"{fe86be69-08cd-64b8-0803-000000001000}\",\"TargetProcessId\":\"992\",\"TargetImage\":\"C:\\\\Windows\\\\system32\\\\wbem\\\\wmiprvse.exe\",\"GrantedAccess\":\"0x1400\",\"CallTrace\":\"C:\\\\Windows\\\\SYSTEM32\\\\ntdll.dll+9f934|C:\\\\Windows\\\\System32\\\\KERNELBASE.dll+44a5e|C:\\\\Windows\\\\System32\\\\VBoxService.exe+13bad|C:\\\\Windows\\\\System32\\\\VBoxService.exe+13a04|C:\\\\Windows\\\\System32\\\\VBoxService.exe+14d25|C:\\\\Windows\\\\System32\\\\VBoxService.exe+103d0|C:\\\\Windows\\\\System32\\\\VBoxService.exe+1bc5|C:\\\\Windows\\\\System32\\\\VBoxService.exe+1b2bb|C:\\\\Windows\\\\System32\\\\VBoxService.exe+200f5|C:\\\\Windows\\\\System32\\\\KERNEL32.DLL+14de0|C:\\\\Windows\\\\SYSTEM32\\\\ntdll.dll+7e3db\",\"SourceUser\":\"NT AUTHORITY\\\\SYSTEM\",\"TargetUser\":\"NT AUTHORITY\\\\SYSTEM\"}",
              "{\"SourceName\":\"Microsoft-Windows-Sysmon\",\"ProviderGuid\":\"{5770385f-c22a-43e0-bf4c-06f5698ffbd9}\",\"Level\":\"4\",\"Keywords\":\"0x8000000000000000\",\"Channel\":\"Microsoft-Windows-Sysmon/Operational\",\"Hostname\":\"DC01.pandalab.com\",\"TimeCreated\":\"2023-07-19T09:02:40.472Z\",\"@timestamp\":\"2023-07-19T09:02:40.472Z\",\"EventID\":10,\"Message\":\"Process accessed:\\r\\nRuleName: -\\r\\nUtcTime: 2023-07-19 16:02:40.460\\r\\nSourceProcessGUID: {fe86be69-25d2-64b6-2000-000000001000}\\r\\nSourceProcessId: 1244\\r\\nSourceThreadId: 1348\\r\\nSourceImage: C:\\\\Windows\\\\System32\\\\VBoxService.exe\\r\\nTargetProcessGUID: {fe86be69-08cd-64b8-0803-000000001000}\\r\\nTargetProcessId: 992\\r\\nTargetImage: C:\\\\Windows\\\\system32\\\\wbem\\\\wmiprvse.exe\\r\\nGrantedAccess: 0x1400\\r\\nCallTrace: C:\\\\Windows\\\\SYSTEM32\\\\ntdll.dll+9f934|C:\\\\Windows\\\\System32\\\\KERNELBASE.dll+44a5e|C:\\\\Windows\\\\System32\\\\VBoxService.exe+13bad|C:\\\\Windows\\\\System32\\\\VBoxService.exe+13a2f|C:\\\\Windows\\\\System32\\\\VBoxService.exe+14d25|C:\\\\Windows\\\\System32\\\\VBoxService.exe+103d0|C:\\\\Windows\\\\System32\\\\VBoxService.exe+1bc5|C:\\\\Windows\\\\System32\\\\VBoxService.exe+1b2bb|C:\\\\Windows\\\\System32\\\\VBoxService.exe+200f5|C:\\\\Windows\\\\System32\\\\KERNEL32.DLL+14de0|C:\\\\Windows\\\\SYSTEM32\\\\ntdll.dll+7e3db\\r\\nSourceUser: NT AUTHORITY\\\\SYSTEM\\r\\nTargetUser: NT AUTHORITY\\\\SYSTEM\",\"Task\":\"10\",\"RuleName\":\"-\",\"UtcTime\":\"2023-07-19 16:02:40.460\",\"SourceProcessGUID\":\"{fe86be69-25d2-64b6-2000-000000001000}\",\"SourceProcessId\":\"1244\",\"SourceThreadId\":\"1348\",\"SourceImage\":\"C:\\\\Windows\\\\System32\\\\VBoxService.exe\",\"TargetProcessGUID\":\"{fe86be69-08cd-64b8-0803-000000001000}\",\"TargetProcessId\":\"992\",\"TargetImage\":\"C:\\\\Windows\\\\system32\\\\wbem\\\\wmiprvse.exe\",\"GrantedAccess\":\"0x1400\",\"CallTrace\":\"C:\\\\Windows\\\\SYSTEM32\\\\ntdll.dll+9f934|C:\\\\Windows\\\\System32\\\\KERNELBASE.dll+44a5e|C:\\\\Windows\\\\System32\\\\VBoxService.exe+13bad|C:\\\\Windows\\\\System32\\\\VBoxService.exe+13a2f|C:\\\\Windows\\\\System32\\\\VBoxService.exe+14d25|C:\\\\Windows\\\\System32\\\\VBoxService.exe+103d0|C:\\\\Windows\\\\System32\\\\VBoxService.exe+1bc5|C:\\\\Windows\\\\System32\\\\VBoxService.exe+1b2bb|C:\\\\Windows\\\\System32\\\\VBoxService.exe+200f5|C:\\\\Windows\\\\System32\\\\KERNEL32.DLL+14de0|C:\\\\Windows\\\\SYSTEM32\\\\ntdll.dll+7e3db\",\"SourceUser\":\"NT AUTHORITY\\\\SYSTEM\",\"TargetUser\":\"NT AUTHORITY\\\\SYSTEM\"}",
              "{\"SourceName\":\"Microsoft-Windows-Sysmon\",\"ProviderGuid\":\"{5770385f-c22a-43e0-bf4c-06f5698ffbd9}\",\"Level\":\"4\",\"Keywords\":\"0x8000000000000000\",\"Channel\":\"Microsoft-Windows-Sysmon/Operational\",\"Hostname\":\"DC01.pandalab.com\",\"TimeCreated\":\"2023-07-19T09:02:44.589Z\",\"@timestamp\":\"2023-07-19T09:02:44.589Z\",\"EventID\":5,\"Message\":\"Process terminated:\\r\\nRuleName: -\\r\\nUtcTime: 2023-07-19 16:02:44.585\\r\\nProcessGuid: {fe86be69-08cd-64b8-0803-000000001000}\\r\\nProcessId: 992\\r\\nImage: C:\\\\Windows\\\\System32\\\\wbem\\\\WmiPrvSE.exe\\r\\nUser: NT AUTHORITY\\\\SYSTEM\",\"Task\":\"5\",\"RuleName\":\"-\",\"UtcTime\":\"2023-07-19 16:02:44.585\",\"ProcessGuid\":\"{fe86be69-08cd-64b8-0803-000000001000}\",\"ProcessId\":\"992\",\"Image\":\"C:\\\\Windows\\\\System32\\\\wbem\\\\WmiPrvSE.exe\",\"User\":\"NT AUTHORITY\\\\SYSTEM\"}",
              "{\"SourceName\":\"Microsoft-Windows-Sysmon\",\"ProviderGuid\":\"{5770385f-c22a-43e0-bf4c-06f5698ffbd9}\",\"Level\":\"4\",\"Keywords\":\"0x8000000000000000\",\"Channel\":\"Microsoft-Windows-Sysmon/Operational\",\"Hostname\":\"DC01.pandalab.com\",\"TimeCreated\":\"2023-07-19T09:02:44.590Z\",\"@timestamp\":\"2023-07-19T09:02:44.590Z\",\"EventID\":5,\"Message\":\"Process terminated:\\r\\nRuleName: -\\r\\nUtcTime: 2023-07-19 16:02:44.585\\r\\nProcessGuid: {fe86be69-08c9-64b8-0503-000000001000}\\r\\nProcessId: 3196\\r\\nImage: C:\\\\Windows\\\\System32\\\\wbem\\\\WmiPrvSE.exe\\r\\nUser: NT AUTHORITY\\\\NETWORK SERVICE\",\"Task\":\"5\",\"RuleName\":\"-\",\"UtcTime\":\"2023-07-19 16:02:44.585\",\"ProcessGuid\":\"{fe86be69-08c9-64b8-0503-000000001000}\",\"ProcessId\":\"3196\",\"Image\":\"C:\\\\Windows\\\\System32\\\\wbem\\\\WmiPrvSE.exe\",\"User\":\"NT AUTHORITY\\\\NETWORK SERVICE\"}",
              "{\"SourceName\":\"Microsoft-Windows-Sysmon\",\"ProviderGuid\":\"{5770385f-c22a-43e0-bf4c-06f5698ffbd9}\",\"Level\":\"4\",\"Keywords\":\"0x8000000000000000\",\"Channel\":\"Microsoft-Windows-Sysmon/Operational\",\"Hostname\":\"DC01.pandalab.com\",\"TimeCreated\":\"2023-07-19T09:02:44.599Z\",\"@timestamp\":\"2023-07-19T09:02:44.599Z\",\"EventID\":5,\"Message\":\"Process terminated:\\r\\nRuleName: -\\r\\nUtcTime: 2023-07-19 16:02:44.585\\r\\nProcessGuid: {fe86be69-08ca-64b8-0603-000000001000}\\r\\nProcessId: 1832\\r\\nImage: C:\\\\Windows\\\\System32\\\\wbem\\\\WmiPrvSE.exe\\r\\nUser: NT AUTHORITY\\\\LOCAL SERVICE\",\"Task\":\"5\",\"RuleName\":\"-\",\"UtcTime\":\"2023-07-19 16:02:44.585\",\"ProcessGuid\":\"{fe86be69-08ca-64b8-0603-000000001000}\",\"ProcessId\":\"1832\",\"Image\":\"C:\\\\Windows\\\\System32\\\\wbem\\\\WmiPrvSE.exe\",\"User\":\"NT AUTHORITY\\\\LOCAL SERVICE\"}"
            ],
            "relevant-evidence": []
          },
          {
            "uuid": "c0d2c79f-0c33-4e27-9e06-6e7f4d75eb53",
            "description": "NIST Control Capture: AU-9 [Tampering]",
            "methods": [
              "EXAMINE",
              "TEST"
            ],
            "occurrence-count": 108,
            "sample-evidence": [
              "{\"SourceName\":\"NTDS ISAM\",\"Level\":\"4\",\"Keywords\":\"0x80000000000000\",\"Channel\":\"Directory Service\",\"Hostname\":\"DC01.pandalab.com\",\"TimeCreated\":\"2023-07-19T09:03:40.710Z\",\"@timestamp\":\"2023-07-19T09:03:40.710Z\",\"EventID\":301,\"Message\":\"NTDS (600,R,98) NTDSA: The database engine has finished replaying logfile C:\\\\Windows\\\\NTDS\\\\edb00002.log. \\r\\n \\r\\nProcessing Stats: \\n[1] 0.801288 -0.379509 (265) CM -0.645574 (305) WT +J(CM:265, PgRf:575, Rd:0/265, Dy:26/205, Lg:10311853/93026) +M(C:104K, Fs:2147, WS:1032K # 964K, PF:848K # 780K, P:848K). \\r\\nLog record of type \\u0027Insert   \\u0027 was seen most frequently (19357 times)\",\"Task\":\"3\"}",
              "{\"SourceName\":\"NTDS ISAM\",\"Level\":\"4\",\"Keywords\":\"0x80000000000000\",\"Channel\":\"Directory Service\",\"Hostname\":\"DC01.pandalab.com\",\"TimeCreated\":\"2023-07-19T09:03:40.710Z\",\"@timestamp\":\"2023-07-19T09:03:40.710Z\",\"EventID\":105,\"Message\":\"NTDS (600,D,0) NTDSA: The database engine started a new instance (0). (Time=2 seconds) \\r\\n \\r\\nAdditional Data:\\r\\n lgposV2[] = 00000002:0001:0000 - 00000002:09FE:0078 - 00000003:008E:0000 - 00000003:008E:0000 (00000000:0000:0000)\\ncReInits = 12\\n \\r\\n \\r\\nInternal Timing Sequence: \\n[1] 0.001493 +J(0) +M(C:0K, Fs:108, WS:416K # 0K, PF:3204K # 356K, P:3204K)\\n[2] 0.000512 +J(0) +M(C:16K, Fs:81, WS:320K # 272K, PF:280K # 280K, P:280K)\\n[3] 0.000115 +J(0) +M(C:0K, Fs:6, WS:24K # 24K, PF:64K # 64K, P:64K)\\n[4] 0.305905 -0.000592 (1) WT +J(0) +M(C:0K, Fs:124, WS:416K # 416K, PF:5156K # 5156K, P:5156K)\\n[5] 0.000912 +J(0) +M(C:0K, Fs:6, WS:24K # 24K, PF:16K # 16K, P:16K)\\n[6] 0.061495 +J(0) +M(C:0K, Fs:17, WS:64K # 64K, PF:12K # 12K, P:12K)\\n[7] 0.138392 -0.122153 (21) WT +J(0) +M(C:0K, Fs:2580, WS:10300K # 10300K, PF:10260K # 10260K, P:10260K)\\n[8] 0.829042 -0.379509 (265) CM -0.665056 (309) WT +J(CM:265, PgRf:575, Rd:0/265, Dy:26/205, Lg:10311853/93026) +M(C:104K, Fs:2523, WS:2452K # 2452K, PF:1452K # 1456K, P:1452K)\\n[9] 0.344905 -0.194617 (27) WT +J(CM:0, PgRf:176, Rd:1/0, Dy:4/360, Lg:571896/770) +M(C:0K, Fs:105, WS:400K # 400K, PF:168K # 168K, P:168K) + 1 lgens\\n[10] 0.201559 -0.192370 (20) WT +J(0) +M(C:0K, Fs:0, WS:-10236K # 0K, PF:-10252K # 0K, P:-10252K)\\n[11] 0.000104 +J(CM:0, PgRf:0, Rd:0/0, Dy:0/0, Lg:49/1) +M(C:0K, Fs:1, WS:4K # 0K, PF:0K # 0K, P:0K)\\n[12] 0.008518 -0.001662 (11) WT +J(0) +M(C:-24K, Fs:2, WS:-16K # 0K, PF:-24K # 0K, P:-24K)\\n[13] 0.344249 -0.014869 (2) CM -0.226875 (43) WT +J(CM:2, PgRf:2, Rd:0/2, Dy:0/0, Lg:8759/5) +M(C:648K, Fs:2589, WS:-516K # 0K, PF:120K # 100K, P:120K)\\n[14] 0.000028 +J(0)\\n[15] 0.000240 +J(0)\\n[16] 0.000518 -0.000158 (1) WT +J(0) +M(C:0K, Fs:3, WS:0K # 0K, PF:0K # 0K, P:0K).\",\"Task\":\"1\"}",
              "{\"SourceName\":\"Microsoft-Windows-Sysmon\",\"ProviderGuid\":\"{5770385f-c22a-43e0-bf4c-06f5698ffbd9}\",\"Level\":\"4\",\"Keywords\":\"0x8000000000000000\",\"Channel\":\"Microsoft-Windows-Sysmon/Operational\",\"Hostname\":\"DC01.pandalab.com\",\"TimeCreated\":\"2023-07-19T09:02:19.812Z\",\"@timestamp\":\"2023-07-19T09:02:19.812Z\",\"EventID\":10,\"Message\":\"Process accessed:\\r\\nRuleName: -\\r\\nUtcTime: 2023-07-19 16:02:19.612\\r\\nSourceProcessGUID: {fe86be69-25d2-64b6-2000-000000001000}\\r\\nSourceProcessId: 1244\\r\\nSourceThreadId: 1348\\r\\nSourceImage: C:\\\\Windows\\\\System32\\\\VBoxService.exe\\r\\nTargetProcessGUID: {fe86be69-25d1-64b6-1b00-000000001000}\\r\\nTargetProcessId: 1048\\r\\nTargetImage: C:\\\\Windows\\\\system32\\\\svchost.exe\\r\\nGrantedAccess: 0x1400\\r\\nCallTrace: C:\\\\Windows\\\\SYSTEM32\\\\ntdll.dll+9f934|C:\\\\Windows\\\\System32\\\\KERNELBASE.dll+44a5e|C:\\\\Windows\\\\System32\\\\VBoxService.exe+13bad|C:\\\\Windows\\\\System32\\\\VBoxService.exe+139d9|C:\\\\Windows\\\\System32\\\\VBoxService.exe+14d25|C:\\\\Windows\\\\System32\\\\VBoxService.exe+103d0|C:\\\\Windows\\\\System32\\\\VBoxService.exe+1bc5|C:\\\\Windows\\\\System32\\\\VBoxService.exe+1b2bb|C:\\\\Windows\\\\System32\\\\VBoxService.exe+200f5|C:\\\\Windows\\\\System32\\\\KERNEL32.DLL+14de0|C:\\\\Windows\\\\SYSTEM32\\\\ntdll.dll+7e3db\\r\\nSourceUser: NT AUTHORITY\\\\SYSTEM\\r\\nTargetUser: NT AUTHORITY\\\\LOCAL SERVICE\",\"Task\":\"10\",\"RuleName\":\"-\",\"UtcTime\":\"2023-07-19 16:02:19.612\",\"SourceProcessGUID\":\"{fe86be69-25d2-64b6-2000-000000001000}\",\"SourceProcessId\":\"1244\",\"SourceThreadId\":\"1348\",\"SourceImage\":\"C:\\\\Windows\\\\System32\\\\VBoxService.exe\",\"TargetProcessGUID\":\"{fe86be69-25d1-64b6-1b00-000000001000}\",\"TargetProcessId\":\"1048\",\"TargetImage\":\"C:\\\\Windows\\\\system32\\\\svchost.exe\",\"GrantedAccess\":\"0x1400\",\"CallTrace\":\"C:\\\\Windows\\\\SYSTEM32\\\\ntdll.dll+9f934|C:\\\\Windows\\\\System32\\\\KERNELBASE.dll+44a5e|C:\\\\Windows\\\\System32\\\\VBoxService.exe+13bad|C:\\\\Windows\\\\System32\\\\VBoxService.exe+139d9|C:\\\\Windows\\\\System32\\\\VBoxService.exe+14d25|C:\\\\Windows\\\\System32\\\\VBoxService.exe+103d0|C:\\\\Windows\\\\System32\\\\VBoxService.exe+1bc5|C:\\\\Windows\\\\System32\\\\VBoxService.exe+1b2bb|C:\\\\Windows\\\\System32\\\\VBoxService.exe+200f5|C:\\\\Windows\\\\System32\\\\KERNEL32.DLL+14de0|C:\\\\Windows\\\\SYSTEM32\\\\ntdll.dll+7e3db\",\"SourceUser\":\"NT AUTHORITY\\\\SYSTEM\",\"TargetUser\":\"NT AUTHORITY\\\\LOCAL SERVICE\"}",
              "{\"SourceName\":\"Microsoft-Windows-Sysmon\",\"ProviderGuid\":\"{5770385f-c22a-43e0-bf4c-06f5698ffbd9}\",\"Level\":\"4\",\"Keywords\":\"0x8000000000000000\",\"Channel\":\"Microsoft-Windows-Sysmon/Operational\",\"Hostname\":\"DC01.pandalab.com\",\"TimeCreated\":\"2023-07-19T09:02:19.812Z\",\"@timestamp\":\"2023-07-19T09:02:19.812Z\",\"EventID\":10,\"Message\":\"Process accessed:\\r\\nRuleName: -\\r\\nUtcTime: 2023-07-19 16:02:19.612\\r\\nSourceProcessGUID: {fe86be69-25d2-64b6-2000-000000001000}\\r\\nSourceProcessId: 1244\\r\\nSourceThreadId: 1348\\r\\nSourceImage: C:\\\\Windows\\\\System32\\\\VBoxService.exe\\r\\nTargetProcessGUID: {fe86be69-25d1-64b6-1b00-000000001000}\\r\\nTargetProcessId: 1048\\r\\nTargetImage: C:\\\\Windows\\\\system32\\\\svchost.exe\\r\\nGrantedAccess: 0x1400\\r\\nCallTrace: C:\\\\Windows\\\\SYSTEM32\\\\ntdll.dll+9f934|C:\\\\Windows\\\\System32\\\\KERNELBASE.dll+44a5e|C:\\\\Windows\\\\System32\\\\VBoxService.exe+13bad|C:\\\\Windows\\\\System32\\\\VBoxService.exe+13a04|C:\\\\Windows\\\\System32\\\\VBoxService.exe+14d25|C:\\\\Windows\\\\System32\\\\VBoxService.exe+103d0|C:\\\\Windows\\\\System32\\\\VBoxService.exe+1bc5|C:\\\\Windows\\\\System32\\\\VBoxService.exe+1b2bb|C:\\\\Windows\\\\System32\\\\VBoxService.exe+200f5|C:\\\\Windows\\\\System32\\\\KERNEL32.DLL+14de0|C:\\\\Windows\\\\SYSTEM32\\\\ntdll.dll+7e3db\\r\\nSourceUser: NT AUTHORITY\\\\SYSTEM\\r\\nTargetUser: NT AUTHORITY\\\\LOCAL SERVICE\",\"Task\":\"10\",\"RuleName\":\"-\",\"UtcTime\":\"2023-07-19 16:02:19.612\",\"SourceProcessGUID\":\"{fe86be69-25d2-64b6-2000-000000001000}\",\"SourceProcessId\":\"1244\",\"SourceThreadId\":\"1348\",\"SourceImage\":\"C:\\\\Windows\\\\System32\\\\VBoxService.exe\",\"TargetProcessGUID\":\"{fe86be69-25d1-64b6-1b00-000000001000}\",\"TargetProcessId\":\"1048\",\"TargetImage\":\"C:\\\\Windows\\\\system32\\\\svchost.exe\",\"GrantedAccess\":\"0x1400\",\"CallTrace\":\"C:\\\\Windows\\\\SYSTEM32\\\\ntdll.dll+9f934|C:\\\\Windows\\\\System32\\\\KERNELBASE.dll+44a5e|C:\\\\Windows\\\\System32\\\\VBoxService.exe+13bad|C:\\\\Windows\\\\System32\\\\VBoxService.exe+13a04|C:\\\\Windows\\\\System32\\\\VBoxService.exe+14d25|C:\\\\Windows\\\\System32\\\\VBoxService.exe+103d0|C:\\\\Windows\\\\System32\\\\VBoxService.exe+1bc5|C:\\\\Windows\\\\System32\\\\VBoxService.exe+1b2bb|C:\\\\Windows\\\\System32\\\\VBoxService.exe+200f5|C:\\\\Windows\\\\System32\\\\KERNEL32.DLL+14de0|C:\\\\Windows\\\\SYSTEM32\\\\ntdll.dll+7e3db\",\"SourceUser\":\"NT AUTHORITY\\\\SYSTEM\",\"TargetUser\":\"NT AUTHORITY\\\\LOCAL SERVICE\"}",
              "{\"SourceName\":\"Microsoft-Windows-Sysmon\",\"ProviderGuid\":\"{5770385f-c22a-43e0-bf4c-06f5698ffbd9}\",\"Level\":\"4\",\"Keywords\":\"0x8000000000000000\",\"Channel\":\"Microsoft-Windows-Sysmon/Operational\",\"Hostname\":\"DC01.pandalab.com\",\"TimeCreated\":\"2023-07-19T09:02:19.812Z\",\"@timestamp\":\"2023-07-19T09:02:19.812Z\",\"EventID\":10,\"Message\":\"Process accessed:\\r\\nRuleName: -\\r\\nUtcTime: 2023-07-19 16:02:19.612\\r\\nSourceProcessGUID: {fe86be69-25d2-64b6-2000-000000001000}\\r\\nSourceProcessId: 1244\\r\\nSourceThreadId: 1348\\r\\nSourceImage: C:\\\\Windows\\\\System32\\\\VBoxService.exe\\r\\nTargetProcessGUID: {fe86be69-25d1-64b6-1b00-000000001000}\\r\\nTargetProcessId: 1048\\r\\nTargetImage: C:\\\\Windows\\\\system32\\\\svchost.exe\\r\\nGrantedAccess: 0x1400\\r\\nCallTrace: C:\\\\Windows\\\\SYSTEM32\\\\ntdll.dll+9f934|C:\\\\Windows\\\\System32\\\\KERNELBASE.dll+44a5e|C:\\\\Windows\\\\System32\\\\VBoxService.exe+13bad|C:\\\\Windows\\\\System32\\\\VBoxService.exe+13a2f|C:\\\\Windows\\\\System32\\\\VBoxService.exe+14d25|C:\\\\Windows\\\\System32\\\\VBoxService.exe+103d0|C:\\\\Windows\\\\System32\\\\VBoxService.exe+1bc5|C:\\\\Windows\\\\System32\\\\VBoxService.exe+1b2bb|C:\\\\Windows\\\\System32\\\\VBoxService.exe+200f5|C:\\\\Windows\\\\System32\\\\KERNEL32.DLL+14de0|C:\\\\Windows\\\\SYSTEM32\\\\ntdll.dll+7e3db\\r\\nSourceUser: NT AUTHORITY\\\\SYSTEM\\r\\nTargetUser: NT AUTHORITY\\\\LOCAL SERVICE\",\"Task\":\"10\",\"RuleName\":\"-\",\"UtcTime\":\"2023-07-19 16:02:19.612\",\"SourceProcessGUID\":\"{fe86be69-25d2-64b6-2000-000000001000}\",\"SourceProcessId\":\"1244\",\"SourceThreadId\":\"1348\",\"SourceImage\":\"C:\\\\Windows\\\\System32\\\\VBoxService.exe\",\"TargetProcessGUID\":\"{fe86be69-25d1-64b6-1b00-000000001000}\",\"TargetProcessId\":\"1048\",\"TargetImage\":\"C:\\\\Windows\\\\system32\\\\svchost.exe\",\"GrantedAccess\":\"0x1400\",\"CallTrace\":\"C:\\\\Windows\\\\SYSTEM32\\\\ntdll.dll+9f934|C:\\\\Windows\\\\System32\\\\KERNELBASE.dll+44a5e|C:\\\\Windows\\\\System32\\\\VBoxService.exe+13bad|C:\\\\Windows\\\\System32\\\\VBoxService.exe+13a2f|C:\\\\Windows\\\\System32\\\\VBoxService.exe+14d25|C:\\\\Windows\\\\System32\\\\VBoxService.exe+103d0|C:\\\\Windows\\\\System32\\\\VBoxService.exe+1bc5|C:\\\\Windows\\\\System32\\\\VBoxService.exe+1b2bb|C:\\\\Windows\\\\System32\\\\VBoxService.exe+200f5|C:\\\\Windows\\\\System32\\\\KERNEL32.DLL+14de0|C:\\\\Windows\\\\SYSTEM32\\\\ntdll.dll+7e3db\",\"SourceUser\":\"NT AUTHORITY\\\\SYSTEM\",\"TargetUser\":\"NT AUTHORITY\\\\LOCAL SERVICE\"}",
              "{\"SourceName\":\"Microsoft-Windows-PowerShell\",\"ProviderGuid\":\"{a0c1853b-5c40-4b15-8766-3cf1c58f985a}\",\"Level\":\"5\",\"Keywords\":\"0x0\",\"Channel\":\"Microsoft-Windows-PowerShell/Operational\",\"Hostname\":\"DC01.pandalab.com\",\"TimeCreated\":\"2023-07-19T09:02:17.956Z\",\"@timestamp\":\"2023-07-19T09:02:17.956Z\",\"EventID\":4104,\"Message\":\"Creating Scriptblock text (1 of 1):\\r\\nprompt\\r\\n\\r\\nScriptBlock ID: e3f076be-14b5-4139-83e5-970412fff9c5\\r\\nPath: \",\"Task\":\"2\",\"MessageNumber\":\"1\",\"MessageTotal\":\"1\",\"ScriptBlockText\":\"prompt\",\"ScriptBlockId\":\"e3f076be-14b5-4139-83e5-970412fff9c5\",\"Path\":null}",
              "{\"SourceName\":\"Microsoft-Windows-PowerShell\",\"ProviderGuid\":\"{a0c1853b-5c40-4b15-8766-3cf1c58f985a}\",\"Level\":\"5\",\"Keywords\":\"0x0\",\"Channel\":\"Microsoft-Windows-PowerShell/Operational\",\"Hostname\":\"DC01.pandalab.com\",\"TimeCreated\":\"2023-07-19T09:05:50.558Z\",\"@timestamp\":\"2023-07-19T09:05:50.558Z\",\"EventID\":4104,\"Message\":\"Creating Scriptblock text (1 of 1):\\r\\n# Generation of security dataset\\r\\n$LogProviders | Export-WinEvents -EndDate $FromDate -OutputPath \\\"C:/Users/Administrator/Desktop/host_event_logs_$(get-date -format yyyy-MM-ddTHHmmssff).json\\\" -Verbose\\r\\n\\r\\nScriptBlock ID: 89999166-d990-4be1-899d-cf9efe8ffa7d\\r\\nPath: C:\\\\Users\\\\Administrator\\\\Data_Collection\\\\Collection-Dataset-Generation.ps1\",\"Task\":\"2\",\"MessageNumber\":\"1\",\"MessageTotal\":\"1\",\"ScriptBlockText\":\"# Generation of security dataset\\n$LogProviders | Export-WinEvents -EndDate $FromDate -OutputPath \\\"C:/Users/Administrator/Desktop/host_event_logs_$(get-date -format yyyy-MM-ddTHHmmssff).json\\\" -Verbose\",\"ScriptBlockId\":\"89999166-d990-4be1-899d-cf9efe8ffa7d\",\"Path\":\"C:\\\\Users\\\\Administrator\\\\Data_Collection\\\\Collection-Dataset-Generation.ps1\"}",
              "{\"SourceName\":\"Microsoft-Windows-PowerShell\",\"ProviderGuid\":\"{a0c1853b-5c40-4b15-8766-3cf1c58f985a}\",\"Level\":\"5\",\"Keywords\":\"0x0\",\"Channel\":\"Microsoft-Windows-PowerShell/Operational\",\"Hostname\":\"DC01.pandalab.com\",\"TimeCreated\":\"2023-07-19T09:05:51.950Z\",\"@timestamp\":\"2023-07-19T09:05:51.950Z\",\"EventID\":4105,\"Message\":\"Started invocation of ScriptBlock ID: 4e104f4a-51a8-46d7-a1ec-781463009974\\r\\nRunspace ID: 06573bb8-1e1c-40f4-a164-926fb8893cfc\",\"Task\":\"102\",\"ScriptBlockId\":\"4e104f4a-51a8-46d7-a1ec-781463009974\",\"RunspaceId\":\"06573bb8-1e1c-40f4-a164-926fb8893cfc\"}",
              "{\"SourceName\":\"Microsoft-Windows-PowerShell\",\"ProviderGuid\":\"{a0c1853b-5c40-4b15-8766-3cf1c58f985a}\",\"Level\":\"5\",\"Keywords\":\"0x0\",\"Channel\":\"Microsoft-Windows-PowerShell/Operational\",\"Hostname\":\"DC01.pandalab.com\",\"TimeCreated\":\"2023-07-19T09:05:51.960Z\",\"@timestamp\":\"2023-07-19T09:05:51.960Z\",\"EventID\":4106,\"Message\":\"Completed invocation of ScriptBlock ID: 4e104f4a-51a8-46d7-a1ec-781463009974\\r\\nRunspace ID: 06573bb8-1e1c-40f4-a164-926fb8893cfc\",\"Task\":\"103\",\"ScriptBlockId\":\"4e104f4a-51a8-46d7-a1ec-781463009974\",\"RunspaceId\":\"06573bb8-1e1c-40f4-a164-926fb8893cfc\"}",
              "{\"SourceName\":\"Microsoft-Windows-PowerShell\",\"ProviderGuid\":\"{a0c1853b-5c40-4b15-8766-3cf1c58f985a}\",\"Level\":\"5\",\"Keywords\":\"0x0\",\"Channel\":\"Microsoft-Windows-PowerShell/Operational\",\"Hostname\":\"DC01.pandalab.com\",\"TimeCreated\":\"2023-07-19T09:05:54.313Z\",\"@timestamp\":\"2023-07-19T09:05:54.313Z\",\"EventID\":4104,\"Message\":\"Creating Scriptblock text (1 of 1):\\r\\nfunction reverse {\\n            $arr = @($input)\\n            [array]::reverse($arr)\\n            $arr\\n        }\\r\\n\\r\\nScriptBlock ID: 986bb1a9-1385-4aa7-92b4-a6afd823fcf7\\r\\nPath: C:\\\\Users\\\\Administrator\\\\Data_Collection\\\\Mordor-WinEvents.ps1\",\"Task\":\"2\",\"MessageNumber\":\"1\",\"MessageTotal\":\"1\",\"ScriptBlockText\":\"function reverse {\\n            $arr = @($input)\\n            [array]::reverse($arr)\\n            $arr\\n        }\",\"ScriptBlockId\":\"986bb1a9-1385-4aa7-92b4-a6afd823fcf7\",\"Path\":\"C:\\\\Users\\\\Administrator\\\\Data_Collection\\\\Mordor-WinEvents.ps1\"}"
            ],
            "relevant-evidence": []
          },
          {
            "uuid": "a480c784-9253-432e-aaf1-9222563c7756",
            "description": "NIST Control Capture: SI-4 [Windows Integrity]",
            "methods": [
              "EXAMINE",
              "TEST"
            ],
            "occurrence-count": 1496,
            "sample-evidence": [
              "{\"SourceName\":\"NTDS ISAM\",\"Level\":\"4\",\"Keywords\":\"0x80000000000000\",\"Channel\":\"Directory Service\",\"Hostname\":\"DC01.pandalab.com\",\"TimeCreated\":\"2023-07-19T09:03:40.710Z\",\"@timestamp\":\"2023-07-19T09:03:40.710Z\",\"EventID\":102,\"Message\":\"NTDS (600,P,98) NTDSA: The database engine (10.00.20348.0000) is starting a new instance (0).\",\"Task\":\"1\"}",
              "{\"SourceName\":\"NTDS ISAM\",\"Level\":\"4\",\"Keywords\":\"0x80000000000000\",\"Channel\":\"Directory Service\",\"Hostname\":\"DC01.pandalab.com\",\"TimeCreated\":\"2023-07-19T09:03:40.710Z\",\"@timestamp\":\"2023-07-19T09:03:40.710Z\",\"EventID\":300,\"Message\":\"NTDS (600,R,98) NTDSA: The database engine is initiating recovery steps.\",\"Task\":\"3\"}",
              "{\"SourceName\":\"NTDS ISAM\",\"Level\":\"4\",\"Keywords\":\"0x80000000000000\",\"Channel\":\"Directory Service\",\"Hostname\":\"DC01.pandalab.com\",\"TimeCreated\":\"2023-07-19T09:03:40.710Z\",\"@timestamp\":\"2023-07-19T09:03:40.710Z\",\"EventID\":330,\"Message\":\"NTDS (600,R,98) NTDSA: The database [C:\\\\Windows\\\\NTDS\\\\ntds.dit] format version is being held back to 8920 (0x22d8) due to application parameter setting of 0x22D8 (8920). Current default engine version: 9360 (0x2490).\",\"Task\":\"1\"}",
              "{\"SourceName\":\"NTDS ISAM\",\"Level\":\"4\",\"Keywords\":\"0x80000000000000\",\"Channel\":\"Directory Service\",\"Hostname\":\"DC01.pandalab.com\",\"TimeCreated\":\"2023-07-19T09:03:40.710Z\",\"@timestamp\":\"2023-07-19T09:03:40.710Z\",\"EventID\":301,\"Message\":\"NTDS (600,R,98) NTDSA: The database engine has finished replaying logfile C:\\\\Windows\\\\NTDS\\\\edb.log. \\r\\n \\r\\nProcessing Stats: \\n[1] 0.007164 -0.000276 (2) WT +J(CM:0, PgRf:176, Rd:0/0, Dy:4/360, Lg:571896/770) +M(C:0K, Fs:90, WS:352K # 352K, PF:0K # 8K, P:0K). \\r\\nLog record of type \\u0027ReplaceD \\u0027 was seen most frequently (147 times)\",\"Task\":\"3\"}",
              "{\"SourceName\":\"NTDS ISAM\",\"Level\":\"4\",\"Keywords\":\"0x80000000000000\",\"Channel\":\"Directory Service\",\"Hostname\":\"DC01.pandalab.com\",\"TimeCreated\":\"2023-07-19T09:03:40.710Z\",\"@timestamp\":\"2023-07-19T09:03:40.710Z\",\"EventID\":302,\"Message\":\"NTDS (600,U,98) NTDSA: The database engine has successfully completed recovery steps.\",\"Task\":\"3\"}",
              "{\"SourceName\":\"Microsoft-Windows-Kernel-IO\",\"ProviderGuid\":\"{abf1f586-2e50-4ba8-928d-49044e6f0db7}\",\"Level\":\"4\",\"Keywords\":\"0x8000000000000001\",\"Channel\":\"Microsoft-Windows-Kernel-IO/Operational\",\"Hostname\":\"DC01.pandalab.com\",\"TimeCreated\":\"2023-07-19T09:05:41.203Z\",\"@timestamp\":\"2023-07-19T09:05:41.203Z\",\"EventID\":1,\"Message\":\"Windows has started processing the volume mount request.\\r\\n\\r\\n           Volume GUID: {cd7eb6f4-d388-11ed-8b26-806e6f6e6963}\\r\\n           Volume Name: D:\\r\\n\",\"Task\":\"1\",\"VolumeGuid\":\"{cd7eb6f4-d388-11ed-8b26-806e6f6e6963}\",\"VolumeNameLength\":\"2\",\"VolumeName\":\"D:\"}",
              "{\"SourceName\":\"Microsoft-Windows-Kernel-IO\",\"ProviderGuid\":\"{abf1f586-2e50-4ba8-928d-49044e6f0db7}\",\"Level\":\"4\",\"Keywords\":\"0x8000000000000001\",\"Channel\":\"Microsoft-Windows-Kernel-IO/Operational\",\"Hostname\":\"DC01.pandalab.com\",\"TimeCreated\":\"2023-07-19T09:06:00.020Z\",\"@timestamp\":\"2023-07-19T09:06:00.020Z\",\"EventID\":1,\"Message\":\"Windows has started processing the volume mount request.\\r\\n\\r\\n           Volume GUID: {cd7eb6f4-d388-11ed-8b26-806e6f6e6963}\\r\\n           Volume Name: D:\\r\\n\",\"Task\":\"1\",\"VolumeGuid\":\"{cd7eb6f4-d388-11ed-8b26-806e6f6e6963}\",\"VolumeNameLength\":\"2\",\"VolumeName\":\"D:\"}",
              "{\"SourceName\":\"Microsoft-Windows-Kernel-IO\",\"ProviderGuid\":\"{abf1f586-2e50-4ba8-928d-49044e6f0db7}\",\"Level\":\"4\",\"Keywords\":\"0x8000000000000001\",\"Channel\":\"Microsoft-Windows-Kernel-IO/Operational\",\"Hostname\":\"DC01.pandalab.com\",\"TimeCreated\":\"2023-07-19T09:06:15.560Z\",\"@timestamp\":\"2023-07-19T09:06:15.560Z\",\"EventID\":1,\"Message\":\"Windows has started processing the volume mount request.\\r\\n\\r\\n           Volume GUID: {00000000-0000-0000-0000-000000000000}\\r\\n           Volume Name: \\r\\n\",\"Task\":\"1\",\"VolumeGuid\":\"{00000000-0000-0000-0000-000000000000}\",\"VolumeNameLength\":\"0\",\"VolumeName\":null}",
              "{\"SourceName\":\"Microsoft-Windows-Kernel-IO\",\"ProviderGuid\":\"{abf1f586-2e50-4ba8-928d-49044e6f0db7}\",\"Level\":\"4\",\"Keywords\":\"0x8000000000000001\",\"Channel\":\"Microsoft-Windows-Kernel-IO/Operational\",\"Hostname\":\"DC01.pandalab.com\",\"TimeCreated\":\"2023-07-19T09:06:15.562Z\",\"@timestamp\":\"2023-07-19T09:06:15.562Z\",\"EventID\":1,\"Message\":\"Windows has started processing the volume mount request.\\r\\n\\r\\n           Volume GUID: {00000000-0000-0000-0000-000000000000}\\r\\n           Volume Name: \\r\\n\",\"Task\":\"1\",\"VolumeGuid\":\"{00000000-0000-0000-0000-000000000000}\",\"VolumeNameLength\":\"0\",\"VolumeName\":null}",
              "{\"SourceName\":\"Microsoft-Windows-Kernel-IO\",\"ProviderGuid\":\"{abf1f586-2e50-4ba8-928d-49044e6f0db7}\",\"Level\":\"4\",\"Keywords\":\"0x8000000000000001\",\"Channel\":\"Microsoft-Windows-Kernel-IO/Operational\",\"Hostname\":\"DC01.pandalab.com\",\"TimeCreated\":\"2023-07-19T09:06:15.730Z\",\"@timestamp\":\"2023-07-19T09:06:15.730Z\",\"EventID\":1,\"Message\":\"Windows has started processing the volume mount request.\\r\\n\\r\\n           Volume GUID: {00000000-0000-0000-0000-000000000000}\\r\\n           Volume Name: \\r\\n\",\"Task\":\"1\",\"VolumeGuid\":\"{00000000-0000-0000-0000-000000000000}\",\"VolumeNameLength\":\"0\",\"VolumeName\":null}"
            ],
            "relevant-evidence": []
          }
        ],
        "findings": [
          {
            "uuid": "c57de448-8500-4d00-bf3d-e01137c72640",
            "title": "Compliance Deviation: AC-3 [Credential Access]",
            "description": "An aggregated security deficiency was detected for control AC-3 [Credential Access]. Total incidents: 51.",
            "occurrence-count": 51,
            "incident-id": "f8f0bfe0-9fdc-4d92-b5ba-6b8b60103385",
            "target": {
              "target-id": "aegis.sentinel.0",
              "status": {
                "state": "not-satisfied"
              }
            }
          },
          {
            "uuid": "d46a5b6c-5bd1-4280-9de6-ae324c188de3",
            "title": "Compliance Deviation: AU-9 [Tampering]",
            "description": "An aggregated security deficiency was detected for control AU-9 [Tampering]. Total incidents: 108.",
            "occurrence-count": 108,
            "incident-id": "f8f0bfe0-9fdc-4d92-b5ba-6b8b60103385",
            "target": {
              "target-id": "aegis.sentinel.0",
              "status": {
                "state": "not-satisfied"
              }
            }
          },
          {
            "uuid": "5ee8f225-affd-4faa-900f-a4849a1374c7",
            "title": "Compliance Deviation: SI-4 [Windows Integrity]",
            "description": "An aggregated security deficiency was detected for control SI-4 [Windows Integrity]. Total incidents: 1496.",
            "occurrence-count": 1496,
            "incident-id": "f8f0bfe0-9fdc-4d92-b5ba-6b8b60103385",
            "target": {
              "target-id": "aegis.sentinel.0",
              "status": {
                "state": "not-satisfied"
              }
            }
          }
        ]
      }
    ]
  }
}