{
  "assessment-results": {
    "uuid": "ae799eaa-63a9-4ddd-b7ba-2aa3e3ab9f9d",
    "metadata": {
      "title": "Aegis-Sentinel OSCAL Assessment Results",
      "last-modified": "2026-05-10T07:31:35.784156600-07:00",
      "version": "1.0",
      "oscal-version": "1.1.2"
    },
    "results": [
      {
        "uuid": "97056792-ba34-48e0-b9b4-169ca68519e3",
        "title": "Forensic Assessment for Aegis-Sentinel",
        "description": "Aegis-automated audit record (LFA v3) containing 4 signals (Aggregated).",
        "start": "2026-05-10T07:31:35.784151700-07:00",
        "observations": [
          {
            "uuid": "b216751d-65ce-40cc-9611-8b83009cf60d",
            "description": "NIST Control Capture: SI-4 [Windows Integrity]",
            "methods": [
              "EXAMINE",
              "TEST"
            ],
            "occurrence-count": 4,
            "sample-evidence": [
              "{\n  \"Event\": {\n    \"#attributes\": {\n      \"xmlns\": \"http://schemas.microsoft.com/win/2004/08/events/event\"\n    },\n    \"System\": {\n      \"Provider\": {\n        \"#attributes\": {\n          \"Name\": \"Microsoft-Windows-Security-Auditing\",\n          \"Guid\": \"54849625-5478-4994-A5BA-3E3B0328C30D\"\n        }\n      },\n      \"EventID\": 4656,\n      \"Version\": 1,\n      \"Level\": 0,\n      \"Task\": 12802,\n      \"Opcode\": 0,\n      \"Keywords\": \"0x8020000000000000\",\n      \"TimeCreated\": {\n        \"#attributes\": {\n          \"SystemTime\": \"2020-03-08T22:11:34.340479Z\"\n        }\n      },\n      \"EventRecordID\": 314461,\n      \"Correlation\": null,\n      \"Execution\": {\n        \"#attributes\": {\n          \"ProcessID\": 4,\n          \"ThreadID\": 160\n        }\n      },\n      \"Channel\": \"Security\",\n      \"Computer\": \"MSEDGEWIN10\",\n      \"Security\": null\n    },\n    \"EventData\": {\n      \"SubjectUserSid\": \"S-1-5-21-3461203602-4096304019-2269080069-1000\",\n      \"SubjectUserName\": \"IEUser\",\n      \"SubjectDomainName\": \"MSEDGEWIN10\",\n      \"SubjectLogonId\": \"0x33392\",\n      \"ObjectServer\": \"Security\",\n      \"ObjectType\": \"Process\",\n      \"ObjectName\": \"\\\\Device\\\\HarddiskVolume1\\\\Windows\\\\System32\\\\lsass.exe\",\n      \"HandleId\": \"0x558\",\n      \"TransactionId\": \"00000000-0000-0000-0000-000000000000\",\n      \"AccessList\": \"%%1537\\r\\n\\t\\t\\t\\t%%1538\\r\\n\\t\\t\\t\\t%%1539\\r\\n\\t\\t\\t\\t%%1540\\r\\n\\t\\t\\t\\t%%1541\\r\\n\\t\\t\\t\\t%%4480\\r\\n\\t\\t\\t\\t%%4481\\r\\n\\t\\t\\t\\t%%4482\\r\\n\\t\\t\\t\\t%%4483\\r\\n\\t\\t\\t\\t%%4484\\r\\n\\t\\t\\t\\t%%4485\\r\\n\\t\\t\\t\\t%%4486\\r\\n\\t\\t\\t\\t%%4487\\r\\n\\t\\t\\t\\t%%4488\\r\\n\\t\\t\\t\\t%%4489\\r\\n\\t\\t\\t\\t%%4490\\r\\n\\t\\t\\t\\t%%4491\\r\\n\\t\\t\\t\\t%%4492\\r\\n\\t\\t\\t\\t%%4493\",\n      \"AccessReason\": \"-\",\n      \"AccessMask\": \"0x1f3fff\",\n      \"PrivilegeList\": \"-\",\n      \"RestrictedSidCount\": 0,\n      \"ProcessId\": \"0x1688\",\n      \"ProcessName\": \"C:\\\\Windows\\\\System32\\\\cscript.exe\",\n      \"ResourceAttributes\": \"-\"\n    }\n  }\n}",
              "{\n  \"Event\": {\n    \"#attributes\": {\n      \"xmlns\": \"http://schemas.microsoft.com/win/2004/08/events/event\"\n    },\n    \"System\": {\n      \"Provider\": {\n        \"#attributes\": {\n          \"Name\": \"Microsoft-Windows-Security-Auditing\",\n          \"Guid\": \"54849625-5478-4994-A5BA-3E3B0328C30D\"\n        }\n      },\n      \"EventID\": 4663,\n      \"Version\": 1,\n      \"Level\": 0,\n      \"Task\": 12802,\n      \"Opcode\": 0,\n      \"Keywords\": \"0x8020000000000000\",\n      \"TimeCreated\": {\n        \"#attributes\": {\n          \"SystemTime\": \"2020-03-08T22:11:34.340584Z\"\n        }\n      },\n      \"EventRecordID\": 314462,\n      \"Correlation\": null,\n      \"Execution\": {\n        \"#attributes\": {\n          \"ProcessID\": 4,\n          \"ThreadID\": 160\n        }\n      },\n      \"Channel\": \"Security\",\n      \"Computer\": \"MSEDGEWIN10\",\n      \"Security\": null\n    },\n    \"EventData\": {\n      \"SubjectUserSid\": \"S-1-5-21-3461203602-4096304019-2269080069-1000\",\n      \"SubjectUserName\": \"IEUser\",\n      \"SubjectDomainName\": \"MSEDGEWIN10\",\n      \"SubjectLogonId\": \"0x33392\",\n      \"ObjectServer\": \"Security\",\n      \"ObjectType\": \"Process\",\n      \"ObjectName\": \"\\\\Device\\\\HarddiskVolume1\\\\Windows\\\\System32\\\\lsass.exe\",\n      \"HandleId\": \"0x558\",\n      \"AccessList\": \"%%4484\",\n      \"AccessMask\": \"0x10\",\n      \"ProcessId\": \"0x1688\",\n      \"ProcessName\": \"C:\\\\Windows\\\\System32\\\\cscript.exe\",\n      \"ResourceAttributes\": \"-\"\n    }\n  }\n}",
              "{\n  \"Event\": {\n    \"#attributes\": {\n      \"xmlns\": \"http://schemas.microsoft.com/win/2004/08/events/event\"\n    },\n    \"System\": {\n      \"Provider\": {\n        \"#attributes\": {\n          \"Name\": \"Microsoft-Windows-Security-Auditing\",\n          \"Guid\": \"54849625-5478-4994-A5BA-3E3B0328C30D\"\n        }\n      },\n      \"EventID\": 4656,\n      \"Version\": 1,\n      \"Level\": 0,\n      \"Task\": 12802,\n      \"Opcode\": 0,\n      \"Keywords\": \"0x8020000000000000\",\n      \"TimeCreated\": {\n        \"#attributes\": {\n          \"SystemTime\": \"2020-03-08T22:11:34.340479Z\"\n        }\n      },\n      \"EventRecordID\": 314461,\n      \"Correlation\": null,\n      \"Execution\": {\n        \"#attributes\": {\n          \"ProcessID\": 4,\n          \"ThreadID\": 160\n        }\n      },\n      \"Channel\": \"Security\",\n      \"Computer\": \"MSEDGEWIN10\",\n      \"Security\": null\n    },\n    \"EventData\": {\n      \"SubjectUserSid\": \"S-1-5-21-3461203602-4096304019-2269080069-1000\",\n      \"SubjectUserName\": \"IEUser\",\n      \"SubjectDomainName\": \"MSEDGEWIN10\",\n      \"SubjectLogonId\": \"0x33392\",\n      \"ObjectServer\": \"Security\",\n      \"ObjectType\": \"Process\",\n      \"ObjectName\": \"\\\\Device\\\\HarddiskVolume1\\\\Windows\\\\System32\\\\lsass.exe\",\n      \"HandleId\": \"0x558\",\n      \"TransactionId\": \"00000000-0000-0000-0000-000000000000\",\n      \"AccessList\": \"%%1537\\r\\n\\t\\t\\t\\t%%1538\\r\\n\\t\\t\\t\\t%%1539\\r\\n\\t\\t\\t\\t%%1540\\r\\n\\t\\t\\t\\t%%1541\\r\\n\\t\\t\\t\\t%%4480\\r\\n\\t\\t\\t\\t%%4481\\r\\n\\t\\t\\t\\t%%4482\\r\\n\\t\\t\\t\\t%%4483\\r\\n\\t\\t\\t\\t%%4484\\r\\n\\t\\t\\t\\t%%4485\\r\\n\\t\\t\\t\\t%%4486\\r\\n\\t\\t\\t\\t%%4487\\r\\n\\t\\t\\t\\t%%4488\\r\\n\\t\\t\\t\\t%%4489\\r\\n\\t\\t\\t\\t%%4490\\r\\n\\t\\t\\t\\t%%4491\\r\\n\\t\\t\\t\\t%%4492\\r\\n\\t\\t\\t\\t%%4493\",\n      \"AccessReason\": \"-\",\n      \"AccessMask\": \"0x1f3fff\",\n      \"PrivilegeList\": \"-\",\n      \"RestrictedSidCount\": 0,\n      \"ProcessId\": \"0x1688\",\n      \"ProcessName\": \"C:\\\\Windows\\\\System32\\\\cscript.exe\",\n      \"ResourceAttributes\": \"-\"\n    }\n  }\n}",
              "{\n  \"Event\": {\n    \"#attributes\": {\n      \"xmlns\": \"http://schemas.microsoft.com/win/2004/08/events/event\"\n    },\n    \"System\": {\n      \"Provider\": {\n        \"#attributes\": {\n          \"Name\": \"Microsoft-Windows-Security-Auditing\",\n          \"Guid\": \"54849625-5478-4994-A5BA-3E3B0328C30D\"\n        }\n      },\n      \"EventID\": 4663,\n      \"Version\": 1,\n      \"Level\": 0,\n      \"Task\": 12802,\n      \"Opcode\": 0,\n      \"Keywords\": \"0x8020000000000000\",\n      \"TimeCreated\": {\n        \"#attributes\": {\n          \"SystemTime\": \"2020-03-08T22:11:34.340584Z\"\n        }\n      },\n      \"EventRecordID\": 314462,\n      \"Correlation\": null,\n      \"Execution\": {\n        \"#attributes\": {\n          \"ProcessID\": 4,\n          \"ThreadID\": 160\n        }\n      },\n      \"Channel\": \"Security\",\n      \"Computer\": \"MSEDGEWIN10\",\n      \"Security\": null\n    },\n    \"EventData\": {\n      \"SubjectUserSid\": \"S-1-5-21-3461203602-4096304019-2269080069-1000\",\n      \"SubjectUserName\": \"IEUser\",\n      \"SubjectDomainName\": \"MSEDGEWIN10\",\n      \"SubjectLogonId\": \"0x33392\",\n      \"ObjectServer\": \"Security\",\n      \"ObjectType\": \"Process\",\n      \"ObjectName\": \"\\\\Device\\\\HarddiskVolume1\\\\Windows\\\\System32\\\\lsass.exe\",\n      \"HandleId\": \"0x558\",\n      \"AccessList\": \"%%4484\",\n      \"AccessMask\": \"0x10\",\n      \"ProcessId\": \"0x1688\",\n      \"ProcessName\": \"C:\\\\Windows\\\\System32\\\\cscript.exe\",\n      \"ResourceAttributes\": \"-\"\n    }\n  }\n}"
            ],
            "relevant-evidence": []
          }
        ],
        "findings": [
          {
            "uuid": "ec0202af-56da-41b4-8c39-e10f75c82a06",
            "title": "Compliance Deviation: SI-4 [Windows Integrity]",
            "description": "An aggregated security deficiency was detected for control SI-4 [Windows Integrity]. Total incidents: 4.",
            "occurrence-count": 4,
            "incident-id": "83553455-2f56-4177-8d15-8651097ce2a0",
            "target": {
              "target-id": "aegis.sentinel.0",
              "status": {
                "state": "not-satisfied"
              }
            }
          }
        ]
      }
    ]
  }
}