              "{\"tags\":[\"mordorDataset\"],\"@version\":\"1\",\"EventType\":\"AUDIT_SUCCESS\",\"Version\":1,\"ThreadID\":4316,\"EventTime\":\"2020-08-07 10:42:06\",\"Task\":12810,\"DestAddress\":\"169.254.169.254\",\"SourcePort\":\"52810\",\"Channel\":\"Security\",\"SourceName\":\"Microsoft-Windows-Security-Auditing\",\"OpcodeValue\":0,\"Hostname\":\"WORKSTATION5.theshire.local\",\"@timestamp\":\"2020-08-07T14:42:09.192Z\",\"Message\":\"The Windows Filtering Platform has permitted a connection.\\r\\n\\r\\nApplication Information:\\r\\n\\tProcess ID:\\t\\t3472\\r\\n\\tApplication Name:\\t\\\\device\\\\harddiskvolume2\\\\packages\\\\plugins\\\\microsoft.azure.networkwatcher.networkwatcheragentwindows\\\\1.4.1587.1\\\\networkwatcheragent\\\\networkwatcheragent.exe\\r\\n\\r\\nNetwork Information:\\r\\n\\tDirection:\\t\\tOutbound\\r\\n\\tSource Address:\\t\\t172.18.39.5\\r\\n\\tSource Port:\\t\\t52810\\r\\n\\tDestination Address:\\t169.254.169.254\\r\\n\\tDestination Port:\\t\\t80\\r\\n\\tProtocol:\\t\\t6\\r\\n\\r\\nFilter Information:\\r\\n\\tFilter Run-Time ID:\\t69424\\r\\n\\tLayer Name:\\t\\tConnect\\r\\n\\tLayer Run-Time ID:\\t48\",\"Category\":\"Filtering Platform Connection\",\"Opcode\":\"Info\",\"SourceModuleName\":\"eventlog\",\"ProcessId\":\"3472\",\"EventReceivedTime\":\"2020-08-07 10:42:09\",\"port\":60122,\"Application\":\"\\\\device\\\\harddiskvolume2\\\\packages\\\\plugins\\\\microsoft.azure.networkwatcher.networkwatcheragentwindows\\\\1.4.1587.1\\\\networkwatcheragent\\\\networkwatcheragent.exe\",\"ExecutionProcessID\":4,\"Direction\":\"%%14593\",\"RemoteMachineID\":\"S-1-0-0\",\"host\":\"wec.internal.cloudapp.net\",\"DestPort\":\"80\",\"Severity\":\"INFO\",\"LayerRTID\":\"48\",\"LayerName\":\"%%14611\",\"SeverityValue\":2,\"EventID\":5156,\"SourceAddress\":\"172.18.39.5\",\"ProviderGuid\":\"{54849625-5478-4994-A5BA-3E3B0328C30D}\",\"RecordNumber\":203050,\"SourceModuleType\":\"im_msvistalog\",\"Keywords\":-9214364837600034816,\"FilterRTID\":\"69424\",\"Protocol\":\"6\",\"RemoteUserID\":\"S-1-0-0\"}",
              "{\"tags\":[\"mordorDataset\"],\"@version\":\"1\",\"EventType\":\"CreateKey\",\"Version\":2,\"ThreadID\":4208,\"EventTime\":\"2020-08-07 10:42:07\",\"Task\":12,\"AccountType\":\"User\",\"Channel\":\"Microsoft-Windows-Sysmon/Operational\",\"EventTypeOrignal\":\"INFO\",\"SourceName\":\"Microsoft-Windows-Sysmon\",\"Hostname\":\"MORDORDC.theshire.local\",\"@timestamp\":\"2020-08-07T14:42:09.192Z\",\"OpcodeValue\":0,\"Message\":\"Registry object added or deleted:\\r\\nRuleName: -\\r\\nEventType: CreateKey\\r\\nUtcTime: 2020-08-07 14:42:07.097\\r\\nProcessGuid: {9f85ce58-59ed-5f2b-5800-000000000400}\\r\\nProcessId: 3860\\r\\nImage: C:\\\\WindowsAzure\\\\Packages\\\\GuestAgent\\\\WindowsAzureGuestAgent.exe\\r\\nTargetObject: HKU\\\\.DEFAULT\\\\Software\\\\Microsoft\\\\Windows\\\\CurrentVersion\\\\Internet Settings\\\\Connections\",\"SourceModuleName\":\"eventlog\",\"ProcessId\":\"3860\",\"EventReceivedTime\":\"2020-08-07 10:42:09\",\"port\":60122,\"AccountName\":\"SYSTEM\",\"UtcTime\":\"2020-08-07 14:42:07.097\",\"Domain\":\"NT AUTHORITY\",\"ExecutionProcessID\":3888,\"host\":\"wec.internal.cloudapp.net\",\"Severity\":\"INFO\",\"TargetObject\":\"HKU\\\\.DEFAULT\\\\Software\\\\Microsoft\\\\Windows\\\\CurrentVersion\\\\Internet Settings\\\\Connections\",\"SeverityValue\":2,\"EventID\":12,\"UserID\":\"S-1-5-18\",\"ProviderGuid\":\"{5770385F-C22A-43E0-BF4C-06F5698FFBD9}\",\"RecordNumber\":757613,\"Image\":\"C:\\\\WindowsAzure\\\\Packages\\\\GuestAgent\\\\WindowsAzureGuestAgent.exe\",\"Keywords\":-9223372036854775808,\"ProcessGuid\":\"{9f85ce58-59ed-5f2b-5800-000000000400}\",\"SourceModuleType\":\"im_msvistalog\",\"RuleName\":\"-\"}",
              "{\"tags\":[\"mordorDataset\"],\"@version\":\"1\",\"EventType\":\"AUDIT_SUCCESS\",\"Version\":1,\"ThreadID\":1824,\"EventTime\":\"2020-08-07 10:42:07\",\"Task\":12810,\"DestAddress\":\"169.254.169.254\",\"SourcePort\":\"50110\",\"Channel\":\"Security\",\"SourceName\":\"Microsoft-Windows-Security-Auditing\",\"OpcodeValue\":0,\"Hostname\":\"WORKSTATION6.theshire.local\",\"@timestamp\":\"2020-08-07T14:42:09.192Z\",\"Message\":\"The Windows Filtering Platform has permitted a connection.\\r\\n\\r\\nApplication Information:\\r\\n\\tProcess ID:\\t\\t3548\\r\\n\\tApplication Name:\\t\\\\device\\\\harddiskvolume2\\\\packages\\\\plugins\\\\microsoft.azure.networkwatcher.networkwatcheragentwindows\\\\1.4.1587.1\\\\networkwatcheragent\\\\networkwatcheragent.exe\\r\\n\\r\\nNetwork Information:\\r\\n\\tDirection:\\t\\tOutbound\\r\\n\\tSource Address:\\t\\t172.18.39.6\\r\\n\\tSource Port:\\t\\t50110\\r\\n\\tDestination Address:\\t169.254.169.254\\r\\n\\tDestination Port:\\t\\t80\\r\\n\\tProtocol:\\t\\t6\\r\\n\\r\\nFilter Information:\\r\\n\\tFilter Run-Time ID:\\t69426\\r\\n\\tLayer Name:\\t\\tConnect\\r\\n\\tLayer Run-Time ID:\\t48\",\"Category\":\"Filtering Platform Connection\",\"Opcode\":\"Info\",\"SourceModuleName\":\"eventlog\",\"ProcessId\":\"3548\",\"EventReceivedTime\":\"2020-08-07 10:42:09\",\"port\":60122,\"Application\":\"\\\\device\\\\harddiskvolume2\\\\packages\\\\plugins\\\\microsoft.azure.networkwatcher.networkwatcheragentwindows\\\\1.4.1587.1\\\\networkwatcheragent\\\\networkwatcheragent.exe\",\"ExecutionProcessID\":4,\"Direction\":\"%%14593\",\"RemoteMachineID\":\"S-1-0-0\",\"host\":\"wec.internal.cloudapp.net\",\"DestPort\":\"80\",\"Severity\":\"INFO\",\"LayerRTID\":\"48\",\"LayerName\":\"%%14611\",\"SeverityValue\":2,\"EventID\":5156,\"SourceAddress\":\"172.18.39.6\",\"ProviderGuid\":\"{54849625-5478-4994-A5BA-3E3B0328C30D}\",\"RecordNumber\":235604,\"SourceModuleType\":\"im_msvistalog\",\"Keywords\":-9214364837600034816,\"FilterRTID\":\"69426\",\"Protocol\":\"6\",\"RemoteUserID\":\"S-1-0-0\"}",
              "{\"tags\":[\"mordorDataset\"],\"@version\":\"1\",\"EventType\":\"AUDIT_SUCCESS\",\"Version\":1,\"ThreadID\":1824,\"EventTime\":\"2020-08-07 10:42:07\",\"Task\":12810,\"DestAddress\":\"169.254.169.254\",\"SourcePort\":\"50110\",\"Channel\":\"Security\",\"SourceName\":\"Microsoft-Windows-Security-Auditing\",\"OpcodeValue\":0,\"Hostname\":\"WORKSTATION6.theshire.local\",\"@timestamp\":\"2020-08-07T14:42:09.192Z\",\"Message\":\"The Windows Filtering Platform has permitted a connection.\\r\\n\\r\\nApplication Information:\\r\\n\\tProcess ID:\\t\\t3548\\r\\n\\tApplication Name:\\t\\\\device\\\\harddiskvolume2\\\\packages\\\\plugins\\\\microsoft.azure.networkwatcher.networkwatcheragentwindows\\\\1.4.1587.1\\\\networkwatcheragent\\\\networkwatcheragent.exe\\r\\n\\r\\nNetwork Information:\\r\\n\\tDirection:\\t\\tOutbound\\r\\n\\tSource Address:\\t\\t172.18.39.6\\r\\n\\tSource Port:\\t\\t50110\\r\\n\\tDestination Address:\\t169.254.169.254\\r\\n\\tDestination Port:\\t\\t80\\r\\n\\tProtocol:\\t\\t6\\r\\n\\r\\nFilter Information:\\r\\n\\tFilter Run-Time ID:\\t69426\\r\\n\\tLayer Name:\\t\\tConnect\\r\\n\\tLayer Run-Time ID:\\t48\",\"Category\":\"Filtering Platform Connection\",\"Opcode\":\"Info\",\"SourceModuleName\":\"eventlog\",\"ProcessId\":\"3548\",\"EventReceivedTime\":\"2020-08-07 10:42:09\",\"port\":60122,\"Application\":\"\\\\device\\\\harddiskvolume2\\\\packages\\\\plugins\\\\microsoft.azure.networkwatcher.networkwatcheragentwindows\\\\1.4.1587.1\\\\networkwatcheragent\\\\networkwatcheragent.exe\",\"ExecutionProcessID\":4,\"Direction\":\"%%14593\",\"RemoteMachineID\":\"S-1-0-0\",\"host\":\"wec.internal.cloudapp.net\",\"DestPort\":\"80\",\"Severity\":\"INFO\",\"LayerRTID\":\"48\",\"LayerName\":\"%%14611\",\"SeverityValue\":2,\"EventID\":5156,\"SourceAddress\":\"172.18.39.6\",\"ProviderGuid\":\"{54849625-5478-4994-A5BA-3E3B0328C30D}\",\"RecordNumber\":235605,\"SourceModuleType\":\"im_msvistalog\",\"Keywords\":-9214364837600034816,\"FilterRTID\":\"69426\",\"Protocol\":\"6\",\"RemoteUserID\":\"S-1-0-0\"}"
            ],
            "relevant-evidence": []
          }
        ],
        "findings": [
          {
            "uuid": "2034a52d-7521-4d77-9e4f-134f87fe3302",
            "title": "Compliance Deviation: AC-3 [Credential Access]",
            "description": "An aggregated security deficiency was detected for control AC-3 [Credential Access]. Total incidents: 10.",
            "occurrence-count": 10,
            "incident-id": "5562ca33-4213-4e12-aeb8-29cd703e3e72",
            "target": {
              "target-id": "aegis.sentinel.0",
              "status": {
                "state": "not-satisfied"
              }
            }
          },
          {
            "uuid": "4934d925-dc35-4ece-bbe0-dc38b5445d18",
            "title": "Compliance Deviation: AU-9 [Tampering]",
            "description": "An aggregated security deficiency was detected for control AU-9 [Tampering]. Total incidents: 2507.",
            "occurrence-count": 2507,
            "incident-id": "5562ca33-4213-4e12-aeb8-29cd703e3e72",
            "target": {
              "target-id": "aegis.sentinel.0",
              "status": {
                "state": "not-satisfied"
              }
            }
          },
          {
            "uuid": "bc214215-d2a2-4cba-ab5b-7cf35909409e",
            "title": "Compliance Deviation: SI-4 [Windows Integrity]",
            "description": "An aggregated security deficiency was detected for control SI-4 [Windows Integrity]. Total incidents: 4088.",
            "occurrence-count": 4088,
            "incident-id": "5562ca33-4213-4e12-aeb8-29cd703e3e72",
            "target": {
              "target-id": "aegis.sentinel.0",
              "status": {
                "state": "not-satisfied"
              }
            }
          }
        ]
      }
    ]
  }
}