{
  "assessment-results": {
    "uuid": "1e353861-642b-43b8-88e8-0b8b1ca804fc",
    "metadata": {
      "title": "Aegis-Sentinel OSCAL Assessment Results",
      "last-modified": "2026-05-08T14:07:29.227955600-07:00",
      "version": "1.0",
      "oscal-version": "1.1.2"
    },
    "results": [
      {
        "uuid": "37da4f6c-2924-4e9f-b8c3-2288e6d85cfe",
        "title": "Forensic Assessment for Aegis-Sentinel",
        "description": "Aegis-automated audit record (LFA v3) containing 316 signals (Aggregated).",
        "start": "2026-05-08T14:07:29.227949200-07:00",
        "observations": [
          {
            "uuid": "3ce437a6-cc40-4f23-a8e6-28d1de819581",
            "description": "NIST Control Capture: AC-3 [Identity Infrastructure]",
            "methods": [
              "EXAMINE",
              "TEST"
            ],
            "occurrence-count": 17,
            "sample-evidence": [
              "<Event xmlns='http://schemas.microsoft.com/win/2004/08/events/event'><System><Provider Name='Microsoft-Windows-Sysmon' Guid='{5770385F-C22A-43E0-BF4C-06F5698FFBD9}'/><EventID>23</EventID><Version>5</Version><Level>4</Level><Task>23</Task><Opcode>0</Opcode><Keywords>0x8000000000000000</Keywords><TimeCreated SystemTime='2021-05-13T17:58:12.297657200Z'/><EventRecordID>553355</EventRecordID><Correlation/><Execution ProcessID='1544' ThreadID='2712'/><Channel>Microsoft-Windows-Sysmon/Operational</Channel><Computer>win-host-681.attackrange.local</Computer><Security UserID='S-1-5-18'/></System><EventData><Data Name='RuleName'>-</Data><Data Name='UtcTime'>2021-05-13 17:58:12.294</Data><Data Name='ProcessGuid'>{E1BD9FC2-D343-609A-D400-00000000BB01}</Data><Data Name='ProcessId'>2696</Data><Data Name='User'>NT AUTHORITY\\SYSTEM</Data><Data Name='Image'>C:\\Program Files\\SplunkUniversalForwarder\\bin\\splunk-winevtlog.exe</Data><Data Name='TargetFilename'>C:\\Program Files\\SplunkUniversalForwarder\\var\\lib\\splunk\\modinputs\\WinEventLog\\Microsoft-Windows-Sysmon_Operational</Data><Data Name='Hashes'>MD5=50609981D96232C57539F6DCC9513BA7,SHA256=CA795CF41A5E35DD2CEFCF521D55D0B9DAF1A6E54887B709036B2057E1BDC0DD,IMPHASH=00000000000000000000000000000000</Data><Data Name='IsExecutable'>false</Data><Data Name='Archived'>true</Data></EventData></Event>",
              "<Event xmlns='http://schemas.microsoft.com/win/2004/08/events/event'><System><Provider Name='Microsoft-Windows-Sysmon' Guid='{5770385F-C22A-43E0-BF4C-06F5698FFBD9}'/><EventID>23</EventID><Version>5</Version><Level>4</Level><Task>23</Task><Opcode>0</Opcode><Keywords>0x8000000000000000</Keywords><TimeCreated SystemTime='2021-05-13T17:59:10.287403300Z'/><EventRecordID>651904</EventRecordID><Correlation/><Execution ProcessID='1572' ThreadID='1972'/><Channel>Microsoft-Windows-Sysmon/Operational</Channel><Computer>win-dc-18.attackrange.local</Computer><Security UserID='S-1-5-18'/></System><EventData><Data Name='RuleName'>-</Data><Data Name='UtcTime'>2021-05-13 17:59:10.287</Data><Data Name='ProcessGuid'>{7B03F3B2-5130-609D-6950-00000000BA01}</Data><Data Name='ProcessId'>7212</Data><Data Name='User'>NT AUTHORITY\\SYSTEM</Data><Data Name='Image'>C:\\Program Files\\SplunkUniversalForwarder\\bin\\splunk-winevtlog.exe</Data><Data Name='TargetFilename'>C:\\Program Files\\SplunkUniversalForwarder\\var\\lib\\splunk\\modinputs\\WinEventLog\\Microsoft-Windows-Sysmon_Operational</Data><Data Name='Hashes'>MD5=15EC7C1B3CD00E51DB63776AE4B0B057,SHA256=5F5C702F54BCE3DA7DA421C6AAD58793700E8A7B5488764088814BAC636BB969,IMPHASH=00000000000000000000000000000000</Data><Data Name='IsExecutable'>false</Data><Data Name='Archived'>true</Data></EventData></Event>",
              "<Event xmlns='http://schemas.microsoft.com/win/2004/08/events/event'><System><Provider Name='Microsoft-Windows-Sysmon' Guid='{5770385F-C22A-43E0-BF4C-06F5698FFBD9}'/><EventID>13</EventID><Version>2</Version><Level>4</Level><Task>13</Task><Opcode>0</Opcode><Keywords>0x8000000000000000</Keywords><TimeCreated SystemTime='2021-05-13T18:00:59.248865400Z'/><EventRecordID>652301</EventRecordID><Correlation/><Execution ProcessID='1572' ThreadID='1972'/><Channel>Microsoft-Windows-Sysmon/Operational</Channel><Computer>win-dc-18.attackrange.local</Computer><Security UserID='S-1-5-18'/></System><EventData><Data Name='RuleName'>-</Data><Data Name='EventType'>SetValue</Data><Data Name='UtcTime'>2021-05-13 18:00:59.246</Data><Data Name='ProcessGuid'>{7B03F3B2-D0C8-609A-0B00-00000000BA01}</Data><Data Name='ProcessId'>632</Data><Data Name='Image'>C:\\Windows\\system32\\lsass.exe</Data><Data Name='TargetObject'>HKLM\\System\\CurrentControlSet\\Services\\W32Time\\SecureTimeLimits\\RunTime\\SecureTimeConfidence</Data><Data Name='Details'>DWORD (0x00000006)</Data></EventData></Event>",
              "<Event xmlns='http://schemas.microsoft.com/win/2004/08/events/event'><System><Provider Name='Microsoft-Windows-Sysmon' Guid='{5770385F-C22A-43E0-BF4C-06F5698FFBD9}'/><EventID>23</EventID><Version>5</Version><Level>4</Level><Task>23</Task><Opcode>0</Opcode><Keywords>0x8000000000000000</Keywords><TimeCreated SystemTime='2021-05-13T18:01:29.992214000Z'/><EventRecordID>652389</EventRecordID><Correlation/><Execution ProcessID='1572' ThreadID='1972'/><Channel>Microsoft-Windows-Sysmon/Operational</Channel><Computer>win-dc-18.attackrange.local</Computer><Security UserID='S-1-5-18'/></System><EventData><Data Name='RuleName'>-</Data><Data Name='UtcTime'>2021-05-13 18:01:29.991</Data><Data Name='ProcessGuid'>{7B03F3B2-5130-609D-6950-00000000BA01}</Data><Data Name='ProcessId'>7212</Data><Data Name='User'>NT AUTHORITY\\SYSTEM</Data><Data Name='Image'>C:\\Program Files\\SplunkUniversalForwarder\\bin\\splunk-winevtlog.exe</Data><Data Name='TargetFilename'>C:\\Program Files\\SplunkUniversalForwarder\\var\\lib\\splunk\\modinputs\\WinEventLog\\Microsoft-Windows-Sysmon_Operational</Data><Data Name='Hashes'>MD5=A940BF730F9FFCFBB91AD18588ACE2E6,SHA256=74198A189C142FC82D71EBEEBD374AE6DC0F79D790FC54886A02C4417C5AFB90,IMPHASH=00000000000000000000000000000000</Data><Data Name='IsExecutable'>false</Data><Data Name='Archived'>true</Data></EventData></Event>",
              "<Event xmlns='http://schemas.microsoft.com/win/2004/08/events/event'><System><Provider Name='Microsoft-Windows-Sysmon' Guid='{5770385F-C22A-43E0-BF4C-06F5698FFBD9}'/><EventID>23</EventID><Version>5</Version><Level>4</Level><Task>23</Task><Opcode>0</Opcode><Keywords>0x8000000000000000</Keywords><TimeCreated SystemTime='2021-05-13T18:01:46.160459200Z'/><EventRecordID>652422</EventRecordID><Correlation/><Execution ProcessID='1572' ThreadID='1972'/><Channel>Microsoft-Windows-Sysmon/Operational</Channel><Computer>win-dc-18.attackrange.local</Computer><Security UserID='S-1-5-18'/></System><EventData><Data Name='RuleName'>-</Data><Data Name='UtcTime'>2021-05-13 18:01:46.160</Data><Data Name='ProcessGuid'>{7B03F3B2-5130-609D-6950-00000000BA01}</Data><Data Name='ProcessId'>7212</Data><Data Name='User'>NT AUTHORITY\\SYSTEM</Data><Data Name='Image'>C:\\Program Files\\SplunkUniversalForwarder\\bin\\splunk-winevtlog.exe</Data><Data Name='TargetFilename'>C:\\Program Files\\SplunkUniversalForwarder\\var\\lib\\splunk\\modinputs\\WinEventLog\\Security</Data><Data Name='Hashes'>MD5=620E1A9CC80C94F2249EC4B12E8E21B8,SHA256=BC0F49BADA7F8391A8934887DA5CE512A51E7E62E0C8FF4690123933CF8BBEB1,IMPHASH=00000000000000000000000000000000</Data><Data Name='IsExecutable'>false</Data><Data Name='Archived'>true</Data></EventData></Event>",
              "<Event xmlns='http://schemas.microsoft.com/win/2004/08/events/event'><System><Provider Name='Microsoft-Windows-Sysmon' Guid='{5770385F-C22A-43E0-BF4C-06F5698FFBD9}'/><EventID>23</EventID><Version>5</Version><Level>4</Level><Task>23</Task><Opcode>0</Opcode><Keywords>0x8000000000000000</Keywords><TimeCreated SystemTime='2021-05-13T18:06:49.665324000Z'/><EventRecordID>653398</EventRecordID><Correlation/><Execution ProcessID='1572' ThreadID='1972'/><Channel>Microsoft-Windows-Sysmon/Operational</Channel><Computer>win-dc-18.attackrange.local</Computer><Security UserID='S-1-5-18'/></System><EventData><Data Name='RuleName'>-</Data><Data Name='UtcTime'>2021-05-13 18:06:49.665</Data><Data Name='ProcessGuid'>{7B03F3B2-5130-609D-6950-00000000BA01}</Data><Data Name='ProcessId'>7212</Data><Data Name='User'>NT AUTHORITY\\SYSTEM</Data><Data Name='Image'>C:\\Program Files\\SplunkUniversalForwarder\\bin\\splunk-winevtlog.exe</Data><Data Name='TargetFilename'>C:\\Program Files\\SplunkUniversalForwarder\\var\\lib\\splunk\\modinputs\\WinEventLog\\Security</Data><Data Name='Hashes'>MD5=46974DBA5D48E744BAB6A94A4887B53B,SHA256=0768FD73D69392B00061400FDFB7D76E275D5107242E9E7199C07129664AC992,IMPHASH=00000000000000000000000000000000</Data><Data Name='IsExecutable'>false</Data><Data Name='Archived'>true</Data></EventData></Event>",
              "<Event xmlns='http://schemas.microsoft.com/win/2004/08/events/event'><System><Provider Name='Microsoft-Windows-Sysmon' Guid='{5770385F-C22A-43E0-BF4C-06F5698FFBD9}'/><EventID>23</EventID><Version>5</Version><Level>4</Level><Task>23</Task><Opcode>0</Opcode><Keywords>0x8000000000000000</Keywords><TimeCreated SystemTime='2021-05-13T18:07:06.601278000Z'/><EventRecordID>653444</EventRecordID><Correlation/><Execution ProcessID='1572' ThreadID='1972'/><Channel>Microsoft-Windows-Sysmon/Operational</Channel><Computer>win-dc-18.attackrange.local</Computer><Security UserID='S-1-5-18'/></System><EventData><Data Name='RuleName'>-</Data><Data Name='UtcTime'>2021-05-13 18:07:06.600</Data><Data Name='ProcessGuid'>{7B03F3B2-5130-609D-6950-00000000BA01}</Data><Data Name='ProcessId'>7212</Data><Data Name='User'>NT AUTHORITY\\SYSTEM</Data><Data Name='Image'>C:\\Program Files\\SplunkUniversalForwarder\\bin\\splunk-winevtlog.exe</Data><Data Name='TargetFilename'>C:\\Program Files\\SplunkUniversalForwarder\\var\\lib\\splunk\\modinputs\\WinEventLog\\Microsoft-Windows-Sysmon_Operational</Data><Data Name='Hashes'>MD5=BA5558B4DFEE6CE2CF6283894FF5C6C1,SHA256=D84CC41EAEEDCE9851EEE02EA2F1416772AE872A6DA68F407476E26083304887,IMPHASH=00000000000000000000000000000000</Data><Data Name='IsExecutable'>false</Data><Data Name='Archived'>true</Data></EventData></Event>",
              "<Event xmlns='http://schemas.microsoft.com/win/2004/08/events/event'><System><Provider Name='Microsoft-Windows-Sysmon' Guid='{5770385F-C22A-43E0-BF4C-06F5698FFBD9}'/><EventID>23</EventID><Version>5</Version><Level>4</Level><Task>23</Task><Opcode>0</Opcode><Keywords>0x8000000000000000</Keywords><TimeCreated SystemTime='2021-05-13T18:09:16.096674400Z'/><EventRecordID>555508</EventRecordID><Correlation/><Execution ProcessID='1544' ThreadID='2712'/><Channel>Microsoft-Windows-Sysmon/Operational</Channel><Computer>win-host-681.attackrange.local</Computer><Security UserID='S-1-5-18'/></System><EventData><Data Name='RuleName'>-</Data><Data Name='UtcTime'>2021-05-13 18:09:16.093</Data><Data Name='ProcessGuid'>{E1BD9FC2-D343-609A-D400-00000000BB01}</Data><Data Name='ProcessId'>2696</Data><Data Name='User'>NT AUTHORITY\\SYSTEM</Data><Data Name='Image'>C:\\Program Files\\SplunkUniversalForwarder\\bin\\splunk-winevtlog.exe</Data><Data Name='TargetFilename'>C:\\Program Files\\SplunkUniversalForwarder\\var\\lib\\splunk\\modinputs\\WinEventLog\\Microsoft-Windows-Sysmon_Operational</Data><Data Name='Hashes'>MD5=379724A8DACE77A00940BB968CD04F00,SHA256=300984F378DF79E3E0BC8999208CF791739488722286DF0867A4B31E309D2831,IMPHASH=00000000000000000000000000000000</Data><Data Name='IsExecutable'>false</Data><Data Name='Archived'>true</Data></EventData></Event>",
              "<Event xmlns='http://schemas.microsoft.com/win/2004/08/events/event'><System><Provider Name='Microsoft-Windows-Sysmon' Guid='{5770385F-C22A-43E0-BF4C-06F5698FFBD9}'/><EventID>23</EventID><Version>5</Version><Level>4</Level><Task>23</Task><Opcode>0</Opcode><Keywords>0x8000000000000000</Keywords><TimeCreated SystemTime='2021-05-13T18:09:43.915498500Z'/><EventRecordID>653857</EventRecordID><Correlation/><Execution ProcessID='1572' ThreadID='1972'/><Channel>Microsoft-Windows-Sysmon/Operational</Channel><Computer>win-dc-18.attackrange.local</Computer><Security UserID='S-1-5-18'/></System><EventData><Data Name='RuleName'>-</Data><Data Name='UtcTime'>2021-05-13 18:09:43.915</Data><Data Name='ProcessGuid'>{7B03F3B2-5130-609D-6950-00000000BA01}</Data><Data Name='ProcessId'>7212</Data><Data Name='User'>NT AUTHORITY\\SYSTEM</Data><Data Name='Image'>C:\\Program Files\\SplunkUniversalForwarder\\bin\\splunk-winevtlog.exe</Data><Data Name='TargetFilename'>C:\\Program Files\\SplunkUniversalForwarder\\var\\lib\\splunk\\modinputs\\WinEventLog\\Microsoft-Windows-Sysmon_Operational</Data><Data Name='Hashes'>MD5=05204F935244B81C65A884292008A43D,SHA256=D6ED05CF2CD65F8CA5246B14887881C50220BDB817A557FE701889B3968E5D4E,IMPHASH=00000000000000000000000000000000</Data><Data Name='IsExecutable'>false</Data><Data Name='Archived'>true</Data></EventData></Event>",
              "<Event xmlns='http://schemas.microsoft.com/win/2004/08/events/event'><System><Provider Name='Microsoft-Windows-Sysmon' Guid='{5770385F-C22A-43E0-BF4C-06F5698FFBD9}'/><EventID>23</EventID><Version>5</Version><Level>4</Level><Task>23</Task><Opcode>0</Opcode><Keywords>0x8000000000000000</Keywords><TimeCreated SystemTime='2021-05-13T18:10:04.344887900Z'/><EventRecordID>653983</EventRecordID><Correlation/><Execution ProcessID='1572' ThreadID='1972'/><Channel>Microsoft-Windows-Sysmon/Operational</Channel><Computer>win-dc-18.attackrange.local</Computer><Security UserID='S-1-5-18'/></System><EventData><Data Name='RuleName'>-</Data><Data Name='UtcTime'>2021-05-13 18:10:04.344</Data><Data Name='ProcessGuid'>{7B03F3B2-5130-609D-6950-00000000BA01}</Data><Data Name='ProcessId'>7212</Data><Data Name='User'>NT AUTHORITY\\SYSTEM</Data><Data Name='Image'>C:\\Program Files\\SplunkUniversalForwarder\\bin\\splunk-winevtlog.exe</Data><Data Name='TargetFilename'>C:\\Program Files\\SplunkUniversalForwarder\\var\\lib\\splunk\\modinputs\\WinEventLog\\Microsoft-Windows-Sysmon_Operational</Data><Data Name='Hashes'>MD5=2F8118F18B70E85047DDF31F4F3DFADD,SHA256=BE67DFB5249A270959ADD0DFACC73421CF235E973C72947BB2A89DDD73CD92D8,IMPHASH=00000000000000000000000000000000</Data><Data Name='IsExecutable'>false</Data><Data Name='Archived'>true</Data></EventData></Event>"
            ],
            "relevant-evidence": []
          },
          {
            "uuid": "17a81f2e-5eb1-448a-92d3-e9b622c52727",
            "description": "NIST Control Capture: AU-9 [Tampering]",
            "methods": [
              "EXAMINE",
              "TEST"
            ],
            "occurrence-count": 243,
            "sample-evidence": [
              "<Event xmlns='http://schemas.microsoft.com/win/2004/08/events/event'><System><Provider Name='Microsoft-Windows-Sysmon' Guid='{5770385F-C22A-43E0-BF4C-06F5698FFBD9}'/><EventID>3</EventID><Version>5</Version><Level>4</Level><Task>3</Task><Opcode>0</Opcode><Keywords>0x8000000000000000</Keywords><TimeCreated SystemTime='2021-05-13T17:57:23.311241800Z'/><EventRecordID>651547</EventRecordID><Correlation/><Execution ProcessID='1572' ThreadID='2924'/><Channel>Microsoft-Windows-Sysmon/Operational</Channel><Computer>win-dc-18.attackrange.local</Computer><Security UserID='S-1-5-18'/></System><EventData><Data Name='RuleName'>-</Data><Data Name='UtcTime'>2021-05-13 17:57:21.322</Data><Data Name='ProcessGuid'>{7B03F3B2-5129-609D-6050-00000000BA01}</Data><Data Name='ProcessId'>7104</Data><Data Name='Image'>C:\\Program Files\\SplunkUniversalForwarder\\etc\\apps\\Splunk_TA_stream\\windows_x86_64\\bin\\streamfwd.exe</Data><Data Name='User'>NT AUTHORITY\\SYSTEM</Data><Data Name='Protocol'>tcp</Data><Data Name='Initiated'>true</Data><Data Name='SourceIsIpv6'>false</Data><Data Name='SourceIp'>10.0.1.14</Data><Data Name='SourceHostname'>win-dc-18.attackrange.local</Data><Data Name='SourcePort'>65086</Data><Data Name='SourcePortName'>-</Data><Data Name='DestinationIsIpv6'>false</Data><Data Name='DestinationIp'>10.0.1.12</Data><Data Name='DestinationHostname'>-</Data><Data Name='DestinationPort'>8000</Data><Data Name='DestinationPortName'>-</Data></EventData></Event>",
              "<Event xmlns='http://schemas.microsoft.com/win/2004/08/events/event'><System><Provider Name='Microsoft-Windows-Sysmon' Guid='{5770385F-C22A-43E0-BF4C-06F5698FFBD9}'/><EventID>3</EventID><Version>5</Version><Level>4</Level><Task>3</Task><Opcode>0</Opcode><Keywords>0x8000000000000000</Keywords><TimeCreated SystemTime='2021-05-13T17:57:28.700784700Z'/><EventRecordID>651558</EventRecordID><Correlation/><Execution ProcessID='1572' ThreadID='2924'/><Channel>Microsoft-Windows-Sysmon/Operational</Channel><Computer>win-dc-18.attackrange.local</Computer><Security UserID='S-1-5-18'/></System><EventData><Data Name='RuleName'>-</Data><Data Name='UtcTime'>2021-05-13 17:57:26.349</Data><Data Name='ProcessGuid'>{7B03F3B2-5129-609D-6050-00000000BA01}</Data><Data Name='ProcessId'>7104</Data><Data Name='Image'>C:\\Program Files\\SplunkUniversalForwarder\\etc\\apps\\Splunk_TA_stream\\windows_x86_64\\bin\\streamfwd.exe</Data><Data Name='User'>NT AUTHORITY\\SYSTEM</Data><Data Name='Protocol'>tcp</Data><Data Name='Initiated'>true</Data><Data Name='SourceIsIpv6'>false</Data><Data Name='SourceIp'>10.0.1.14</Data><Data Name='SourceHostname'>win-dc-18.attackrange.local</Data><Data Name='SourcePort'>65089</Data><Data Name='SourcePortName'>-</Data><Data Name='DestinationIsIpv6'>false</Data><Data Name='DestinationIp'>10.0.1.12</Data><Data Name='DestinationHostname'>-</Data><Data Name='DestinationPort'>8000</Data><Data Name='DestinationPortName'>-</Data></EventData></Event>",
              "<Event xmlns='http://schemas.microsoft.com/win/2004/08/events/event'><System><Provider Name='Microsoft-Windows-Sysmon' Guid='{5770385F-C22A-43E0-BF4C-06F5698FFBD9}'/><EventID>3</EventID><Version>5</Version><Level>4</Level><Task>3</Task><Opcode>0</Opcode><Keywords>0x8000000000000000</Keywords><TimeCreated SystemTime='2021-05-13T17:57:33.560727000Z'/><EventRecordID>651566</EventRecordID><Correlation/><Execution ProcessID='1572' ThreadID='2924'/><Channel>Microsoft-Windows-Sysmon/Operational</Channel><Computer>win-dc-18.attackrange.local</Computer><Security UserID='S-1-5-18'/></System><EventData><Data Name='RuleName'>-</Data><Data Name='UtcTime'>2021-05-13 17:57:31.438</Data><Data Name='ProcessGuid'>{7B03F3B2-5129-609D-6050-00000000BA01}</Data><Data Name='ProcessId'>7104</Data><Data Name='Image'>C:\\Program Files\\SplunkUniversalForwarder\\etc\\apps\\Splunk_TA_stream\\windows_x86_64\\bin\\streamfwd.exe</Data><Data Name='User'>NT AUTHORITY\\SYSTEM</Data><Data Name='Protocol'>tcp</Data><Data Name='Initiated'>true</Data><Data Name='SourceIsIpv6'>false</Data><Data Name='SourceIp'>10.0.1.14</Data><Data Name='SourceHostname'>win-dc-18.attackrange.local</Data><Data Name='SourcePort'>65090</Data><Data Name='SourcePortName'>-</Data><Data Name='DestinationIsIpv6'>false</Data><Data Name='DestinationIp'>10.0.1.12</Data><Data Name='DestinationHostname'>-</Data><Data Name='DestinationPort'>8000</Data><Data Name='DestinationPortName'>-</Data></EventData></Event>",
              "<Event xmlns='http://schemas.microsoft.com/win/2004/08/events/event'><System><Provider Name='Microsoft-Windows-Sysmon' Guid='{5770385F-C22A-43E0-BF4C-06F5698FFBD9}'/><EventID>23</EventID><Version>5</Version><Level>4</Level><Task>23</Task><Opcode>0</Opcode><Keywords>0x8000000000000000</Keywords><TimeCreated SystemTime='2021-05-13T17:57:35.844610400Z'/><EventRecordID>651570</EventRecordID><Correlation/><Execution ProcessID='1572' ThreadID='1972'/><Channel>Microsoft-Windows-Sysmon/Operational</Channel><Computer>win-dc-18.attackrange.local</Computer><Security UserID='S-1-5-18'/></System><EventData><Data Name='RuleName'>-</Data><Data Name='UtcTime'>2021-05-13 17:57:35.844</Data><Data Name='ProcessGuid'>{7B03F3B2-5130-609D-6950-00000000BA01}</Data><Data Name='ProcessId'>7212</Data><Data Name='User'>NT AUTHORITY\\SYSTEM</Data><Data Name='Image'>C:\\Program Files\\SplunkUniversalForwarder\\bin\\splunk-winevtlog.exe</Data><Data Name='TargetFilename'>C:\\Program Files\\SplunkUniversalForwarder\\var\\lib\\splunk\\modinputs\\WinEventLog\\Microsoft-Windows-Sysmon_Operational</Data><Data Name='Hashes'>MD5=40C4B2DA477CE2B6C332B4120EBBAC04,SHA256=C5039082D0EA2682872706A2B8C56F0D9F263552432950AA08FE479277598B69,IMPHASH=00000000000000000000000000000000</Data><Data Name='IsExecutable'>false</Data><Data Name='Archived'>true</Data></EventData></Event>",
              "<Event xmlns='http://schemas.microsoft.com/win/2004/08/events/event'><System><Provider Name='Microsoft-Windows-Sysmon' Guid='{5770385F-C22A-43E0-BF4C-06F5698FFBD9}'/><EventID>3</EventID><Version>5</Version><Level>4</Level><Task>3</Task><Opcode>0</Opcode><Keywords>0x8000000000000000</Keywords><TimeCreated SystemTime='2021-05-13T17:57:37.903726400Z'/><EventRecordID>651575</EventRecordID><Correlation/><Execution ProcessID='1572' ThreadID='2924'/><Channel>Microsoft-Windows-Sysmon/Operational</Channel><Computer>win-dc-18.attackrange.local</Computer><Security UserID='S-1-5-18'/></System><EventData><Data Name='RuleName'>-</Data><Data Name='UtcTime'>2021-05-13 17:57:36.461</Data><Data Name='ProcessGuid'>{7B03F3B2-5129-609D-6050-00000000BA01}</Data><Data Name='ProcessId'>7104</Data><Data Name='Image'>C:\\Program Files\\SplunkUniversalForwarder\\etc\\apps\\Splunk_TA_stream\\windows_x86_64\\bin\\streamfwd.exe</Data><Data Name='User'>NT AUTHORITY\\SYSTEM</Data><Data Name='Protocol'>tcp</Data><Data Name='Initiated'>true</Data><Data Name='SourceIsIpv6'>false</Data><Data Name='SourceIp'>10.0.1.14</Data><Data Name='SourceHostname'>win-dc-18.attackrange.local</Data><Data Name='SourcePort'>65091</Data><Data Name='SourcePortName'>-</Data><Data Name='DestinationIsIpv6'>false</Data><Data Name='DestinationIp'>10.0.1.12</Data><Data Name='DestinationHostname'>-</Data><Data Name='DestinationPort'>8000</Data><Data Name='DestinationPortName'>-</Data></EventData></Event>",
              "<Event xmlns='http://schemas.microsoft.com/win/2004/08/events/event'><System><Provider Name='Microsoft-Windows-Sysmon' Guid='{5770385F-C22A-43E0-BF4C-06F5698FFBD9}'/><EventID>3</EventID><Version>5</Version><Level>4</Level><Task>3</Task><Opcode>0</Opcode><Keywords>0x8000000000000000</Keywords><TimeCreated SystemTime='2021-05-13T18:12:10.838361300Z'/><EventRecordID>654508</EventRecordID><Correlation/><Execution ProcessID='1572' ThreadID='2924'/><Channel>Microsoft-Windows-Sysmon/Operational</Channel><Computer>win-dc-18.attackrange.local</Computer><Security UserID='S-1-5-18'/></System><EventData><Data Name='RuleName'>-</Data><Data Name='UtcTime'>2021-05-13 18:12:08.492</Data><Data Name='ProcessGuid'>{7B03F3B2-5129-609D-6050-00000000BA01}</Data><Data Name='ProcessId'>7104</Data><Data Name='Image'>C:\\Program Files\\SplunkUniversalForwarder\\etc\\apps\\Splunk_TA_stream\\windows_x86_64\\bin\\streamfwd.exe</Data><Data Name='User'>NT AUTHORITY\\SYSTEM</Data><Data Name='Protocol'>tcp</Data><Data Name='Initiated'>true</Data><Data Name='SourceIsIpv6'>false</Data><Data Name='SourceIp'>10.0.1.14</Data><Data Name='SourceHostname'>win-dc-18.attackrange.local</Data><Data Name='SourcePort'>65326</Data><Data Name='SourcePortName'>-</Data><Data Name='DestinationIsIpv6'>false</Data><Data Name='DestinationIp'>10.0.1.12</Data><Data Name='DestinationHostname'>-</Data><Data Name='DestinationPort'>8000</Data><Data Name='DestinationPortName'>-</Data></EventData></Event>",
              "<Event xmlns='http://schemas.microsoft.com/win/2004/08/events/event'><System><Provider Name='Microsoft-Windows-Sysmon' Guid='{5770385F-C22A-43E0-BF4C-06F5698FFBD9}'/><EventID>3</EventID><Version>5</Version><Level>4</Level><Task>3</Task><Opcode>0</Opcode><Keywords>0x8000000000000000</Keywords><TimeCreated SystemTime='2021-05-13T18:12:15.994529000Z'/><EventRecordID>654517</EventRecordID><Correlation/><Execution ProcessID='1572' ThreadID='2924'/><Channel>Microsoft-Windows-Sysmon/Operational</Channel><Computer>win-dc-18.attackrange.local</Computer><Security UserID='S-1-5-18'/></System><EventData><Data Name='RuleName'>-</Data><Data Name='UtcTime'>2021-05-13 18:12:14.281</Data><Data Name='ProcessGuid'>{7B03F3B2-5129-609D-6050-00000000BA01}</Data><Data Name='ProcessId'>7104</Data><Data Name='Image'>C:\\Program Files\\SplunkUniversalForwarder\\etc\\apps\\Splunk_TA_stream\\windows_x86_64\\bin\\streamfwd.exe</Data><Data Name='User'>NT AUTHORITY\\SYSTEM</Data><Data Name='Protocol'>tcp</Data><Data Name='Initiated'>true</Data><Data Name='SourceIsIpv6'>false</Data><Data Name='SourceIp'>10.0.1.14</Data><Data Name='SourceHostname'>win-dc-18.attackrange.local</Data><Data Name='SourcePort'>65327</Data><Data Name='SourcePortName'>-</Data><Data Name='DestinationIsIpv6'>false</Data><Data Name='DestinationIp'>10.0.1.12</Data><Data Name='DestinationHostname'>-</Data><Data Name='DestinationPort'>8000</Data><Data Name='DestinationPortName'>-</Data></EventData></Event>",
              "<Event xmlns='http://schemas.microsoft.com/win/2004/08/events/event'><System><Provider Name='Microsoft-Windows-Sysmon' Guid='{5770385F-C22A-43E0-BF4C-06F5698FFBD9}'/><EventID>23</EventID><Version>5</Version><Level>4</Level><Task>23</Task><Opcode>0</Opcode><Keywords>0x8000000000000000</Keywords><TimeCreated SystemTime='2021-05-13T18:12:15.935439500Z'/><EventRecordID>654516</EventRecordID><Correlation/><Execution ProcessID='1572' ThreadID='1972'/><Channel>Microsoft-Windows-Sysmon/Operational</Channel><Computer>win-dc-18.attackrange.local</Computer><Security UserID='S-1-5-18'/></System><EventData><Data Name='RuleName'>-</Data><Data Name='UtcTime'>2021-05-13 18:12:15.934</Data><Data Name='ProcessGuid'>{7B03F3B2-5130-609D-6950-00000000BA01}</Data><Data Name='ProcessId'>7212</Data><Data Name='User'>NT AUTHORITY\\SYSTEM</Data><Data Name='Image'>C:\\Program Files\\SplunkUniversalForwarder\\bin\\splunk-winevtlog.exe</Data><Data Name='TargetFilename'>C:\\Program Files\\SplunkUniversalForwarder\\var\\lib\\splunk\\modinputs\\WinEventLog\\Microsoft-Windows-Sysmon_Operational</Data><Data Name='Hashes'>MD5=2A57633AEB92F09B6BE43FD3AC1045FD,SHA256=1B39D158B44732A216002CD1C816C2BED4B907A5FDCBB56BBED21F9258C52555,IMPHASH=00000000000000000000000000000000</Data><Data Name='IsExecutable'>false</Data><Data Name='Archived'>true</Data></EventData></Event>",
              "<Event xmlns='http://schemas.microsoft.com/win/2004/08/events/event'><System><Provider Name='Microsoft-Windows-Sysmon' Guid='{5770385F-C22A-43E0-BF4C-06F5698FFBD9}'/><EventID>3</EventID><Version>5</Version><Level>4</Level><Task>3</Task><Opcode>0</Opcode><Keywords>0x8000000000000000</Keywords><TimeCreated SystemTime='2021-05-13T18:12:20.930439500Z'/><EventRecordID>654531</EventRecordID><Correlation/><Execution ProcessID='1572' ThreadID='2924'/><Channel>Microsoft-Windows-Sysmon/Operational</Channel><Computer>win-dc-18.attackrange.local</Computer><Security UserID='S-1-5-18'/></System><EventData><Data Name='RuleName'>-</Data><Data Name='UtcTime'>2021-05-13 18:12:19.356</Data><Data Name='ProcessGuid'>{7B03F3B2-5129-609D-6050-00000000BA01}</Data><Data Name='ProcessId'>7104</Data><Data Name='Image'>C:\\Program Files\\SplunkUniversalForwarder\\etc\\apps\\Splunk_TA_stream\\windows_x86_64\\bin\\streamfwd.exe</Data><Data Name='User'>NT AUTHORITY\\SYSTEM</Data><Data Name='Protocol'>tcp</Data><Data Name='Initiated'>true</Data><Data Name='SourceIsIpv6'>false</Data><Data Name='SourceIp'>10.0.1.14</Data><Data Name='SourceHostname'>win-dc-18.attackrange.local</Data><Data Name='SourcePort'>65328</Data><Data Name='SourcePortName'>-</Data><Data Name='DestinationIsIpv6'>false</Data><Data Name='DestinationIp'>10.0.1.12</Data><Data Name='DestinationHostname'>-</Data><Data Name='DestinationPort'>8000</Data><Data Name='DestinationPortName'>-</Data></EventData></Event>",
              "<Event xmlns='http://schemas.microsoft.com/win/2004/08/events/event'><System><Provider Name='Microsoft-Windows-Sysmon' Guid='{5770385F-C22A-43E0-BF4C-06F5698FFBD9}'/><EventID>23</EventID><Version>5</Version><Level>4</Level><Task>23</Task><Opcode>0</Opcode><Keywords>0x8000000000000000</Keywords><TimeCreated SystemTime='2021-05-13T18:12:22.019410400Z'/><EventRecordID>654533</EventRecordID><Correlation/><Execution ProcessID='1572' ThreadID='1972'/><Channel>Microsoft-Windows-Sysmon/Operational</Channel><Computer>win-dc-18.attackrange.local</Computer><Security UserID='S-1-5-18'/></System><EventData><Data Name='RuleName'>-</Data><Data Name='UtcTime'>2021-05-13 18:12:22.018</Data><Data Name='ProcessGuid'>{7B03F3B2-5130-609D-6950-00000000BA01}</Data><Data Name='ProcessId'>7212</Data><Data Name='User'>NT AUTHORITY\\SYSTEM</Data><Data Name='Image'>C:\\Program Files\\SplunkUniversalForwarder\\bin\\splunk-winevtlog.exe</Data><Data Name='TargetFilename'>C:\\Program Files\\SplunkUniversalForwarder\\var\\lib\\splunk\\modinputs\\WinEventLog\\Microsoft-Windows-Sysmon_Operational</Data><Data Name='Hashes'>MD5=BDD848251840742A010798CF40AD2CA8,SHA256=4ECB0BE1A1C46A6295AAC2B34FC58B03BF07EBDDE5656D8DC462314A131AC1FC,IMPHASH=00000000000000000000000000000000</Data><Data Name='IsExecutable'>false</Data><Data Name='Archived'>true</Data></EventData></Event>"
            ],
            "relevant-evidence": []
          },
          {
            "uuid": "8a6cf967-69c5-4e73-9183-6b6457f6efea",
            "description": "NIST Control Capture: SI-4 [WMI Persistence]",
            "methods": [
              "EXAMINE",
              "TEST"
            ],
            "occurrence-count": 8,
            "sample-evidence": [
              "<Event xmlns='http://schemas.microsoft.com/win/2004/08/events/event'><System><Provider Name='Microsoft-Windows-Sysmon' Guid='{5770385F-C22A-43E0-BF4C-06F5698FFBD9}'/><EventID>3</EventID><Version>5</Version><Level>4</Level><Task>3</Task><Opcode>0</Opcode><Keywords>0x8000000000000000</Keywords><TimeCreated SystemTime='2021-05-13T17:59:32.485858300Z'/><EventRecordID>553615</EventRecordID><Correlation/><Execution ProcessID='1544' ThreadID='2724'/><Channel>Microsoft-Windows-Sysmon/Operational</Channel><Computer>win-host-681.attackrange.local</Computer><Security UserID='S-1-5-18'/></System><EventData><Data Name='RuleName'>-</Data><Data Name='UtcTime'>2021-05-13 17:59:29.815</Data><Data Name='ProcessGuid'>{E1BD9FC2-D33D-609A-CB00-00000000BB01}</Data><Data Name='ProcessId'>1016</Data><Data Name='Image'>C:\\Program Files\\SplunkUniversalForwarder\\etc\\apps\\Splunk_TA_stream\\windows_x86_64\\bin\\streamfwd.exe</Data><Data Name='User'>NT AUTHORITY\\SYSTEM</Data><Data Name='Protocol'>tcp</Data><Data Name='Initiated'>true</Data><Data Name='SourceIsIpv6'>false</Data><Data Name='SourceIp'>10.0.1.15</Data><Data Name='SourceHostname'>win-host-681.attackrange.local</Data><Data Name='SourcePort'>51586</Data><Data Name='SourcePortName'>-</Data><Data Name='DestinationIsIpv6'>false</Data><Data Name='DestinationIp'>10.0.1.12</Data><Data Name='DestinationHostname'>ip-10-0-1-12.us-west-2.compute.internal</Data><Data Name='DestinationPort'>8000</Data><Data Name='DestinationPortName'>-</Data></EventData></Event>",
              "<Event xmlns='http://schemas.microsoft.com/win/2004/08/events/event'><System><Provider Name='Microsoft-Windows-Sysmon' Guid='{5770385F-C22A-43E0-BF4C-06F5698FFBD9}'/><EventID>23</EventID><Version>5</Version><Level>4</Level><Task>23</Task><Opcode>0</Opcode><Keywords>0x8000000000000000</Keywords><TimeCreated SystemTime='2021-05-13T18:01:56.457894800Z'/><EventRecordID>652501</EventRecordID><Correlation/><Execution ProcessID='1572' ThreadID='1972'/><Channel>Microsoft-Windows-Sysmon/Operational</Channel><Computer>win-dc-18.attackrange.local</Computer><Security UserID='S-1-5-18'/></System><EventData><Data Name='RuleName'>-</Data><Data Name='UtcTime'>2021-05-13 18:01:56.457</Data><Data Name='ProcessGuid'>{7B03F3B2-5130-609D-6950-00000000BA01}</Data><Data Name='ProcessId'>7212</Data><Data Name='User'>NT AUTHORITY\\SYSTEM</Data><Data Name='Image'>C:\\Program Files\\SplunkUniversalForwarder\\bin\\splunk-winevtlog.exe</Data><Data Name='TargetFilename'>C:\\Program Files\\SplunkUniversalForwarder\\var\\lib\\splunk\\modinputs\\WinEventLog\\Microsoft-Windows-Sysmon_Operational</Data><Data Name='Hashes'>MD5=F7F45EF3258580FF364F9BCF9C33F461,SHA256=D6CF7924C054D2F35196949CACA2E743052CF40FF13F120B3025AAF0E1AA6075,IMPHASH=00000000000000000000000000000000</Data><Data Name='IsExecutable'>false</Data><Data Name='Archived'>true</Data></EventData></Event>",
              "<Event xmlns='http://schemas.microsoft.com/win/2004/08/events/event'><System><Provider Name='Microsoft-Windows-Sysmon' Guid='{5770385F-C22A-43E0-BF4C-06F5698FFBD9}'/><EventID>23</EventID><Version>5</Version><Level>4</Level><Task>23</Task><Opcode>0</Opcode><Keywords>0x8000000000000000</Keywords><TimeCreated SystemTime='2021-05-13T18:03:37.187338400Z'/><EventRecordID>554442</EventRecordID><Correlation/><Execution ProcessID='1544' ThreadID='2712'/><Channel>Microsoft-Windows-Sysmon/Operational</Channel><Computer>win-host-681.attackrange.local</Computer><Security UserID='S-1-5-18'/></System><EventData><Data Name='RuleName'>-</Data><Data Name='UtcTime'>2021-05-13 18:03:37.180</Data><Data Name='ProcessGuid'>{E1BD9FC2-D343-609A-D400-00000000BB01}</Data><Data Name='ProcessId'>2696</Data><Data Name='User'>NT AUTHORITY\\SYSTEM</Data><Data Name='Image'>C:\\Program Files\\SplunkUniversalForwarder\\bin\\splunk-winevtlog.exe</Data><Data Name='TargetFilename'>C:\\Program Files\\SplunkUniversalForwarder\\var\\lib\\splunk\\modinputs\\WinEventLog\\Microsoft-Windows-Sysmon_Operational</Data><Data Name='Hashes'>MD5=5558D3442D85858620E6D2AB1FED81C5,SHA256=DF200222156290E57E401AD53523E2214CF4A5B0300B66665030B18957CC8D9B,IMPHASH=00000000000000000000000000000000</Data><Data Name='IsExecutable'>false</Data><Data Name='Archived'>true</Data></EventData></Event>",
              "<Event xmlns='http://schemas.microsoft.com/win/2004/08/events/event'><System><Provider Name='Microsoft-Windows-Sysmon' Guid='{5770385F-C22A-43E0-BF4C-06F5698FFBD9}'/><EventID>23</EventID><Version>5</Version><Level>4</Level><Task>23</Task><Opcode>0</Opcode><Keywords>0x8000000000000000</Keywords><TimeCreated SystemTime='2021-05-13T18:05:14.221416100Z'/><EventRecordID>554716</EventRecordID><Correlation/><Execution ProcessID='1544' ThreadID='2712'/><Channel>Microsoft-Windows-Sysmon/Operational</Channel><Computer>win-host-681.attackrange.local</Computer><Security UserID='S-1-5-18'/></System><EventData><Data Name='RuleName'>-</Data><Data Name='UtcTime'>2021-05-13 18:05:14.217</Data><Data Name='ProcessGuid'>{E1BD9FC2-D343-609A-D400-00000000BB01}</Data><Data Name='ProcessId'>2696</Data><Data Name='User'>NT AUTHORITY\\SYSTEM</Data><Data Name='Image'>C:\\Program Files\\SplunkUniversalForwarder\\bin\\splunk-winevtlog.exe</Data><Data Name='TargetFilename'>C:\\Program Files\\SplunkUniversalForwarder\\var\\lib\\splunk\\modinputs\\WinEventLog\\Security</Data><Data Name='Hashes'>MD5=CCCB37AE9981FE6EBEF32FBD8D9942CB,SHA256=7CF0C962E38FD66CC709518CB1958576997D8A20A5262DEC774D9AAB0C655D05,IMPHASH=00000000000000000000000000000000</Data><Data Name='IsExecutable'>false</Data><Data Name='Archived'>true</Data></EventData></Event>",
              "<Event xmlns='http://schemas.microsoft.com/win/2004/08/events/event'><System><Provider Name='Microsoft-Windows-Sysmon' Guid='{5770385F-C22A-43E0-BF4C-06F5698FFBD9}'/><EventID>23</EventID><Version>5</Version><Level>4</Level><Task>23</Task><Opcode>0</Opcode><Keywords>0x8000000000000000</Keywords><TimeCreated SystemTime='2021-05-13T18:05:20.141609000Z'/><EventRecordID>554723</EventRecordID><Correlation/><Execution ProcessID='1544' ThreadID='2712'/><Channel>Microsoft-Windows-Sysmon/Operational</Channel><Computer>win-host-681.attackrange.local</Computer><Security UserID='S-1-5-18'/></System><EventData><Data Name='RuleName'>-</Data><Data Name='UtcTime'>2021-05-13 18:05:20.139</Data><Data Name='ProcessGuid'>{E1BD9FC2-D343-609A-D400-00000000BB01}</Data><Data Name='ProcessId'>2696</Data><Data Name='User'>NT AUTHORITY\\SYSTEM</Data><Data Name='Image'>C:\\Program Files\\SplunkUniversalForwarder\\bin\\splunk-winevtlog.exe</Data><Data Name='TargetFilename'>C:\\Program Files\\SplunkUniversalForwarder\\var\\lib\\splunk\\modinputs\\WinEventLog\\Security</Data><Data Name='Hashes'>MD5=CCCB37AE9981FE6EBEF32FBD8D9942CB,SHA256=7CF0C962E38FD66CC709518CB1958576997D8A20A5262DEC774D9AAB0C655D05,IMPHASH=00000000000000000000000000000000</Data><Data Name='IsExecutable'>false</Data><Data Name='Archived'>true</Data></EventData></Event>",
              "<Event xmlns='http://schemas.microsoft.com/win/2004/08/events/event'><System><Provider Name='Microsoft-Windows-Sysmon' Guid='{5770385F-C22A-43E0-BF4C-06F5698FFBD9}'/><EventID>13</EventID><Version>2</Version><Level>4</Level><Task>13</Task><Opcode>0</Opcode><Keywords>0x8000000000000000</Keywords><TimeCreated SystemTime='2021-05-13T18:10:52.770804000Z'/><EventRecordID>555858</EventRecordID><Correlation/><Execution ProcessID='1544' ThreadID='2712'/><Channel>Microsoft-Windows-Sysmon/Operational</Channel><Computer>win-host-681.attackrange.local</Computer><Security UserID='S-1-5-18'/></System><EventData><Data Name='RuleName'>-</Data><Data Name='EventType'>SetValue</Data><Data Name='UtcTime'>2021-05-13 18:10:52.769</Data><Data Name='ProcessGuid'>{E1BD9FC2-D2B9-609A-0B00-00000000BB01}</Data><Data Name='ProcessId'>628</Data><Data Name='Image'>C:\\Windows\\system32\\lsass.exe</Data><Data Name='TargetObject'>HKLM\\System\\CurrentControlSet\\Services\\W32Time\\SecureTimeLimits\\RunTime\\SecureTimeTickCount</Data><Data Name='Details'>QWORD (0x00000000-0x0a25816d)</Data></EventData></Event>",
              "<Event xmlns='http://schemas.microsoft.com/win/2004/08/events/event'><System><Provider Name='Microsoft-Windows-Sysmon' Guid='{5770385F-C22A-43E0-BF4C-06F5698FFBD9}'/><EventID>13</EventID><Version>2</Version><Level>4</Level><Task>13</Task><Opcode>0</Opcode><Keywords>0x8000000000000000</Keywords><TimeCreated SystemTime='2021-05-13T18:10:52.770625900Z'/><EventRecordID>555857</EventRecordID><Correlation/><Execution ProcessID='1544' ThreadID='2712'/><Channel>Microsoft-Windows-Sysmon/Operational</Channel><Computer>win-host-681.attackrange.local</Computer><Security UserID='S-1-5-18'/></System><EventData><Data Name='RuleName'>-</Data><Data Name='EventType'>SetValue</Data><Data Name='UtcTime'>2021-05-13 18:10:52.769</Data><Data Name='ProcessGuid'>{E1BD9FC2-D2B9-609A-0B00-00000000BB01}</Data><Data Name='ProcessId'>628</Data><Data Name='Image'>C:\\Windows\\system32\\lsass.exe</Data><Data Name='TargetObject'>HKLM\\System\\CurrentControlSet\\Services\\W32Time\\SecureTimeLimits\\SecureTimeLow</Data><Data Name='Details'>QWORD (0x01d7481a-0xed68aec2)</Data></EventData></Event>",
              "<Event xmlns='http://schemas.microsoft.com/win/2004/08/events/event'><System><Provider Name='Microsoft-Windows-Sysmon' Guid='{5770385F-C22A-43E0-BF4C-06F5698FFBD9}'/><EventID>23</EventID><Version>5</Version><Level>4</Level><Task>23</Task><Opcode>0</Opcode><Keywords>0x8000000000000000</Keywords><TimeCreated SystemTime='2021-05-13T18:11:48.970638100Z'/><EventRecordID>556049</EventRecordID><Correlation/><Execution ProcessID='1544' ThreadID='2712'/><Channel>Microsoft-Windows-Sysmon/Operational</Channel><Computer>win-host-681.attackrange.local</Computer><Security UserID='S-1-5-18'/></System><EventData><Data Name='RuleName'>-</Data><Data Name='UtcTime'>2021-05-13 18:11:48.967</Data><Data Name='ProcessGuid'>{E1BD9FC2-D343-609A-D400-00000000BB01}</Data><Data Name='ProcessId'>2696</Data><Data Name='User'>NT AUTHORITY\\SYSTEM</Data><Data Name='Image'>C:\\Program Files\\SplunkUniversalForwarder\\bin\\splunk-winevtlog.exe</Data><Data Name='TargetFilename'>C:\\Program Files\\SplunkUniversalForwarder\\var\\lib\\splunk\\modinputs\\WinEventLog\\Microsoft-Windows-Sysmon_Operational</Data><Data Name='Hashes'>MD5=6280FC585806C833191FA729CCE0E432,SHA256=C8C97432CBEED59709AE5D7EBD360F7404A93E2970F7748CDB5A2DEFA14BBB18,IMPHASH=00000000000000000000000000000000</Data><Data Name='IsExecutable'>false</Data><Data Name='Archived'>true</Data></EventData></Event>"
            ],
            "relevant-evidence": []
          },
          {
            "uuid": "8e48bc80-6868-4dd4-b6f0-ed52f6e04068",
            "description": "NIST Control Capture: SI-4 [Windows Integrity]",
            "methods": [
              "EXAMINE",
              "TEST"
            ],
            "occurrence-count": 48,
            "sample-evidence": [
              "<Event xmlns='http://schemas.microsoft.com/win/2004/08/events/event'><System><Provider Name='Microsoft-Windows-Sysmon' Guid='{5770385F-C22A-43E0-BF4C-06F5698FFBD9}'/><EventID>10</EventID><Version>3</Version><Level>4</Level><Task>10</Task><Opcode>0</Opcode><Keywords>0x8000000000000000</Keywords><TimeCreated SystemTime='2021-05-13T17:57:38.407880700Z'/><EventRecordID>651586</EventRecordID><Correlation/><Execution ProcessID='1572' ThreadID='1972'/><Channel>Microsoft-Windows-Sysmon/Operational</Channel><Computer>win-dc-18.attackrange.local</Computer><Security UserID='S-1-5-18'/></System><EventData><Data Name='RuleName'>-</Data><Data Name='UtcTime'>2021-05-13 17:57:38.406</Data><Data Name='SourceProcessGUID'>{7B03F3B2-D0CA-609A-0D00-00000000BA01}</Data><Data Name='SourceProcessId'>912</Data><Data Name='SourceThreadId'>936</Data><Data Name='SourceImage'>C:\\Windows\\system32\\svchost.exe</Data><Data Name='TargetProcessGUID'>{7B03F3B2-31AC-609C-622D-00000000BA01}</Data><Data Name='TargetProcessId'>2984</Data><Data Name='TargetImage'>C:\\Windows\\SystemApps\\ShellExperienceHost_cw5n1h2txyewy\\ShellExperienceHost.exe</Data><Data Name='GrantedAccess'>0x1000</Data><Data Name='CallTrace'>C:\\Windows\\SYSTEM32\\ntdll.dll+a6134|C:\\Windows\\System32\\KERNELBASE.dll+221bd|c:\\windows\\system32\\rpcss.dll+ed71|c:\\windows\\system32\\rpcss.dll+ca3e|c:\\windows\\system32\\rpcss.dll+ba7a|c:\\windows\\system32\\rpcss.dll+ce2e|c:\\windows\\system32\\rpcss.dll+a853|c:\\windows\\system32\\rpcss.dll+42251|c:\\windows\\system32\\rpcss.dll+42382|c:\\windows\\system32\\rpcss.dll+426bf|C:\\Windows\\system32\\svchost.exe+1380|C:\\Windows\\System32\\sechost.dll+14342|C:\\Windows\\System32\\KERNEL32.DLL+84d4|C:\\Windows\\SYSTEM32\\ntdll.dll+51781</Data></EventData></Event>",
              "<Event xmlns='http://schemas.microsoft.com/win/2004/08/events/event'><System><Provider Name='Microsoft-Windows-Sysmon' Guid='{5770385F-C22A-43E0-BF4C-06F5698FFBD9}'/><EventID>10</EventID><Version>3</Version><Level>4</Level><Task>10</Task><Opcode>0</Opcode><Keywords>0x8000000000000000</Keywords><TimeCreated SystemTime='2021-05-13T17:57:38.407811500Z'/><EventRecordID>651585</EventRecordID><Correlation/><Execution ProcessID='1572' ThreadID='1972'/><Channel>Microsoft-Windows-Sysmon/Operational</Channel><Computer>win-dc-18.attackrange.local</Computer><Security UserID='S-1-5-18'/></System><EventData><Data Name='RuleName'>-</Data><Data Name='UtcTime'>2021-05-13 17:57:38.406</Data><Data Name='SourceProcessGUID'>{7B03F3B2-D0CA-609A-0D00-00000000BA01}</Data><Data Name='SourceProcessId'>912</Data><Data Name='SourceThreadId'>936</Data><Data Name='SourceImage'>C:\\Windows\\system32\\svchost.exe</Data><Data Name='TargetProcessGUID'>{7B03F3B2-31AC-609C-622D-00000000BA01}</Data><Data Name='TargetProcessId'>2984</Data><Data Name='TargetImage'>C:\\Windows\\SystemApps\\ShellExperienceHost_cw5n1h2txyewy\\ShellExperienceHost.exe</Data><Data Name='GrantedAccess'>0x1000</Data><Data Name='CallTrace'>C:\\Windows\\SYSTEM32\\ntdll.dll+a6134|C:\\Windows\\System32\\KERNELBASE.dll+221bd|c:\\windows\\system32\\rpcss.dll+ed71|c:\\windows\\system32\\rpcss.dll+b954|c:\\windows\\system32\\rpcss.dll+ce2e|c:\\windows\\system32\\rpcss.dll+a853|c:\\windows\\system32\\rpcss.dll+42251|c:\\windows\\system32\\rpcss.dll+42382|c:\\windows\\system32\\rpcss.dll+426bf|C:\\Windows\\system32\\svchost.exe+1380|C:\\Windows\\System32\\sechost.dll+14342|C:\\Windows\\System32\\KERNEL32.DLL+84d4|C:\\Windows\\SYSTEM32\\ntdll.dll+51781</Data></EventData></Event>",
              "<Event xmlns='http://schemas.microsoft.com/win/2004/08/events/event'><System><Provider Name='Microsoft-Windows-Sysmon' Guid='{5770385F-C22A-43E0-BF4C-06F5698FFBD9}'/><EventID>10</EventID><Version>3</Version><Level>4</Level><Task>10</Task><Opcode>0</Opcode><Keywords>0x8000000000000000</Keywords><TimeCreated SystemTime='2021-05-13T17:57:38.407723800Z'/><EventRecordID>651584</EventRecordID><Correlation/><Execution ProcessID='1572' ThreadID='1972'/><Channel>Microsoft-Windows-Sysmon/Operational</Channel><Computer>win-dc-18.attackrange.local</Computer><Security UserID='S-1-5-18'/></System><EventData><Data Name='RuleName'>-</Data><Data Name='UtcTime'>2021-05-13 17:57:38.406</Data><Data Name='SourceProcessGUID'>{7B03F3B2-D0CA-609A-0D00-00000000BA01}</Data><Data Name='SourceProcessId'>912</Data><Data Name='SourceThreadId'>936</Data><Data Name='SourceImage'>C:\\Windows\\system32\\svchost.exe</Data><Data Name='TargetProcessGUID'>{7B03F3B2-31AC-609C-622D-00000000BA01}</Data><Data Name='TargetProcessId'>2984</Data><Data Name='TargetImage'>C:\\Windows\\SystemApps\\ShellExperienceHost_cw5n1h2txyewy\\ShellExperienceHost.exe</Data><Data Name='GrantedAccess'>0x1000</Data><Data Name='CallTrace'>C:\\Windows\\SYSTEM32\\ntdll.dll+a6134|C:\\Windows\\System32\\KERNELBASE.dll+221bd|c:\\windows\\system32\\rpcss.dll+ed71|c:\\windows\\system32\\rpcss.dll+ca3e|c:\\windows\\system32\\rpcss.dll+ba7a|c:\\windows\\system32\\rpcss.dll+ce2e|c:\\windows\\system32\\rpcss.dll+a853|c:\\windows\\system32\\rpcss.dll+42251|c:\\windows\\system32\\rpcss.dll+42382|c:\\windows\\system32\\rpcss.dll+426bf|C:\\Windows\\system32\\svchost.exe+1380|C:\\Windows\\System32\\sechost.dll+14342|C:\\Windows\\System32\\KERNEL32.DLL+84d4|C:\\Windows\\SYSTEM32\\ntdll.dll+51781</Data></EventData></Event>",
              "<Event xmlns='http://schemas.microsoft.com/win/2004/08/events/event'><System><Provider Name='Microsoft-Windows-Sysmon' Guid='{5770385F-C22A-43E0-BF4C-06F5698FFBD9}'/><EventID>10</EventID><Version>3</Version><Level>4</Level><Task>10</Task><Opcode>0</Opcode><Keywords>0x8000000000000000</Keywords><TimeCreated SystemTime='2021-05-13T17:57:38.407665300Z'/><EventRecordID>651583</EventRecordID><Correlation/><Execution ProcessID='1572' ThreadID='1972'/><Channel>Microsoft-Windows-Sysmon/Operational</Channel><Computer>win-dc-18.attackrange.local</Computer><Security UserID='S-1-5-18'/></System><EventData><Data Name='RuleName'>-</Data><Data Name='UtcTime'>2021-05-13 17:57:38.406</Data><Data Name='SourceProcessGUID'>{7B03F3B2-D0CA-609A-0D00-00000000BA01}</Data><Data Name='SourceProcessId'>912</Data><Data Name='SourceThreadId'>936</Data><Data Name='SourceImage'>C:\\Windows\\system32\\svchost.exe</Data><Data Name='TargetProcessGUID'>{7B03F3B2-31AC-609C-622D-00000000BA01}</Data><Data Name='TargetProcessId'>2984</Data><Data Name='TargetImage'>C:\\Windows\\SystemApps\\ShellExperienceHost_cw5n1h2txyewy\\ShellExperienceHost.exe</Data><Data Name='GrantedAccess'>0x1000</Data><Data Name='CallTrace'>C:\\Windows\\SYSTEM32\\ntdll.dll+a6134|C:\\Windows\\System32\\KERNELBASE.dll+221bd|c:\\windows\\system32\\rpcss.dll+ed71|c:\\windows\\system32\\rpcss.dll+b954|c:\\windows\\system32\\rpcss.dll+ce2e|c:\\windows\\system32\\rpcss.dll+a853|c:\\windows\\system32\\rpcss.dll+42251|c:\\windows\\system32\\rpcss.dll+42382|c:\\windows\\system32\\rpcss.dll+426bf|C:\\Windows\\system32\\svchost.exe+1380|C:\\Windows\\System32\\sechost.dll+14342|C:\\Windows\\System32\\KERNEL32.DLL+84d4|C:\\Windows\\SYSTEM32\\ntdll.dll+51781</Data></EventData></Event>",
              "<Event xmlns='http://schemas.microsoft.com/win/2004/08/events/event'><System><Provider Name='Microsoft-Windows-Sysmon' Guid='{5770385F-C22A-43E0-BF4C-06F5698FFBD9}'/><EventID>10</EventID><Version>3</Version><Level>4</Level><Task>10</Task><Opcode>0</Opcode><Keywords>0x8000000000000000</Keywords><TimeCreated SystemTime='2021-05-13T17:57:38.407590300Z'/><EventRecordID>651582</EventRecordID><Correlation/><Execution ProcessID='1572' ThreadID='1972'/><Channel>Microsoft-Windows-Sysmon/Operational</Channel><Computer>win-dc-18.attackrange.local</Computer><Security UserID='S-1-5-18'/></System><EventData><Data Name='RuleName'>-</Data><Data Name='UtcTime'>2021-05-13 17:57:38.406</Data><Data Name='SourceProcessGUID'>{7B03F3B2-D0CA-609A-0D00-00000000BA01}</Data><Data Name='SourceProcessId'>912</Data><Data Name='SourceThreadId'>936</Data><Data Name='SourceImage'>C:\\Windows\\system32\\svchost.exe</Data><Data Name='TargetProcessGUID'>{7B03F3B2-31AC-609C-622D-00000000BA01}</Data><Data Name='TargetProcessId'>2984</Data><Data Name='TargetImage'>C:\\Windows\\SystemApps\\ShellExperienceHost_cw5n1h2txyewy\\ShellExperienceHost.exe</Data><Data Name='GrantedAccess'>0x1000</Data><Data Name='CallTrace'>C:\\Windows\\SYSTEM32\\ntdll.dll+a6134|C:\\Windows\\System32\\KERNELBASE.dll+221bd|c:\\windows\\system32\\rpcss.dll+ed71|c:\\windows\\system32\\rpcss.dll+ca3e|c:\\windows\\system32\\rpcss.dll+ba7a|c:\\windows\\system32\\rpcss.dll+ce2e|c:\\windows\\system32\\rpcss.dll+a853|c:\\windows\\system32\\rpcss.dll+42251|c:\\windows\\system32\\rpcss.dll+42382|c:\\windows\\system32\\rpcss.dll+426bf|C:\\Windows\\system32\\svchost.exe+1380|C:\\Windows\\System32\\sechost.dll+14342|C:\\Windows\\System32\\KERNEL32.DLL+84d4|C:\\Windows\\SYSTEM32\\ntdll.dll+51781</Data></EventData></Event>",
