              "<Event xmlns='http://schemas.microsoft.com/win/2004/08/events/event'><System><Provider Name='Microsoft-Windows-Sysmon' Guid='{5770385F-C22A-43E0-BF4C-06F5698FFBD9}'/><EventID>10</EventID><Version>3</Version><Level>4</Level><Task>10</Task><Opcode>0</Opcode><Keywords>0x8000000000000000</Keywords><TimeCreated SystemTime='2021-05-13T18:11:55.981508700Z'/><EventRecordID>654431</EventRecordID><Correlation/><Execution ProcessID='1572' ThreadID='1972'/><Channel>Microsoft-Windows-Sysmon/Operational</Channel><Computer>win-dc-18.attackrange.local</Computer><Security UserID='S-1-5-18'/></System><EventData><Data Name='RuleName'>-</Data><Data Name='UtcTime'>2021-05-13 18:11:55.979</Data><Data Name='SourceProcessGUID'>{7B03F3B2-D0CA-609A-0D00-00000000BA01}</Data><Data Name='SourceProcessId'>912</Data><Data Name='SourceThreadId'>936</Data><Data Name='SourceImage'>C:\\Windows\\system32\\svchost.exe</Data><Data Name='TargetProcessGUID'>{7B03F3B2-31AC-609C-622D-00000000BA01}</Data><Data Name='TargetProcessId'>2984</Data><Data Name='TargetImage'>C:\\Windows\\SystemApps\\ShellExperienceHost_cw5n1h2txyewy\\ShellExperienceHost.exe</Data><Data Name='GrantedAccess'>0x1000</Data><Data Name='CallTrace'>C:\\Windows\\SYSTEM32\\ntdll.dll+a6134|C:\\Windows\\System32\\KERNELBASE.dll+221bd|c:\\windows\\system32\\rpcss.dll+ed71|c:\\windows\\system32\\rpcss.dll+b954|c:\\windows\\system32\\rpcss.dll+ce2e|c:\\windows\\system32\\rpcss.dll+a853|c:\\windows\\system32\\rpcss.dll+42251|c:\\windows\\system32\\rpcss.dll+42382|c:\\windows\\system32\\rpcss.dll+426bf|C:\\Windows\\system32\\svchost.exe+1380|C:\\Windows\\System32\\sechost.dll+14342|C:\\Windows\\System32\\KERNEL32.DLL+84d4|C:\\Windows\\SYSTEM32\\ntdll.dll+51781</Data></EventData></Event>",
              "<Event xmlns='http://schemas.microsoft.com/win/2004/08/events/event'><System><Provider Name='Microsoft-Windows-Sysmon' Guid='{5770385F-C22A-43E0-BF4C-06F5698FFBD9}'/><EventID>10</EventID><Version>3</Version><Level>4</Level><Task>10</Task><Opcode>0</Opcode><Keywords>0x8000000000000000</Keywords><TimeCreated SystemTime='2021-05-13T18:11:55.981340300Z'/><EventRecordID>654430</EventRecordID><Correlation/><Execution ProcessID='1572' ThreadID='1972'/><Channel>Microsoft-Windows-Sysmon/Operational</Channel><Computer>win-dc-18.attackrange.local</Computer><Security UserID='S-1-5-18'/></System><EventData><Data Name='RuleName'>-</Data><Data Name='UtcTime'>2021-05-13 18:11:55.979</Data><Data Name='SourceProcessGUID'>{7B03F3B2-D0CA-609A-0D00-00000000BA01}</Data><Data Name='SourceProcessId'>912</Data><Data Name='SourceThreadId'>936</Data><Data Name='SourceImage'>C:\\Windows\\system32\\svchost.exe</Data><Data Name='TargetProcessGUID'>{7B03F3B2-31AC-609C-622D-00000000BA01}</Data><Data Name='TargetProcessId'>2984</Data><Data Name='TargetImage'>C:\\Windows\\SystemApps\\ShellExperienceHost_cw5n1h2txyewy\\ShellExperienceHost.exe</Data><Data Name='GrantedAccess'>0x1000</Data><Data Name='CallTrace'>C:\\Windows\\SYSTEM32\\ntdll.dll+a6134|C:\\Windows\\System32\\KERNELBASE.dll+221bd|c:\\windows\\system32\\rpcss.dll+ed71|c:\\windows\\system32\\rpcss.dll+ca3e|c:\\windows\\system32\\rpcss.dll+ba7a|c:\\windows\\system32\\rpcss.dll+ce2e|c:\\windows\\system32\\rpcss.dll+a853|c:\\windows\\system32\\rpcss.dll+42251|c:\\windows\\system32\\rpcss.dll+42382|c:\\windows\\system32\\rpcss.dll+426bf|C:\\Windows\\system32\\svchost.exe+1380|C:\\Windows\\System32\\sechost.dll+14342|C:\\Windows\\System32\\KERNEL32.DLL+84d4|C:\\Windows\\SYSTEM32\\ntdll.dll+51781</Data></EventData></Event>",
              "<Event xmlns='http://schemas.microsoft.com/win/2004/08/events/event'><System><Provider Name='Microsoft-Windows-Sysmon' Guid='{5770385F-C22A-43E0-BF4C-06F5698FFBD9}'/><EventID>10</EventID><Version>3</Version><Level>4</Level><Task>10</Task><Opcode>0</Opcode><Keywords>0x8000000000000000</Keywords><TimeCreated SystemTime='2021-05-13T18:11:55.981142400Z'/><EventRecordID>654429</EventRecordID><Correlation/><Execution ProcessID='1572' ThreadID='1972'/><Channel>Microsoft-Windows-Sysmon/Operational</Channel><Computer>win-dc-18.attackrange.local</Computer><Security UserID='S-1-5-18'/></System><EventData><Data Name='RuleName'>-</Data><Data Name='UtcTime'>2021-05-13 18:11:55.979</Data><Data Name='SourceProcessGUID'>{7B03F3B2-D0CA-609A-0D00-00000000BA01}</Data><Data Name='SourceProcessId'>912</Data><Data Name='SourceThreadId'>936</Data><Data Name='SourceImage'>C:\\Windows\\system32\\svchost.exe</Data><Data Name='TargetProcessGUID'>{7B03F3B2-31AC-609C-622D-00000000BA01}</Data><Data Name='TargetProcessId'>2984</Data><Data Name='TargetImage'>C:\\Windows\\SystemApps\\ShellExperienceHost_cw5n1h2txyewy\\ShellExperienceHost.exe</Data><Data Name='GrantedAccess'>0x1000</Data><Data Name='CallTrace'>C:\\Windows\\SYSTEM32\\ntdll.dll+a6134|C:\\Windows\\System32\\KERNELBASE.dll+221bd|c:\\windows\\system32\\rpcss.dll+ed71|c:\\windows\\system32\\rpcss.dll+b954|c:\\windows\\system32\\rpcss.dll+ce2e|c:\\windows\\system32\\rpcss.dll+a853|c:\\windows\\system32\\rpcss.dll+42251|c:\\windows\\system32\\rpcss.dll+42382|c:\\windows\\system32\\rpcss.dll+426bf|C:\\Windows\\system32\\svchost.exe+1380|C:\\Windows\\System32\\sechost.dll+14342|C:\\Windows\\System32\\KERNEL32.DLL+84d4|C:\\Windows\\SYSTEM32\\ntdll.dll+51781</Data></EventData></Event>",
              "<Event xmlns='http://schemas.microsoft.com/win/2004/08/events/event'><System><Provider Name='Microsoft-Windows-Sysmon' Guid='{5770385F-C22A-43E0-BF4C-06F5698FFBD9}'/><EventID>10</EventID><Version>3</Version><Level>4</Level><Task>10</Task><Opcode>0</Opcode><Keywords>0x8000000000000000</Keywords><TimeCreated SystemTime='2021-05-13T18:11:55.981005200Z'/><EventRecordID>654428</EventRecordID><Correlation/><Execution ProcessID='1572' ThreadID='1972'/><Channel>Microsoft-Windows-Sysmon/Operational</Channel><Computer>win-dc-18.attackrange.local</Computer><Security UserID='S-1-5-18'/></System><EventData><Data Name='RuleName'>-</Data><Data Name='UtcTime'>2021-05-13 18:11:55.979</Data><Data Name='SourceProcessGUID'>{7B03F3B2-D0CA-609A-0D00-00000000BA01}</Data><Data Name='SourceProcessId'>912</Data><Data Name='SourceThreadId'>936</Data><Data Name='SourceImage'>C:\\Windows\\system32\\svchost.exe</Data><Data Name='TargetProcessGUID'>{7B03F3B2-31AC-609C-622D-00000000BA01}</Data><Data Name='TargetProcessId'>2984</Data><Data Name='TargetImage'>C:\\Windows\\SystemApps\\ShellExperienceHost_cw5n1h2txyewy\\ShellExperienceHost.exe</Data><Data Name='GrantedAccess'>0x1000</Data><Data Name='CallTrace'>C:\\Windows\\SYSTEM32\\ntdll.dll+a6134|C:\\Windows\\System32\\KERNELBASE.dll+221bd|c:\\windows\\system32\\rpcss.dll+ed71|c:\\windows\\system32\\rpcss.dll+ca3e|c:\\windows\\system32\\rpcss.dll+ba7a|c:\\windows\\system32\\rpcss.dll+ce2e|c:\\windows\\system32\\rpcss.dll+a853|c:\\windows\\system32\\rpcss.dll+42251|c:\\windows\\system32\\rpcss.dll+42382|c:\\windows\\system32\\rpcss.dll+426bf|C:\\Windows\\system32\\svchost.exe+1380|C:\\Windows\\System32\\sechost.dll+14342|C:\\Windows\\System32\\KERNEL32.DLL+84d4|C:\\Windows\\SYSTEM32\\ntdll.dll+51781</Data></EventData></Event>",
              "<Event xmlns='http://schemas.microsoft.com/win/2004/08/events/event'><System><Provider Name='Microsoft-Windows-Sysmon' Guid='{5770385F-C22A-43E0-BF4C-06F5698FFBD9}'/><EventID>10</EventID><Version>3</Version><Level>4</Level><Task>10</Task><Opcode>0</Opcode><Keywords>0x8000000000000000</Keywords><TimeCreated SystemTime='2021-05-13T18:11:55.980817700Z'/><EventRecordID>654427</EventRecordID><Correlation/><Execution ProcessID='1572' ThreadID='1972'/><Channel>Microsoft-Windows-Sysmon/Operational</Channel><Computer>win-dc-18.attackrange.local</Computer><Security UserID='S-1-5-18'/></System><EventData><Data Name='RuleName'>-</Data><Data Name='UtcTime'>2021-05-13 18:11:55.979</Data><Data Name='SourceProcessGUID'>{7B03F3B2-D0CA-609A-0D00-00000000BA01}</Data><Data Name='SourceProcessId'>912</Data><Data Name='SourceThreadId'>936</Data><Data Name='SourceImage'>C:\\Windows\\system32\\svchost.exe</Data><Data Name='TargetProcessGUID'>{7B03F3B2-31AC-609C-622D-00000000BA01}</Data><Data Name='TargetProcessId'>2984</Data><Data Name='TargetImage'>C:\\Windows\\SystemApps\\ShellExperienceHost_cw5n1h2txyewy\\ShellExperienceHost.exe</Data><Data Name='GrantedAccess'>0x1000</Data><Data Name='CallTrace'>C:\\Windows\\SYSTEM32\\ntdll.dll+a6134|C:\\Windows\\System32\\KERNELBASE.dll+221bd|c:\\windows\\system32\\rpcss.dll+ed71|c:\\windows\\system32\\rpcss.dll+b954|c:\\windows\\system32\\rpcss.dll+ce2e|c:\\windows\\system32\\rpcss.dll+a853|c:\\windows\\system32\\rpcss.dll+42251|c:\\windows\\system32\\rpcss.dll+42382|c:\\windows\\system32\\rpcss.dll+426bf|C:\\Windows\\system32\\svchost.exe+1380|C:\\Windows\\System32\\sechost.dll+14342|C:\\Windows\\System32\\KERNEL32.DLL+84d4|C:\\Windows\\SYSTEM32\\ntdll.dll+51781</Data></EventData></Event>"
            ],
            "relevant-evidence": []
          }
        ],
        "findings": [
          {
            "uuid": "107a93cd-22c1-4605-bbca-80ff450de494",
            "title": "Compliance Deviation: AC-3 [Identity Infrastructure]",
            "description": "An aggregated security deficiency was detected for control AC-3 [Identity Infrastructure]. Total incidents: 17.",
            "occurrence-count": 17,
            "incident-id": "a4346fc2-fc6f-4c8e-bfc7-21ab5bef2c78",
            "target": {
              "target-id": "aegis.sentinel.0",
              "status": {
                "state": "not-satisfied"
              }
            }
          },
          {
            "uuid": "e3679e1e-d9c0-4930-bfe6-b6f86b872490",
            "title": "Compliance Deviation: AU-9 [Tampering]",
            "description": "An aggregated security deficiency was detected for control AU-9 [Tampering]. Total incidents: 243.",
            "occurrence-count": 243,
            "incident-id": "a4346fc2-fc6f-4c8e-bfc7-21ab5bef2c78",
            "target": {
              "target-id": "aegis.sentinel.0",
              "status": {
                "state": "not-satisfied"
              }
            }
          },
          {
            "uuid": "e672914c-a88e-482e-b643-a22f5a780086",
            "title": "Compliance Deviation: SI-4 [WMI Persistence]",
            "description": "An aggregated security deficiency was detected for control SI-4 [WMI Persistence]. Total incidents: 8.",
            "occurrence-count": 8,
            "incident-id": "a4346fc2-fc6f-4c8e-bfc7-21ab5bef2c78",
            "target": {
              "target-id": "aegis.sentinel.0",
              "status": {
                "state": "not-satisfied"
              }
            }
          },
          {
            "uuid": "6796eb78-38ea-4629-b522-4a3c515512e1",
            "title": "Compliance Deviation: SI-4 [Windows Integrity]",
            "description": "An aggregated security deficiency was detected for control SI-4 [Windows Integrity]. Total incidents: 48.",
            "occurrence-count": 48,
            "incident-id": "a4346fc2-fc6f-4c8e-bfc7-21ab5bef2c78",
            "target": {
              "target-id": "aegis.sentinel.0",
              "status": {
                "state": "not-satisfied"
              }
            }
          }
        ]
      }
    ]
  }
}